2003.02.12 00:09 B C:\AAAAA-MonroeCoSite\OlaCarrieAddie_files\filelist.xml --> users.rootsweb.com /home0023/ohmccogs/OlaCarrieAddie_files filelist.xml
2003.02.12 00:10 B C:\AAAAA-MonroeCoSite\OlaCarrieAddie_files\image001.jpg --> users.rootsweb.com /home0023/ohmccogs/OlaCarrieAddie_files image001.jpg
2003.02.12 00:10 B C:\AAAAA-MonroeCoSite\OlaCarrieAddie_files\image002.jpg --> users.rootsweb.com /home0023/ohmccogs/OlaCarrieAddie_files image002.jpg
2003.02.12 00:23 B C:\AAAAA-MonroeCoSite\OlaCarrieAddie_files\filelist.xml --> users.rootsweb.com /home0023/ohmccogs/public_html/OlaCarrieAddie_files filelist.xml
2003.02.12 00:23 B C:\AAAAA-MonroeCoSite\OlaCarrieAddie_files\image001.jpg --> users.rootsweb.com /home0023/ohmccogs/public_html/OlaCarrieAddie_files image001.jpg
2003.02.12 00:23 B C:\AAAAA-MonroeCoSite\OlaCarrieAddie_files\image002.jpg --> users.rootsweb.com /home0023/ohmccogs/public_html/OlaCarrieAddie_files image002.jpg
2003.02.12 00:23 B C:\AAAAA-MonroeCoSite\OlaCarrieAddie_files\WS_FTP.LOG --> users.rootsweb.com /home0023/ohmccogs/public_html/OlaCarrieAddie_files WS_FTP.LOG
2003.03.19 22:11 B C:\AAAAA-MonroeCoSite\OlaCarrieAddie_files\filelist.xml --> helloworldblue.net /web/MCCofOGS/OlaCarrieAddie_files filelist.xml
2003.03.19 22:11 B C:\AAAAA-MonroeCoSite\OlaCarrieAddie_files\image001.jpg --> helloworldblue.net /web/MCCofOGS/OlaCarrieAddie_files image001.jpg
2003.03.19 22:12 B C:\AAAAA-MonroeCoSite\OlaCarrieAddie_files\image002.jpg --> helloworldblue.net /web/MCCofOGS/OlaCarrieAddie_files image002.jpg
2003.03.19 22:12 B C:\AAAAA-MonroeCoSite\OlaCarrieAddie_files\WS_FTP.LOG --> helloworldblue.net /web/MCCofOGS/OlaCarrieAddie_files WS_FTP.LOG
2004.09.15 17:24 B C:\AAAAA-MonroeCoSite\OlaCarrieAddie_files\filelist.xml --> helloworldblue.net /OlaCarrieAddie_files filelist.xml
2004.09.15 17:24 B C:\AAAAA-MonroeCoSite\OlaCarrieAddie_files\image001.jpg --> helloworldblue.net /OlaCarrieAddie_files image001.jpg
2004.09.15 17:24 B C:\AAAAA-MonroeCoSite\OlaCarrieAddie_files\image002.jpg --> helloworldblue.net /OlaCarrieAddie_files image002.jpg
2004.09.15 17:24 B C:\AAAAA-MonroeCoSite\OlaCarrieAddie_files\WS_FTP.LOG --> helloworldblue.net /OlaCarrieAddie_files WS_FTP.LOG
2004.09.16 01:55 A C:\AAAAA-MonroeCoSite\OlaCarrieAddie_files\filelist.xml --> helloworldblue.net /MonroeCoOhPeopleandHistory/OlaCarrieAddie_files filelist.xml
2004.09.16 01:55 A C:\AAAAA-MonroeCoSite\OlaCarrieAddie_files\image001.jpg --> helloworldblue.net /MonroeCoOhPeopleandHistory/OlaCarrieAddie_files image001.jpg
2004.09.16 01:56 A C:\AAAAA-MonroeCoSite\OlaCarrieAddie_files\image002.jpg --> helloworldblue.net /MonroeCoOhPeopleandHistory/OlaCarrieAddie_files image002.jpg
2004.09.16 01:56 A C:\AAAAA-MonroeCoSite\OlaCarrieAddie_files\WS_FTP.LOG --> helloworldblue.net /MonroeCoOhPeopleandHistory/OlaCarrieAddie_files WS_FTP.LOG
2004.10.10 00:51 B C:\AAAAA-MonCoHist_Gen\OlaCarrieAddie_files\filelist.xml --> users.freepages.rootsweb.com /history_html/OlaCarrieAddie_files filelist.xml
2004.10.10 00:51 B C:\AAAAA-MonCoHist_Gen\OlaCarrieAddie_files\image001.jpg --> users.freepages.rootsweb.com /history_html/OlaCarrieAddie_files image001.jpg
2004.10.10 00:51 B C:\AAAAA-MonCoHist_Gen\OlaCarrieAddie_files\image002.jpg --> users.freepages.rootsweb.com /history_html/OlaCarrieAddie_files image002.jpg
