2003.04.05 13:57 B C:\AAAAA-MonroeCoSite\BenRomick_files\filelist.xml --> users.rootsweb.com /home0023/ohmccogs/public_html/BenRomick_files filelist.xml
2003.04.05 13:57 B C:\AAAAA-MonroeCoSite\BenRomick_files\image001.jpg --> users.rootsweb.com /home0023/ohmccogs/public_html/BenRomick_files image001.jpg
2003.04.05 13:57 B C:\AAAAA-MonroeCoSite\BenRomick_files\image002.jpg --> users.rootsweb.com /home0023/ohmccogs/public_html/BenRomick_files image002.jpg
2003.10.21 15:22 B C:\AAAAA-MonroeCoSite\BenRomick_files\filelist.xml --> users.rootsweb.com /home0023/ohmccogs/public_html/BenRomick_files filelist.xml
2003.10.21 15:22 B C:\AAAAA-MonroeCoSite\BenRomick_files\image001.jpg --> users.rootsweb.com /home0023/ohmccogs/public_html/BenRomick_files image001.jpg
2003.10.21 15:22 B C:\AAAAA-MonroeCoSite\BenRomick_files\image002.jpg --> users.rootsweb.com /home0023/ohmccogs/public_html/BenRomick_files image002.jpg
2003.10.21 15:22 B C:\AAAAA-MonroeCoSite\BenRomick_files\WS_FTP.LOG --> users.rootsweb.com /home0023/ohmccogs/public_html/BenRomick_files WS_FTP.LOG
2003.12.26 22:23 B C:\AAAAA-MonroeCoSite\BenRomick_files\image002.jpg --> users.rootsweb.com /home0023/ohmccogs/public_html/BenRomick_files image002.jpg
2003.12.26 22:23 B C:\AAAAA-MonroeCoSite\BenRomick_files\image001.jpg --> users.rootsweb.com /home0023/ohmccogs/public_html/BenRomick_files image001.jpg
2003.12.26 22:23 B C:\AAAAA-MonroeCoSite\BenRomick_files\filelist.xml --> users.rootsweb.com /home0023/ohmccogs/public_html/BenRomick_files filelist.xml
2003.12.26 22:23 B C:\AAAAA-MonroeCoSite\BenRomick_files\WS_FTP.LOG --> users.rootsweb.com /home0023/ohmccogs/public_html/BenRomick_files WS_FTP.LOG
2004.09.15 16:17 B C:\AAAAA-MonroeCoSite\BenRomick_files\filelist.xml --> helloworldblue.net /BenRomick_files filelist.xml
2004.09.15 16:17 B C:\AAAAA-MonroeCoSite\BenRomick_files\image001.jpg --> helloworldblue.net /BenRomick_files image001.jpg
2004.09.15 16:17 B C:\AAAAA-MonroeCoSite\BenRomick_files\image002.jpg --> helloworldblue.net /BenRomick_files image002.jpg
2004.09.15 16:17 B C:\AAAAA-MonroeCoSite\BenRomick_files\WS_FTP.LOG --> helloworldblue.net /BenRomick_files WS_FTP.LOG
2004.09.16 01:16 A C:\AAAAA-MonroeCoSite\BenRomick_files\filelist.xml --> helloworldblue.net /MonroeCoOhPeopleandHistory/BenRomick_files filelist.xml
2004.09.16 01:17 A C:\AAAAA-MonroeCoSite\BenRomick_files\image001.jpg --> helloworldblue.net /MonroeCoOhPeopleandHistory/BenRomick_files image001.jpg
2004.09.16 01:17 A C:\AAAAA-MonroeCoSite\BenRomick_files\image002.jpg --> helloworldblue.net /MonroeCoOhPeopleandHistory/BenRomick_files image002.jpg
2004.09.16 01:17 A C:\AAAAA-MonroeCoSite\BenRomick_files\WS_FTP.LOG --> helloworldblue.net /MonroeCoOhPeopleandHistory/BenRomick_files WS_FTP.LOG
2004.10.09 23:31 B C:\AAAAA-MonCoHist_Gen\BenRomick_files\filelist.xml --> users.freepages.rootsweb.com /history_html/BenRomick_files filelist.xml
2004.10.09 23:31 B C:\AAAAA-MonCoHist_Gen\BenRomick_files\image001.jpg --> users.freepages.rootsweb.com /history_html/BenRomick_files image001.jpg
2004.10.09 23:31 B C:\AAAAA-MonCoHist_Gen\BenRomick_files\image002.jpg --> users.freepages.rootsweb.com /history_html/BenRomick_files image002.jpg
