2003.07.28 19:09 B C:\AAAAA-MonroeCoSite\1_RmSch_MCPart5_files\image012.jpg --> users.rootsweb.com /home0023/ohmccogs/public_html/1_RmSch_MCPart5_files image012.jpg
2003.07.28 19:10 B C:\AAAAA-MonroeCoSite\1_RmSch_MCPart5_files\image011.jpg --> users.rootsweb.com /home0023/ohmccogs/public_html/1_RmSch_MCPart5_files image011.jpg
2003.07.28 19:10 B C:\AAAAA-MonroeCoSite\1_RmSch_MCPart5_files\image010.jpg --> users.rootsweb.com /home0023/ohmccogs/public_html/1_RmSch_MCPart5_files image010.jpg
2003.07.28 19:10 B C:\AAAAA-MonroeCoSite\1_RmSch_MCPart5_files\image009.jpg --> users.rootsweb.com /home0023/ohmccogs/public_html/1_RmSch_MCPart5_files image009.jpg
2003.07.28 19:10 B C:\AAAAA-MonroeCoSite\1_RmSch_MCPart5_files\image008.jpg --> users.rootsweb.com /home0023/ohmccogs/public_html/1_RmSch_MCPart5_files image008.jpg
2003.07.28 19:10 B C:\AAAAA-MonroeCoSite\1_RmSch_MCPart5_files\image007.jpg --> users.rootsweb.com /home0023/ohmccogs/public_html/1_RmSch_MCPart5_files image007.jpg
2003.07.28 19:10 B C:\AAAAA-MonroeCoSite\1_RmSch_MCPart5_files\image006.jpg --> users.rootsweb.com /home0023/ohmccogs/public_html/1_RmSch_MCPart5_files image006.jpg
2003.07.28 19:10 B C:\AAAAA-MonroeCoSite\1_RmSch_MCPart5_files\image005.jpg --> users.rootsweb.com /home0023/ohmccogs/public_html/1_RmSch_MCPart5_files image005.jpg
2003.07.28 19:10 B C:\AAAAA-MonroeCoSite\1_RmSch_MCPart5_files\image004.jpg --> users.rootsweb.com /home0023/ohmccogs/public_html/1_RmSch_MCPart5_files image004.jpg
2003.07.28 19:10 B C:\AAAAA-MonroeCoSite\1_RmSch_MCPart5_files\image003.jpg --> users.rootsweb.com /home0023/ohmccogs/public_html/1_RmSch_MCPart5_files image003.jpg
2003.07.28 19:10 B C:\AAAAA-MonroeCoSite\1_RmSch_MCPart5_files\image002.jpg --> users.rootsweb.com /home0023/ohmccogs/public_html/1_RmSch_MCPart5_files image002.jpg
2003.07.28 19:11 B C:\AAAAA-MonroeCoSite\1_RmSch_MCPart5_files\image001.jpg --> users.rootsweb.com /home0023/ohmccogs/public_html/1_RmSch_MCPart5_files image001.jpg
2003.07.28 19:11 B C:\AAAAA-MonroeCoSite\1_RmSch_MCPart5_files\filelist.xml --> users.rootsweb.com /home0023/ohmccogs/public_html/1_RmSch_MCPart5_files filelist.xml
2004.09.15 16:07 B C:\AAAAA-MonroeCoSite\1_RmSch_MCPart5_files\filelist.xml --> helloworldblue.net /1_RmSch_MCPart5_files filelist.xml
2004.09.15 16:07 B C:\AAAAA-MonroeCoSite\1_RmSch_MCPart5_files\image001.jpg --> helloworldblue.net /1_RmSch_MCPart5_files image001.jpg
2004.09.15 16:07 B C:\AAAAA-MonroeCoSite\1_RmSch_MCPart5_files\image002.jpg --> helloworldblue.net /1_RmSch_MCPart5_files image002.jpg
2004.09.15 16:07 B C:\AAAAA-MonroeCoSite\1_RmSch_MCPart5_files\image003.jpg --> helloworldblue.net /1_RmSch_MCPart5_files image003.jpg
2004.09.15 16:07 B C:\AAAAA-MonroeCoSite\1_RmSch_MCPart5_files\image004.jpg --> helloworldblue.net /1_RmSch_MCPart5_files image004.jpg
2004.09.15 16:08 B C:\AAAAA-MonroeCoSite\1_RmSch_MCPart5_files\image005.jpg --> helloworldblue.net /1_RmSch_MCPart5_files image005.jpg
2004.09.15 16:08 B C:\AAAAA-MonroeCoSite\1_RmSch_MCPart5_files\image006.jpg --> helloworldblue.net /1_RmSch_MCPart5_files image006.jpg
2004.09.15 16:08 B C:\AAAAA-MonroeCoSite\1_RmSch_MCPart5_files\image007.jpg --> helloworldblue.net /1_RmSch_MCPart5_files image007.jpg
2004.09.15 16:08 B C:\AAAAA-MonroeCoSite\1_RmSch_MCPart5_files\image008.jpg --> helloworldblue.net /1_RmSch_MCPart5_files image008.jpg
2004.09.15 16:08 B C:\AAAAA-MonroeCoSite\1_RmSch_MCPart5_files\image009.jpg --> helloworldblue.net /1_RmSch_MCPart5_files image009.jpg
2004.09.15 16:08 B C:\AAAAA-MonroeCoSite\1_RmSch_MCPart5_files\image010.jpg --> helloworldblue.net /1_RmSch_MCPart5_files image010.jpg
2004.09.15 16:08 B C:\AAAAA-MonroeCoSite\1_RmSch_MCPart5_files\image011.jpg --> helloworldblue.net /1_RmSch_MCPart5_files image011.jpg
2004.09.15 16:08 B C:\AAAAA-MonroeCoSite\1_RmSch_MCPart5_files\image012.jpg --> helloworldblue.net /1_RmSch_MCPart5_files image012.jpg
2004.09.15 16:08 B C:\AAAAA-MonroeCoSite\1_RmSch_MCPart5_files\WS_FTP.LOG --> helloworldblue.net /1_RmSch_MCPart5_files WS_FTP.LOG
2004.09.16 01:10 A C:\AAAAA-MonroeCoSite\1_RmSch_MCPart5_files\filelist.xml --> helloworldblue.net /MonroeCoOhPeopleandHistory/1_RmSch_MCPart5_files filelist.xml
2004.09.16 01:10 A C:\AAAAA-MonroeCoSite\1_RmSch_MCPart5_files\image001.jpg --> helloworldblue.net /MonroeCoOhPeopleandHistory/1_RmSch_MCPart5_files image001.jpg
2004.09.16 01:10 A C:\AAAAA-MonroeCoSite\1_RmSch_MCPart5_files\image002.jpg --> helloworldblue.net /MonroeCoOhPeopleandHistory/1_RmSch_MCPart5_files image002.jpg
2004.09.16 01:10 A C:\AAAAA-MonroeCoSite\1_RmSch_MCPart5_files\image003.jpg --> helloworldblue.net /MonroeCoOhPeopleandHistory/1_RmSch_MCPart5_files image003.jpg
2004.09.16 01:10 A C:\AAAAA-MonroeCoSite\1_RmSch_MCPart5_files\image004.jpg --> helloworldblue.net /MonroeCoOhPeopleandHistory/1_RmSch_MCPart5_files image004.jpg
2004.09.16 01:10 A C:\AAAAA-MonroeCoSite\1_RmSch_MCPart5_files\image005.jpg --> helloworldblue.net /MonroeCoOhPeopleandHistory/1_RmSch_MCPart5_files image005.jpg
2004.09.16 01:10 A C:\AAAAA-MonroeCoSite\1_RmSch_MCPart5_files\image006.jpg --> helloworldblue.net /MonroeCoOhPeopleandHistory/1_RmSch_MCPart5_files image006.jpg
2004.09.16 01:10 A C:\AAAAA-MonroeCoSite\1_RmSch_MCPart5_files\image007.jpg --> helloworldblue.net /MonroeCoOhPeopleandHistory/1_RmSch_MCPart5_files image007.jpg
2004.09.16 01:10 A C:\AAAAA-MonroeCoSite\1_RmSch_MCPart5_files\image008.jpg --> helloworldblue.net /MonroeCoOhPeopleandHistory/1_RmSch_MCPart5_files image008.jpg
2004.09.16 01:10 A C:\AAAAA-MonroeCoSite\1_RmSch_MCPart5_files\image009.jpg --> helloworldblue.net /MonroeCoOhPeopleandHistory/1_RmSch_MCPart5_files image009.jpg
2004.09.16 01:10 A C:\AAAAA-MonroeCoSite\1_RmSch_MCPart5_files\image010.jpg --> helloworldblue.net /MonroeCoOhPeopleandHistory/1_RmSch_MCPart5_files image010.jpg
2004.09.16 01:10 A C:\AAAAA-MonroeCoSite\1_RmSch_MCPart5_files\image011.jpg --> helloworldblue.net /MonroeCoOhPeopleandHistory/1_RmSch_MCPart5_files image011.jpg
2004.09.16 01:11 A C:\AAAAA-MonroeCoSite\1_RmSch_MCPart5_files\image012.jpg --> helloworldblue.net /MonroeCoOhPeopleandHistory/1_RmSch_MCPart5_files image012.jpg
2004.09.16 01:11 A C:\AAAAA-MonroeCoSite\1_RmSch_MCPart5_files\WS_FTP.LOG --> helloworldblue.net /MonroeCoOhPeopleandHistory/1_RmSch_MCPart5_files WS_FTP.LOG
2004.10.09 23:20 B C:\AAAAA-MonCoHist_Gen\1_RmSch_MCPart5_files\filelist.xml --> users.freepages.rootsweb.com /history_html/1_RmSch_MCPart5_files filelist.xml
2004.10.09 23:20 B C:\AAAAA-MonCoHist_Gen\1_RmSch_MCPart5_files\image001.jpg --> users.freepages.rootsweb.com /history_html/1_RmSch_MCPart5_files image001.jpg
2004.10.09 23:20 B C:\AAAAA-MonCoHist_Gen\1_RmSch_MCPart5_files\image002.jpg --> users.freepages.rootsweb.com /history_html/1_RmSch_MCPart5_files image002.jpg
2004.10.09 23:20 B C:\AAAAA-MonCoHist_Gen\1_RmSch_MCPart5_files\image003.jpg --> users.freepages.rootsweb.com /history_html/1_RmSch_MCPart5_files image003.jpg
2004.10.09 23:20 B C:\AAAAA-MonCoHist_Gen\1_RmSch_MCPart5_files\image004.jpg --> users.freepages.rootsweb.com /history_html/1_RmSch_MCPart5_files image004.jpg
2004.10.09 23:20 B C:\AAAAA-MonCoHist_Gen\1_RmSch_MCPart5_files\image005.jpg --> users.freepages.rootsweb.com /history_html/1_RmSch_MCPart5_files image005.jpg
2004.10.09 23:20 B C:\AAAAA-MonCoHist_Gen\1_RmSch_MCPart5_files\image006.jpg --> users.freepages.rootsweb.com /history_html/1_RmSch_MCPart5_files image006.jpg
2004.10.09 23:20 B C:\AAAAA-MonCoHist_Gen\1_RmSch_MCPart5_files\image007.jpg --> users.freepages.rootsweb.com /history_html/1_RmSch_MCPart5_files image007.jpg
2004.10.09 23:20 B C:\AAAAA-MonCoHist_Gen\1_RmSch_MCPart5_files\image008.jpg --> users.freepages.rootsweb.com /history_html/1_RmSch_MCPart5_files image008.jpg
2004.10.09 23:20 B C:\AAAAA-MonCoHist_Gen\1_RmSch_MCPart5_files\image009.jpg --> users.freepages.rootsweb.com /history_html/1_RmSch_MCPart5_files image009.jpg
2004.10.09 23:20 B C:\AAAAA-MonCoHist_Gen\1_RmSch_MCPart5_files\image010.jpg --> users.freepages.rootsweb.com /history_html/1_RmSch_MCPart5_files image010.jpg
2004.10.09 23:20 B C:\AAAAA-MonCoHist_Gen\1_RmSch_MCPart5_files\image011.jpg --> users.freepages.rootsweb.com /history_html/1_RmSch_MCPart5_files image011.jpg
2004.10.09 23:20 B C:\AAAAA-MonCoHist_Gen\1_RmSch_MCPart5_files\image012.jpg --> users.freepages.rootsweb.com /history_html/1_RmSch_MCPart5_files image012.jpg
