2003.04.23 16:50 B C:\AAAAA-MonroeCoSite\MorrisLattaFarm_files\filelist.xml --> users.rootsweb.com /home0023/ohmccogs/public_html/MorrisLattaFarm_files filelist.xml
2003.04.23 16:50 B C:\AAAAA-MonroeCoSite\MorrisLattaFarm_files\image001.jpg --> users.rootsweb.com /home0023/ohmccogs/public_html/MorrisLattaFarm_files image001.jpg
2003.04.23 16:50 B C:\AAAAA-MonroeCoSite\MorrisLattaFarm_files\image002.jpg --> users.rootsweb.com /home0023/ohmccogs/public_html/MorrisLattaFarm_files image002.jpg
2003.04.23 16:50 B C:\AAAAA-MonroeCoSite\MorrisLattaFarm_files\image003.jpg --> users.rootsweb.com /home0023/ohmccogs/public_html/MorrisLattaFarm_files image003.jpg
2003.04.23 16:50 B C:\AAAAA-MonroeCoSite\MorrisLattaFarm_files\image004.jpg --> users.rootsweb.com /home0023/ohmccogs/public_html/MorrisLattaFarm_files image004.jpg
2004.09.15 17:21 B C:\AAAAA-MonroeCoSite\MorrisLattaFarm_files\filelist.xml --> helloworldblue.net /MorrisLattaFarm_files filelist.xml
2004.09.15 17:21 B C:\AAAAA-MonroeCoSite\MorrisLattaFarm_files\image001.jpg --> helloworldblue.net /MorrisLattaFarm_files image001.jpg
2004.09.15 17:21 B C:\AAAAA-MonroeCoSite\MorrisLattaFarm_files\image002.jpg --> helloworldblue.net /MorrisLattaFarm_files image002.jpg
2004.09.15 17:21 B C:\AAAAA-MonroeCoSite\MorrisLattaFarm_files\image003.jpg --> helloworldblue.net /MorrisLattaFarm_files image003.jpg
2004.09.15 17:21 B C:\AAAAA-MonroeCoSite\MorrisLattaFarm_files\image004.jpg --> helloworldblue.net /MorrisLattaFarm_files image004.jpg
2004.09.15 17:21 B C:\AAAAA-MonroeCoSite\MorrisLattaFarm_files\WS_FTP.LOG --> helloworldblue.net /MorrisLattaFarm_files WS_FTP.LOG
2004.09.16 01:54 A C:\AAAAA-MonroeCoSite\MorrisLattaFarm_files\filelist.xml --> helloworldblue.net /MonroeCoOhPeopleandHistory/MorrisLattaFarm_files filelist.xml
2004.09.16 01:54 A C:\AAAAA-MonroeCoSite\MorrisLattaFarm_files\image001.jpg --> helloworldblue.net /MonroeCoOhPeopleandHistory/MorrisLattaFarm_files image001.jpg
2004.09.16 01:54 A C:\AAAAA-MonroeCoSite\MorrisLattaFarm_files\image002.jpg --> helloworldblue.net /MonroeCoOhPeopleandHistory/MorrisLattaFarm_files image002.jpg
2004.09.16 01:54 A C:\AAAAA-MonroeCoSite\MorrisLattaFarm_files\image003.jpg --> helloworldblue.net /MonroeCoOhPeopleandHistory/MorrisLattaFarm_files image003.jpg
2004.09.16 01:54 A C:\AAAAA-MonroeCoSite\MorrisLattaFarm_files\image004.jpg --> helloworldblue.net /MonroeCoOhPeopleandHistory/MorrisLattaFarm_files image004.jpg
2004.09.16 01:54 A C:\AAAAA-MonroeCoSite\MorrisLattaFarm_files\WS_FTP.LOG --> helloworldblue.net /MonroeCoOhPeopleandHistory/MorrisLattaFarm_files WS_FTP.LOG
2004.10.10 00:44 B C:\AAAAA-MonCoHist_Gen\MorrisLattaFarm_files\filelist.xml --> users.freepages.rootsweb.com /history_html/MorrisLattaFarm_files filelist.xml
2004.10.10 00:44 B C:\AAAAA-MonCoHist_Gen\MorrisLattaFarm_files\image001.jpg --> users.freepages.rootsweb.com /history_html/MorrisLattaFarm_files image001.jpg
2004.10.10 00:44 B C:\AAAAA-MonCoHist_Gen\MorrisLattaFarm_files\image002.jpg --> users.freepages.rootsweb.com /history_html/MorrisLattaFarm_files image002.jpg
2004.10.10 00:44 B C:\AAAAA-MonCoHist_Gen\MorrisLattaFarm_files\image003.jpg --> users.freepages.rootsweb.com /history_html/MorrisLattaFarm_files image003.jpg
2004.10.10 00:44 B C:\AAAAA-MonCoHist_Gen\MorrisLattaFarm_files\image004.jpg --> users.freepages.rootsweb.com /history_html/MorrisLattaFarm_files image004.jpg
