2003.05.22 12:11 B C:\AAAAA-MonroeCoSite\eastern_USA_files\filelist.xml --> users.rootsweb.com /home0023/ohmccogs/public_html/eastern_USA_files filelist.xml
2003.05.22 12:11 B C:\AAAAA-MonroeCoSite\eastern_USA_files\image001.jpg --> users.rootsweb.com /home0023/ohmccogs/public_html/eastern_USA_files image001.jpg
2003.05.22 12:11 B C:\AAAAA-MonroeCoSite\eastern_USA_files\image002.jpg --> users.rootsweb.com /home0023/ohmccogs/public_html/eastern_USA_files image002.jpg
2004.09.15 14:30 B C:\AAAAA-MonroeCoSite\eastern_USA_files\filelist.xml --> helloworldblue.net /MonroeCoOhPeopleandHistory/eastern_USA_files filelist.xml
2004.09.15 14:30 B C:\AAAAA-MonroeCoSite\eastern_USA_files\image001.jpg --> helloworldblue.net /MonroeCoOhPeopleandHistory/eastern_USA_files image001.jpg
2004.09.15 14:30 B C:\AAAAA-MonroeCoSite\eastern_USA_files\image002.jpg --> helloworldblue.net /MonroeCoOhPeopleandHistory/eastern_USA_files image002.jpg
2004.09.15 14:30 B C:\AAAAA-MonroeCoSite\eastern_USA_files\WS_FTP.LOG --> helloworldblue.net /MonroeCoOhPeopleandHistory/eastern_USA_files WS_FTP.LOG
2004.09.25 13:39 B C:\AAAAA-MonroeCoSite\eastern_USA_files\filelist.xml --> users.rootsweb.com /home0023/ohmccogs/public_html/eastern_USA_files filelist.xml
2004.09.25 13:39 B C:\AAAAA-MonroeCoSite\eastern_USA_files\image001.jpg --> users.rootsweb.com /home0023/ohmccogs/public_html/eastern_USA_files image001.jpg
2004.09.25 13:39 B C:\AAAAA-MonroeCoSite\eastern_USA_files\image002.jpg --> users.rootsweb.com /home0023/ohmccogs/public_html/eastern_USA_files image002.jpg
2004.09.25 13:39 B C:\AAAAA-MonroeCoSite\eastern_USA_files\WS_FTP.LOG --> users.rootsweb.com /home0023/ohmccogs/public_html/eastern_USA_files WS_FTP.LOG
2004.10.09 23:49 B C:\AAAAA-MonCoHist_Gen\eastern_USA_files\filelist.xml --> users.freepages.rootsweb.com /history_html/eastern_USA_files filelist.xml
2004.10.09 23:50 B C:\AAAAA-MonCoHist_Gen\eastern_USA_files\image001.jpg --> users.freepages.rootsweb.com /history_html/eastern_USA_files image001.jpg
2004.10.09 23:50 B C:\AAAAA-MonCoHist_Gen\eastern_USA_files\image002.jpg --> users.freepages.rootsweb.com /history_html/eastern_USA_files image002.jpg
2004.10.09 23:50 B C:\AAAAA-MonCoHist_Gen\eastern_USA_files\WS_FTP.LOG --> users.freepages.rootsweb.com /history_html/eastern_USA_files WS_FTP.LOG
2004.10.14 13:30 B C:\AAAAA-MonCoHist_Gen\eastern_USA_files\filelist.xml --> users.freepages.rootsweb.com /history_html/eastern_USA_files filelist.xml
2004.10.14 13:30 B C:\AAAAA-MonCoHist_Gen\eastern_USA_files\image001.jpg --> users.freepages.rootsweb.com /history_html/eastern_USA_files image001.jpg
2004.10.14 13:30 B C:\AAAAA-MonCoHist_Gen\eastern_USA_files\image002.jpg --> users.freepages.rootsweb.com /history_html/eastern_USA_files image002.jpg
2004.10.14 13:30 B C:\AAAAA-MonCoHist_Gen\eastern_USA_files\WS_FTP.LOG --> users.freepages.rootsweb.com /history_html/eastern_USA_files WS_FTP.LOG
2004.10.14 13:35 B C:\AAAAA-MonCoHist_Gen\eastern_USA_files\filelist.xml --> users.freepages.rootsweb.com /history_html/eastern_USA_files filelist.xml
2004.10.14 13:35 B C:\AAAAA-MonCoHist_Gen\eastern_USA_files\image001.jpg --> users.freepages.rootsweb.com /history_html/eastern_USA_files image001.jpg
2004.10.14 13:35 B C:\AAAAA-MonCoHist_Gen\eastern_USA_files\image002.jpg --> users.freepages.rootsweb.com /history_html/eastern_USA_files image002.jpg
