2003.03.05 20:44 B C:\AAAAA-MonroeCoSite\miltbrg1_files\AAAAA-MonroeCoSite --> users.rootsweb.com /home0023/ohmccogs/public_html/miltbrg1_files AAAAA-MonroeCoSite
2003.03.05 20:44 B C:\AAAAA-MonroeCoSite\miltbrg1_files\filelist.xml --> users.rootsweb.com /home0023/ohmccogs/public_html/miltbrg1_files filelist.xml
2003.03.05 20:44 B C:\AAAAA-MonroeCoSite\miltbrg1_files\image001.jpg --> users.rootsweb.com /home0023/ohmccogs/public_html/miltbrg1_files image001.jpg
2003.03.05 20:44 B C:\AAAAA-MonroeCoSite\miltbrg1_files\image002.jpg --> users.rootsweb.com /home0023/ohmccogs/public_html/miltbrg1_files image002.jpg
2003.03.19 23:05 B C:\AAAAA-MonroeCoSite_Overflow\miltbrg1_files\AAAAA-MonroeCoSite --> helloworldblue.net /web/MCCofOGS/miltbrg1_files AAAAA-MonroeCoSite
2003.03.19 23:05 B C:\AAAAA-MonroeCoSite_Overflow\miltbrg1_files\filelist.xml --> helloworldblue.net /web/MCCofOGS/miltbrg1_files filelist.xml
2003.03.19 23:05 B C:\AAAAA-MonroeCoSite_Overflow\miltbrg1_files\image001.jpg --> helloworldblue.net /web/MCCofOGS/miltbrg1_files image001.jpg
2003.03.19 23:05 B C:\AAAAA-MonroeCoSite_Overflow\miltbrg1_files\image002.jpg --> helloworldblue.net /web/MCCofOGS/miltbrg1_files image002.jpg
2003.03.19 23:05 B C:\AAAAA-MonroeCoSite_Overflow\miltbrg1_files\WS_FTP.LOG --> helloworldblue.net /web/MCCofOGS/miltbrg1_files WS_FTP.LOG
2004.09.15 17:16 B C:\AAAAA-MonroeCoSite\miltbrg1_files\AAAAA-MonroeCoSite --> helloworldblue.net /miltbrg1_files AAAAA-MonroeCoSite
2004.09.15 17:16 B C:\AAAAA-MonroeCoSite\miltbrg1_files\filelist.xml --> helloworldblue.net /miltbrg1_files filelist.xml
2004.09.15 17:16 B C:\AAAAA-MonroeCoSite\miltbrg1_files\image001.jpg --> helloworldblue.net /miltbrg1_files image001.jpg
2004.09.15 17:16 B C:\AAAAA-MonroeCoSite\miltbrg1_files\image002.jpg --> helloworldblue.net /miltbrg1_files image002.jpg
2004.09.15 17:16 B C:\AAAAA-MonroeCoSite\miltbrg1_files\WS_FTP.LOG --> helloworldblue.net /miltbrg1_files WS_FTP.LOG
2004.09.16 01:51 A C:\AAAAA-MonroeCoSite\miltbrg1_files\AAAAA-MonroeCoSite --> helloworldblue.net /MonroeCoOhPeopleandHistory/miltbrg1_files AAAAA-MonroeCoSite
2004.09.16 01:51 A C:\AAAAA-MonroeCoSite\miltbrg1_files\filelist.xml --> helloworldblue.net /MonroeCoOhPeopleandHistory/miltbrg1_files filelist.xml
2004.09.16 01:51 A C:\AAAAA-MonroeCoSite\miltbrg1_files\image001.jpg --> helloworldblue.net /MonroeCoOhPeopleandHistory/miltbrg1_files image001.jpg
2004.09.16 01:51 A C:\AAAAA-MonroeCoSite\miltbrg1_files\image002.jpg --> helloworldblue.net /MonroeCoOhPeopleandHistory/miltbrg1_files image002.jpg
2004.09.16 01:51 A C:\AAAAA-MonroeCoSite\miltbrg1_files\WS_FTP.LOG --> helloworldblue.net /MonroeCoOhPeopleandHistory/miltbrg1_files WS_FTP.LOG
2004.10.10 00:40 B C:\AAAAA-MonCoHist_Gen\miltbrg1_files\AAAAA-MonroeCoSite --> users.freepages.rootsweb.com /history_html/miltbrg1_files AAAAA-MonroeCoSite
2004.10.10 00:40 B C:\AAAAA-MonCoHist_Gen\miltbrg1_files\filelist.xml --> users.freepages.rootsweb.com /history_html/miltbrg1_files filelist.xml
2004.10.10 00:40 B C:\AAAAA-MonCoHist_Gen\miltbrg1_files\image001.jpg --> users.freepages.rootsweb.com /history_html/miltbrg1_files image001.jpg
2004.10.10 00:40 B C:\AAAAA-MonCoHist_Gen\miltbrg1_files\image002.jpg --> users.freepages.rootsweb.com /history_html/miltbrg1_files image002.jpg
