2003.11.04 14:48 B C:\Dick_graphics\Tombstones\ThomasLLatta_stone_files\filelist.xml --> helloworldblue.net /Tombstones/ThomasLLatta_stone_files filelist.xml
2003.11.04 14:48 B C:\Dick_graphics\Tombstones\ThomasLLatta_stone_files\image001.jpg --> helloworldblue.net /Tombstones/ThomasLLatta_stone_files image001.jpg
2003.11.04 14:49 B C:\Dick_graphics\Tombstones\ThomasLLatta_stone_files\image002.jpg --> helloworldblue.net /Tombstones/ThomasLLatta_stone_files image002.jpg
2003.11.04 14:49 B C:\Dick_graphics\Tombstones\ThomasLLatta_stone_files\image003.jpg --> helloworldblue.net /Tombstones/ThomasLLatta_stone_files image003.jpg
2003.11.04 14:49 B C:\Dick_graphics\Tombstones\ThomasLLatta_stone_files\image004.jpg --> helloworldblue.net /Tombstones/ThomasLLatta_stone_files image004.jpg
2004.04.06 12:16 B C:\AAAAA-MonroeCoSite\ThomasLLatta_stone_files\filelist.xml --> users.rootsweb.com /home0023/ohmccogs/public_html/ThomasLLatta_stone_files filelist.xml
2004.04.06 12:16 B C:\AAAAA-MonroeCoSite\ThomasLLatta_stone_files\image001.jpg --> users.rootsweb.com /home0023/ohmccogs/public_html/ThomasLLatta_stone_files image001.jpg
2004.04.06 12:16 B C:\AAAAA-MonroeCoSite\ThomasLLatta_stone_files\image002.jpg --> users.rootsweb.com /home0023/ohmccogs/public_html/ThomasLLatta_stone_files image002.jpg
2004.04.06 12:16 B C:\AAAAA-MonroeCoSite\ThomasLLatta_stone_files\image003.jpg --> users.rootsweb.com /home0023/ohmccogs/public_html/ThomasLLatta_stone_files image003.jpg
2004.04.06 12:16 B C:\AAAAA-MonroeCoSite\ThomasLLatta_stone_files\image004.jpg --> users.rootsweb.com /home0023/ohmccogs/public_html/ThomasLLatta_stone_files image004.jpg
2004.04.06 12:16 B C:\AAAAA-MonroeCoSite\ThomasLLatta_stone_files\WS_FTP.LOG --> users.rootsweb.com /home0023/ohmccogs/public_html/ThomasLLatta_stone_files WS_FTP.LOG
2004.09.15 14:57 B C:\AAAAA-MonroeCoSite\ThomasLLatta_stone_files\filelist.xml --> helloworldblue.net /MonroeCoOhPeopleandHistory/ThomasLLatta_stone_files filelist.xml
2004.09.15 14:58 B C:\AAAAA-MonroeCoSite\ThomasLLatta_stone_files\image001.jpg --> helloworldblue.net /MonroeCoOhPeopleandHistory/ThomasLLatta_stone_files image001.jpg
2004.09.15 14:58 B C:\AAAAA-MonroeCoSite\ThomasLLatta_stone_files\image002.jpg --> helloworldblue.net /MonroeCoOhPeopleandHistory/ThomasLLatta_stone_files image002.jpg
2004.09.15 14:58 B C:\AAAAA-MonroeCoSite\ThomasLLatta_stone_files\image003.jpg --> helloworldblue.net /MonroeCoOhPeopleandHistory/ThomasLLatta_stone_files image003.jpg
2004.09.15 14:58 B C:\AAAAA-MonroeCoSite\ThomasLLatta_stone_files\image004.jpg --> helloworldblue.net /MonroeCoOhPeopleandHistory/ThomasLLatta_stone_files image004.jpg
2004.09.15 14:58 B C:\AAAAA-MonroeCoSite\ThomasLLatta_stone_files\WS_FTP.LOG --> helloworldblue.net /MonroeCoOhPeopleandHistory/ThomasLLatta_stone_files WS_FTP.LOG
2004.10.10 01:23 B C:\AAAAA-MonCoHist_Gen\ThomasLLatta_stone_files\filelist.xml --> users.freepages.rootsweb.com /history_html/ThomasLLatta_stone_files filelist.xml
2004.10.10 01:23 B C:\AAAAA-MonCoHist_Gen\ThomasLLatta_stone_files\image001.jpg --> users.freepages.rootsweb.com /history_html/ThomasLLatta_stone_files image001.jpg
2004.10.10 01:23 B C:\AAAAA-MonCoHist_Gen\ThomasLLatta_stone_files\image002.jpg --> users.freepages.rootsweb.com /history_html/ThomasLLatta_stone_files image002.jpg
2004.10.10 01:23 B C:\AAAAA-MonCoHist_Gen\ThomasLLatta_stone_files\image003.jpg --> users.freepages.rootsweb.com /history_html/ThomasLLatta_stone_files image003.jpg
2004.10.10 01:23 B C:\AAAAA-MonCoHist_Gen\ThomasLLatta_stone_files\image004.jpg --> users.freepages.rootsweb.com /history_html/ThomasLLatta_stone_files image004.jpg
