2003.02.12 22:07 B C:\AAAAA-MonroeCoSite\MaryElizYoung_files\filelist.xml --> users.rootsweb.com /home0023/ohmccogs/public_html/MaryElizYoung_files filelist.xml
2003.02.12 22:07 B C:\AAAAA-MonroeCoSite\MaryElizYoung_files\image001.jpg --> users.rootsweb.com /home0023/ohmccogs/public_html/MaryElizYoung_files image001.jpg
2003.02.12 22:07 B C:\AAAAA-MonroeCoSite\MaryElizYoung_files\image002.jpg --> users.rootsweb.com /home0023/ohmccogs/public_html/MaryElizYoung_files image002.jpg
2003.03.05 18:27 B C:\AAAAA-MonroeCoSite\MaryElizYoung_files\image001.jpg --> users.rootsweb.com /home0023/ohmccogs/public_html/MaryElizYoung_files image001.jpg
2003.03.05 18:27 B C:\AAAAA-MonroeCoSite\MaryElizYoung_files\WS_FTP.LOG --> users.rootsweb.com /home0023/ohmccogs/public_html/MaryElizYoung_files WS_FTP.LOG
2003.03.05 20:30 B C:\AAAAA-MonroeCoSite\MaryElizYoung_files\image001.jpg --> users.rootsweb.com /home0023/ohmccogs/public_html/MaryElizYoung_files image001.jpg
2003.03.05 20:30 B C:\AAAAA-MonroeCoSite\MaryElizYoung_files\WS_FTP.LOG --> users.rootsweb.com /home0023/ohmccogs/public_html/MaryElizYoung_files WS_FTP.LOG
2003.03.19 22:01 B C:\AAAAA-MonroeCoSite\MaryElizYoung_files\filelist.xml --> helloworldblue.net /web/MCCofOGS/MaryElizYoung_files filelist.xml
2003.03.19 22:01 B C:\AAAAA-MonroeCoSite\MaryElizYoung_files\image001.jpg --> helloworldblue.net /web/MCCofOGS/MaryElizYoung_files image001.jpg
2003.03.19 22:01 B C:\AAAAA-MonroeCoSite\MaryElizYoung_files\image002.jpg --> helloworldblue.net /web/MCCofOGS/MaryElizYoung_files image002.jpg
2003.03.19 22:01 B C:\AAAAA-MonroeCoSite\MaryElizYoung_files\WS_FTP.LOG --> helloworldblue.net /web/MCCofOGS/MaryElizYoung_files WS_FTP.LOG
2004.09.15 17:08 B C:\AAAAA-MonroeCoSite\MaryElizYoung_files\filelist.xml --> helloworldblue.net /MaryElizYoung_files filelist.xml
2004.09.15 17:08 B C:\AAAAA-MonroeCoSite\MaryElizYoung_files\image001.jpg --> helloworldblue.net /MaryElizYoung_files image001.jpg
2004.09.15 17:08 B C:\AAAAA-MonroeCoSite\MaryElizYoung_files\image002.jpg --> helloworldblue.net /MaryElizYoung_files image002.jpg
2004.09.15 17:08 B C:\AAAAA-MonroeCoSite\MaryElizYoung_files\WS_FTP.LOG --> helloworldblue.net /MaryElizYoung_files WS_FTP.LOG
2004.09.16 01:46 A C:\AAAAA-MonroeCoSite\MaryElizYoung_files\filelist.xml --> helloworldblue.net /MonroeCoOhPeopleandHistory/MaryElizYoung_files filelist.xml
2004.09.16 01:46 A C:\AAAAA-MonroeCoSite\MaryElizYoung_files\image001.jpg --> helloworldblue.net /MonroeCoOhPeopleandHistory/MaryElizYoung_files image001.jpg
2004.09.16 01:46 A C:\AAAAA-MonroeCoSite\MaryElizYoung_files\image002.jpg --> helloworldblue.net /MonroeCoOhPeopleandHistory/MaryElizYoung_files image002.jpg
2004.09.16 01:46 A C:\AAAAA-MonroeCoSite\MaryElizYoung_files\WS_FTP.LOG --> helloworldblue.net /MonroeCoOhPeopleandHistory/MaryElizYoung_files WS_FTP.LOG
2004.10.10 00:32 B C:\AAAAA-MonCoHist_Gen\MaryElizYoung_files\filelist.xml --> users.freepages.rootsweb.com /history_html/MaryElizYoung_files filelist.xml
2004.10.10 00:32 B C:\AAAAA-MonCoHist_Gen\MaryElizYoung_files\image001.jpg --> users.freepages.rootsweb.com /history_html/MaryElizYoung_files image001.jpg
2004.10.10 00:32 B C:\AAAAA-MonCoHist_Gen\MaryElizYoung_files\image002.jpg --> users.freepages.rootsweb.com /history_html/MaryElizYoung_files image002.jpg
