2003.03.19 23:07 B C:\AAAAA-MonroeCoSite_Overflow\petition_files\AAAAA-MonroeCoSite --> helloworldblue.net /web/MCCofOGS/petition_files AAAAA-MonroeCoSite
2003.03.19 23:07 B C:\AAAAA-MonroeCoSite_Overflow\petition_files\filelist.xml --> helloworldblue.net /web/MCCofOGS/petition_files filelist.xml
2003.03.19 23:08 B C:\AAAAA-MonroeCoSite_Overflow\petition_files\image001.jpg --> helloworldblue.net /web/MCCofOGS/petition_files image001.jpg
2003.03.19 23:08 B C:\AAAAA-MonroeCoSite_Overflow\petition_files\image002.jpg --> helloworldblue.net /web/MCCofOGS/petition_files image002.jpg
2003.03.19 23:08 B C:\AAAAA-MonroeCoSite_Overflow\petition_files\image003.jpg --> helloworldblue.net /web/MCCofOGS/petition_files image003.jpg
2003.03.19 23:08 B C:\AAAAA-MonroeCoSite_Overflow\petition_files\image004.jpg --> helloworldblue.net /web/MCCofOGS/petition_files image004.jpg
2003.03.19 23:08 B C:\AAAAA-MonroeCoSite_Overflow\petition_files\image005.jpg --> helloworldblue.net /web/MCCofOGS/petition_files image005.jpg
2003.03.19 23:08 B C:\AAAAA-MonroeCoSite_Overflow\petition_files\image006.jpg --> helloworldblue.net /web/MCCofOGS/petition_files image006.jpg
2003.03.19 23:08 B C:\AAAAA-MonroeCoSite_Overflow\petition_files\image007.jpg --> helloworldblue.net /web/MCCofOGS/petition_files image007.jpg
2003.03.19 23:08 B C:\AAAAA-MonroeCoSite_Overflow\petition_files\image008.jpg --> helloworldblue.net /web/MCCofOGS/petition_files image008.jpg
2004.09.15 17:33 B C:\AAAAA-MonroeCoSite\petition_files\AAAAA-MonroeCoSite --> helloworldblue.net /petition_files AAAAA-MonroeCoSite
2004.09.15 17:33 B C:\AAAAA-MonroeCoSite\petition_files\filelist.xml --> helloworldblue.net /petition_files filelist.xml
2004.09.15 17:33 B C:\AAAAA-MonroeCoSite\petition_files\image001.jpg --> helloworldblue.net /petition_files image001.jpg
2004.09.15 17:33 B C:\AAAAA-MonroeCoSite\petition_files\image002.jpg --> helloworldblue.net /petition_files image002.jpg
2004.09.15 17:33 B C:\AAAAA-MonroeCoSite\petition_files\image003.jpg --> helloworldblue.net /petition_files image003.jpg
2004.09.15 17:33 B C:\AAAAA-MonroeCoSite\petition_files\image004.jpg --> helloworldblue.net /petition_files image004.jpg
2004.09.15 17:33 B C:\AAAAA-MonroeCoSite\petition_files\image005.jpg --> helloworldblue.net /petition_files image005.jpg
2004.09.15 17:33 B C:\AAAAA-MonroeCoSite\petition_files\image006.jpg --> helloworldblue.net /petition_files image006.jpg
2004.09.15 17:33 B C:\AAAAA-MonroeCoSite\petition_files\image007.jpg --> helloworldblue.net /petition_files image007.jpg
2004.09.15 17:33 B C:\AAAAA-MonroeCoSite\petition_files\image008.jpg --> helloworldblue.net /petition_files image008.jpg
2004.09.15 17:33 B C:\AAAAA-MonroeCoSite\petition_files\WS_FTP.LOG --> helloworldblue.net /petition_files WS_FTP.LOG
2004.09.16 02:01 A C:\AAAAA-MonroeCoSite\petition_files\AAAAA-MonroeCoSite --> helloworldblue.net /MonroeCoOhPeopleandHistory/petition_files AAAAA-MonroeCoSite
2004.09.16 02:01 A C:\AAAAA-MonroeCoSite\petition_files\filelist.xml --> helloworldblue.net /MonroeCoOhPeopleandHistory/petition_files filelist.xml
2004.09.16 02:01 A C:\AAAAA-MonroeCoSite\petition_files\image001.jpg --> helloworldblue.net /MonroeCoOhPeopleandHistory/petition_files image001.jpg
2004.09.16 02:01 A C:\AAAAA-MonroeCoSite\petition_files\image002.jpg --> helloworldblue.net /MonroeCoOhPeopleandHistory/petition_files image002.jpg
2004.09.16 02:01 A C:\AAAAA-MonroeCoSite\petition_files\image003.jpg --> helloworldblue.net /MonroeCoOhPeopleandHistory/petition_files image003.jpg
2004.09.16 02:01 A C:\AAAAA-MonroeCoSite\petition_files\image004.jpg --> helloworldblue.net /MonroeCoOhPeopleandHistory/petition_files image004.jpg
2004.09.16 02:01 A C:\AAAAA-MonroeCoSite\petition_files\image005.jpg --> helloworldblue.net /MonroeCoOhPeopleandHistory/petition_files image005.jpg
2004.09.16 02:01 A C:\AAAAA-MonroeCoSite\petition_files\image006.jpg --> helloworldblue.net /MonroeCoOhPeopleandHistory/petition_files image006.jpg
2004.09.16 02:01 A C:\AAAAA-MonroeCoSite\petition_files\image007.jpg --> helloworldblue.net /MonroeCoOhPeopleandHistory/petition_files image007.jpg
2004.09.16 02:01 A C:\AAAAA-MonroeCoSite\petition_files\image008.jpg --> helloworldblue.net /MonroeCoOhPeopleandHistory/petition_files image008.jpg
2004.09.16 02:01 A C:\AAAAA-MonroeCoSite\petition_files\WS_FTP.LOG --> helloworldblue.net /MonroeCoOhPeopleandHistory/petition_files WS_FTP.LOG
2004.10.10 01:04 B C:\AAAAA-MonCoHist_Gen\petition_files\AAAAA-MonroeCoSite --> users.freepages.rootsweb.com /history_html/petition_files AAAAA-MonroeCoSite
2004.10.10 01:04 B C:\AAAAA-MonCoHist_Gen\petition_files\filelist.xml --> users.freepages.rootsweb.com /history_html/petition_files filelist.xml
2004.10.10 01:04 B C:\AAAAA-MonCoHist_Gen\petition_files\image001.jpg --> users.freepages.rootsweb.com /history_html/petition_files image001.jpg
2004.10.10 01:04 B C:\AAAAA-MonCoHist_Gen\petition_files\image002.jpg --> users.freepages.rootsweb.com /history_html/petition_files image002.jpg
2004.10.10 01:04 B C:\AAAAA-MonCoHist_Gen\petition_files\image003.jpg --> users.freepages.rootsweb.com /history_html/petition_files image003.jpg
2004.10.10 01:04 B C:\AAAAA-MonCoHist_Gen\petition_files\image004.jpg --> users.freepages.rootsweb.com /history_html/petition_files image004.jpg
2004.10.10 01:04 B C:\AAAAA-MonCoHist_Gen\petition_files\image005.jpg --> users.freepages.rootsweb.com /history_html/petition_files image005.jpg
2004.10.10 01:04 B C:\AAAAA-MonCoHist_Gen\petition_files\image006.jpg --> users.freepages.rootsweb.com /history_html/petition_files image006.jpg
2004.10.10 01:04 B C:\AAAAA-MonCoHist_Gen\petition_files\image007.jpg --> users.freepages.rootsweb.com /history_html/petition_files image007.jpg
2004.10.10 01:04 B C:\AAAAA-MonCoHist_Gen\petition_files\image008.jpg --> users.freepages.rootsweb.com /history_html/petition_files image008.jpg
