2003.03.19 22:13 B C:\AAAAA-MonroeCoSite\OldNewsLtrs\1997\JAN1833.DOC --> helloworldblue.net /web/MCCofOGS/OldNewsLtrs/1997 JAN1833.DOC
2003.03.19 22:13 B C:\AAAAA-MonroeCoSite\OldNewsLtrs\1997\JANABST.DOC --> helloworldblue.net /web/MCCofOGS/OldNewsLtrs/1997 JANABST.DOC
2003.03.19 22:13 B C:\AAAAA-MonroeCoSite\OldNewsLtrs\1997\JANFED.DOC --> helloworldblue.net /web/MCCofOGS/OldNewsLtrs/1997 JANFED.DOC
2003.03.19 22:13 B C:\AAAAA-MonroeCoSite\OldNewsLtrs\1997\JANNOTES.DOC --> helloworldblue.net /web/MCCofOGS/OldNewsLtrs/1997 JANNOTES.DOC
2003.03.19 22:13 B C:\AAAAA-MonroeCoSite\OldNewsLtrs\1997\JANQUER --> helloworldblue.net /web/MCCofOGS/OldNewsLtrs/1997 JANQUER
2003.03.19 22:13 B C:\AAAAA-MonroeCoSite\OldNewsLtrs\1997\JANQUER.DOC --> helloworldblue.net /web/MCCofOGS/OldNewsLtrs/1997 JANQUER.DOC
2003.03.19 22:13 B C:\AAAAA-MonroeCoSite\OldNewsLtrs\1997\JANSUR.DOC --> helloworldblue.net /web/MCCofOGS/OldNewsLtrs/1997 JANSUR.DOC
2003.03.19 22:13 B C:\AAAAA-MonroeCoSite\OldNewsLtrs\1997\JUL1833.DOC --> helloworldblue.net /web/MCCofOGS/OldNewsLtrs/1997 JUL1833.DOC
2003.03.19 22:13 B C:\AAAAA-MonroeCoSite\OldNewsLtrs\1997\JULFED --> helloworldblue.net /web/MCCofOGS/OldNewsLtrs/1997 JULFED
2003.03.19 22:13 B C:\AAAAA-MonroeCoSite\OldNewsLtrs\1997\JULFRONT.DOC --> helloworldblue.net /web/MCCofOGS/OldNewsLtrs/1997 JULFRONT.DOC
2003.03.19 22:13 B C:\AAAAA-MonroeCoSite\OldNewsLtrs\1997\JULNOTES.DOC --> helloworldblue.net /web/MCCofOGS/OldNewsLtrs/1997 JULNOTES.DOC
2003.03.19 22:13 B C:\AAAAA-MonroeCoSite\OldNewsLtrs\1997\JULPOSEY.DOC --> helloworldblue.net /web/MCCofOGS/OldNewsLtrs/1997 JULPOSEY.DOC
2003.03.19 22:13 B C:\AAAAA-MonroeCoSite\OldNewsLtrs\1997\JULQUER.DOC --> helloworldblue.net /web/MCCofOGS/OldNewsLtrs/1997 JULQUER.DOC
2003.03.19 22:13 B C:\AAAAA-MonroeCoSite\OldNewsLtrs\1997\JULRW.DOC --> helloworldblue.net /web/MCCofOGS/OldNewsLtrs/1997 JULRW.DOC
2003.03.19 22:13 B C:\AAAAA-MonroeCoSite\OldNewsLtrs\1997\JULSUR.DOC --> helloworldblue.net /web/MCCofOGS/OldNewsLtrs/1997 JULSUR.DOC
2003.03.19 22:13 B C:\AAAAA-MonroeCoSite\OldNewsLtrs\1997\OCTCONF.DOC --> helloworldblue.net /web/MCCofOGS/OldNewsLtrs/1997 OCTCONF.DOC
2003.03.19 22:13 B C:\AAAAA-MonroeCoSite\OldNewsLtrs\1997\OCTEND.DOC --> helloworldblue.net /web/MCCofOGS/OldNewsLtrs/1997 OCTEND.DOC
2003.03.19 22:13 B C:\AAAAA-MonroeCoSite\OldNewsLtrs\1997\OCTFED.DOC --> helloworldblue.net /web/MCCofOGS/OldNewsLtrs/1997 OCTFED.DOC
2003.03.19 22:13 B C:\AAAAA-MonroeCoSite\OldNewsLtrs\1997\OCTOBIT.DOC --> helloworldblue.net /web/MCCofOGS/OldNewsLtrs/1997 OCTOBIT.DOC
2003.03.19 22:13 B C:\AAAAA-MonroeCoSite\OldNewsLtrs\1997\OCTPOSEY.DOC --> helloworldblue.net /web/MCCofOGS/OldNewsLtrs/1997 OCTPOSEY.DOC
2003.03.19 22:13 B C:\AAAAA-MonroeCoSite\OldNewsLtrs\1997\OCTQUER.DOC --> helloworldblue.net /web/MCCofOGS/OldNewsLtrs/1997 OCTQUER.DOC
2003.03.19 22:13 B C:\AAAAA-MonroeCoSite\OldNewsLtrs\1997\OCTRW.DOC --> helloworldblue.net /web/MCCofOGS/OldNewsLtrs/1997 OCTRW.DOC
2003.03.19 22:13 B C:\AAAAA-MonroeCoSite\OldNewsLtrs\1997\OCTSUR.DOC --> helloworldblue.net /web/MCCofOGS/OldNewsLtrs/1997 OCTSUR.DOC
2003.03.19 22:13 B C:\AAAAA-MonroeCoSite\OldNewsLtrs\1997\OCTTAX.DOC --> helloworldblue.net /web/MCCofOGS/OldNewsLtrs/1997 OCTTAX.DOC
2003.03.19 22:13 B C:\AAAAA-MonroeCoSite\OldNewsLtrs\1997\ODDSENDS.DOC --> helloworldblue.net /web/MCCofOGS/OldNewsLtrs/1997 ODDSENDS.DOC
2003.03.19 22:13 B C:\AAAAA-MonroeCoSite\OldNewsLtrs\1997\PUB.BAK --> helloworldblue.net /web/MCCofOGS/OldNewsLtrs/1997 PUB.BAK
2003.03.19 22:13 B C:\AAAAA-MonroeCoSite\OldNewsLtrs\1997\PUB.EVP --> helloworldblue.net /web/MCCofOGS/OldNewsLtrs/1997 PUB.EVP
2003.03.19 22:13 B C:\AAAAA-MonroeCoSite\OldNewsLtrs\1997\STOTSER.DOC --> helloworldblue.net /web/MCCofOGS/OldNewsLtrs/1997 STOTSER.DOC
2004.09.15 14:50 B C:\AAAAA-MonroeCoSite\OldNewsLtrs\1997\JAN1833.DOC --> helloworldblue.net /MonroeCoOhPeopleandHistory/OldNewsLtrs/1997 JAN1833.DOC
2004.09.15 14:50 B C:\AAAAA-MonroeCoSite\OldNewsLtrs\1997\JANABST.DOC --> helloworldblue.net /MonroeCoOhPeopleandHistory/OldNewsLtrs/1997 JANABST.DOC
2004.09.15 14:50 B C:\AAAAA-MonroeCoSite\OldNewsLtrs\1997\JANFED.DOC --> helloworldblue.net /MonroeCoOhPeopleandHistory/OldNewsLtrs/1997 JANFED.DOC
2004.09.15 14:50 B C:\AAAAA-MonroeCoSite\OldNewsLtrs\1997\JANNOTES.DOC --> helloworldblue.net /MonroeCoOhPeopleandHistory/OldNewsLtrs/1997 JANNOTES.DOC
2004.09.15 14:50 B C:\AAAAA-MonroeCoSite\OldNewsLtrs\1997\JANQUER --> helloworldblue.net /MonroeCoOhPeopleandHistory/OldNewsLtrs/1997 JANQUER
2004.09.15 14:50 B C:\AAAAA-MonroeCoSite\OldNewsLtrs\1997\JANQUER.DOC --> helloworldblue.net /MonroeCoOhPeopleandHistory/OldNewsLtrs/1997 JANQUER.DOC
2004.09.15 14:50 B C:\AAAAA-MonroeCoSite\OldNewsLtrs\1997\JANSUR.DOC --> helloworldblue.net /MonroeCoOhPeopleandHistory/OldNewsLtrs/1997 JANSUR.DOC
2004.09.15 14:50 B C:\AAAAA-MonroeCoSite\OldNewsLtrs\1997\JUL1833.DOC --> helloworldblue.net /MonroeCoOhPeopleandHistory/OldNewsLtrs/1997 JUL1833.DOC
2004.09.15 14:50 B C:\AAAAA-MonroeCoSite\OldNewsLtrs\1997\JULFED --> helloworldblue.net /MonroeCoOhPeopleandHistory/OldNewsLtrs/1997 JULFED
2004.09.15 14:50 B C:\AAAAA-MonroeCoSite\OldNewsLtrs\1997\JULFRONT.DOC --> helloworldblue.net /MonroeCoOhPeopleandHistory/OldNewsLtrs/1997 JULFRONT.DOC
2004.09.15 14:50 B C:\AAAAA-MonroeCoSite\OldNewsLtrs\1997\JULNOTES.DOC --> helloworldblue.net /MonroeCoOhPeopleandHistory/OldNewsLtrs/1997 JULNOTES.DOC
2004.09.15 14:50 B C:\AAAAA-MonroeCoSite\OldNewsLtrs\1997\JULPOSEY.DOC --> helloworldblue.net /MonroeCoOhPeopleandHistory/OldNewsLtrs/1997 JULPOSEY.DOC
2004.09.15 14:50 B C:\AAAAA-MonroeCoSite\OldNewsLtrs\1997\JULQUER.DOC --> helloworldblue.net /MonroeCoOhPeopleandHistory/OldNewsLtrs/1997 JULQUER.DOC
2004.09.15 14:50 B C:\AAAAA-MonroeCoSite\OldNewsLtrs\1997\JULRW.DOC --> helloworldblue.net /MonroeCoOhPeopleandHistory/OldNewsLtrs/1997 JULRW.DOC
2004.09.15 14:50 B C:\AAAAA-MonroeCoSite\OldNewsLtrs\1997\JULSUR.DOC --> helloworldblue.net /MonroeCoOhPeopleandHistory/OldNewsLtrs/1997 JULSUR.DOC
2004.09.15 14:50 B C:\AAAAA-MonroeCoSite\OldNewsLtrs\1997\OCTCONF.DOC --> helloworldblue.net /MonroeCoOhPeopleandHistory/OldNewsLtrs/1997 OCTCONF.DOC
2004.09.15 14:50 B C:\AAAAA-MonroeCoSite\OldNewsLtrs\1997\OCTEND.DOC --> helloworldblue.net /MonroeCoOhPeopleandHistory/OldNewsLtrs/1997 OCTEND.DOC
2004.09.15 14:50 B C:\AAAAA-MonroeCoSite\OldNewsLtrs\1997\OCTFED.DOC --> helloworldblue.net /MonroeCoOhPeopleandHistory/OldNewsLtrs/1997 OCTFED.DOC
2004.09.15 14:50 B C:\AAAAA-MonroeCoSite\OldNewsLtrs\1997\OCTOBIT.DOC --> helloworldblue.net /MonroeCoOhPeopleandHistory/OldNewsLtrs/1997 OCTOBIT.DOC
2004.09.15 14:50 B C:\AAAAA-MonroeCoSite\OldNewsLtrs\1997\OCTPOSEY.DOC --> helloworldblue.net /MonroeCoOhPeopleandHistory/OldNewsLtrs/1997 OCTPOSEY.DOC
2004.09.15 14:50 B C:\AAAAA-MonroeCoSite\OldNewsLtrs\1997\OCTQUER.DOC --> helloworldblue.net /MonroeCoOhPeopleandHistory/OldNewsLtrs/1997 OCTQUER.DOC
2004.09.15 14:50 B C:\AAAAA-MonroeCoSite\OldNewsLtrs\1997\OCTRW.DOC --> helloworldblue.net /MonroeCoOhPeopleandHistory/OldNewsLtrs/1997 OCTRW.DOC
2004.09.15 14:50 B C:\AAAAA-MonroeCoSite\OldNewsLtrs\1997\OCTSUR.DOC --> helloworldblue.net /MonroeCoOhPeopleandHistory/OldNewsLtrs/1997 OCTSUR.DOC
2004.09.15 14:50 B C:\AAAAA-MonroeCoSite\OldNewsLtrs\1997\OCTTAX.DOC --> helloworldblue.net /MonroeCoOhPeopleandHistory/OldNewsLtrs/1997 OCTTAX.DOC
2004.09.15 14:50 B C:\AAAAA-MonroeCoSite\OldNewsLtrs\1997\ODDSENDS.DOC --> helloworldblue.net /MonroeCoOhPeopleandHistory/OldNewsLtrs/1997 ODDSENDS.DOC
2004.09.15 14:50 B C:\AAAAA-MonroeCoSite\OldNewsLtrs\1997\PUB.BAK --> helloworldblue.net /MonroeCoOhPeopleandHistory/OldNewsLtrs/1997 PUB.BAK
2004.09.15 14:50 B C:\AAAAA-MonroeCoSite\OldNewsLtrs\1997\PUB.EVP --> helloworldblue.net /MonroeCoOhPeopleandHistory/OldNewsLtrs/1997 PUB.EVP
2004.09.15 14:50 B C:\AAAAA-MonroeCoSite\OldNewsLtrs\1997\STOTSER.DOC --> helloworldblue.net /MonroeCoOhPeopleandHistory/OldNewsLtrs/1997 STOTSER.DOC
2004.09.15 14:50 B C:\AAAAA-MonroeCoSite\OldNewsLtrs\1997\WS_FTP.LOG --> helloworldblue.net /MonroeCoOhPeopleandHistory/OldNewsLtrs/1997 WS_FTP.LOG
2004.10.10 00:53 B C:\AAAAA-MonCoHist_Gen\OldNewsLtrs\1997\JAN1833.DOC --> users.freepages.rootsweb.com /history_html/OldNewsLtrs/1997 JAN1833.DOC
2004.10.10 00:53 B C:\AAAAA-MonCoHist_Gen\OldNewsLtrs\1997\JANABST.DOC --> users.freepages.rootsweb.com /history_html/OldNewsLtrs/1997 JANABST.DOC
2004.10.10 00:53 B C:\AAAAA-MonCoHist_Gen\OldNewsLtrs\1997\JANFED.DOC --> users.freepages.rootsweb.com /history_html/OldNewsLtrs/1997 JANFED.DOC
2004.10.10 00:53 B C:\AAAAA-MonCoHist_Gen\OldNewsLtrs\1997\JANNOTES.DOC --> users.freepages.rootsweb.com /history_html/OldNewsLtrs/1997 JANNOTES.DOC
2004.10.10 00:53 B C:\AAAAA-MonCoHist_Gen\OldNewsLtrs\1997\JANQUER --> users.freepages.rootsweb.com /history_html/OldNewsLtrs/1997 JANQUER
2004.10.10 00:53 B C:\AAAAA-MonCoHist_Gen\OldNewsLtrs\1997\JANQUER.DOC --> users.freepages.rootsweb.com /history_html/OldNewsLtrs/1997 JANQUER.DOC
2004.10.10 00:53 B C:\AAAAA-MonCoHist_Gen\OldNewsLtrs\1997\JANSUR.DOC --> users.freepages.rootsweb.com /history_html/OldNewsLtrs/1997 JANSUR.DOC
2004.10.10 00:53 B C:\AAAAA-MonCoHist_Gen\OldNewsLtrs\1997\JUL1833.DOC --> users.freepages.rootsweb.com /history_html/OldNewsLtrs/1997 JUL1833.DOC
2004.10.10 00:53 B C:\AAAAA-MonCoHist_Gen\OldNewsLtrs\1997\JULFED --> users.freepages.rootsweb.com /history_html/OldNewsLtrs/1997 JULFED
2004.10.10 00:53 B C:\AAAAA-MonCoHist_Gen\OldNewsLtrs\1997\JULFRONT.DOC --> users.freepages.rootsweb.com /history_html/OldNewsLtrs/1997 JULFRONT.DOC
2004.10.10 00:53 B C:\AAAAA-MonCoHist_Gen\OldNewsLtrs\1997\JULNOTES.DOC --> users.freepages.rootsweb.com /history_html/OldNewsLtrs/1997 JULNOTES.DOC
2004.10.10 00:53 B C:\AAAAA-MonCoHist_Gen\OldNewsLtrs\1997\JULPOSEY.DOC --> users.freepages.rootsweb.com /history_html/OldNewsLtrs/1997 JULPOSEY.DOC
2004.10.10 00:53 B C:\AAAAA-MonCoHist_Gen\OldNewsLtrs\1997\JULQUER.DOC --> users.freepages.rootsweb.com /history_html/OldNewsLtrs/1997 JULQUER.DOC
2004.10.10 00:53 B C:\AAAAA-MonCoHist_Gen\OldNewsLtrs\1997\JULRW.DOC --> users.freepages.rootsweb.com /history_html/OldNewsLtrs/1997 JULRW.DOC
2004.10.10 00:53 B C:\AAAAA-MonCoHist_Gen\OldNewsLtrs\1997\JULSUR.DOC --> users.freepages.rootsweb.com /history_html/OldNewsLtrs/1997 JULSUR.DOC
2004.10.10 00:53 B C:\AAAAA-MonCoHist_Gen\OldNewsLtrs\1997\OCTCONF.DOC --> users.freepages.rootsweb.com /history_html/OldNewsLtrs/1997 OCTCONF.DOC
2004.10.10 00:53 B C:\AAAAA-MonCoHist_Gen\OldNewsLtrs\1997\OCTEND.DOC --> users.freepages.rootsweb.com /history_html/OldNewsLtrs/1997 OCTEND.DOC
2004.10.10 00:53 B C:\AAAAA-MonCoHist_Gen\OldNewsLtrs\1997\OCTFED.DOC --> users.freepages.rootsweb.com /history_html/OldNewsLtrs/1997 OCTFED.DOC
2004.10.10 00:53 B C:\AAAAA-MonCoHist_Gen\OldNewsLtrs\1997\OCTOBIT.DOC --> users.freepages.rootsweb.com /history_html/OldNewsLtrs/1997 OCTOBIT.DOC
2004.10.10 00:53 B C:\AAAAA-MonCoHist_Gen\OldNewsLtrs\1997\OCTPOSEY.DOC --> users.freepages.rootsweb.com /history_html/OldNewsLtrs/1997 OCTPOSEY.DOC
2004.10.10 00:53 B C:\AAAAA-MonCoHist_Gen\OldNewsLtrs\1997\OCTQUER.DOC --> users.freepages.rootsweb.com /history_html/OldNewsLtrs/1997 OCTQUER.DOC
2004.10.10 00:53 B C:\AAAAA-MonCoHist_Gen\OldNewsLtrs\1997\OCTRW.DOC --> users.freepages.rootsweb.com /history_html/OldNewsLtrs/1997 OCTRW.DOC
2004.10.10 00:53 B C:\AAAAA-MonCoHist_Gen\OldNewsLtrs\1997\OCTSUR.DOC --> users.freepages.rootsweb.com /history_html/OldNewsLtrs/1997 OCTSUR.DOC
2004.10.10 00:53 B C:\AAAAA-MonCoHist_Gen\OldNewsLtrs\1997\OCTTAX.DOC --> users.freepages.rootsweb.com /history_html/OldNewsLtrs/1997 OCTTAX.DOC
2004.10.10 00:53 B C:\AAAAA-MonCoHist_Gen\OldNewsLtrs\1997\ODDSENDS.DOC --> users.freepages.rootsweb.com /history_html/OldNewsLtrs/1997 ODDSENDS.DOC
2004.10.10 00:53 B C:\AAAAA-MonCoHist_Gen\OldNewsLtrs\1997\PUB.BAK --> users.freepages.rootsweb.com /history_html/OldNewsLtrs/1997 PUB.BAK
2004.10.10 00:53 B C:\AAAAA-MonCoHist_Gen\OldNewsLtrs\1997\PUB.EVP --> users.freepages.rootsweb.com /history_html/OldNewsLtrs/1997 PUB.EVP
2004.10.10 00:53 B C:\AAAAA-MonCoHist_Gen\OldNewsLtrs\1997\STOTSER.DOC --> users.freepages.rootsweb.com /history_html/OldNewsLtrs/1997 STOTSER.DOC
