2003.02.11 15:51 B C:\AAAAA-MonroeCoSite\JuliaAnnWhitacre_files\filelist.xml --> users.rootsweb.com /home0023/ohmccogs/public_html/JuliaAnnWhitacre_files filelist.xml
2003.02.11 15:51 B C:\AAAAA-MonroeCoSite\JuliaAnnWhitacre_files\image001.jpg --> users.rootsweb.com /home0023/ohmccogs/public_html/JuliaAnnWhitacre_files image001.jpg
2003.02.11 15:51 B C:\AAAAA-MonroeCoSite\JuliaAnnWhitacre_files\image002.jpg --> users.rootsweb.com /home0023/ohmccogs/public_html/JuliaAnnWhitacre_files image002.jpg
2003.02.12 01:19 B C:\AAAAA-MonroeCoSite\JuliaAnnWhitacre_files\filelist.xml --> users.rootsweb.com /home0023/ohmccogs/public_html/JuliaAnnWhitacre_files filelist.xml
2003.02.12 01:19 B C:\AAAAA-MonroeCoSite\JuliaAnnWhitacre_files\image001.jpg --> users.rootsweb.com /home0023/ohmccogs/public_html/JuliaAnnWhitacre_files image001.jpg
2003.02.12 01:19 B C:\AAAAA-MonroeCoSite\JuliaAnnWhitacre_files\image002.jpg --> users.rootsweb.com /home0023/ohmccogs/public_html/JuliaAnnWhitacre_files image002.jpg
2003.02.12 01:19 B C:\AAAAA-MonroeCoSite\JuliaAnnWhitacre_files\WS_FTP.LOG --> users.rootsweb.com /home0023/ohmccogs/public_html/JuliaAnnWhitacre_files WS_FTP.LOG
2003.03.05 20:10 B C:\AAAAA-MonroeCoSite\JuliaAnnWhitacre_files\filelist.xml --> users.rootsweb.com /home0023/ohmccogs/public_html/JuliaAnnWhitacre_files filelist.xml
2003.03.05 20:10 B C:\AAAAA-MonroeCoSite\JuliaAnnWhitacre_files\image001.jpg --> users.rootsweb.com /home0023/ohmccogs/public_html/JuliaAnnWhitacre_files image001.jpg
2003.03.05 20:10 B C:\AAAAA-MonroeCoSite\JuliaAnnWhitacre_files\image002.jpg --> users.rootsweb.com /home0023/ohmccogs/public_html/JuliaAnnWhitacre_files image002.jpg
2003.03.05 20:10 B C:\AAAAA-MonroeCoSite\JuliaAnnWhitacre_files\WS_FTP.LOG --> users.rootsweb.com /home0023/ohmccogs/public_html/JuliaAnnWhitacre_files WS_FTP.LOG
2003.03.19 21:54 B C:\AAAAA-MonroeCoSite\JuliaAnnWhitacre_files\filelist.xml --> helloworldblue.net /web/MCCofOGS/JuliaAnnWhitacre_files filelist.xml
2003.03.19 21:55 B C:\AAAAA-MonroeCoSite\JuliaAnnWhitacre_files\image001.jpg --> helloworldblue.net /web/MCCofOGS/JuliaAnnWhitacre_files image001.jpg
2003.03.19 21:55 B C:\AAAAA-MonroeCoSite\JuliaAnnWhitacre_files\image002.jpg --> helloworldblue.net /web/MCCofOGS/JuliaAnnWhitacre_files image002.jpg
2003.03.19 21:55 B C:\AAAAA-MonroeCoSite\JuliaAnnWhitacre_files\WS_FTP.LOG --> helloworldblue.net /web/MCCofOGS/JuliaAnnWhitacre_files WS_FTP.LOG
2004.09.15 14:39 B C:\AAAAA-MonroeCoSite\JuliaAnnWhitacre_files\filelist.xml --> helloworldblue.net /MonroeCoOhPeopleandHistory/JuliaAnnWhitacre_files filelist.xml
2004.09.15 14:39 B C:\AAAAA-MonroeCoSite\JuliaAnnWhitacre_files\image001.jpg --> helloworldblue.net /MonroeCoOhPeopleandHistory/JuliaAnnWhitacre_files image001.jpg
2004.09.15 14:39 B C:\AAAAA-MonroeCoSite\JuliaAnnWhitacre_files\image002.jpg --> helloworldblue.net /MonroeCoOhPeopleandHistory/JuliaAnnWhitacre_files image002.jpg
2004.09.15 14:39 B C:\AAAAA-MonroeCoSite\JuliaAnnWhitacre_files\WS_FTP.LOG --> helloworldblue.net /MonroeCoOhPeopleandHistory/JuliaAnnWhitacre_files WS_FTP.LOG
2004.10.10 00:20 B C:\AAAAA-MonCoHist_Gen\JuliaAnnWhitacre_files\filelist.xml --> users.freepages.rootsweb.com /history_html/JuliaAnnWhitacre_files filelist.xml
2004.10.10 00:20 B C:\AAAAA-MonCoHist_Gen\JuliaAnnWhitacre_files\image001.jpg --> users.freepages.rootsweb.com /history_html/JuliaAnnWhitacre_files image001.jpg
2004.10.10 00:20 B C:\AAAAA-MonCoHist_Gen\JuliaAnnWhitacre_files\image002.jpg --> users.freepages.rootsweb.com /history_html/JuliaAnnWhitacre_files image002.jpg
