2003.03.05 16:18 B C:\AAAAA-MonroeCoSite\bridgeswazy_files\AAAAA-MonroeCoSite --> users.rootsweb.com /home0023/ohmccogs/public_html/bridgeswazy_files AAAAA-MonroeCoSite
2003.03.05 16:18 B C:\AAAAA-MonroeCoSite\bridgeswazy_files\filelist.xml --> users.rootsweb.com /home0023/ohmccogs/public_html/bridgeswazy_files filelist.xml
2003.03.05 16:18 B C:\AAAAA-MonroeCoSite\bridgeswazy_files\image001.jpg --> users.rootsweb.com /home0023/ohmccogs/public_html/bridgeswazy_files image001.jpg
2003.03.05 16:18 B C:\AAAAA-MonroeCoSite\bridgeswazy_files\image002.jpg --> users.rootsweb.com /home0023/ohmccogs/public_html/bridgeswazy_files image002.jpg
2003.03.19 22:50 B C:\AAAAA-MonroeCoSite_Overflow\bridgeswazy_files\AAAAA-MonroeCoSite --> helloworldblue.net /web/MCCofOGS/bridgeswazy_files AAAAA-MonroeCoSite
2003.03.19 22:50 B C:\AAAAA-MonroeCoSite_Overflow\bridgeswazy_files\filelist.xml --> helloworldblue.net /web/MCCofOGS/bridgeswazy_files filelist.xml
2003.03.19 22:50 B C:\AAAAA-MonroeCoSite_Overflow\bridgeswazy_files\image001.jpg --> helloworldblue.net /web/MCCofOGS/bridgeswazy_files image001.jpg
2003.03.19 22:50 B C:\AAAAA-MonroeCoSite_Overflow\bridgeswazy_files\image002.jpg --> helloworldblue.net /web/MCCofOGS/bridgeswazy_files image002.jpg
2003.03.19 22:50 B C:\AAAAA-MonroeCoSite_Overflow\bridgeswazy_files\Thumbs.db --> helloworldblue.net /web/MCCofOGS/bridgeswazy_files Thumbs.db
2003.03.19 22:50 B C:\AAAAA-MonroeCoSite_Overflow\bridgeswazy_files\WS_FTP.LOG --> helloworldblue.net /web/MCCofOGS/bridgeswazy_files WS_FTP.LOG
2004.09.15 16:20 B C:\AAAAA-MonroeCoSite\bridgeswazy_files\AAAAA-MonroeCoSite --> helloworldblue.net /bridgeswazy_files AAAAA-MonroeCoSite
2004.09.15 16:20 B C:\AAAAA-MonroeCoSite\bridgeswazy_files\filelist.xml --> helloworldblue.net /bridgeswazy_files filelist.xml
2004.09.15 16:20 B C:\AAAAA-MonroeCoSite\bridgeswazy_files\image001.jpg --> helloworldblue.net /bridgeswazy_files image001.jpg
2004.09.15 16:20 B C:\AAAAA-MonroeCoSite\bridgeswazy_files\image002.jpg --> helloworldblue.net /bridgeswazy_files image002.jpg
2004.09.15 16:20 B C:\AAAAA-MonroeCoSite\bridgeswazy_files\Thumbs.db --> helloworldblue.net /bridgeswazy_files Thumbs.db
2004.09.15 16:20 B C:\AAAAA-MonroeCoSite\bridgeswazy_files\WS_FTP.LOG --> helloworldblue.net /bridgeswazy_files WS_FTP.LOG
2004.09.16 01:18 A C:\AAAAA-MonroeCoSite\bridgeswazy_files\AAAAA-MonroeCoSite --> helloworldblue.net /MonroeCoOhPeopleandHistory/bridgeswazy_files AAAAA-MonroeCoSite
2004.09.16 01:18 A C:\AAAAA-MonroeCoSite\bridgeswazy_files\filelist.xml --> helloworldblue.net /MonroeCoOhPeopleandHistory/bridgeswazy_files filelist.xml
2004.09.16 01:18 A C:\AAAAA-MonroeCoSite\bridgeswazy_files\image001.jpg --> helloworldblue.net /MonroeCoOhPeopleandHistory/bridgeswazy_files image001.jpg
2004.09.16 01:18 A C:\AAAAA-MonroeCoSite\bridgeswazy_files\image002.jpg --> helloworldblue.net /MonroeCoOhPeopleandHistory/bridgeswazy_files image002.jpg
2004.09.16 01:18 A C:\AAAAA-MonroeCoSite\bridgeswazy_files\Thumbs.db --> helloworldblue.net /MonroeCoOhPeopleandHistory/bridgeswazy_files Thumbs.db
2004.09.16 01:18 A C:\AAAAA-MonroeCoSite\bridgeswazy_files\WS_FTP.LOG --> helloworldblue.net /MonroeCoOhPeopleandHistory/bridgeswazy_files WS_FTP.LOG
2004.10.09 23:35 B C:\AAAAA-MonCoHist_Gen\bridgeswazy_files\AAAAA-MonroeCoSite --> users.freepages.rootsweb.com /history_html/bridgeswazy_files AAAAA-MonroeCoSite
2004.10.09 23:35 B C:\AAAAA-MonCoHist_Gen\bridgeswazy_files\filelist.xml --> users.freepages.rootsweb.com /history_html/bridgeswazy_files filelist.xml
2004.10.09 23:35 B C:\AAAAA-MonCoHist_Gen\bridgeswazy_files\image001.jpg --> users.freepages.rootsweb.com /history_html/bridgeswazy_files image001.jpg
2004.10.09 23:35 B C:\AAAAA-MonCoHist_Gen\bridgeswazy_files\image002.jpg --> users.freepages.rootsweb.com /history_html/bridgeswazy_files image002.jpg
2004.10.09 23:35 B C:\AAAAA-MonCoHist_Gen\bridgeswazy_files\Thumbs.db --> users.freepages.rootsweb.com /history_html/bridgeswazy_files Thumbs.db
