2003.03.19 22:12 B C:\AAAAA-MonroeCoSite\OldNewsLtrs\1994\1STFAM.DOC --> helloworldblue.net /web/MCCofOGS/OldNewsLtrs/1994 1STFAM.DOC
2003.03.19 22:12 B C:\AAAAA-MonroeCoSite\OldNewsLtrs\1994\1STPAGE.DOC --> helloworldblue.net /web/MCCofOGS/OldNewsLtrs/1994 1STPAGE.DOC
2003.03.19 22:12 B C:\AAAAA-MonroeCoSite\OldNewsLtrs\1994\ABSTRACT.DOC --> helloworldblue.net /web/MCCofOGS/OldNewsLtrs/1994 ABSTRACT.DOC
2003.03.19 22:12 B C:\AAAAA-MonroeCoSite\OldNewsLtrs\1994\ADDRESS.DOC --> helloworldblue.net /web/MCCofOGS/OldNewsLtrs/1994 ADDRESS.DOC
2003.03.19 22:12 B C:\AAAAA-MonroeCoSite\OldNewsLtrs\1994\APRBIRTH.DOC --> helloworldblue.net /web/MCCofOGS/OldNewsLtrs/1994 APRBIRTH.DOC
2003.03.19 22:12 B C:\AAAAA-MonroeCoSite\OldNewsLtrs\1994\APRDEATH.DOC --> helloworldblue.net /web/MCCofOGS/OldNewsLtrs/1994 APRDEATH.DOC
2003.03.19 22:12 B C:\AAAAA-MonroeCoSite\OldNewsLtrs\1994\APRFRONT.DOC --> helloworldblue.net /web/MCCofOGS/OldNewsLtrs/1994 APRFRONT.DOC
2003.03.19 22:12 B C:\AAAAA-MonroeCoSite\OldNewsLtrs\1994\APRNOTE.DOC --> helloworldblue.net /web/MCCofOGS/OldNewsLtrs/1994 APRNOTE.DOC
2003.03.19 22:12 B C:\AAAAA-MonroeCoSite\OldNewsLtrs\1994\APRQUER.DOC --> helloworldblue.net /web/MCCofOGS/OldNewsLtrs/1994 APRQUER.DOC
2003.03.19 22:12 B C:\AAAAA-MonroeCoSite\OldNewsLtrs\1994\APRSUR.DOC --> helloworldblue.net /web/MCCofOGS/OldNewsLtrs/1994 APRSUR.DOC
2003.03.19 22:12 B C:\AAAAA-MonroeCoSite\OldNewsLtrs\1994\AWARD.DOC --> helloworldblue.net /web/MCCofOGS/OldNewsLtrs/1994 AWARD.DOC
2003.03.19 22:12 B C:\AAAAA-MonroeCoSite\OldNewsLtrs\1994\BANQUET.DOC --> helloworldblue.net /web/MCCofOGS/OldNewsLtrs/1994 BANQUET.DOC
2003.03.19 22:12 B C:\AAAAA-MonroeCoSite\OldNewsLtrs\1994\BATES.DOC --> helloworldblue.net /web/MCCofOGS/OldNewsLtrs/1994 BATES.DOC
2003.03.19 22:12 B C:\AAAAA-MonroeCoSite\OldNewsLtrs\1994\BRACKEN.DOC --> helloworldblue.net /web/MCCofOGS/OldNewsLtrs/1994 BRACKEN.DOC
2003.03.19 22:12 B C:\AAAAA-MonroeCoSite\OldNewsLtrs\1994\BROCH.BAK --> helloworldblue.net /web/MCCofOGS/OldNewsLtrs/1994 BROCH.BAK
2003.03.19 22:12 B C:\AAAAA-MonroeCoSite\OldNewsLtrs\1994\BROCH.EVP --> helloworldblue.net /web/MCCofOGS/OldNewsLtrs/1994 BROCH.EVP
2003.03.19 22:12 B C:\AAAAA-MonroeCoSite\OldNewsLtrs\1994\BROCHURE.EVP --> helloworldblue.net /web/MCCofOGS/OldNewsLtrs/1994 BROCHURE.EVP
2003.03.19 22:12 B C:\AAAAA-MonroeCoSite\OldNewsLtrs\1994\CONGER.DOC --> helloworldblue.net /web/MCCofOGS/OldNewsLtrs/1994 CONGER.DOC
2003.03.19 22:12 B C:\AAAAA-MonroeCoSite\OldNewsLtrs\1994\CONLEY.DOC --> helloworldblue.net /web/MCCofOGS/OldNewsLtrs/1994 CONLEY.DOC
2003.03.19 22:12 B C:\AAAAA-MonroeCoSite\OldNewsLtrs\1994\COOKBOOK.DOC --> helloworldblue.net /web/MCCofOGS/OldNewsLtrs/1994 COOKBOOK.DOC
2003.03.19 22:12 B C:\AAAAA-MonroeCoSite\OldNewsLtrs\1994\CWJAN.DOC --> helloworldblue.net /web/MCCofOGS/OldNewsLtrs/1994 CWJAN.DOC
2003.03.19 22:12 B C:\AAAAA-MonroeCoSite\OldNewsLtrs\1994\DENBOW.DOC --> helloworldblue.net /web/MCCofOGS/OldNewsLtrs/1994 DENBOW.DOC
2003.03.19 22:12 B C:\AAAAA-MonroeCoSite\OldNewsLtrs\1994\DOUGHETY.DOC --> helloworldblue.net /web/MCCofOGS/OldNewsLtrs/1994 DOUGHETY.DOC
2003.03.19 22:12 B C:\AAAAA-MonroeCoSite\OldNewsLtrs\1994\ERELWINE.DOC --> helloworldblue.net /web/MCCofOGS/OldNewsLtrs/1994 ERELWINE.DOC
2003.03.19 22:12 B C:\AAAAA-MonroeCoSite\OldNewsLtrs\1994\EVENTS --> helloworldblue.net /web/MCCofOGS/OldNewsLtrs/1994 EVENTS
2003.03.19 22:12 B C:\AAAAA-MonroeCoSite\OldNewsLtrs\1994\FEDTRIBU --> helloworldblue.net /web/MCCofOGS/OldNewsLtrs/1994 FEDTRIBU
2003.03.19 22:12 B C:\AAAAA-MonroeCoSite\OldNewsLtrs\1994\FF --> helloworldblue.net /web/MCCofOGS/OldNewsLtrs/1994 FF
2003.03.19 22:12 B C:\AAAAA-MonroeCoSite\OldNewsLtrs\1994\FIRSTFAM.DOC --> helloworldblue.net /web/MCCofOGS/OldNewsLtrs/1994 FIRSTFAM.DOC
2003.03.19 22:12 B C:\AAAAA-MonroeCoSite\OldNewsLtrs\1994\FRONT.EVP --> helloworldblue.net /web/MCCofOGS/OldNewsLtrs/1994 FRONT.EVP
2003.03.19 22:12 B C:\AAAAA-MonroeCoSite\OldNewsLtrs\1994\HEADLEY.DOC --> helloworldblue.net /web/MCCofOGS/OldNewsLtrs/1994 HEADLEY.DOC
2003.03.19 22:12 B C:\AAAAA-MonroeCoSite\OldNewsLtrs\1994\JAN94.DOC --> helloworldblue.net /web/MCCofOGS/OldNewsLtrs/1994 JAN94.DOC
2003.03.19 22:12 B C:\AAAAA-MonroeCoSite\OldNewsLtrs\1994\JANBIRTH.DOC --> helloworldblue.net /web/MCCofOGS/OldNewsLtrs/1994 JANBIRTH.DOC
2003.03.19 22:12 B C:\AAAAA-MonroeCoSite\OldNewsLtrs\1994\JANDEATH.DOC --> helloworldblue.net /web/MCCofOGS/OldNewsLtrs/1994 JANDEATH.DOC
2003.03.19 22:12 B C:\AAAAA-MonroeCoSite\OldNewsLtrs\1994\JANFRONT.DOC --> helloworldblue.net /web/MCCofOGS/OldNewsLtrs/1994 JANFRONT.DOC
2003.03.19 22:12 B C:\AAAAA-MonroeCoSite\OldNewsLtrs\1994\JANLIB.DOC --> helloworldblue.net /web/MCCofOGS/OldNewsLtrs/1994 JANLIB.DOC
2003.03.19 22:12 B C:\AAAAA-MonroeCoSite\OldNewsLtrs\1994\JANSUR.DOC --> helloworldblue.net /web/MCCofOGS/OldNewsLtrs/1994 JANSUR.DOC
2003.03.19 22:12 B C:\AAAAA-MonroeCoSite\OldNewsLtrs\1994\JULBIRTH.DOC --> helloworldblue.net /web/MCCofOGS/OldNewsLtrs/1994 JULBIRTH.DOC
2003.03.19 22:12 B C:\AAAAA-MonroeCoSite\OldNewsLtrs\1994\JULDEATH.DOC --> helloworldblue.net /web/MCCofOGS/OldNewsLtrs/1994 JULDEATH.DOC
2003.03.19 22:12 B C:\AAAAA-MonroeCoSite\OldNewsLtrs\1994\JULNOTE.DOC --> helloworldblue.net /web/MCCofOGS/OldNewsLtrs/1994 JULNOTE.DOC
2003.03.19 22:12 B C:\AAAAA-MonroeCoSite\OldNewsLtrs\1994\JULNOTES.DOC --> helloworldblue.net /web/MCCofOGS/OldNewsLtrs/1994 JULNOTES.DOC
2003.03.19 22:12 B C:\AAAAA-MonroeCoSite\OldNewsLtrs\1994\JULQUER.DOC --> helloworldblue.net /web/MCCofOGS/OldNewsLtrs/1994 JULQUER.DOC
2003.03.19 22:12 B C:\AAAAA-MonroeCoSite\OldNewsLtrs\1994\JULSUR.DOC --> helloworldblue.net /web/MCCofOGS/OldNewsLtrs/1994 JULSUR.DOC
2003.03.19 22:12 B C:\AAAAA-MonroeCoSite\OldNewsLtrs\1994\LETTERS --> helloworldblue.net /web/MCCofOGS/OldNewsLtrs/1994 LETTERS
2003.03.19 22:12 B C:\AAAAA-MonroeCoSite\OldNewsLtrs\1994\MAYES.DOC --> helloworldblue.net /web/MCCofOGS/OldNewsLtrs/1994 MAYES.DOC
2003.03.19 22:12 B C:\AAAAA-MonroeCoSite\OldNewsLtrs\1994\MCELFRSH.DOC --> helloworldblue.net /web/MCCofOGS/OldNewsLtrs/1994 MCELFRSH.DOC
2003.03.19 22:12 B C:\AAAAA-MonroeCoSite\OldNewsLtrs\1994\MNRVISIT.DOC --> helloworldblue.net /web/MCCofOGS/OldNewsLtrs/1994 MNRVISIT.DOC
2003.03.19 22:12 B C:\AAAAA-MonroeCoSite\OldNewsLtrs\1994\MORMAR.DOC --> helloworldblue.net /web/MCCofOGS/OldNewsLtrs/1994 MORMAR.DOC
2003.03.19 22:12 B C:\AAAAA-MonroeCoSite\OldNewsLtrs\1994\MORRISLE --> helloworldblue.net /web/MCCofOGS/OldNewsLtrs/1994 MORRISLE
2003.03.19 22:12 B C:\AAAAA-MonroeCoSite\OldNewsLtrs\1994\OBIT.DOC --> helloworldblue.net /web/MCCofOGS/OldNewsLtrs/1994 OBIT.DOC
2003.03.19 22:12 B C:\AAAAA-MonroeCoSite\OldNewsLtrs\1994\OCTBIRTH.DOC --> helloworldblue.net /web/MCCofOGS/OldNewsLtrs/1994 OCTBIRTH.DOC
2003.03.19 22:12 B C:\AAAAA-MonroeCoSite\OldNewsLtrs\1994\OCTCW.DOC --> helloworldblue.net /web/MCCofOGS/OldNewsLtrs/1994 OCTCW.DOC
2003.03.19 22:12 B C:\AAAAA-MonroeCoSite\OldNewsLtrs\1994\OCTDEATH.DOC --> helloworldblue.net /web/MCCofOGS/OldNewsLtrs/1994 OCTDEATH.DOC
2003.03.19 22:12 B C:\AAAAA-MonroeCoSite\OldNewsLtrs\1994\OCTFRONT.DOC --> helloworldblue.net /web/MCCofOGS/OldNewsLtrs/1994 OCTFRONT.DOC
2003.03.19 22:12 B C:\AAAAA-MonroeCoSite\OldNewsLtrs\1994\OCTNOTES.DOC --> helloworldblue.net /web/MCCofOGS/OldNewsLtrs/1994 OCTNOTES.DOC
2003.03.19 22:12 B C:\AAAAA-MonroeCoSite\OldNewsLtrs\1994\OCTQUER.DOC --> helloworldblue.net /web/MCCofOGS/OldNewsLtrs/1994 OCTQUER.DOC
2003.03.19 22:12 B C:\AAAAA-MonroeCoSite\OldNewsLtrs\1994\OCTSUR.DOC --> helloworldblue.net /web/MCCofOGS/OldNewsLtrs/1994 OCTSUR.DOC
2003.03.19 22:12 B C:\AAAAA-MonroeCoSite\OldNewsLtrs\1994\PAFAM.DOC --> helloworldblue.net /web/MCCofOGS/OldNewsLtrs/1994 PAFAM.DOC
2003.03.19 22:12 B C:\AAAAA-MonroeCoSite\OldNewsLtrs\1994\PAGE2 --> helloworldblue.net /web/MCCofOGS/OldNewsLtrs/1994 PAGE2
2003.03.19 22:12 B C:\AAAAA-MonroeCoSite\OldNewsLtrs\1994\PAHIST.DOC --> helloworldblue.net /web/MCCofOGS/OldNewsLtrs/1994 PAHIST.DOC
2003.03.19 22:12 B C:\AAAAA-MonroeCoSite\OldNewsLtrs\1994\PFS.DIR --> helloworldblue.net /web/MCCofOGS/OldNewsLtrs/1994 PFS.DIR
2003.03.19 22:12 B C:\AAAAA-MonroeCoSite\OldNewsLtrs\1994\PO.DOC --> helloworldblue.net /web/MCCofOGS/OldNewsLtrs/1994 PO.DOC
2003.03.19 22:12 B C:\AAAAA-MonroeCoSite\OldNewsLtrs\1994\POTTSCEM.DOC --> helloworldblue.net /web/MCCofOGS/OldNewsLtrs/1994 POTTSCEM.DOC
2003.03.19 22:12 B C:\AAAAA-MonroeCoSite\OldNewsLtrs\1994\PROGRAM.DOC --> helloworldblue.net /web/MCCofOGS/OldNewsLtrs/1994 PROGRAM.DOC
2003.03.19 22:12 B C:\AAAAA-MonroeCoSite\OldNewsLtrs\1994\QUERJAN.DOC --> helloworldblue.net /web/MCCofOGS/OldNewsLtrs/1994 QUERJAN.DOC
2003.03.19 22:12 B C:\AAAAA-MonroeCoSite\OldNewsLtrs\1994\REVWAR.DOC --> helloworldblue.net /web/MCCofOGS/OldNewsLtrs/1994 REVWAR.DOC
2003.03.19 22:12 B C:\AAAAA-MonroeCoSite\OldNewsLtrs\1994\SALE.BAK --> helloworldblue.net /web/MCCofOGS/OldNewsLtrs/1994 SALE.BAK
2003.03.19 22:13 B C:\AAAAA-MonroeCoSite\OldNewsLtrs\1994\SALE.EVP --> helloworldblue.net /web/MCCofOGS/OldNewsLtrs/1994 SALE.EVP
2003.03.19 22:13 B C:\AAAAA-MonroeCoSite\OldNewsLtrs\1994\SCOTTCEM.DOC --> helloworldblue.net /web/MCCofOGS/OldNewsLtrs/1994 SCOTTCEM.DOC
2003.03.19 22:13 B C:\AAAAA-MonroeCoSite\OldNewsLtrs\1994\TAX1833.DOC --> helloworldblue.net /web/MCCofOGS/OldNewsLtrs/1994 TAX1833.DOC
2003.03.19 22:13 B C:\AAAAA-MonroeCoSite\OldNewsLtrs\1994\YOHO.DOC --> helloworldblue.net /web/MCCofOGS/OldNewsLtrs/1994 YOHO.DOC
2004.09.15 14:48 B C:\AAAAA-MonroeCoSite\OldNewsLtrs\1994\1STFAM.DOC --> helloworldblue.net /MonroeCoOhPeopleandHistory/OldNewsLtrs/1994 1STFAM.DOC
2004.09.15 14:48 B C:\AAAAA-MonroeCoSite\OldNewsLtrs\1994\1STPAGE.DOC --> helloworldblue.net /MonroeCoOhPeopleandHistory/OldNewsLtrs/1994 1STPAGE.DOC
2004.09.15 14:48 B C:\AAAAA-MonroeCoSite\OldNewsLtrs\1994\ABSTRACT.DOC --> helloworldblue.net /MonroeCoOhPeopleandHistory/OldNewsLtrs/1994 ABSTRACT.DOC
2004.09.15 14:48 B C:\AAAAA-MonroeCoSite\OldNewsLtrs\1994\ADDRESS.DOC --> helloworldblue.net /MonroeCoOhPeopleandHistory/OldNewsLtrs/1994 ADDRESS.DOC
2004.09.15 14:48 B C:\AAAAA-MonroeCoSite\OldNewsLtrs\1994\APRBIRTH.DOC --> helloworldblue.net /MonroeCoOhPeopleandHistory/OldNewsLtrs/1994 APRBIRTH.DOC
2004.09.15 14:48 B C:\AAAAA-MonroeCoSite\OldNewsLtrs\1994\APRDEATH.DOC --> helloworldblue.net /MonroeCoOhPeopleandHistory/OldNewsLtrs/1994 APRDEATH.DOC
2004.09.15 14:48 B C:\AAAAA-MonroeCoSite\OldNewsLtrs\1994\APRFRONT.DOC --> helloworldblue.net /MonroeCoOhPeopleandHistory/OldNewsLtrs/1994 APRFRONT.DOC
2004.09.15 14:48 B C:\AAAAA-MonroeCoSite\OldNewsLtrs\1994\APRNOTE.DOC --> helloworldblue.net /MonroeCoOhPeopleandHistory/OldNewsLtrs/1994 APRNOTE.DOC
2004.09.15 14:48 B C:\AAAAA-MonroeCoSite\OldNewsLtrs\1994\APRQUER.DOC --> helloworldblue.net /MonroeCoOhPeopleandHistory/OldNewsLtrs/1994 APRQUER.DOC
2004.09.15 14:48 B C:\AAAAA-MonroeCoSite\OldNewsLtrs\1994\APRSUR.DOC --> helloworldblue.net /MonroeCoOhPeopleandHistory/OldNewsLtrs/1994 APRSUR.DOC
2004.09.15 14:48 B C:\AAAAA-MonroeCoSite\OldNewsLtrs\1994\AWARD.DOC --> helloworldblue.net /MonroeCoOhPeopleandHistory/OldNewsLtrs/1994 AWARD.DOC
2004.09.15 14:48 B C:\AAAAA-MonroeCoSite\OldNewsLtrs\1994\BANQUET.DOC --> helloworldblue.net /MonroeCoOhPeopleandHistory/OldNewsLtrs/1994 BANQUET.DOC
2004.09.15 14:48 B C:\AAAAA-MonroeCoSite\OldNewsLtrs\1994\BATES.DOC --> helloworldblue.net /MonroeCoOhPeopleandHistory/OldNewsLtrs/1994 BATES.DOC
2004.09.15 14:48 B C:\AAAAA-MonroeCoSite\OldNewsLtrs\1994\BRACKEN.DOC --> helloworldblue.net /MonroeCoOhPeopleandHistory/OldNewsLtrs/1994 BRACKEN.DOC
2004.09.15 14:48 B C:\AAAAA-MonroeCoSite\OldNewsLtrs\1994\BROCH.BAK --> helloworldblue.net /MonroeCoOhPeopleandHistory/OldNewsLtrs/1994 BROCH.BAK
2004.09.15 14:48 B C:\AAAAA-MonroeCoSite\OldNewsLtrs\1994\BROCH.EVP --> helloworldblue.net /MonroeCoOhPeopleandHistory/OldNewsLtrs/1994 BROCH.EVP
2004.09.15 14:48 B C:\AAAAA-MonroeCoSite\OldNewsLtrs\1994\BROCHURE.EVP --> helloworldblue.net /MonroeCoOhPeopleandHistory/OldNewsLtrs/1994 BROCHURE.EVP
2004.09.15 14:48 B C:\AAAAA-MonroeCoSite\OldNewsLtrs\1994\CONGER.DOC --> helloworldblue.net /MonroeCoOhPeopleandHistory/OldNewsLtrs/1994 CONGER.DOC
2004.09.15 14:48 B C:\AAAAA-MonroeCoSite\OldNewsLtrs\1994\CONLEY.DOC --> helloworldblue.net /MonroeCoOhPeopleandHistory/OldNewsLtrs/1994 CONLEY.DOC
2004.09.15 14:48 B C:\AAAAA-MonroeCoSite\OldNewsLtrs\1994\COOKBOOK.DOC --> helloworldblue.net /MonroeCoOhPeopleandHistory/OldNewsLtrs/1994 COOKBOOK.DOC
2004.09.15 14:48 B C:\AAAAA-MonroeCoSite\OldNewsLtrs\1994\CWJAN.DOC --> helloworldblue.net /MonroeCoOhPeopleandHistory/OldNewsLtrs/1994 CWJAN.DOC
2004.09.15 14:48 B C:\AAAAA-MonroeCoSite\OldNewsLtrs\1994\DENBOW.DOC --> helloworldblue.net /MonroeCoOhPeopleandHistory/OldNewsLtrs/1994 DENBOW.DOC
2004.09.15 14:48 B C:\AAAAA-MonroeCoSite\OldNewsLtrs\1994\DOUGHETY.DOC --> helloworldblue.net /MonroeCoOhPeopleandHistory/OldNewsLtrs/1994 DOUGHETY.DOC
2004.09.15 14:48 B C:\AAAAA-MonroeCoSite\OldNewsLtrs\1994\ERELWINE.DOC --> helloworldblue.net /MonroeCoOhPeopleandHistory/OldNewsLtrs/1994 ERELWINE.DOC
2004.09.15 14:48 B C:\AAAAA-MonroeCoSite\OldNewsLtrs\1994\EVENTS --> helloworldblue.net /MonroeCoOhPeopleandHistory/OldNewsLtrs/1994 EVENTS
2004.09.15 14:48 B C:\AAAAA-MonroeCoSite\OldNewsLtrs\1994\FEDTRIBU --> helloworldblue.net /MonroeCoOhPeopleandHistory/OldNewsLtrs/1994 FEDTRIBU
2004.09.15 14:48 B C:\AAAAA-MonroeCoSite\OldNewsLtrs\1994\FF --> helloworldblue.net /MonroeCoOhPeopleandHistory/OldNewsLtrs/1994 FF
2004.09.15 14:48 B C:\AAAAA-MonroeCoSite\OldNewsLtrs\1994\FIRSTFAM.DOC --> helloworldblue.net /MonroeCoOhPeopleandHistory/OldNewsLtrs/1994 FIRSTFAM.DOC
2004.09.15 14:48 B C:\AAAAA-MonroeCoSite\OldNewsLtrs\1994\FRONT.EVP --> helloworldblue.net /MonroeCoOhPeopleandHistory/OldNewsLtrs/1994 FRONT.EVP
2004.09.15 14:48 B C:\AAAAA-MonroeCoSite\OldNewsLtrs\1994\HEADLEY.DOC --> helloworldblue.net /MonroeCoOhPeopleandHistory/OldNewsLtrs/1994 HEADLEY.DOC
2004.09.15 14:48 B C:\AAAAA-MonroeCoSite\OldNewsLtrs\1994\JAN94.DOC --> helloworldblue.net /MonroeCoOhPeopleandHistory/OldNewsLtrs/1994 JAN94.DOC
2004.09.15 14:48 B C:\AAAAA-MonroeCoSite\OldNewsLtrs\1994\JANBIRTH.DOC --> helloworldblue.net /MonroeCoOhPeopleandHistory/OldNewsLtrs/1994 JANBIRTH.DOC
2004.09.15 14:48 B C:\AAAAA-MonroeCoSite\OldNewsLtrs\1994\JANDEATH.DOC --> helloworldblue.net /MonroeCoOhPeopleandHistory/OldNewsLtrs/1994 JANDEATH.DOC
2004.09.15 14:48 B C:\AAAAA-MonroeCoSite\OldNewsLtrs\1994\JANFRONT.DOC --> helloworldblue.net /MonroeCoOhPeopleandHistory/OldNewsLtrs/1994 JANFRONT.DOC
2004.09.15 14:48 B C:\AAAAA-MonroeCoSite\OldNewsLtrs\1994\JANLIB.DOC --> helloworldblue.net /MonroeCoOhPeopleandHistory/OldNewsLtrs/1994 JANLIB.DOC
2004.09.15 14:48 B C:\AAAAA-MonroeCoSite\OldNewsLtrs\1994\JANSUR.DOC --> helloworldblue.net /MonroeCoOhPeopleandHistory/OldNewsLtrs/1994 JANSUR.DOC
2004.09.15 14:48 B C:\AAAAA-MonroeCoSite\OldNewsLtrs\1994\JULBIRTH.DOC --> helloworldblue.net /MonroeCoOhPeopleandHistory/OldNewsLtrs/1994 JULBIRTH.DOC
2004.09.15 14:48 B C:\AAAAA-MonroeCoSite\OldNewsLtrs\1994\JULDEATH.DOC --> helloworldblue.net /MonroeCoOhPeopleandHistory/OldNewsLtrs/1994 JULDEATH.DOC
2004.09.15 14:48 B C:\AAAAA-MonroeCoSite\OldNewsLtrs\1994\JULNOTE.DOC --> helloworldblue.net /MonroeCoOhPeopleandHistory/OldNewsLtrs/1994 JULNOTE.DOC
2004.09.15 14:48 B C:\AAAAA-MonroeCoSite\OldNewsLtrs\1994\JULNOTES.DOC --> helloworldblue.net /MonroeCoOhPeopleandHistory/OldNewsLtrs/1994 JULNOTES.DOC
2004.09.15 14:48 B C:\AAAAA-MonroeCoSite\OldNewsLtrs\1994\JULQUER.DOC --> helloworldblue.net /MonroeCoOhPeopleandHistory/OldNewsLtrs/1994 JULQUER.DOC
2004.09.15 14:48 B C:\AAAAA-MonroeCoSite\OldNewsLtrs\1994\JULSUR.DOC --> helloworldblue.net /MonroeCoOhPeopleandHistory/OldNewsLtrs/1994 JULSUR.DOC
2004.09.15 14:48 B C:\AAAAA-MonroeCoSite\OldNewsLtrs\1994\LETTERS --> helloworldblue.net /MonroeCoOhPeopleandHistory/OldNewsLtrs/1994 LETTERS
2004.09.15 14:48 B C:\AAAAA-MonroeCoSite\OldNewsLtrs\1994\MAYES.DOC --> helloworldblue.net /MonroeCoOhPeopleandHistory/OldNewsLtrs/1994 MAYES.DOC
2004.09.15 14:48 B C:\AAAAA-MonroeCoSite\OldNewsLtrs\1994\MCELFRSH.DOC --> helloworldblue.net /MonroeCoOhPeopleandHistory/OldNewsLtrs/1994 MCELFRSH.DOC
2004.09.15 14:48 B C:\AAAAA-MonroeCoSite\OldNewsLtrs\1994\MNRVISIT.DOC --> helloworldblue.net /MonroeCoOhPeopleandHistory/OldNewsLtrs/1994 MNRVISIT.DOC
2004.09.15 14:48 B C:\AAAAA-MonroeCoSite\OldNewsLtrs\1994\MORMAR.DOC --> helloworldblue.net /MonroeCoOhPeopleandHistory/OldNewsLtrs/1994 MORMAR.DOC
2004.09.15 14:48 B C:\AAAAA-MonroeCoSite\OldNewsLtrs\1994\MORRISLE --> helloworldblue.net /MonroeCoOhPeopleandHistory/OldNewsLtrs/1994 MORRISLE
2004.09.15 14:48 B C:\AAAAA-MonroeCoSite\OldNewsLtrs\1994\OBIT.DOC --> helloworldblue.net /MonroeCoOhPeopleandHistory/OldNewsLtrs/1994 OBIT.DOC
2004.09.15 14:48 B C:\AAAAA-MonroeCoSite\OldNewsLtrs\1994\OCTBIRTH.DOC --> helloworldblue.net /MonroeCoOhPeopleandHistory/OldNewsLtrs/1994 OCTBIRTH.DOC
2004.09.15 14:48 B C:\AAAAA-MonroeCoSite\OldNewsLtrs\1994\OCTCW.DOC --> helloworldblue.net /MonroeCoOhPeopleandHistory/OldNewsLtrs/1994 OCTCW.DOC
2004.09.15 14:48 B C:\AAAAA-MonroeCoSite\OldNewsLtrs\1994\OCTDEATH.DOC --> helloworldblue.net /MonroeCoOhPeopleandHistory/OldNewsLtrs/1994 OCTDEATH.DOC
2004.09.15 14:48 B C:\AAAAA-MonroeCoSite\OldNewsLtrs\1994\OCTFRONT.DOC --> helloworldblue.net /MonroeCoOhPeopleandHistory/OldNewsLtrs/1994 OCTFRONT.DOC
2004.09.15 14:48 B C:\AAAAA-MonroeCoSite\OldNewsLtrs\1994\OCTNOTES.DOC --> helloworldblue.net /MonroeCoOhPeopleandHistory/OldNewsLtrs/1994 OCTNOTES.DOC
2004.09.15 14:48 B C:\AAAAA-MonroeCoSite\OldNewsLtrs\1994\OCTQUER.DOC --> helloworldblue.net /MonroeCoOhPeopleandHistory/OldNewsLtrs/1994 OCTQUER.DOC
2004.09.15 14:48 B C:\AAAAA-MonroeCoSite\OldNewsLtrs\1994\OCTSUR.DOC --> helloworldblue.net /MonroeCoOhPeopleandHistory/OldNewsLtrs/1994 OCTSUR.DOC
2004.09.15 14:48 B C:\AAAAA-MonroeCoSite\OldNewsLtrs\1994\PAFAM.DOC --> helloworldblue.net /MonroeCoOhPeopleandHistory/OldNewsLtrs/1994 PAFAM.DOC
2004.09.15 14:48 B C:\AAAAA-MonroeCoSite\OldNewsLtrs\1994\PAGE2 --> helloworldblue.net /MonroeCoOhPeopleandHistory/OldNewsLtrs/1994 PAGE2
2004.09.15 14:48 B C:\AAAAA-MonroeCoSite\OldNewsLtrs\1994\PAHIST.DOC --> helloworldblue.net /MonroeCoOhPeopleandHistory/OldNewsLtrs/1994 PAHIST.DOC
2004.09.15 14:49 B C:\AAAAA-MonroeCoSite\OldNewsLtrs\1994\PFS.DIR --> helloworldblue.net /MonroeCoOhPeopleandHistory/OldNewsLtrs/1994 PFS.DIR
2004.09.15 14:49 B C:\AAAAA-MonroeCoSite\OldNewsLtrs\1994\PO.DOC --> helloworldblue.net /MonroeCoOhPeopleandHistory/OldNewsLtrs/1994 PO.DOC
2004.09.15 14:49 B C:\AAAAA-MonroeCoSite\OldNewsLtrs\1994\POTTSCEM.DOC --> helloworldblue.net /MonroeCoOhPeopleandHistory/OldNewsLtrs/1994 POTTSCEM.DOC
2004.09.15 14:49 B C:\AAAAA-MonroeCoSite\OldNewsLtrs\1994\PROGRAM.DOC --> helloworldblue.net /MonroeCoOhPeopleandHistory/OldNewsLtrs/1994 PROGRAM.DOC
2004.09.15 14:49 B C:\AAAAA-MonroeCoSite\OldNewsLtrs\1994\QUERJAN.DOC --> helloworldblue.net /MonroeCoOhPeopleandHistory/OldNewsLtrs/1994 QUERJAN.DOC
2004.09.15 14:49 B C:\AAAAA-MonroeCoSite\OldNewsLtrs\1994\REVWAR.DOC --> helloworldblue.net /MonroeCoOhPeopleandHistory/OldNewsLtrs/1994 REVWAR.DOC
2004.09.15 14:49 B C:\AAAAA-MonroeCoSite\OldNewsLtrs\1994\SALE.BAK --> helloworldblue.net /MonroeCoOhPeopleandHistory/OldNewsLtrs/1994 SALE.BAK
2004.09.15 14:49 B C:\AAAAA-MonroeCoSite\OldNewsLtrs\1994\SALE.EVP --> helloworldblue.net /MonroeCoOhPeopleandHistory/OldNewsLtrs/1994 SALE.EVP
2004.09.15 14:49 B C:\AAAAA-MonroeCoSite\OldNewsLtrs\1994\SCOTTCEM.DOC --> helloworldblue.net /MonroeCoOhPeopleandHistory/OldNewsLtrs/1994 SCOTTCEM.DOC
2004.09.15 14:49 B C:\AAAAA-MonroeCoSite\OldNewsLtrs\1994\TAX1833.DOC --> helloworldblue.net /MonroeCoOhPeopleandHistory/OldNewsLtrs/1994 TAX1833.DOC
2004.09.15 14:49 B C:\AAAAA-MonroeCoSite\OldNewsLtrs\1994\WS_FTP.LOG --> helloworldblue.net /MonroeCoOhPeopleandHistory/OldNewsLtrs/1994 WS_FTP.LOG
2004.09.15 14:49 B C:\AAAAA-MonroeCoSite\OldNewsLtrs\1994\YOHO.DOC --> helloworldblue.net /MonroeCoOhPeopleandHistory/OldNewsLtrs/1994 YOHO.DOC
2004.10.10 00:52 B C:\AAAAA-MonCoHist_Gen\OldNewsLtrs\1994\1STFAM.DOC --> users.freepages.rootsweb.com /history_html/OldNewsLtrs/1994 1STFAM.DOC
2004.10.10 00:52 B C:\AAAAA-MonCoHist_Gen\OldNewsLtrs\1994\1STPAGE.DOC --> users.freepages.rootsweb.com /history_html/OldNewsLtrs/1994 1STPAGE.DOC
2004.10.10 00:52 B C:\AAAAA-MonCoHist_Gen\OldNewsLtrs\1994\ABSTRACT.DOC --> users.freepages.rootsweb.com /history_html/OldNewsLtrs/1994 ABSTRACT.DOC
2004.10.10 00:52 B C:\AAAAA-MonCoHist_Gen\OldNewsLtrs\1994\ADDRESS.DOC --> users.freepages.rootsweb.com /history_html/OldNewsLtrs/1994 ADDRESS.DOC
2004.10.10 00:52 B C:\AAAAA-MonCoHist_Gen\OldNewsLtrs\1994\APRBIRTH.DOC --> users.freepages.rootsweb.com /history_html/OldNewsLtrs/1994 APRBIRTH.DOC
2004.10.10 00:52 B C:\AAAAA-MonCoHist_Gen\OldNewsLtrs\1994\APRDEATH.DOC --> users.freepages.rootsweb.com /history_html/OldNewsLtrs/1994 APRDEATH.DOC
2004.10.10 00:52 B C:\AAAAA-MonCoHist_Gen\OldNewsLtrs\1994\APRFRONT.DOC --> users.freepages.rootsweb.com /history_html/OldNewsLtrs/1994 APRFRONT.DOC
2004.10.10 00:52 B C:\AAAAA-MonCoHist_Gen\OldNewsLtrs\1994\APRNOTE.DOC --> users.freepages.rootsweb.com /history_html/OldNewsLtrs/1994 APRNOTE.DOC
2004.10.10 00:52 B C:\AAAAA-MonCoHist_Gen\OldNewsLtrs\1994\APRQUER.DOC --> users.freepages.rootsweb.com /history_html/OldNewsLtrs/1994 APRQUER.DOC
2004.10.10 00:52 B C:\AAAAA-MonCoHist_Gen\OldNewsLtrs\1994\APRSUR.DOC --> users.freepages.rootsweb.com /history_html/OldNewsLtrs/1994 APRSUR.DOC
2004.10.10 00:52 B C:\AAAAA-MonCoHist_Gen\OldNewsLtrs\1994\AWARD.DOC --> users.freepages.rootsweb.com /history_html/OldNewsLtrs/1994 AWARD.DOC
2004.10.10 00:52 B C:\AAAAA-MonCoHist_Gen\OldNewsLtrs\1994\BANQUET.DOC --> users.freepages.rootsweb.com /history_html/OldNewsLtrs/1994 BANQUET.DOC
2004.10.10 00:52 B C:\AAAAA-MonCoHist_Gen\OldNewsLtrs\1994\BATES.DOC --> users.freepages.rootsweb.com /history_html/OldNewsLtrs/1994 BATES.DOC
2004.10.10 00:52 B C:\AAAAA-MonCoHist_Gen\OldNewsLtrs\1994\BRACKEN.DOC --> users.freepages.rootsweb.com /history_html/OldNewsLtrs/1994 BRACKEN.DOC
2004.10.10 00:52 B C:\AAAAA-MonCoHist_Gen\OldNewsLtrs\1994\BROCH.BAK --> users.freepages.rootsweb.com /history_html/OldNewsLtrs/1994 BROCH.BAK
2004.10.10 00:52 B C:\AAAAA-MonCoHist_Gen\OldNewsLtrs\1994\BROCH.EVP --> users.freepages.rootsweb.com /history_html/OldNewsLtrs/1994 BROCH.EVP
2004.10.10 00:52 B C:\AAAAA-MonCoHist_Gen\OldNewsLtrs\1994\BROCHURE.EVP --> users.freepages.rootsweb.com /history_html/OldNewsLtrs/1994 BROCHURE.EVP
2004.10.10 00:52 B C:\AAAAA-MonCoHist_Gen\OldNewsLtrs\1994\CONGER.DOC --> users.freepages.rootsweb.com /history_html/OldNewsLtrs/1994 CONGER.DOC
2004.10.10 00:52 B C:\AAAAA-MonCoHist_Gen\OldNewsLtrs\1994\CONLEY.DOC --> users.freepages.rootsweb.com /history_html/OldNewsLtrs/1994 CONLEY.DOC
2004.10.10 00:52 B C:\AAAAA-MonCoHist_Gen\OldNewsLtrs\1994\COOKBOOK.DOC --> users.freepages.rootsweb.com /history_html/OldNewsLtrs/1994 COOKBOOK.DOC
2004.10.10 00:52 B C:\AAAAA-MonCoHist_Gen\OldNewsLtrs\1994\CWJAN.DOC --> users.freepages.rootsweb.com /history_html/OldNewsLtrs/1994 CWJAN.DOC
2004.10.10 00:52 B C:\AAAAA-MonCoHist_Gen\OldNewsLtrs\1994\DENBOW.DOC --> users.freepages.rootsweb.com /history_html/OldNewsLtrs/1994 DENBOW.DOC
2004.10.10 00:52 B C:\AAAAA-MonCoHist_Gen\OldNewsLtrs\1994\DOUGHETY.DOC --> users.freepages.rootsweb.com /history_html/OldNewsLtrs/1994 DOUGHETY.DOC
2004.10.10 00:52 B C:\AAAAA-MonCoHist_Gen\OldNewsLtrs\1994\ERELWINE.DOC --> users.freepages.rootsweb.com /history_html/OldNewsLtrs/1994 ERELWINE.DOC
2004.10.10 00:52 B C:\AAAAA-MonCoHist_Gen\OldNewsLtrs\1994\EVENTS --> users.freepages.rootsweb.com /history_html/OldNewsLtrs/1994 EVENTS
2004.10.10 00:52 B C:\AAAAA-MonCoHist_Gen\OldNewsLtrs\1994\FEDTRIBU --> users.freepages.rootsweb.com /history_html/OldNewsLtrs/1994 FEDTRIBU
2004.10.10 00:52 B C:\AAAAA-MonCoHist_Gen\OldNewsLtrs\1994\FF --> users.freepages.rootsweb.com /history_html/OldNewsLtrs/1994 FF
2004.10.10 00:52 B C:\AAAAA-MonCoHist_Gen\OldNewsLtrs\1994\FIRSTFAM.DOC --> users.freepages.rootsweb.com /history_html/OldNewsLtrs/1994 FIRSTFAM.DOC
2004.10.10 00:52 B C:\AAAAA-MonCoHist_Gen\OldNewsLtrs\1994\FRONT.EVP --> users.freepages.rootsweb.com /history_html/OldNewsLtrs/1994 FRONT.EVP
2004.10.10 00:52 B C:\AAAAA-MonCoHist_Gen\OldNewsLtrs\1994\HEADLEY.DOC --> users.freepages.rootsweb.com /history_html/OldNewsLtrs/1994 HEADLEY.DOC
2004.10.10 00:52 B C:\AAAAA-MonCoHist_Gen\OldNewsLtrs\1994\JAN94.DOC --> users.freepages.rootsweb.com /history_html/OldNewsLtrs/1994 JAN94.DOC
2004.10.10 00:52 B C:\AAAAA-MonCoHist_Gen\OldNewsLtrs\1994\JANBIRTH.DOC --> users.freepages.rootsweb.com /history_html/OldNewsLtrs/1994 JANBIRTH.DOC
2004.10.10 00:52 B C:\AAAAA-MonCoHist_Gen\OldNewsLtrs\1994\JANDEATH.DOC --> users.freepages.rootsweb.com /history_html/OldNewsLtrs/1994 JANDEATH.DOC
2004.10.10 00:52 B C:\AAAAA-MonCoHist_Gen\OldNewsLtrs\1994\JANFRONT.DOC --> users.freepages.rootsweb.com /history_html/OldNewsLtrs/1994 JANFRONT.DOC
2004.10.10 00:52 B C:\AAAAA-MonCoHist_Gen\OldNewsLtrs\1994\JANLIB.DOC --> users.freepages.rootsweb.com /history_html/OldNewsLtrs/1994 JANLIB.DOC
2004.10.10 00:52 B C:\AAAAA-MonCoHist_Gen\OldNewsLtrs\1994\JANSUR.DOC --> users.freepages.rootsweb.com /history_html/OldNewsLtrs/1994 JANSUR.DOC
2004.10.10 00:52 B C:\AAAAA-MonCoHist_Gen\OldNewsLtrs\1994\JULBIRTH.DOC --> users.freepages.rootsweb.com /history_html/OldNewsLtrs/1994 JULBIRTH.DOC
2004.10.10 00:52 B C:\AAAAA-MonCoHist_Gen\OldNewsLtrs\1994\JULDEATH.DOC --> users.freepages.rootsweb.com /history_html/OldNewsLtrs/1994 JULDEATH.DOC
2004.10.10 00:52 B C:\AAAAA-MonCoHist_Gen\OldNewsLtrs\1994\JULNOTE.DOC --> users.freepages.rootsweb.com /history_html/OldNewsLtrs/1994 JULNOTE.DOC
2004.10.10 00:52 B C:\AAAAA-MonCoHist_Gen\OldNewsLtrs\1994\JULNOTES.DOC --> users.freepages.rootsweb.com /history_html/OldNewsLtrs/1994 JULNOTES.DOC
2004.10.10 00:52 B C:\AAAAA-MonCoHist_Gen\OldNewsLtrs\1994\JULQUER.DOC --> users.freepages.rootsweb.com /history_html/OldNewsLtrs/1994 JULQUER.DOC
2004.10.10 00:52 B C:\AAAAA-MonCoHist_Gen\OldNewsLtrs\1994\JULSUR.DOC --> users.freepages.rootsweb.com /history_html/OldNewsLtrs/1994 JULSUR.DOC
2004.10.10 00:52 B C:\AAAAA-MonCoHist_Gen\OldNewsLtrs\1994\LETTERS --> users.freepages.rootsweb.com /history_html/OldNewsLtrs/1994 LETTERS
2004.10.10 00:52 B C:\AAAAA-MonCoHist_Gen\OldNewsLtrs\1994\MAYES.DOC --> users.freepages.rootsweb.com /history_html/OldNewsLtrs/1994 MAYES.DOC
2004.10.10 00:52 B C:\AAAAA-MonCoHist_Gen\OldNewsLtrs\1994\MCELFRSH.DOC --> users.freepages.rootsweb.com /history_html/OldNewsLtrs/1994 MCELFRSH.DOC
2004.10.10 00:52 B C:\AAAAA-MonCoHist_Gen\OldNewsLtrs\1994\MNRVISIT.DOC --> users.freepages.rootsweb.com /history_html/OldNewsLtrs/1994 MNRVISIT.DOC
2004.10.10 00:52 B C:\AAAAA-MonCoHist_Gen\OldNewsLtrs\1994\MORMAR.DOC --> users.freepages.rootsweb.com /history_html/OldNewsLtrs/1994 MORMAR.DOC
2004.10.10 00:52 B C:\AAAAA-MonCoHist_Gen\OldNewsLtrs\1994\MORRISLE --> users.freepages.rootsweb.com /history_html/OldNewsLtrs/1994 MORRISLE
2004.10.10 00:52 B C:\AAAAA-MonCoHist_Gen\OldNewsLtrs\1994\OBIT.DOC --> users.freepages.rootsweb.com /history_html/OldNewsLtrs/1994 OBIT.DOC
2004.10.10 00:52 B C:\AAAAA-MonCoHist_Gen\OldNewsLtrs\1994\OCTBIRTH.DOC --> users.freepages.rootsweb.com /history_html/OldNewsLtrs/1994 OCTBIRTH.DOC
2004.10.10 00:52 B C:\AAAAA-MonCoHist_Gen\OldNewsLtrs\1994\OCTCW.DOC --> users.freepages.rootsweb.com /history_html/OldNewsLtrs/1994 OCTCW.DOC
2004.10.10 00:52 B C:\AAAAA-MonCoHist_Gen\OldNewsLtrs\1994\OCTDEATH.DOC --> users.freepages.rootsweb.com /history_html/OldNewsLtrs/1994 OCTDEATH.DOC
2004.10.10 00:52 B C:\AAAAA-MonCoHist_Gen\OldNewsLtrs\1994\OCTFRONT.DOC --> users.freepages.rootsweb.com /history_html/OldNewsLtrs/1994 OCTFRONT.DOC
2004.10.10 00:52 B C:\AAAAA-MonCoHist_Gen\OldNewsLtrs\1994\OCTNOTES.DOC --> users.freepages.rootsweb.com /history_html/OldNewsLtrs/1994 OCTNOTES.DOC
2004.10.10 00:52 B C:\AAAAA-MonCoHist_Gen\OldNewsLtrs\1994\OCTQUER.DOC --> users.freepages.rootsweb.com /history_html/OldNewsLtrs/1994 OCTQUER.DOC
2004.10.10 00:52 B C:\AAAAA-MonCoHist_Gen\OldNewsLtrs\1994\OCTSUR.DOC --> users.freepages.rootsweb.com /history_html/OldNewsLtrs/1994 OCTSUR.DOC
2004.10.10 00:52 B C:\AAAAA-MonCoHist_Gen\OldNewsLtrs\1994\PAFAM.DOC --> users.freepages.rootsweb.com /history_html/OldNewsLtrs/1994 PAFAM.DOC
2004.10.10 00:52 B C:\AAAAA-MonCoHist_Gen\OldNewsLtrs\1994\PAGE2 --> users.freepages.rootsweb.com /history_html/OldNewsLtrs/1994 PAGE2
2004.10.10 00:52 B C:\AAAAA-MonCoHist_Gen\OldNewsLtrs\1994\PAHIST.DOC --> users.freepages.rootsweb.com /history_html/OldNewsLtrs/1994 PAHIST.DOC
2004.10.10 00:52 B C:\AAAAA-MonCoHist_Gen\OldNewsLtrs\1994\PFS.DIR --> users.freepages.rootsweb.com /history_html/OldNewsLtrs/1994 PFS.DIR
2004.10.10 00:52 B C:\AAAAA-MonCoHist_Gen\OldNewsLtrs\1994\PO.DOC --> users.freepages.rootsweb.com /history_html/OldNewsLtrs/1994 PO.DOC
2004.10.10 00:52 B C:\AAAAA-MonCoHist_Gen\OldNewsLtrs\1994\POTTSCEM.DOC --> users.freepages.rootsweb.com /history_html/OldNewsLtrs/1994 POTTSCEM.DOC
2004.10.10 00:52 B C:\AAAAA-MonCoHist_Gen\OldNewsLtrs\1994\PROGRAM.DOC --> users.freepages.rootsweb.com /history_html/OldNewsLtrs/1994 PROGRAM.DOC
2004.10.10 00:52 B C:\AAAAA-MonCoHist_Gen\OldNewsLtrs\1994\QUERJAN.DOC --> users.freepages.rootsweb.com /history_html/OldNewsLtrs/1994 QUERJAN.DOC
2004.10.10 00:52 B C:\AAAAA-MonCoHist_Gen\OldNewsLtrs\1994\REVWAR.DOC --> users.freepages.rootsweb.com /history_html/OldNewsLtrs/1994 REVWAR.DOC
2004.10.10 00:52 B C:\AAAAA-MonCoHist_Gen\OldNewsLtrs\1994\SALE.BAK --> users.freepages.rootsweb.com /history_html/OldNewsLtrs/1994 SALE.BAK
2004.10.10 00:52 B C:\AAAAA-MonCoHist_Gen\OldNewsLtrs\1994\SALE.EVP --> users.freepages.rootsweb.com /history_html/OldNewsLtrs/1994 SALE.EVP
2004.10.10 00:52 B C:\AAAAA-MonCoHist_Gen\OldNewsLtrs\1994\SCOTTCEM.DOC --> users.freepages.rootsweb.com /history_html/OldNewsLtrs/1994 SCOTTCEM.DOC
2004.10.10 00:52 B C:\AAAAA-MonCoHist_Gen\OldNewsLtrs\1994\TAX1833.DOC --> users.freepages.rootsweb.com /history_html/OldNewsLtrs/1994 TAX1833.DOC
