2003.03.15 21:37 B C:\AAAAA-MonroeCoSite\Parry_house_files\filelist.xml --> users.rootsweb.com /home0023/ohmccogs/public_html/Parry_house_files filelist.xml
2003.03.15 21:37 B C:\AAAAA-MonroeCoSite\Parry_house_files\image001.jpg --> users.rootsweb.com /home0023/ohmccogs/public_html/Parry_house_files image001.jpg
2003.03.15 21:37 B C:\AAAAA-MonroeCoSite\Parry_house_files\image002.jpg --> users.rootsweb.com /home0023/ohmccogs/public_html/Parry_house_files image002.jpg
2003.03.17 18:00 B C:\AAAAA-MonroeCoSite\Parry_house_files\filelist.xml --> users.rootsweb.com /home0023/ohmccogs/public_html/Parry_house_files filelist.xml
2003.03.17 18:00 B C:\AAAAA-MonroeCoSite\Parry_house_files\image001.jpg --> users.rootsweb.com /home0023/ohmccogs/public_html/Parry_house_files image001.jpg
2003.03.17 18:00 B C:\AAAAA-MonroeCoSite\Parry_house_files\image002.jpg --> users.rootsweb.com /home0023/ohmccogs/public_html/Parry_house_files image002.jpg
2003.03.17 18:00 B C:\AAAAA-MonroeCoSite\Parry_house_files\WS_FTP.LOG --> users.rootsweb.com /home0023/ohmccogs/public_html/Parry_house_files WS_FTP.LOG
2003.03.19 22:28 B C:\AAAAA-MonroeCoSite\Parry_house_files\filelist.xml --> helloworldblue.net /web/MCCofOGS/Parry_house_files filelist.xml
2003.03.19 22:28 B C:\AAAAA-MonroeCoSite\Parry_house_files\image001.jpg --> helloworldblue.net /web/MCCofOGS/Parry_house_files image001.jpg
2003.03.19 22:28 B C:\AAAAA-MonroeCoSite\Parry_house_files\image002.jpg --> helloworldblue.net /web/MCCofOGS/Parry_house_files image002.jpg
2003.03.19 22:28 B C:\AAAAA-MonroeCoSite\Parry_house_files\WS_FTP.LOG --> helloworldblue.net /web/MCCofOGS/Parry_house_files WS_FTP.LOG
2004.09.15 17:32 B C:\AAAAA-MonroeCoSite\Parry_house_files\filelist.xml --> helloworldblue.net /Parry_house_files filelist.xml
2004.09.15 17:32 B C:\AAAAA-MonroeCoSite\Parry_house_files\image001.jpg --> helloworldblue.net /Parry_house_files image001.jpg
2004.09.15 17:32 B C:\AAAAA-MonroeCoSite\Parry_house_files\image002.jpg --> helloworldblue.net /Parry_house_files image002.jpg
2004.09.15 17:32 B C:\AAAAA-MonroeCoSite\Parry_house_files\WS_FTP.LOG --> helloworldblue.net /Parry_house_files WS_FTP.LOG
2004.09.16 02:00 A C:\AAAAA-MonroeCoSite\Parry_house_files\filelist.xml --> helloworldblue.net /MonroeCoOhPeopleandHistory/Parry_house_files filelist.xml
2004.09.16 02:00 A C:\AAAAA-MonroeCoSite\Parry_house_files\image001.jpg --> helloworldblue.net /MonroeCoOhPeopleandHistory/Parry_house_files image001.jpg
2004.09.16 02:00 A C:\AAAAA-MonroeCoSite\Parry_house_files\image002.jpg --> helloworldblue.net /MonroeCoOhPeopleandHistory/Parry_house_files image002.jpg
2004.09.16 02:00 A C:\AAAAA-MonroeCoSite\Parry_house_files\WS_FTP.LOG --> helloworldblue.net /MonroeCoOhPeopleandHistory/Parry_house_files WS_FTP.LOG
2004.10.10 01:02 B C:\AAAAA-MonCoHist_Gen\Parry_house_files\filelist.xml --> users.freepages.rootsweb.com /history_html/Parry_house_files filelist.xml
2004.10.10 01:02 B C:\AAAAA-MonCoHist_Gen\Parry_house_files\image001.jpg --> users.freepages.rootsweb.com /history_html/Parry_house_files image001.jpg
2004.10.10 01:02 B C:\AAAAA-MonCoHist_Gen\Parry_house_files\image002.jpg --> users.freepages.rootsweb.com /history_html/Parry_house_files image002.jpg
