2004.03.15 21:09 B C:\AAAAA-MonroeCoSite\FarnsworthCem_files\filelist.xml --> users.rootsweb.com /home0023/ohmccogs/public_html/FarnsworthCem_files filelist.xml
2004.03.15 21:09 B C:\AAAAA-MonroeCoSite\FarnsworthCem_files\image001.jpg --> users.rootsweb.com /home0023/ohmccogs/public_html/FarnsworthCem_files image001.jpg
2004.03.15 21:09 B C:\AAAAA-MonroeCoSite\FarnsworthCem_files\image002.jpg --> users.rootsweb.com /home0023/ohmccogs/public_html/FarnsworthCem_files image002.jpg
2004.03.15 21:09 B C:\AAAAA-MonroeCoSite\FarnsworthCem_files\image003.jpg --> users.rootsweb.com /home0023/ohmccogs/public_html/FarnsworthCem_files image003.jpg
2004.09.15 14:34 B C:\AAAAA-MonroeCoSite\FarnsworthCem_files\filelist.xml --> helloworldblue.net /MonroeCoOhPeopleandHistory/FarnsworthCem_files filelist.xml
2004.09.15 14:34 B C:\AAAAA-MonroeCoSite\FarnsworthCem_files\image001.jpg --> helloworldblue.net /MonroeCoOhPeopleandHistory/FarnsworthCem_files image001.jpg
2004.09.15 14:34 B C:\AAAAA-MonroeCoSite\FarnsworthCem_files\image002.jpg --> helloworldblue.net /MonroeCoOhPeopleandHistory/FarnsworthCem_files image002.jpg
2004.09.15 14:34 B C:\AAAAA-MonroeCoSite\FarnsworthCem_files\image003.jpg --> helloworldblue.net /MonroeCoOhPeopleandHistory/FarnsworthCem_files image003.jpg
2004.09.15 14:34 B C:\AAAAA-MonroeCoSite\FarnsworthCem_files\WS_FTP.LOG --> helloworldblue.net /MonroeCoOhPeopleandHistory/FarnsworthCem_files WS_FTP.LOG
2004.10.09 23:57 B C:\AAAAA-MonCoHist_Gen\FarnsworthCem_files\filelist.xml --> users.freepages.rootsweb.com /history_html/FarnsworthCem_files filelist.xml
2004.10.09 23:57 B C:\AAAAA-MonCoHist_Gen\FarnsworthCem_files\image001.jpg --> users.freepages.rootsweb.com /history_html/FarnsworthCem_files image001.jpg
2004.10.09 23:57 B C:\AAAAA-MonCoHist_Gen\FarnsworthCem_files\image002.jpg --> users.freepages.rootsweb.com /history_html/FarnsworthCem_files image002.jpg
2004.10.09 23:57 B C:\AAAAA-MonCoHist_Gen\FarnsworthCem_files\image003.jpg --> users.freepages.rootsweb.com /history_html/FarnsworthCem_files image003.jpg
2004.10.09 23:57 B C:\AAAAA-MonCoHist_Gen\FarnsworthCem_files\WS_FTP.LOG --> users.freepages.rootsweb.com /history_html/FarnsworthCem_files WS_FTP.LOG
2004.12.04 21:44 B C:\AAAAA-MonCoHist_Gen\FarnsworthCem_files\filelist.xml --> users.freepages.rootsweb.com /history_html/FarnsworthCem_files filelist.xml
2004.12.04 21:44 B C:\AAAAA-MonCoHist_Gen\FarnsworthCem_files\image001.jpg --> users.freepages.rootsweb.com /history_html/FarnsworthCem_files image001.jpg
2004.12.04 21:44 B C:\AAAAA-MonCoHist_Gen\FarnsworthCem_files\image002.gif --> users.freepages.rootsweb.com /history_html/FarnsworthCem_files image002.gif
2004.12.04 21:44 B C:\AAAAA-MonCoHist_Gen\FarnsworthCem_files\image003.jpg --> users.freepages.rootsweb.com /history_html/FarnsworthCem_files image003.jpg
2004.12.04 21:44 B C:\AAAAA-MonCoHist_Gen\FarnsworthCem_files\image004.jpg --> users.freepages.rootsweb.com /history_html/FarnsworthCem_files image004.jpg
2004.12.04 21:44 B C:\AAAAA-MonCoHist_Gen\FarnsworthCem_files\image005.jpg --> users.freepages.rootsweb.com /history_html/FarnsworthCem_files image005.jpg
