2003.02.02 23:29 B C:\AAAAA-MonroeCoSite\lj24_files\AAAAA-MonroeCoSite --> users.rootsweb.com /home0023/ohmccogs/public_html/lj24_files AAAAA-MonroeCoSite
2003.02.02 23:29 B C:\AAAAA-MonroeCoSite\lj24_files\filelist.xml --> users.rootsweb.com /home0023/ohmccogs/public_html/lj24_files filelist.xml
2003.02.02 23:29 B C:\AAAAA-MonroeCoSite\lj24_files\image001.jpg --> users.rootsweb.com /home0023/ohmccogs/public_html/lj24_files image001.jpg
2003.02.02 23:29 B C:\AAAAA-MonroeCoSite\lj24_files\image002.jpg --> users.rootsweb.com /home0023/ohmccogs/public_html/lj24_files image002.jpg
2003.02.02 23:33 B C:\AAAAA-MonroeCoSite\lj24_files\filelist.xml --> users.rootsweb.com /home0023/ohmccogs/public_html/lj24_files filelist.xml
2003.02.02 23:33 B C:\AAAAA-MonroeCoSite\lj24_files\image001.jpg --> users.rootsweb.com /home0023/ohmccogs/public_html/lj24_files image001.jpg
2003.02.02 23:33 B C:\AAAAA-MonroeCoSite\lj24_files\image002.jpg --> users.rootsweb.com /home0023/ohmccogs/public_html/lj24_files image002.jpg
2003.02.02 23:33 B C:\AAAAA-MonroeCoSite\lj24_files\WS_FTP.LOG --> users.rootsweb.com /home0023/ohmccogs/public_html/lj24_files WS_FTP.LOG
2003.03.19 21:58 B C:\AAAAA-MonroeCoSite\lj24_files\AAAAA-MonroeCoSite --> helloworldblue.net /web/MCCofOGS/lj24_files AAAAA-MonroeCoSite
2003.03.19 21:58 B C:\AAAAA-MonroeCoSite\lj24_files\filelist.xml --> helloworldblue.net /web/MCCofOGS/lj24_files filelist.xml
2003.03.19 21:58 B C:\AAAAA-MonroeCoSite\lj24_files\image001.jpg --> helloworldblue.net /web/MCCofOGS/lj24_files image001.jpg
2003.03.19 21:58 B C:\AAAAA-MonroeCoSite\lj24_files\image002.jpg --> helloworldblue.net /web/MCCofOGS/lj24_files image002.jpg
2003.03.19 21:58 B C:\AAAAA-MonroeCoSite\lj24_files\WS_FTP.LOG --> helloworldblue.net /web/MCCofOGS/lj24_files WS_FTP.LOG
2004.09.15 17:03 B C:\AAAAA-MonroeCoSite\lj24_files\AAAAA-MonroeCoSite --> helloworldblue.net /lj24_files AAAAA-MonroeCoSite
2004.09.15 17:03 B C:\AAAAA-MonroeCoSite\lj24_files\filelist.xml --> helloworldblue.net /lj24_files filelist.xml
2004.09.15 17:03 B C:\AAAAA-MonroeCoSite\lj24_files\image001.jpg --> helloworldblue.net /lj24_files image001.jpg
2004.09.15 17:03 B C:\AAAAA-MonroeCoSite\lj24_files\image002.jpg --> helloworldblue.net /lj24_files image002.jpg
2004.09.15 17:03 B C:\AAAAA-MonroeCoSite\lj24_files\WS_FTP.LOG --> helloworldblue.net /lj24_files WS_FTP.LOG
2004.09.16 01:44 A C:\AAAAA-MonroeCoSite\lj24_files\AAAAA-MonroeCoSite --> helloworldblue.net /MonroeCoOhPeopleandHistory/lj24_files AAAAA-MonroeCoSite
2004.09.16 01:44 A C:\AAAAA-MonroeCoSite\lj24_files\filelist.xml --> helloworldblue.net /MonroeCoOhPeopleandHistory/lj24_files filelist.xml
2004.09.16 01:44 A C:\AAAAA-MonroeCoSite\lj24_files\image001.jpg --> helloworldblue.net /MonroeCoOhPeopleandHistory/lj24_files image001.jpg
2004.09.16 01:44 A C:\AAAAA-MonroeCoSite\lj24_files\image002.jpg --> helloworldblue.net /MonroeCoOhPeopleandHistory/lj24_files image002.jpg
2004.09.16 01:44 A C:\AAAAA-MonroeCoSite\lj24_files\WS_FTP.LOG --> helloworldblue.net /MonroeCoOhPeopleandHistory/lj24_files WS_FTP.LOG
2004.10.10 00:26 B C:\AAAAA-MonCoHist_Gen\lj24_files\AAAAA-MonroeCoSite --> users.freepages.rootsweb.com /history_html/lj24_files AAAAA-MonroeCoSite
2004.10.10 00:26 B C:\AAAAA-MonCoHist_Gen\lj24_files\filelist.xml --> users.freepages.rootsweb.com /history_html/lj24_files filelist.xml
2004.10.10 00:26 B C:\AAAAA-MonCoHist_Gen\lj24_files\image001.jpg --> users.freepages.rootsweb.com /history_html/lj24_files image001.jpg
2004.10.10 00:26 B C:\AAAAA-MonCoHist_Gen\lj24_files\image002.jpg --> users.freepages.rootsweb.com /history_html/lj24_files image002.jpg
