2003.02.03 18:20 B C:\AAAAA-MonroeCoSite\LenaPettit1_files\filelist.xml --> users.rootsweb.com /home0023/ohmccogs/public_html/LenaPettit1_files filelist.xml
2003.02.03 18:20 B C:\AAAAA-MonroeCoSite\LenaPettit1_files\image001.jpg --> users.rootsweb.com /home0023/ohmccogs/public_html/LenaPettit1_files image001.jpg
2003.02.03 18:20 B C:\AAAAA-MonroeCoSite\LenaPettit1_files\image002.jpg --> users.rootsweb.com /home0023/ohmccogs/public_html/LenaPettit1_files image002.jpg
2003.02.03 18:20 B C:\AAAAA-MonroeCoSite\LenaPettit1_files\image003.gif --> users.rootsweb.com /home0023/ohmccogs/public_html/LenaPettit1_files image003.gif
2003.02.03 18:20 B C:\AAAAA-MonroeCoSite\LenaPettit1_files\image004.jpg --> users.rootsweb.com /home0023/ohmccogs/public_html/LenaPettit1_files image004.jpg
2003.02.03 18:20 B C:\AAAAA-MonroeCoSite\LenaPettit1_files\image005.jpg --> users.rootsweb.com /home0023/ohmccogs/public_html/LenaPettit1_files image005.jpg
2003.02.03 18:20 B C:\AAAAA-MonroeCoSite\LenaPettit1_files\image006.jpg --> users.rootsweb.com /home0023/ohmccogs/public_html/LenaPettit1_files image006.jpg
2003.02.03 18:20 B C:\AAAAA-MonroeCoSite\LenaPettit1_files\image007.jpg --> users.rootsweb.com /home0023/ohmccogs/public_html/LenaPettit1_files image007.jpg
2003.02.03 18:20 B C:\AAAAA-MonroeCoSite\LenaPettit1_files\image008.jpg --> users.rootsweb.com /home0023/ohmccogs/public_html/LenaPettit1_files image008.jpg
2003.02.03 18:20 B C:\AAAAA-MonroeCoSite\LenaPettit1_files\image009.jpg --> users.rootsweb.com /home0023/ohmccogs/public_html/LenaPettit1_files image009.jpg
2003.03.19 21:56 B C:\AAAAA-MonroeCoSite\LenaPettit1_files\filelist.xml --> helloworldblue.net /web/MCCofOGS/LenaPettit1_files filelist.xml
2003.03.19 21:56 B C:\AAAAA-MonroeCoSite\LenaPettit1_files\image001.jpg --> helloworldblue.net /web/MCCofOGS/LenaPettit1_files image001.jpg
2003.03.19 21:56 B C:\AAAAA-MonroeCoSite\LenaPettit1_files\image002.jpg --> helloworldblue.net /web/MCCofOGS/LenaPettit1_files image002.jpg
2003.03.19 21:56 B C:\AAAAA-MonroeCoSite\LenaPettit1_files\image003.gif --> helloworldblue.net /web/MCCofOGS/LenaPettit1_files image003.gif
2003.03.19 21:56 B C:\AAAAA-MonroeCoSite\LenaPettit1_files\image004.jpg --> helloworldblue.net /web/MCCofOGS/LenaPettit1_files image004.jpg
2003.03.19 21:56 B C:\AAAAA-MonroeCoSite\LenaPettit1_files\image005.jpg --> helloworldblue.net /web/MCCofOGS/LenaPettit1_files image005.jpg
2003.03.19 21:56 B C:\AAAAA-MonroeCoSite\LenaPettit1_files\image006.jpg --> helloworldblue.net /web/MCCofOGS/LenaPettit1_files image006.jpg
2003.03.19 21:56 B C:\AAAAA-MonroeCoSite\LenaPettit1_files\image007.jpg --> helloworldblue.net /web/MCCofOGS/LenaPettit1_files image007.jpg
2003.03.19 21:56 B C:\AAAAA-MonroeCoSite\LenaPettit1_files\image008.jpg --> helloworldblue.net /web/MCCofOGS/LenaPettit1_files image008.jpg
2003.03.19 21:56 B C:\AAAAA-MonroeCoSite\LenaPettit1_files\image009.jpg --> helloworldblue.net /web/MCCofOGS/LenaPettit1_files image009.jpg
2003.03.19 21:56 B C:\AAAAA-MonroeCoSite\LenaPettit1_files\WS_FTP.LOG --> helloworldblue.net /web/MCCofOGS/LenaPettit1_files WS_FTP.LOG
2004.09.15 14:40 B C:\AAAAA-MonroeCoSite\LenaPettit1_files\filelist.xml --> helloworldblue.net /MonroeCoOhPeopleandHistory/LenaPettit1_files filelist.xml
2004.09.15 14:40 B C:\AAAAA-MonroeCoSite\LenaPettit1_files\image001.jpg --> helloworldblue.net /MonroeCoOhPeopleandHistory/LenaPettit1_files image001.jpg
2004.09.15 14:40 B C:\AAAAA-MonroeCoSite\LenaPettit1_files\image002.jpg --> helloworldblue.net /MonroeCoOhPeopleandHistory/LenaPettit1_files image002.jpg
2004.09.15 14:40 B C:\AAAAA-MonroeCoSite\LenaPettit1_files\image003.gif --> helloworldblue.net /MonroeCoOhPeopleandHistory/LenaPettit1_files image003.gif
2004.09.15 14:40 B C:\AAAAA-MonroeCoSite\LenaPettit1_files\image004.jpg --> helloworldblue.net /MonroeCoOhPeopleandHistory/LenaPettit1_files image004.jpg
2004.09.15 14:40 B C:\AAAAA-MonroeCoSite\LenaPettit1_files\image005.jpg --> helloworldblue.net /MonroeCoOhPeopleandHistory/LenaPettit1_files image005.jpg
2004.09.15 14:40 B C:\AAAAA-MonroeCoSite\LenaPettit1_files\image006.jpg --> helloworldblue.net /MonroeCoOhPeopleandHistory/LenaPettit1_files image006.jpg
2004.09.15 14:40 B C:\AAAAA-MonroeCoSite\LenaPettit1_files\image007.jpg --> helloworldblue.net /MonroeCoOhPeopleandHistory/LenaPettit1_files image007.jpg
2004.09.15 14:40 B C:\AAAAA-MonroeCoSite\LenaPettit1_files\image008.jpg --> helloworldblue.net /MonroeCoOhPeopleandHistory/LenaPettit1_files image008.jpg
2004.09.15 14:40 B C:\AAAAA-MonroeCoSite\LenaPettit1_files\image009.jpg --> helloworldblue.net /MonroeCoOhPeopleandHistory/LenaPettit1_files image009.jpg
2004.09.15 14:40 B C:\AAAAA-MonroeCoSite\LenaPettit1_files\WS_FTP.LOG --> helloworldblue.net /MonroeCoOhPeopleandHistory/LenaPettit1_files WS_FTP.LOG
2004.10.10 00:22 B C:\AAAAA-MonCoHist_Gen\LenaPettit1_files\filelist.xml --> users.freepages.rootsweb.com /history_html/LenaPettit1_files filelist.xml
2004.10.10 00:22 B C:\AAAAA-MonCoHist_Gen\LenaPettit1_files\image001.jpg --> users.freepages.rootsweb.com /history_html/LenaPettit1_files image001.jpg
2004.10.10 00:22 B C:\AAAAA-MonCoHist_Gen\LenaPettit1_files\image002.jpg --> users.freepages.rootsweb.com /history_html/LenaPettit1_files image002.jpg
2004.10.10 00:22 B C:\AAAAA-MonCoHist_Gen\LenaPettit1_files\image003.gif --> users.freepages.rootsweb.com /history_html/LenaPettit1_files image003.gif
2004.10.10 00:22 B C:\AAAAA-MonCoHist_Gen\LenaPettit1_files\image004.jpg --> users.freepages.rootsweb.com /history_html/LenaPettit1_files image004.jpg
2004.10.10 00:22 B C:\AAAAA-MonCoHist_Gen\LenaPettit1_files\image005.jpg --> users.freepages.rootsweb.com /history_html/LenaPettit1_files image005.jpg
2004.10.10 00:22 B C:\AAAAA-MonCoHist_Gen\LenaPettit1_files\image006.jpg --> users.freepages.rootsweb.com /history_html/LenaPettit1_files image006.jpg
2004.10.10 00:22 B C:\AAAAA-MonCoHist_Gen\LenaPettit1_files\image007.jpg --> users.freepages.rootsweb.com /history_html/LenaPettit1_files image007.jpg
2004.10.10 00:22 B C:\AAAAA-MonCoHist_Gen\LenaPettit1_files\image008.jpg --> users.freepages.rootsweb.com /history_html/LenaPettit1_files image008.jpg
2004.10.10 00:22 B C:\AAAAA-MonCoHist_Gen\LenaPettit1_files\image009.jpg --> users.freepages.rootsweb.com /history_html/LenaPettit1_files image009.jpg
