2003.03.05 18:49 B C:\AAAAA-MonroeCoSite\GraysvilleHS_files\AAAAA-MonroeCoSite --> users.rootsweb.com /home0023/ohmccogs/public_html/GraysvilleHS_files AAAAA-MonroeCoSite
2003.03.05 18:49 B C:\AAAAA-MonroeCoSite\GraysvilleHS_files\filelist.xml --> users.rootsweb.com /home0023/ohmccogs/public_html/GraysvilleHS_files filelist.xml
2003.03.05 18:49 B C:\AAAAA-MonroeCoSite\GraysvilleHS_files\image001.jpg --> users.rootsweb.com /home0023/ohmccogs/public_html/GraysvilleHS_files image001.jpg
2003.03.05 18:49 B C:\AAAAA-MonroeCoSite\GraysvilleHS_files\image002.jpg --> users.rootsweb.com /home0023/ohmccogs/public_html/GraysvilleHS_files image002.jpg
2003.03.19 22:52 B C:\AAAAA-MonroeCoSite_Overflow\GraysvilleHS_files\AAAAA-MonroeCoSite --> helloworldblue.net /web/MCCofOGS/GraysvilleHS_files AAAAA-MonroeCoSite
2003.03.19 22:52 B C:\AAAAA-MonroeCoSite_Overflow\GraysvilleHS_files\filelist.xml --> helloworldblue.net /web/MCCofOGS/GraysvilleHS_files filelist.xml
2003.03.19 22:52 B C:\AAAAA-MonroeCoSite_Overflow\GraysvilleHS_files\image001.wmz --> helloworldblue.net /web/MCCofOGS/GraysvilleHS_files image001.wmz
2003.03.19 22:52 B C:\AAAAA-MonroeCoSite_Overflow\GraysvilleHS_files\image002.gif --> helloworldblue.net /web/MCCofOGS/GraysvilleHS_files image002.gif
2003.03.19 22:52 B C:\AAAAA-MonroeCoSite_Overflow\GraysvilleHS_files\oledata.mso --> helloworldblue.net /web/MCCofOGS/GraysvilleHS_files oledata.mso
2003.03.19 22:52 B C:\AAAAA-MonroeCoSite_Overflow\GraysvilleHS_files\WS_FTP.LOG --> helloworldblue.net /web/MCCofOGS/GraysvilleHS_files WS_FTP.LOG
2004.09.15 16:40 B C:\AAAAA-MonroeCoSite\GraysvilleHS_files\AAAAA-MonroeCoSite --> helloworldblue.net /GraysvilleHS_files AAAAA-MonroeCoSite
2004.09.15 16:40 B C:\AAAAA-MonroeCoSite\GraysvilleHS_files\filelist.xml --> helloworldblue.net /GraysvilleHS_files filelist.xml
2004.09.15 16:40 B C:\AAAAA-MonroeCoSite\GraysvilleHS_files\image001.wmz --> helloworldblue.net /GraysvilleHS_files image001.wmz
2004.09.15 16:40 B C:\AAAAA-MonroeCoSite\GraysvilleHS_files\image002.gif --> helloworldblue.net /GraysvilleHS_files image002.gif
2004.09.15 16:40 B C:\AAAAA-MonroeCoSite\GraysvilleHS_files\oledata.mso --> helloworldblue.net /GraysvilleHS_files oledata.mso
2004.09.15 16:40 B C:\AAAAA-MonroeCoSite\GraysvilleHS_files\WS_FTP.LOG --> helloworldblue.net /GraysvilleHS_files WS_FTP.LOG
2004.09.16 01:30 A C:\AAAAA-MonroeCoSite\GraysvilleHS_files\AAAAA-MonroeCoSite --> helloworldblue.net /MonroeCoOhPeopleandHistory/GraysvilleHS_files AAAAA-MonroeCoSite
2004.09.16 01:30 A C:\AAAAA-MonroeCoSite\GraysvilleHS_files\filelist.xml --> helloworldblue.net /MonroeCoOhPeopleandHistory/GraysvilleHS_files filelist.xml
2004.09.16 01:30 A C:\AAAAA-MonroeCoSite\GraysvilleHS_files\image001.wmz --> helloworldblue.net /MonroeCoOhPeopleandHistory/GraysvilleHS_files image001.wmz
2004.09.16 01:30 A C:\AAAAA-MonroeCoSite\GraysvilleHS_files\image002.gif --> helloworldblue.net /MonroeCoOhPeopleandHistory/GraysvilleHS_files image002.gif
2004.09.16 01:30 A C:\AAAAA-MonroeCoSite\GraysvilleHS_files\oledata.mso --> helloworldblue.net /MonroeCoOhPeopleandHistory/GraysvilleHS_files oledata.mso
2004.09.16 01:30 A C:\AAAAA-MonroeCoSite\GraysvilleHS_files\WS_FTP.LOG --> helloworldblue.net /MonroeCoOhPeopleandHistory/GraysvilleHS_files WS_FTP.LOG
2004.10.10 00:02 B C:\AAAAA-MonCoHist_Gen\GraysvilleHS_files\AAAAA-MonroeCoSite --> users.freepages.rootsweb.com /history_html/GraysvilleHS_files AAAAA-MonroeCoSite
2004.10.10 00:02 B C:\AAAAA-MonCoHist_Gen\GraysvilleHS_files\filelist.xml --> users.freepages.rootsweb.com /history_html/GraysvilleHS_files filelist.xml
2004.10.10 00:03 B C:\AAAAA-MonCoHist_Gen\GraysvilleHS_files\image001.wmz --> users.freepages.rootsweb.com /history_html/GraysvilleHS_files image001.wmz
2004.10.10 00:03 B C:\AAAAA-MonCoHist_Gen\GraysvilleHS_files\image002.gif --> users.freepages.rootsweb.com /history_html/GraysvilleHS_files image002.gif
2004.10.10 00:03 B C:\AAAAA-MonCoHist_Gen\GraysvilleHS_files\oledata.mso --> users.freepages.rootsweb.com /history_html/GraysvilleHS_files oledata.mso
