2003.02.02 23:34 B C:\AAAAA-MonroeCoSite\Mobberly1_files\filelist.xml --> users.rootsweb.com /home0023/ohmccogs/public_html/Mobberly1_files filelist.xml
2003.02.02 23:34 B C:\AAAAA-MonroeCoSite\Mobberly1_files\image001.jpg --> users.rootsweb.com /home0023/ohmccogs/public_html/Mobberly1_files image001.jpg
2003.02.02 23:34 B C:\AAAAA-MonroeCoSite\Mobberly1_files\image002.jpg --> users.rootsweb.com /home0023/ohmccogs/public_html/Mobberly1_files image002.jpg
2003.03.05 20:47 B C:\AAAAA-MonroeCoSite\Mobberly1_files\filelist.xml --> users.rootsweb.com /home0023/ohmccogs/public_html/Mobberly1_files filelist.xml
2003.03.05 20:47 B C:\AAAAA-MonroeCoSite\Mobberly1_files\image001.jpg --> users.rootsweb.com /home0023/ohmccogs/public_html/Mobberly1_files image001.jpg
2003.03.05 20:47 B C:\AAAAA-MonroeCoSite\Mobberly1_files\image002.jpg --> users.rootsweb.com /home0023/ohmccogs/public_html/Mobberly1_files image002.jpg
2003.03.05 20:47 B C:\AAAAA-MonroeCoSite\Mobberly1_files\WS_FTP.LOG --> users.rootsweb.com /home0023/ohmccogs/public_html/Mobberly1_files WS_FTP.LOG
2003.03.19 22:02 B C:\AAAAA-MonroeCoSite\Mobberly1_files\filelist.xml --> helloworldblue.net /web/MCCofOGS/Mobberly1_files filelist.xml
2003.03.19 22:02 B C:\AAAAA-MonroeCoSite\Mobberly1_files\image001.jpg --> helloworldblue.net /web/MCCofOGS/Mobberly1_files image001.jpg
2003.03.19 22:02 B C:\AAAAA-MonroeCoSite\Mobberly1_files\image002.jpg --> helloworldblue.net /web/MCCofOGS/Mobberly1_files image002.jpg
2003.03.19 22:02 B C:\AAAAA-MonroeCoSite\Mobberly1_files\WS_FTP.LOG --> helloworldblue.net /web/MCCofOGS/Mobberly1_files WS_FTP.LOG
2004.09.15 17:19 B C:\AAAAA-MonroeCoSite\Mobberly1_files\filelist.xml --> helloworldblue.net /Mobberly1_files filelist.xml
2004.09.15 17:19 B C:\AAAAA-MonroeCoSite\Mobberly1_files\image001.jpg --> helloworldblue.net /Mobberly1_files image001.jpg
2004.09.15 17:19 B C:\AAAAA-MonroeCoSite\Mobberly1_files\image002.jpg --> helloworldblue.net /Mobberly1_files image002.jpg
2004.09.15 17:19 B C:\AAAAA-MonroeCoSite\Mobberly1_files\WS_FTP.LOG --> helloworldblue.net /Mobberly1_files WS_FTP.LOG
2004.09.16 01:53 A C:\AAAAA-MonroeCoSite\Mobberly1_files\filelist.xml --> helloworldblue.net /MonroeCoOhPeopleandHistory/Mobberly1_files filelist.xml
2004.09.16 01:53 A C:\AAAAA-MonroeCoSite\Mobberly1_files\image001.jpg --> helloworldblue.net /MonroeCoOhPeopleandHistory/Mobberly1_files image001.jpg
2004.09.16 01:53 A C:\AAAAA-MonroeCoSite\Mobberly1_files\image002.jpg --> helloworldblue.net /MonroeCoOhPeopleandHistory/Mobberly1_files image002.jpg
2004.09.16 01:53 A C:\AAAAA-MonroeCoSite\Mobberly1_files\WS_FTP.LOG --> helloworldblue.net /MonroeCoOhPeopleandHistory/Mobberly1_files WS_FTP.LOG
2004.10.10 00:42 B C:\AAAAA-MonCoHist_Gen\Mobberly1_files\filelist.xml --> users.freepages.rootsweb.com /history_html/Mobberly1_files filelist.xml
2004.10.10 00:42 B C:\AAAAA-MonCoHist_Gen\Mobberly1_files\image001.jpg --> users.freepages.rootsweb.com /history_html/Mobberly1_files image001.jpg
2004.10.10 00:42 B C:\AAAAA-MonCoHist_Gen\Mobberly1_files\image002.jpg --> users.freepages.rootsweb.com /history_html/Mobberly1_files image002.jpg
