2003.03.15 21:37 B C:\AAAAA-MonroeCoSite\mooney_files\filelist.xml --> users.rootsweb.com /home0023/ohmccogs/public_html/mooney_files filelist.xml
2003.03.15 21:37 B C:\AAAAA-MonroeCoSite\mooney_files\image001.jpg --> users.rootsweb.com /home0023/ohmccogs/public_html/mooney_files image001.jpg
2003.03.15 21:37 B C:\AAAAA-MonroeCoSite\mooney_files\image002.jpg --> users.rootsweb.com /home0023/ohmccogs/public_html/mooney_files image002.jpg
2003.03.17 17:47 B C:\AAAAA-MonroeCoSite\mooney_files\filelist.xml --> users.rootsweb.com /home0023/ohmccogs/public_html/mooney_files filelist.xml
2003.03.17 17:47 B C:\AAAAA-MonroeCoSite\mooney_files\image001.jpg --> users.rootsweb.com /home0023/ohmccogs/public_html/mooney_files image001.jpg
2003.03.17 17:47 B C:\AAAAA-MonroeCoSite\mooney_files\image002.jpg --> users.rootsweb.com /home0023/ohmccogs/public_html/mooney_files image002.jpg
2003.03.17 17:47 B C:\AAAAA-MonroeCoSite\mooney_files\WS_FTP.LOG --> users.rootsweb.com /home0023/ohmccogs/public_html/mooney_files WS_FTP.LOG
2003.03.19 22:04 B C:\AAAAA-MonroeCoSite\mooney_files\filelist.xml --> helloworldblue.net /web/MCCofOGS/mooney_files filelist.xml
2003.03.19 22:04 B C:\AAAAA-MonroeCoSite\mooney_files\image001.jpg --> helloworldblue.net /web/MCCofOGS/mooney_files image001.jpg
2003.03.19 22:04 B C:\AAAAA-MonroeCoSite\mooney_files\image002.jpg --> helloworldblue.net /web/MCCofOGS/mooney_files image002.jpg
2003.03.19 22:04 B C:\AAAAA-MonroeCoSite\mooney_files\WS_FTP.LOG --> helloworldblue.net /web/MCCofOGS/mooney_files WS_FTP.LOG
2004.09.15 17:20 B C:\AAAAA-MonroeCoSite\mooney_files\filelist.xml --> helloworldblue.net /mooney_files filelist.xml
2004.09.15 17:20 B C:\AAAAA-MonroeCoSite\mooney_files\image001.jpg --> helloworldblue.net /mooney_files image001.jpg
2004.09.15 17:20 B C:\AAAAA-MonroeCoSite\mooney_files\image002.jpg --> helloworldblue.net /mooney_files image002.jpg
2004.09.15 17:20 B C:\AAAAA-MonroeCoSite\mooney_files\WS_FTP.LOG --> helloworldblue.net /mooney_files WS_FTP.LOG
2004.09.16 01:53 A C:\AAAAA-MonroeCoSite\mooney_files\filelist.xml --> helloworldblue.net /MonroeCoOhPeopleandHistory/mooney_files filelist.xml
2004.09.16 01:53 A C:\AAAAA-MonroeCoSite\mooney_files\image001.jpg --> helloworldblue.net /MonroeCoOhPeopleandHistory/mooney_files image001.jpg
2004.09.16 01:53 A C:\AAAAA-MonroeCoSite\mooney_files\image002.jpg --> helloworldblue.net /MonroeCoOhPeopleandHistory/mooney_files image002.jpg
2004.09.16 01:53 A C:\AAAAA-MonroeCoSite\mooney_files\WS_FTP.LOG --> helloworldblue.net /MonroeCoOhPeopleandHistory/mooney_files WS_FTP.LOG
2004.10.10 00:43 B C:\AAAAA-MonCoHist_Gen\mooney_files\filelist.xml --> users.freepages.rootsweb.com /history_html/mooney_files filelist.xml
2004.10.10 00:43 B C:\AAAAA-MonCoHist_Gen\mooney_files\image001.jpg --> users.freepages.rootsweb.com /history_html/mooney_files image001.jpg
2004.10.10 00:43 B C:\AAAAA-MonCoHist_Gen\mooney_files\image002.jpg --> users.freepages.rootsweb.com /history_html/mooney_files image002.jpg
