2003.08.06 17:02 B C:\AAAAA-MonroeCoSite\Benwood_files\filelist.xml --> users.rootsweb.com /home0023/ohmccogs/public_html/Benwood_files filelist.xml
2003.08.06 17:02 B C:\AAAAA-MonroeCoSite\Benwood_files\image001.jpg --> users.rootsweb.com /home0023/ohmccogs/public_html/Benwood_files image001.jpg
2003.08.06 17:02 B C:\AAAAA-MonroeCoSite\Benwood_files\image002.jpg --> users.rootsweb.com /home0023/ohmccogs/public_html/Benwood_files image002.jpg
2004.04.04 16:17 B C:\AAAAA-MonroeCoSite\Benwood_files\filelist.xml --> users.rootsweb.com /home0023/ohmccogs/public_html/Benwood_files filelist.xml
2004.04.04 16:17 B C:\AAAAA-MonroeCoSite\Benwood_files\image001.jpg --> users.rootsweb.com /home0023/ohmccogs/public_html/Benwood_files image001.jpg
2004.04.04 16:17 B C:\AAAAA-MonroeCoSite\Benwood_files\image002.jpg --> users.rootsweb.com /home0023/ohmccogs/public_html/Benwood_files image002.jpg
2004.04.04 16:17 B C:\AAAAA-MonroeCoSite\Benwood_files\image003.jpg --> users.rootsweb.com /home0023/ohmccogs/public_html/Benwood_files image003.jpg
2004.04.04 16:17 B C:\AAAAA-MonroeCoSite\Benwood_files\image004.jpg --> users.rootsweb.com /home0023/ohmccogs/public_html/Benwood_files image004.jpg
2004.04.04 16:17 B C:\AAAAA-MonroeCoSite\Benwood_files\Thumbs.db --> users.rootsweb.com /home0023/ohmccogs/public_html/Benwood_files Thumbs.db
2004.04.04 16:17 B C:\AAAAA-MonroeCoSite\Benwood_files\WS_FTP.LOG --> users.rootsweb.com /home0023/ohmccogs/public_html/Benwood_files WS_FTP.LOG
2004.04.04 16:18 B C:\AAAAA-MonroeCoSite\Benwood_files\filelist.xml --> users.rootsweb.com /home0023/ohmccogs/public_html/Benwood_files filelist.xml
2004.04.04 16:18 B C:\AAAAA-MonroeCoSite\Benwood_files\image001.jpg --> users.rootsweb.com /home0023/ohmccogs/public_html/Benwood_files image001.jpg
2004.04.04 16:18 B C:\AAAAA-MonroeCoSite\Benwood_files\image002.jpg --> users.rootsweb.com /home0023/ohmccogs/public_html/Benwood_files image002.jpg
2004.04.04 16:18 B C:\AAAAA-MonroeCoSite\Benwood_files\image003.jpg --> users.rootsweb.com /home0023/ohmccogs/public_html/Benwood_files image003.jpg
2004.04.04 16:18 B C:\AAAAA-MonroeCoSite\Benwood_files\image004.jpg --> users.rootsweb.com /home0023/ohmccogs/public_html/Benwood_files image004.jpg
2004.04.04 16:18 B C:\AAAAA-MonroeCoSite\Benwood_files\Thumbs.db --> users.rootsweb.com /home0023/ohmccogs/public_html/Benwood_files Thumbs.db
2004.04.04 16:18 B C:\AAAAA-MonroeCoSite\Benwood_files\WS_FTP.LOG --> users.rootsweb.com /home0023/ohmccogs/public_html/Benwood_files WS_FTP.LOG
2004.09.15 16:18 B C:\AAAAA-MonroeCoSite\Benwood_files\filelist.xml --> helloworldblue.net /Benwood_files filelist.xml
2004.09.15 16:18 B C:\AAAAA-MonroeCoSite\Benwood_files\image001.jpg --> helloworldblue.net /Benwood_files image001.jpg
2004.09.15 16:18 B C:\AAAAA-MonroeCoSite\Benwood_files\image002.jpg --> helloworldblue.net /Benwood_files image002.jpg
2004.09.15 16:18 B C:\AAAAA-MonroeCoSite\Benwood_files\image003.jpg --> helloworldblue.net /Benwood_files image003.jpg
2004.09.15 16:18 B C:\AAAAA-MonroeCoSite\Benwood_files\image004.jpg --> helloworldblue.net /Benwood_files image004.jpg
2004.09.15 16:18 B C:\AAAAA-MonroeCoSite\Benwood_files\Thumbs.db --> helloworldblue.net /Benwood_files Thumbs.db
2004.09.15 16:18 B C:\AAAAA-MonroeCoSite\Benwood_files\WS_FTP.LOG --> helloworldblue.net /Benwood_files WS_FTP.LOG
2004.09.16 01:17 A C:\AAAAA-MonroeCoSite\Benwood_files\filelist.xml --> helloworldblue.net /MonroeCoOhPeopleandHistory/Benwood_files filelist.xml
2004.09.16 01:17 A C:\AAAAA-MonroeCoSite\Benwood_files\image001.jpg --> helloworldblue.net /MonroeCoOhPeopleandHistory/Benwood_files image001.jpg
2004.09.16 01:17 A C:\AAAAA-MonroeCoSite\Benwood_files\image002.jpg --> helloworldblue.net /MonroeCoOhPeopleandHistory/Benwood_files image002.jpg
2004.09.16 01:17 A C:\AAAAA-MonroeCoSite\Benwood_files\image003.jpg --> helloworldblue.net /MonroeCoOhPeopleandHistory/Benwood_files image003.jpg
2004.09.16 01:17 A C:\AAAAA-MonroeCoSite\Benwood_files\image004.jpg --> helloworldblue.net /MonroeCoOhPeopleandHistory/Benwood_files image004.jpg
2004.09.16 01:17 A C:\AAAAA-MonroeCoSite\Benwood_files\Thumbs.db --> helloworldblue.net /MonroeCoOhPeopleandHistory/Benwood_files Thumbs.db
2004.09.16 01:17 A C:\AAAAA-MonroeCoSite\Benwood_files\WS_FTP.LOG --> helloworldblue.net /MonroeCoOhPeopleandHistory/Benwood_files WS_FTP.LOG
2004.10.09 23:31 B C:\AAAAA-MonCoHist_Gen\Benwood_files\filelist.xml --> users.freepages.rootsweb.com /history_html/Benwood_files filelist.xml
2004.10.09 23:31 B C:\AAAAA-MonCoHist_Gen\Benwood_files\image001.jpg --> users.freepages.rootsweb.com /history_html/Benwood_files image001.jpg
2004.10.09 23:31 B C:\AAAAA-MonCoHist_Gen\Benwood_files\image002.jpg --> users.freepages.rootsweb.com /history_html/Benwood_files image002.jpg
2004.10.09 23:31 B C:\AAAAA-MonCoHist_Gen\Benwood_files\image003.jpg --> users.freepages.rootsweb.com /history_html/Benwood_files image003.jpg
2004.10.09 23:31 B C:\AAAAA-MonCoHist_Gen\Benwood_files\image004.jpg --> users.freepages.rootsweb.com /history_html/Benwood_files image004.jpg
2004.10.09 23:31 B C:\AAAAA-MonCoHist_Gen\Benwood_files\Thumbs.db --> users.freepages.rootsweb.com /history_html/Benwood_files Thumbs.db
