2003.03.19 22:13 B C:\AAAAA-MonroeCoSite\OldNewsLtrs\1995\HERITAGE.DOC --> helloworldblue.net /web/MCCofOGS/OldNewsLtrs/1995 HERITAGE.DOC
2003.03.19 22:13 B C:\AAAAA-MonroeCoSite\OldNewsLtrs\1995\HIGHMAN.DOC --> helloworldblue.net /web/MCCofOGS/OldNewsLtrs/1995 HIGHMAN.DOC
2003.03.19 22:13 B C:\AAAAA-MonroeCoSite\OldNewsLtrs\1995\INDEX.DOC --> helloworldblue.net /web/MCCofOGS/OldNewsLtrs/1995 INDEX.DOC
2003.03.19 22:13 B C:\AAAAA-MonroeCoSite\OldNewsLtrs\1995\JANNEWS.DOC --> helloworldblue.net /web/MCCofOGS/OldNewsLtrs/1995 JANNEWS.DOC
2003.03.19 22:13 B C:\AAAAA-MonroeCoSite\OldNewsLtrs\1995\JANNOTES.DOC --> helloworldblue.net /web/MCCofOGS/OldNewsLtrs/1995 JANNOTES.DOC
2003.03.19 22:13 B C:\AAAAA-MonroeCoSite\OldNewsLtrs\1995\JANQUER.DOC --> helloworldblue.net /web/MCCofOGS/OldNewsLtrs/1995 JANQUER.DOC
2003.03.19 22:13 B C:\AAAAA-MonroeCoSite\OldNewsLtrs\1995\JANSUR.DOC --> helloworldblue.net /web/MCCofOGS/OldNewsLtrs/1995 JANSUR.DOC
2003.03.19 22:13 B C:\AAAAA-MonroeCoSite\OldNewsLtrs\1995\JUL1833.DOC --> helloworldblue.net /web/MCCofOGS/OldNewsLtrs/1995 JUL1833.DOC
2003.03.19 22:13 B C:\AAAAA-MonroeCoSite\OldNewsLtrs\1995\JULBIRTH.DOC --> helloworldblue.net /web/MCCofOGS/OldNewsLtrs/1995 JULBIRTH.DOC
2003.03.19 22:13 B C:\AAAAA-MonroeCoSite\OldNewsLtrs\1995\JULDEATH.DOC --> helloworldblue.net /web/MCCofOGS/OldNewsLtrs/1995 JULDEATH.DOC
2003.03.19 22:13 B C:\AAAAA-MonroeCoSite\OldNewsLtrs\1995\JULNOTES.DOC --> helloworldblue.net /web/MCCofOGS/OldNewsLtrs/1995 JULNOTES.DOC
2003.03.19 22:13 B C:\AAAAA-MonroeCoSite\OldNewsLtrs\1995\JULQUER.DOC --> helloworldblue.net /web/MCCofOGS/OldNewsLtrs/1995 JULQUER.DOC
2003.03.19 22:13 B C:\AAAAA-MonroeCoSite\OldNewsLtrs\1995\JULSUR.DOC --> helloworldblue.net /web/MCCofOGS/OldNewsLtrs/1995 JULSUR.DOC
2003.03.19 22:13 B C:\AAAAA-MonroeCoSite\OldNewsLtrs\1995\MONGER.DOC --> helloworldblue.net /web/MCCofOGS/OldNewsLtrs/1995 MONGER.DOC
2003.03.19 22:13 B C:\AAAAA-MonroeCoSite\OldNewsLtrs\1995\MUHLEMAN --> helloworldblue.net /web/MCCofOGS/OldNewsLtrs/1995 MUHLEMAN
2003.03.19 22:13 B C:\AAAAA-MonroeCoSite\OldNewsLtrs\1995\MUHLEMAN.DOC --> helloworldblue.net /web/MCCofOGS/OldNewsLtrs/1995 MUHLEMAN.DOC
2003.03.19 22:13 B C:\AAAAA-MonroeCoSite\OldNewsLtrs\1995\OCT1833.DOC --> helloworldblue.net /web/MCCofOGS/OldNewsLtrs/1995 OCT1833.DOC
2003.03.19 22:13 B C:\AAAAA-MonroeCoSite\OldNewsLtrs\1995\OCTBIRTH.DOC --> helloworldblue.net /web/MCCofOGS/OldNewsLtrs/1995 OCTBIRTH.DOC
2003.03.19 22:13 B C:\AAAAA-MonroeCoSite\OldNewsLtrs\1995\OCTDEATH.DOC --> helloworldblue.net /web/MCCofOGS/OldNewsLtrs/1995 OCTDEATH.DOC
2003.03.19 22:13 B C:\AAAAA-MonroeCoSite\OldNewsLtrs\1995\OCTFRONT.DOC --> helloworldblue.net /web/MCCofOGS/OldNewsLtrs/1995 OCTFRONT.DOC
2003.03.19 22:13 B C:\AAAAA-MonroeCoSite\OldNewsLtrs\1995\OCTNOTES.DOC --> helloworldblue.net /web/MCCofOGS/OldNewsLtrs/1995 OCTNOTES.DOC
2003.03.19 22:13 B C:\AAAAA-MonroeCoSite\OldNewsLtrs\1995\OCTQUER.DOC --> helloworldblue.net /web/MCCofOGS/OldNewsLtrs/1995 OCTQUER.DOC
2003.03.19 22:13 B C:\AAAAA-MonroeCoSite\OldNewsLtrs\1995\OCTSUR.DOC --> helloworldblue.net /web/MCCofOGS/OldNewsLtrs/1995 OCTSUR.DOC
2003.03.19 22:13 B C:\AAAAA-MonroeCoSite\OldNewsLtrs\1995\PFS.DIR --> helloworldblue.net /web/MCCofOGS/OldNewsLtrs/1995 PFS.DIR
2003.03.19 22:13 B C:\AAAAA-MonroeCoSite\OldNewsLtrs\1995\POEM.DOC --> helloworldblue.net /web/MCCofOGS/OldNewsLtrs/1995 POEM.DOC
2003.03.19 22:13 B C:\AAAAA-MonroeCoSite\OldNewsLtrs\1995\SALEMREC.DOC --> helloworldblue.net /web/MCCofOGS/OldNewsLtrs/1995 SALEMREC.DOC
2003.03.19 22:13 B C:\AAAAA-MonroeCoSite\OldNewsLtrs\1995\SHIPWREC --> helloworldblue.net /web/MCCofOGS/OldNewsLtrs/1995 SHIPWREC
2003.03.19 22:13 B C:\AAAAA-MonroeCoSite\OldNewsLtrs\1995\SLIDE --> helloworldblue.net /web/MCCofOGS/OldNewsLtrs/1995 SLIDE
2003.03.19 22:13 B C:\AAAAA-MonroeCoSite\OldNewsLtrs\1995\SPIRIT.DOC --> helloworldblue.net /web/MCCofOGS/OldNewsLtrs/1995 SPIRIT.DOC
2003.03.19 22:13 B C:\AAAAA-MonroeCoSite\OldNewsLtrs\1995\SWZSETTL.DOC --> helloworldblue.net /web/MCCofOGS/OldNewsLtrs/1995 SWZSETTL.DOC
2003.03.19 22:13 B C:\AAAAA-MonroeCoSite\OldNewsLtrs\1995\TAX1833.DOC --> helloworldblue.net /web/MCCofOGS/OldNewsLtrs/1995 TAX1833.DOC
2003.03.19 22:13 B C:\AAAAA-MonroeCoSite\OldNewsLtrs\1995\WVMAR.DOC --> helloworldblue.net /web/MCCofOGS/OldNewsLtrs/1995 WVMAR.DOC
2003.03.19 22:13 B C:\AAAAA-MonroeCoSite\OldNewsLtrs\1995\ZIONREC.DOC --> helloworldblue.net /web/MCCofOGS/OldNewsLtrs/1995 ZIONREC.DOC
2004.09.15 14:49 B C:\AAAAA-MonroeCoSite\OldNewsLtrs\1995\HERITAGE.DOC --> helloworldblue.net /MonroeCoOhPeopleandHistory/OldNewsLtrs/1995 HERITAGE.DOC
2004.09.15 14:49 B C:\AAAAA-MonroeCoSite\OldNewsLtrs\1995\HIGHMAN.DOC --> helloworldblue.net /MonroeCoOhPeopleandHistory/OldNewsLtrs/1995 HIGHMAN.DOC
2004.09.15 14:49 B C:\AAAAA-MonroeCoSite\OldNewsLtrs\1995\INDEX.DOC --> helloworldblue.net /MonroeCoOhPeopleandHistory/OldNewsLtrs/1995 INDEX.DOC
2004.09.15 14:49 B C:\AAAAA-MonroeCoSite\OldNewsLtrs\1995\JANNEWS.DOC --> helloworldblue.net /MonroeCoOhPeopleandHistory/OldNewsLtrs/1995 JANNEWS.DOC
2004.09.15 14:49 B C:\AAAAA-MonroeCoSite\OldNewsLtrs\1995\JANNOTES.DOC --> helloworldblue.net /MonroeCoOhPeopleandHistory/OldNewsLtrs/1995 JANNOTES.DOC
2004.09.15 14:49 B C:\AAAAA-MonroeCoSite\OldNewsLtrs\1995\JANQUER.DOC --> helloworldblue.net /MonroeCoOhPeopleandHistory/OldNewsLtrs/1995 JANQUER.DOC
2004.09.15 14:49 B C:\AAAAA-MonroeCoSite\OldNewsLtrs\1995\JANSUR.DOC --> helloworldblue.net /MonroeCoOhPeopleandHistory/OldNewsLtrs/1995 JANSUR.DOC
2004.09.15 14:49 B C:\AAAAA-MonroeCoSite\OldNewsLtrs\1995\JUL1833.DOC --> helloworldblue.net /MonroeCoOhPeopleandHistory/OldNewsLtrs/1995 JUL1833.DOC
2004.09.15 14:49 B C:\AAAAA-MonroeCoSite\OldNewsLtrs\1995\JULBIRTH.DOC --> helloworldblue.net /MonroeCoOhPeopleandHistory/OldNewsLtrs/1995 JULBIRTH.DOC
2004.09.15 14:49 B C:\AAAAA-MonroeCoSite\OldNewsLtrs\1995\JULDEATH.DOC --> helloworldblue.net /MonroeCoOhPeopleandHistory/OldNewsLtrs/1995 JULDEATH.DOC
2004.09.15 14:49 B C:\AAAAA-MonroeCoSite\OldNewsLtrs\1995\JULNOTES.DOC --> helloworldblue.net /MonroeCoOhPeopleandHistory/OldNewsLtrs/1995 JULNOTES.DOC
2004.09.15 14:49 B C:\AAAAA-MonroeCoSite\OldNewsLtrs\1995\JULQUER.DOC --> helloworldblue.net /MonroeCoOhPeopleandHistory/OldNewsLtrs/1995 JULQUER.DOC
2004.09.15 14:49 B C:\AAAAA-MonroeCoSite\OldNewsLtrs\1995\JULSUR.DOC --> helloworldblue.net /MonroeCoOhPeopleandHistory/OldNewsLtrs/1995 JULSUR.DOC
2004.09.15 14:49 B C:\AAAAA-MonroeCoSite\OldNewsLtrs\1995\MONGER.DOC --> helloworldblue.net /MonroeCoOhPeopleandHistory/OldNewsLtrs/1995 MONGER.DOC
2004.09.15 14:49 B C:\AAAAA-MonroeCoSite\OldNewsLtrs\1995\MUHLEMAN --> helloworldblue.net /MonroeCoOhPeopleandHistory/OldNewsLtrs/1995 MUHLEMAN
2004.09.15 14:49 B C:\AAAAA-MonroeCoSite\OldNewsLtrs\1995\MUHLEMAN.DOC --> helloworldblue.net /MonroeCoOhPeopleandHistory/OldNewsLtrs/1995 MUHLEMAN.DOC
2004.09.15 14:49 B C:\AAAAA-MonroeCoSite\OldNewsLtrs\1995\OCT1833.DOC --> helloworldblue.net /MonroeCoOhPeopleandHistory/OldNewsLtrs/1995 OCT1833.DOC
2004.09.15 14:49 B C:\AAAAA-MonroeCoSite\OldNewsLtrs\1995\OCTBIRTH.DOC --> helloworldblue.net /MonroeCoOhPeopleandHistory/OldNewsLtrs/1995 OCTBIRTH.DOC
2004.09.15 14:49 B C:\AAAAA-MonroeCoSite\OldNewsLtrs\1995\OCTDEATH.DOC --> helloworldblue.net /MonroeCoOhPeopleandHistory/OldNewsLtrs/1995 OCTDEATH.DOC
2004.09.15 14:49 B C:\AAAAA-MonroeCoSite\OldNewsLtrs\1995\OCTFRONT.DOC --> helloworldblue.net /MonroeCoOhPeopleandHistory/OldNewsLtrs/1995 OCTFRONT.DOC
2004.09.15 14:49 B C:\AAAAA-MonroeCoSite\OldNewsLtrs\1995\OCTNOTES.DOC --> helloworldblue.net /MonroeCoOhPeopleandHistory/OldNewsLtrs/1995 OCTNOTES.DOC
2004.09.15 14:49 B C:\AAAAA-MonroeCoSite\OldNewsLtrs\1995\OCTQUER.DOC --> helloworldblue.net /MonroeCoOhPeopleandHistory/OldNewsLtrs/1995 OCTQUER.DOC
2004.09.15 14:49 B C:\AAAAA-MonroeCoSite\OldNewsLtrs\1995\OCTSUR.DOC --> helloworldblue.net /MonroeCoOhPeopleandHistory/OldNewsLtrs/1995 OCTSUR.DOC
2004.09.15 14:49 B C:\AAAAA-MonroeCoSite\OldNewsLtrs\1995\PFS.DIR --> helloworldblue.net /MonroeCoOhPeopleandHistory/OldNewsLtrs/1995 PFS.DIR
2004.09.15 14:49 B C:\AAAAA-MonroeCoSite\OldNewsLtrs\1995\POEM.DOC --> helloworldblue.net /MonroeCoOhPeopleandHistory/OldNewsLtrs/1995 POEM.DOC
2004.09.15 14:49 B C:\AAAAA-MonroeCoSite\OldNewsLtrs\1995\SALEMREC.DOC --> helloworldblue.net /MonroeCoOhPeopleandHistory/OldNewsLtrs/1995 SALEMREC.DOC
2004.09.15 14:49 B C:\AAAAA-MonroeCoSite\OldNewsLtrs\1995\SHIPWREC --> helloworldblue.net /MonroeCoOhPeopleandHistory/OldNewsLtrs/1995 SHIPWREC
2004.09.15 14:49 B C:\AAAAA-MonroeCoSite\OldNewsLtrs\1995\SLIDE --> helloworldblue.net /MonroeCoOhPeopleandHistory/OldNewsLtrs/1995 SLIDE
2004.09.15 14:49 B C:\AAAAA-MonroeCoSite\OldNewsLtrs\1995\SPIRIT.DOC --> helloworldblue.net /MonroeCoOhPeopleandHistory/OldNewsLtrs/1995 SPIRIT.DOC
2004.09.15 14:49 B C:\AAAAA-MonroeCoSite\OldNewsLtrs\1995\SWZSETTL.DOC --> helloworldblue.net /MonroeCoOhPeopleandHistory/OldNewsLtrs/1995 SWZSETTL.DOC
2004.09.15 14:49 B C:\AAAAA-MonroeCoSite\OldNewsLtrs\1995\TAX1833.DOC --> helloworldblue.net /MonroeCoOhPeopleandHistory/OldNewsLtrs/1995 TAX1833.DOC
2004.09.15 14:49 B C:\AAAAA-MonroeCoSite\OldNewsLtrs\1995\WS_FTP.LOG --> helloworldblue.net /MonroeCoOhPeopleandHistory/OldNewsLtrs/1995 WS_FTP.LOG
2004.09.15 14:49 B C:\AAAAA-MonroeCoSite\OldNewsLtrs\1995\WVMAR.DOC --> helloworldblue.net /MonroeCoOhPeopleandHistory/OldNewsLtrs/1995 WVMAR.DOC
2004.09.15 14:49 B C:\AAAAA-MonroeCoSite\OldNewsLtrs\1995\ZIONREC.DOC --> helloworldblue.net /MonroeCoOhPeopleandHistory/OldNewsLtrs/1995 ZIONREC.DOC
2004.10.10 00:52 B C:\AAAAA-MonCoHist_Gen\OldNewsLtrs\1995\HERITAGE.DOC --> users.freepages.rootsweb.com /history_html/OldNewsLtrs/1995 HERITAGE.DOC
2004.10.10 00:52 B C:\AAAAA-MonCoHist_Gen\OldNewsLtrs\1995\HIGHMAN.DOC --> users.freepages.rootsweb.com /history_html/OldNewsLtrs/1995 HIGHMAN.DOC
2004.10.10 00:52 B C:\AAAAA-MonCoHist_Gen\OldNewsLtrs\1995\INDEX.DOC --> users.freepages.rootsweb.com /history_html/OldNewsLtrs/1995 INDEX.DOC
2004.10.10 00:52 B C:\AAAAA-MonCoHist_Gen\OldNewsLtrs\1995\JANNEWS.DOC --> users.freepages.rootsweb.com /history_html/OldNewsLtrs/1995 JANNEWS.DOC
2004.10.10 00:52 B C:\AAAAA-MonCoHist_Gen\OldNewsLtrs\1995\JANNOTES.DOC --> users.freepages.rootsweb.com /history_html/OldNewsLtrs/1995 JANNOTES.DOC
2004.10.10 00:52 B C:\AAAAA-MonCoHist_Gen\OldNewsLtrs\1995\JANQUER.DOC --> users.freepages.rootsweb.com /history_html/OldNewsLtrs/1995 JANQUER.DOC
2004.10.10 00:52 B C:\AAAAA-MonCoHist_Gen\OldNewsLtrs\1995\JANSUR.DOC --> users.freepages.rootsweb.com /history_html/OldNewsLtrs/1995 JANSUR.DOC
2004.10.10 00:52 B C:\AAAAA-MonCoHist_Gen\OldNewsLtrs\1995\JUL1833.DOC --> users.freepages.rootsweb.com /history_html/OldNewsLtrs/1995 JUL1833.DOC
2004.10.10 00:52 B C:\AAAAA-MonCoHist_Gen\OldNewsLtrs\1995\JULBIRTH.DOC --> users.freepages.rootsweb.com /history_html/OldNewsLtrs/1995 JULBIRTH.DOC
2004.10.10 00:52 B C:\AAAAA-MonCoHist_Gen\OldNewsLtrs\1995\JULDEATH.DOC --> users.freepages.rootsweb.com /history_html/OldNewsLtrs/1995 JULDEATH.DOC
2004.10.10 00:52 B C:\AAAAA-MonCoHist_Gen\OldNewsLtrs\1995\JULNOTES.DOC --> users.freepages.rootsweb.com /history_html/OldNewsLtrs/1995 JULNOTES.DOC
2004.10.10 00:52 B C:\AAAAA-MonCoHist_Gen\OldNewsLtrs\1995\JULQUER.DOC --> users.freepages.rootsweb.com /history_html/OldNewsLtrs/1995 JULQUER.DOC
2004.10.10 00:52 B C:\AAAAA-MonCoHist_Gen\OldNewsLtrs\1995\JULSUR.DOC --> users.freepages.rootsweb.com /history_html/OldNewsLtrs/1995 JULSUR.DOC
2004.10.10 00:52 B C:\AAAAA-MonCoHist_Gen\OldNewsLtrs\1995\MONGER.DOC --> users.freepages.rootsweb.com /history_html/OldNewsLtrs/1995 MONGER.DOC
2004.10.10 00:52 B C:\AAAAA-MonCoHist_Gen\OldNewsLtrs\1995\MUHLEMAN --> users.freepages.rootsweb.com /history_html/OldNewsLtrs/1995 MUHLEMAN
2004.10.10 00:52 B C:\AAAAA-MonCoHist_Gen\OldNewsLtrs\1995\MUHLEMAN.DOC --> users.freepages.rootsweb.com /history_html/OldNewsLtrs/1995 MUHLEMAN.DOC
2004.10.10 00:52 B C:\AAAAA-MonCoHist_Gen\OldNewsLtrs\1995\OCT1833.DOC --> users.freepages.rootsweb.com /history_html/OldNewsLtrs/1995 OCT1833.DOC
2004.10.10 00:52 B C:\AAAAA-MonCoHist_Gen\OldNewsLtrs\1995\OCTBIRTH.DOC --> users.freepages.rootsweb.com /history_html/OldNewsLtrs/1995 OCTBIRTH.DOC
2004.10.10 00:53 B C:\AAAAA-MonCoHist_Gen\OldNewsLtrs\1995\OCTDEATH.DOC --> users.freepages.rootsweb.com /history_html/OldNewsLtrs/1995 OCTDEATH.DOC
2004.10.10 00:53 B C:\AAAAA-MonCoHist_Gen\OldNewsLtrs\1995\OCTFRONT.DOC --> users.freepages.rootsweb.com /history_html/OldNewsLtrs/1995 OCTFRONT.DOC
2004.10.10 00:53 B C:\AAAAA-MonCoHist_Gen\OldNewsLtrs\1995\OCTNOTES.DOC --> users.freepages.rootsweb.com /history_html/OldNewsLtrs/1995 OCTNOTES.DOC
2004.10.10 00:53 B C:\AAAAA-MonCoHist_Gen\OldNewsLtrs\1995\OCTQUER.DOC --> users.freepages.rootsweb.com /history_html/OldNewsLtrs/1995 OCTQUER.DOC
2004.10.10 00:53 B C:\AAAAA-MonCoHist_Gen\OldNewsLtrs\1995\OCTSUR.DOC --> users.freepages.rootsweb.com /history_html/OldNewsLtrs/1995 OCTSUR.DOC
2004.10.10 00:53 B C:\AAAAA-MonCoHist_Gen\OldNewsLtrs\1995\PFS.DIR --> users.freepages.rootsweb.com /history_html/OldNewsLtrs/1995 PFS.DIR
2004.10.10 00:53 B C:\AAAAA-MonCoHist_Gen\OldNewsLtrs\1995\POEM.DOC --> users.freepages.rootsweb.com /history_html/OldNewsLtrs/1995 POEM.DOC
2004.10.10 00:53 B C:\AAAAA-MonCoHist_Gen\OldNewsLtrs\1995\SALEMREC.DOC --> users.freepages.rootsweb.com /history_html/OldNewsLtrs/1995 SALEMREC.DOC
2004.10.10 00:53 B C:\AAAAA-MonCoHist_Gen\OldNewsLtrs\1995\SHIPWREC --> users.freepages.rootsweb.com /history_html/OldNewsLtrs/1995 SHIPWREC
2004.10.10 00:53 B C:\AAAAA-MonCoHist_Gen\OldNewsLtrs\1995\SLIDE --> users.freepages.rootsweb.com /history_html/OldNewsLtrs/1995 SLIDE
2004.10.10 00:53 B C:\AAAAA-MonCoHist_Gen\OldNewsLtrs\1995\SPIRIT.DOC --> users.freepages.rootsweb.com /history_html/OldNewsLtrs/1995 SPIRIT.DOC
2004.10.10 00:53 B C:\AAAAA-MonCoHist_Gen\OldNewsLtrs\1995\SWZSETTL.DOC --> users.freepages.rootsweb.com /history_html/OldNewsLtrs/1995 SWZSETTL.DOC
2004.10.10 00:53 B C:\AAAAA-MonCoHist_Gen\OldNewsLtrs\1995\TAX1833.DOC --> users.freepages.rootsweb.com /history_html/OldNewsLtrs/1995 TAX1833.DOC
