2001.04.14 17:15 B C:\AAAAA-MonroeCoSite\first.txt <-- AA-MonroeCo /home0023/ohmccogs/public_html first.txt
2001.04.14 17:15 B C:\AAAAA-MonroeCoSite\index.htm <-- AA-MonroeCo /home0023/ohmccogs/public_html index.htm
2001.04.14 17:15 B C:\AAAAA-MonroeCoSite\mcgs-p.htm <-- AA-MonroeCo /home0023/ohmccogs/public_html mcgs-p.htm
2001.04.14 17:15 B C:\AAAAA-MonroeCoSite\mogsbook.txt <-- AA-MonroeCo /home0023/ohmccogs/public_html mogsbook.txt
2001.04.14 17:15 B C:\AAAAA-MonroeCoSite\mogsmem.txt <-- AA-MonroeCo /home0023/ohmccogs/public_html mogsmem.txt
2001.04.14 17:15 B C:\AAAAA-MonroeCoSite\pioneer.txt <-- AA-MonroeCo /home0023/ohmccogs/public_html pioneer.txt
2001.04.16 12:55 B C:\AAAAA-MonroeCoSite\index.htm --> users.rootsweb.com /home0023/ohmccogs/public_html index.htm
2003.03.19 21:44 B C:\AAAAA-MonroeCoSite\ExcessFiles\3churches.wpd --> helloworldblue.net /web/MCCofOGS/ExcessFiles 3churches.wpd
2003.03.19 21:44 B C:\AAAAA-MonroeCoSite\ExcessFiles\AAAAA-MonroeCoSite --> helloworldblue.net /web/MCCofOGS/ExcessFiles AAAAA-MonroeCoSite
2003.03.19 21:44 B C:\AAAAA-MonroeCoSite\ExcessFiles\AboutThisSite.doc --> helloworldblue.net /web/MCCofOGS/ExcessFiles AboutThisSite.doc
2003.03.19 21:44 B C:\AAAAA-MonroeCoSite\ExcessFiles\BACK ISSUES.doc --> helloworldblue.net /web/MCCofOGS/ExcessFiles BACK ISSUES.doc
2003.03.19 21:44 B C:\AAAAA-MonroeCoSite\ExcessFiles\Baker.wpd --> helloworldblue.net /web/MCCofOGS/ExcessFiles Baker.wpd
2003.03.19 21:44 B C:\AAAAA-MonroeCoSite\ExcessFiles\bar1.doc --> helloworldblue.net /web/MCCofOGS/ExcessFiles bar1.doc
2003.03.19 21:44 B C:\AAAAA-MonroeCoSite\ExcessFiles\bar1.gif --> helloworldblue.net /web/MCCofOGS/ExcessFiles bar1.gif
2003.03.19 21:44 B C:\AAAAA-MonroeCoSite\ExcessFiles\bar2.gif --> helloworldblue.net /web/MCCofOGS/ExcessFiles bar2.gif
2003.03.19 21:44 B C:\AAAAA-MonroeCoSite\ExcessFiles\bars.doc --> helloworldblue.net /web/MCCofOGS/ExcessFiles bars.doc
2003.03.19 21:44 B C:\AAAAA-MonroeCoSite\ExcessFiles\Box1.doc --> helloworldblue.net /web/MCCofOGS/ExcessFiles Box1.doc
2003.03.19 21:44 B C:\AAAAA-MonroeCoSite\ExcessFiles\Box1t.doc --> helloworldblue.net /web/MCCofOGS/ExcessFiles Box1t.doc
2003.03.19 21:44 B C:\AAAAA-MonroeCoSite\ExcessFiles\Box2.doc --> helloworldblue.net /web/MCCofOGS/ExcessFiles Box2.doc
2003.03.19 21:44 B C:\AAAAA-MonroeCoSite\ExcessFiles\Box2t.doc --> helloworldblue.net /web/MCCofOGS/ExcessFiles Box2t.doc
2003.03.19 21:44 B C:\AAAAA-MonroeCoSite\ExcessFiles\Box3.doc --> helloworldblue.net /web/MCCofOGS/ExcessFiles Box3.doc
2003.03.19 21:44 B C:\AAAAA-MonroeCoSite\ExcessFiles\Box4.doc --> helloworldblue.net /web/MCCofOGS/ExcessFiles Box4.doc
2003.03.19 21:44 B C:\AAAAA-MonroeCoSite\ExcessFiles\burke.doc --> helloworldblue.net /web/MCCofOGS/ExcessFiles burke.doc
2003.03.19 21:45 B C:\AAAAA-MonroeCoSite\ExcessFiles\button1.gif --> helloworldblue.net /web/MCCofOGS/ExcessFiles button1.gif
2003.03.19 21:45 B C:\AAAAA-MonroeCoSite\ExcessFiles\button3.gif --> helloworldblue.net /web/MCCofOGS/ExcessFiles button3.gif
2003.03.19 21:45 B C:\AAAAA-MonroeCoSite\ExcessFiles\buttonsm.doc --> helloworldblue.net /web/MCCofOGS/ExcessFiles buttonsm.doc
2003.03.19 21:45 B C:\AAAAA-MonroeCoSite\ExcessFiles\Captina.doc --> helloworldblue.net /web/MCCofOGS/ExcessFiles Captina.doc
2003.03.19 21:45 B C:\AAAAA-MonroeCoSite\ExcessFiles\CemAlph.xls --> helloworldblue.net /web/MCCofOGS/ExcessFiles CemAlph.xls
2003.03.19 21:45 B C:\AAAAA-MonroeCoSite\ExcessFiles\Cemeteries.doc --> helloworldblue.net /web/MCCofOGS/ExcessFiles Cemeteries.doc
2003.03.19 21:45 B C:\AAAAA-MonroeCoSite\ExcessFiles\CENSUS.txt --> helloworldblue.net /web/MCCofOGS/ExcessFiles CENSUS.txt
2003.03.19 21:45 B C:\AAAAA-MonroeCoSite\ExcessFiles\contact.htm --> helloworldblue.net /web/MCCofOGS/ExcessFiles contact.htm
2003.03.19 21:45 B C:\AAAAA-MonroeCoSite\ExcessFiles\CrowFamily.doc --> helloworldblue.net /web/MCCofOGS/ExcessFiles CrowFamily.doc
2003.03.19 21:45 B C:\AAAAA-MonroeCoSite\ExcessFiles\Drum.doc --> helloworldblue.net /web/MCCofOGS/ExcessFiles Drum.doc
2003.03.19 21:45 B C:\AAAAA-MonroeCoSite\ExcessFiles\DrumMassacre.doc --> helloworldblue.net /web/MCCofOGS/ExcessFiles DrumMassacre.doc
2003.03.19 21:45 B C:\AAAAA-MonroeCoSite\ExcessFiles\Emblem+x.eml --> helloworldblue.net /web/MCCofOGS/ExcessFiles Emblem+x.eml
2003.03.19 21:45 B C:\AAAAA-MonroeCoSite\ExcessFiles\Emblemx.GIF --> helloworldblue.net /web/MCCofOGS/ExcessFiles Emblemx.GIF
2003.03.19 21:45 B C:\AAAAA-MonroeCoSite\ExcessFiles\Emblemxa.gif --> helloworldblue.net /web/MCCofOGS/ExcessFiles Emblemxa.gif
2003.03.19 21:45 B C:\AAAAA-MonroeCoSite\ExcessFiles\FamilyTrees.doc --> helloworldblue.net /web/MCCofOGS/ExcessFiles FamilyTrees.doc
2003.03.19 21:45 B C:\AAAAA-MonroeCoSite\ExcessFiles\Fedorchakblurbs.doc --> helloworldblue.net /web/MCCofOGS/ExcessFiles Fedorchakblurbs.doc
2003.03.19 21:45 B C:\AAAAA-MonroeCoSite\ExcessFiles\Fedorchakblurbs1.doc --> helloworldblue.net /web/MCCofOGS/ExcessFiles Fedorchakblurbs1.doc
2003.03.19 21:45 B C:\AAAAA-MonroeCoSite\ExcessFiles\Fedorchakblurbs2-1.doc --> helloworldblue.net /web/MCCofOGS/ExcessFiles Fedorchakblurbs2-1.doc
2003.03.19 21:45 B C:\AAAAA-MonroeCoSite\ExcessFiles\Fedorchakblurbs2-2.doc --> helloworldblue.net /web/MCCofOGS/ExcessFiles Fedorchakblurbs2-2.doc
2003.03.19 21:45 B C:\AAAAA-MonroeCoSite\ExcessFiles\Fedorchakblurbs3.doc --> helloworldblue.net /web/MCCofOGS/ExcessFiles Fedorchakblurbs3.doc
2003.03.19 21:45 B C:\AAAAA-MonroeCoSite\ExcessFiles\Fedorchakblurbs4.doc --> helloworldblue.net /web/MCCofOGS/ExcessFiles Fedorchakblurbs4.doc
2003.03.19 21:45 B C:\AAAAA-MonroeCoSite\ExcessFiles\Fedorchakblurbs5.doc --> helloworldblue.net /web/MCCofOGS/ExcessFiles Fedorchakblurbs5.doc
2003.03.19 21:45 B C:\AAAAA-MonroeCoSite\ExcessFiles\first.txt --> helloworldblue.net /web/MCCofOGS/ExcessFiles first.txt
2003.03.19 21:45 B C:\AAAAA-MonroeCoSite\ExcessFiles\firstx.wpd --> helloworldblue.net /web/MCCofOGS/ExcessFiles firstx.wpd
2003.03.19 21:45 B C:\AAAAA-MonroeCoSite\ExcessFiles\firstxw.doc --> helloworldblue.net /web/MCCofOGS/ExcessFiles firstxw.doc
2003.03.19 21:45 B C:\AAAAA-MonroeCoSite\ExcessFiles\firstxx.htm --> helloworldblue.net /web/MCCofOGS/ExcessFiles firstxx.htm
2003.03.19 21:45 B C:\AAAAA-MonroeCoSite\ExcessFiles\HelpWanted.doc --> helloworldblue.net /web/MCCofOGS/ExcessFiles HelpWanted.doc
2003.03.19 21:45 B C:\AAAAA-MonroeCoSite\ExcessFiles\index_b.htm --> helloworldblue.net /web/MCCofOGS/ExcessFiles index_b.htm
2003.03.19 21:45 B C:\AAAAA-MonroeCoSite\ExcessFiles\index_C.htm --> helloworldblue.net /web/MCCofOGS/ExcessFiles index_C.htm
2003.03.19 21:45 B C:\AAAAA-MonroeCoSite\ExcessFiles\indexOld1.htm --> helloworldblue.net /web/MCCofOGS/ExcessFiles indexOld1.htm
2003.03.19 21:45 B C:\AAAAA-MonroeCoSite\ExcessFiles\indexS.htm --> helloworldblue.net /web/MCCofOGS/ExcessFiles indexS.htm
2003.03.19 21:45 B C:\AAAAA-MonroeCoSite\ExcessFiles\IVORY.htm --> helloworldblue.net /web/MCCofOGS/ExcessFiles IVORY.htm
2003.03.19 21:45 B C:\AAAAA-MonroeCoSite\ExcessFiles\johnson.doc --> helloworldblue.net /web/MCCofOGS/ExcessFiles johnson.doc
2003.03.19 21:45 B C:\AAAAA-MonroeCoSite\ExcessFiles\line1.gif --> helloworldblue.net /web/MCCofOGS/ExcessFiles line1.gif
2003.03.19 21:45 B C:\AAAAA-MonroeCoSite\ExcessFiles\LINEN.htm --> helloworldblue.net /web/MCCofOGS/ExcessFiles LINEN.htm
2003.03.19 21:45 B C:\AAAAA-MonroeCoSite\ExcessFiles\LostCemetery.doc --> helloworldblue.net /web/MCCofOGS/ExcessFiles LostCemetery.doc
2003.03.19 21:45 B C:\AAAAA-MonroeCoSite\ExcessFiles\mcgs-p.htm --> helloworldblue.net /web/MCCofOGS/ExcessFiles mcgs-p.htm
2003.03.19 21:45 B C:\AAAAA-MonroeCoSite\ExcessFiles\MICROFILM.doc --> helloworldblue.net /web/MCCofOGS/ExcessFiles MICROFILM.doc
2003.03.19 21:45 B C:\AAAAA-MonroeCoSite\ExcessFiles\mogsbook.txt --> helloworldblue.net /web/MCCofOGS/ExcessFiles mogsbook.txt
2003.03.19 21:45 B C:\AAAAA-MonroeCoSite\ExcessFiles\mogsmem.txt --> helloworldblue.net /web/MCCofOGS/ExcessFiles mogsmem.txt
2003.03.19 21:45 B C:\AAAAA-MonroeCoSite\ExcessFiles\mogsmemx.wpd --> helloworldblue.net /web/MCCofOGS/ExcessFiles mogsmemx.wpd
2003.03.19 21:45 B C:\AAAAA-MonroeCoSite\ExcessFiles\mogsmemxw.doc --> helloworldblue.net /web/MCCofOGS/ExcessFiles mogsmemxw.doc
2003.03.19 21:45 B C:\AAAAA-MonroeCoSite\ExcessFiles\MonroeCoOrg.wpd --> helloworldblue.net /web/MCCofOGS/ExcessFiles MonroeCoOrg.wpd
2003.03.19 21:45 B C:\AAAAA-MonroeCoSite\ExcessFiles\ms241.tmp --> helloworldblue.net /web/MCCofOGS/ExcessFiles ms241.tmp
2003.03.19 21:45 B C:\AAAAA-MonroeCoSite\ExcessFiles\ms4103.tmp --> helloworldblue.net /web/MCCofOGS/ExcessFiles ms4103.tmp
2003.03.19 21:45 B C:\AAAAA-MonroeCoSite\ExcessFiles\ms5954.tmp --> helloworldblue.net /web/MCCofOGS/ExcessFiles ms5954.tmp
2003.03.19 21:45 B C:\AAAAA-MonroeCoSite\ExcessFiles\NAV10.txt --> helloworldblue.net /web/MCCofOGS/ExcessFiles NAV10.txt
2003.03.19 21:45 B C:\AAAAA-MonroeCoSite\ExcessFiles\NAV11.txt --> helloworldblue.net /web/MCCofOGS/ExcessFiles NAV11.txt
2003.03.19 21:45 B C:\AAAAA-MonroeCoSite\ExcessFiles\NAV11part.txt --> helloworldblue.net /web/MCCofOGS/ExcessFiles NAV11part.txt
2003.03.19 21:46 B C:\AAAAA-MonroeCoSite\ExcessFiles\Nav12.rtf --> helloworldblue.net /web/MCCofOGS/ExcessFiles Nav12.rtf
2003.03.19 21:46 B C:\AAAAA-MonroeCoSite\ExcessFiles\NAV4-1991.doc --> helloworldblue.net /web/MCCofOGS/ExcessFiles NAV4-1991.doc
2003.03.19 21:46 B C:\AAAAA-MonroeCoSite\ExcessFiles\NAV4P1-1991.txt --> helloworldblue.net /web/MCCofOGS/ExcessFiles NAV4P1-1991.txt
2003.03.19 21:46 B C:\AAAAA-MonroeCoSite\ExcessFiles\NAV4P10-1991.txt --> helloworldblue.net /web/MCCofOGS/ExcessFiles NAV4P10-1991.txt
2003.03.19 21:46 B C:\AAAAA-MonroeCoSite\ExcessFiles\NAV4P11-1991.txt --> helloworldblue.net /web/MCCofOGS/ExcessFiles NAV4P11-1991.txt
2003.03.19 21:46 B C:\AAAAA-MonroeCoSite\ExcessFiles\NAV4P12-1991.txt --> helloworldblue.net /web/MCCofOGS/ExcessFiles NAV4P12-1991.txt
2003.03.19 21:46 B C:\AAAAA-MonroeCoSite\ExcessFiles\NAV4P13-1991.txt --> helloworldblue.net /web/MCCofOGS/ExcessFiles NAV4P13-1991.txt
2003.03.19 21:46 B C:\AAAAA-MonroeCoSite\ExcessFiles\NAV4P14-1991.txt --> helloworldblue.net /web/MCCofOGS/ExcessFiles NAV4P14-1991.txt
2003.03.19 21:46 B C:\AAAAA-MonroeCoSite\ExcessFiles\NAV4P15-1991.txt --> helloworldblue.net /web/MCCofOGS/ExcessFiles NAV4P15-1991.txt
2003.03.19 21:46 B C:\AAAAA-MonroeCoSite\ExcessFiles\NAV4P2-1991.txt --> helloworldblue.net /web/MCCofOGS/ExcessFiles NAV4P2-1991.txt
2003.03.19 21:46 B C:\AAAAA-MonroeCoSite\ExcessFiles\NAV4P3-1991.txt --> helloworldblue.net /web/MCCofOGS/ExcessFiles NAV4P3-1991.txt
2003.03.19 21:46 B C:\AAAAA-MonroeCoSite\ExcessFiles\NAV4P4-1991.txt --> helloworldblue.net /web/MCCofOGS/ExcessFiles NAV4P4-1991.txt
2003.03.19 21:46 B C:\AAAAA-MonroeCoSite\ExcessFiles\NAV4P5-1991.txt --> helloworldblue.net /web/MCCofOGS/ExcessFiles NAV4P5-1991.txt
2003.03.19 21:46 B C:\AAAAA-MonroeCoSite\ExcessFiles\NAV4P6-1991.txt --> helloworldblue.net /web/MCCofOGS/ExcessFiles NAV4P6-1991.txt
2003.03.19 21:46 B C:\AAAAA-MonroeCoSite\ExcessFiles\NAV4P7-1991.txt --> helloworldblue.net /web/MCCofOGS/ExcessFiles NAV4P7-1991.txt
2003.03.19 21:46 B C:\AAAAA-MonroeCoSite\ExcessFiles\NAV4P8-1991.txt --> helloworldblue.net /web/MCCofOGS/ExcessFiles NAV4P8-1991.txt
2003.03.19 21:46 B C:\AAAAA-MonroeCoSite\ExcessFiles\NAV4P9-1991.txt --> helloworldblue.net /web/MCCofOGS/ExcessFiles NAV4P9-1991.txt
2003.03.19 21:46 B C:\AAAAA-MonroeCoSite\ExcessFiles\NAV5-1992.doc --> helloworldblue.net /web/MCCofOGS/ExcessFiles NAV5-1992.doc
2003.03.19 21:46 B C:\AAAAA-MonroeCoSite\ExcessFiles\NAV5-1992.txt --> helloworldblue.net /web/MCCofOGS/ExcessFiles NAV5-1992.txt
2003.03.19 21:46 B C:\AAAAA-MonroeCoSite\ExcessFiles\NAV5p1-1992.txt --> helloworldblue.net /web/MCCofOGS/ExcessFiles NAV5p1-1992.txt
2003.03.19 21:46 B C:\AAAAA-MonroeCoSite\ExcessFiles\NAV5p10-1992.txt --> helloworldblue.net /web/MCCofOGS/ExcessFiles NAV5p10-1992.txt
2003.03.19 21:46 B C:\AAAAA-MonroeCoSite\ExcessFiles\NAV5p11-1992.txt --> helloworldblue.net /web/MCCofOGS/ExcessFiles NAV5p11-1992.txt
2003.03.19 21:46 B C:\AAAAA-MonroeCoSite\ExcessFiles\NAV5p12-1992.txt --> helloworldblue.net /web/MCCofOGS/ExcessFiles NAV5p12-1992.txt
2003.03.19 21:46 B C:\AAAAA-MonroeCoSite\ExcessFiles\NAV5p13-1992.txt --> helloworldblue.net /web/MCCofOGS/ExcessFiles NAV5p13-1992.txt
2003.03.19 21:46 B C:\AAAAA-MonroeCoSite\ExcessFiles\NAV5p2-1992.txt --> helloworldblue.net /web/MCCofOGS/ExcessFiles NAV5p2-1992.txt
2003.03.19 21:46 B C:\AAAAA-MonroeCoSite\ExcessFiles\NAV5p3-1992.txt --> helloworldblue.net /web/MCCofOGS/ExcessFiles NAV5p3-1992.txt
2003.03.19 21:46 B C:\AAAAA-MonroeCoSite\ExcessFiles\NAV5p4-1992.txt --> helloworldblue.net /web/MCCofOGS/ExcessFiles NAV5p4-1992.txt
2003.03.19 21:46 B C:\AAAAA-MonroeCoSite\ExcessFiles\NAV5p5-1992.txt --> helloworldblue.net /web/MCCofOGS/ExcessFiles NAV5p5-1992.txt
2003.03.19 21:46 B C:\AAAAA-MonroeCoSite\ExcessFiles\NAV5p6-1992.txt --> helloworldblue.net /web/MCCofOGS/ExcessFiles NAV5p6-1992.txt
2003.03.19 21:46 B C:\AAAAA-MonroeCoSite\ExcessFiles\NAV5p7-1992.txt --> helloworldblue.net /web/MCCofOGS/ExcessFiles NAV5p7-1992.txt
2003.03.19 21:46 B C:\AAAAA-MonroeCoSite\ExcessFiles\NAV5p8-1992.txt --> helloworldblue.net /web/MCCofOGS/ExcessFiles NAV5p8-1992.txt
2003.03.19 21:46 B C:\AAAAA-MonroeCoSite\ExcessFiles\NAV5p9-1992.txt --> helloworldblue.net /web/MCCofOGS/ExcessFiles NAV5p9-1992.txt
2003.03.19 21:46 B C:\AAAAA-MonroeCoSite\ExcessFiles\NAV6-1993.doc --> helloworldblue.net /web/MCCofOGS/ExcessFiles NAV6-1993.doc
2003.03.19 21:46 B C:\AAAAA-MonroeCoSite\ExcessFiles\NAV6-1993.txt --> helloworldblue.net /web/MCCofOGS/ExcessFiles NAV6-1993.txt
2003.03.19 21:47 B C:\AAAAA-MonroeCoSite\ExcessFiles\NAV6-1993ww.doc --> helloworldblue.net /web/MCCofOGS/ExcessFiles NAV6-1993ww.doc
2003.03.19 21:47 B C:\AAAAA-MonroeCoSite\ExcessFiles\NAV6P1-1993.txt --> helloworldblue.net /web/MCCofOGS/ExcessFiles NAV6P1-1993.txt
2003.03.19 21:47 B C:\AAAAA-MonroeCoSite\ExcessFiles\NAV6P10-1993.txt --> helloworldblue.net /web/MCCofOGS/ExcessFiles NAV6P10-1993.txt
2003.03.19 21:47 B C:\AAAAA-MonroeCoSite\ExcessFiles\NAV6P11-1993.txt --> helloworldblue.net /web/MCCofOGS/ExcessFiles NAV6P11-1993.txt
2003.03.19 21:47 B C:\AAAAA-MonroeCoSite\ExcessFiles\NAV6P12-1993.txt --> helloworldblue.net /web/MCCofOGS/ExcessFiles NAV6P12-1993.txt
2003.03.19 21:47 B C:\AAAAA-MonroeCoSite\ExcessFiles\NAV6P13-1993.txt --> helloworldblue.net /web/MCCofOGS/ExcessFiles NAV6P13-1993.txt
2003.03.19 21:47 B C:\AAAAA-MonroeCoSite\ExcessFiles\NAV6P14-1993.txt --> helloworldblue.net /web/MCCofOGS/ExcessFiles NAV6P14-1993.txt
2003.03.19 21:47 B C:\AAAAA-MonroeCoSite\ExcessFiles\NAV6P15-1993.txt --> helloworldblue.net /web/MCCofOGS/ExcessFiles NAV6P15-1993.txt
2003.03.19 21:47 B C:\AAAAA-MonroeCoSite\ExcessFiles\NAV6P16-1993.txt --> helloworldblue.net /web/MCCofOGS/ExcessFiles NAV6P16-1993.txt
2003.03.19 21:47 B C:\AAAAA-MonroeCoSite\ExcessFiles\NAV6P2-1993.txt --> helloworldblue.net /web/MCCofOGS/ExcessFiles NAV6P2-1993.txt
2003.03.19 21:47 B C:\AAAAA-MonroeCoSite\ExcessFiles\NAV6P3-1993.txt --> helloworldblue.net /web/MCCofOGS/ExcessFiles NAV6P3-1993.txt
2003.03.19 21:47 B C:\AAAAA-MonroeCoSite\ExcessFiles\NAV6P4-1993.txt --> helloworldblue.net /web/MCCofOGS/ExcessFiles NAV6P4-1993.txt
2003.03.19 21:47 B C:\AAAAA-MonroeCoSite\ExcessFiles\NAV6P5-1993.txt --> helloworldblue.net /web/MCCofOGS/ExcessFiles NAV6P5-1993.txt
2003.03.19 21:47 B C:\AAAAA-MonroeCoSite\ExcessFiles\NAV6P6-1993.txt --> helloworldblue.net /web/MCCofOGS/ExcessFiles NAV6P6-1993.txt
2003.03.19 21:47 B C:\AAAAA-MonroeCoSite\ExcessFiles\NAV6P7-1993.txt --> helloworldblue.net /web/MCCofOGS/ExcessFiles NAV6P7-1993.txt
2003.03.19 21:47 B C:\AAAAA-MonroeCoSite\ExcessFiles\NAV6P8-1993.txt --> helloworldblue.net /web/MCCofOGS/ExcessFiles NAV6P8-1993.txt
2003.03.19 21:47 B C:\AAAAA-MonroeCoSite\ExcessFiles\NAV6P9-1993.txt --> helloworldblue.net /web/MCCofOGS/ExcessFiles NAV6P9-1993.txt
2003.03.19 21:47 B C:\AAAAA-MonroeCoSite\ExcessFiles\NAV7-1994.doc --> helloworldblue.net /web/MCCofOGS/ExcessFiles NAV7-1994.doc
2003.03.19 21:47 B C:\AAAAA-MonroeCoSite\ExcessFiles\NAV8-1-1995.txt --> helloworldblue.net /web/MCCofOGS/ExcessFiles NAV8-1-1995.txt
2003.03.19 21:47 B C:\AAAAA-MonroeCoSite\ExcessFiles\NAV8-1995.doc --> helloworldblue.net /web/MCCofOGS/ExcessFiles NAV8-1995.doc
2003.03.19 21:47 B C:\AAAAA-MonroeCoSite\ExcessFiles\NAV8-1995.txt.wpd --> helloworldblue.net /web/MCCofOGS/ExcessFiles NAV8-1995.txt.wpd
2003.03.19 21:47 B C:\AAAAA-MonroeCoSite\ExcessFiles\NAV8-2-1995.txt --> helloworldblue.net /web/MCCofOGS/ExcessFiles NAV8-2-1995.txt
2003.03.19 21:47 B C:\AAAAA-MonroeCoSite\ExcessFiles\NAV8-3-1995.txt --> helloworldblue.net /web/MCCofOGS/ExcessFiles NAV8-3-1995.txt
2003.03.19 21:47 B C:\AAAAA-MonroeCoSite\ExcessFiles\NAV8-4-1995.txt --> helloworldblue.net /web/MCCofOGS/ExcessFiles NAV8-4-1995.txt
2003.03.19 21:47 B C:\AAAAA-MonroeCoSite\ExcessFiles\NAV8-5-1995.txt --> helloworldblue.net /web/MCCofOGS/ExcessFiles NAV8-5-1995.txt
2003.03.19 21:47 B C:\AAAAA-MonroeCoSite\ExcessFiles\NAV8-6-1995.txt --> helloworldblue.net /web/MCCofOGS/ExcessFiles NAV8-6-1995.txt
2003.03.19 21:47 B C:\AAAAA-MonroeCoSite\ExcessFiles\NAV9.txt --> helloworldblue.net /web/MCCofOGS/ExcessFiles NAV9.txt
2003.03.19 21:47 B C:\AAAAA-MonroeCoSite\ExcessFiles\New_pubs.doc --> helloworldblue.net /web/MCCofOGS/ExcessFiles New_pubs.doc
2003.03.19 21:47 B C:\AAAAA-MonroeCoSite\ExcessFiles\News4-20-01.doc --> helloworldblue.net /web/MCCofOGS/ExcessFiles News4-20-01.doc
2003.03.19 21:47 B C:\AAAAA-MonroeCoSite\ExcessFiles\News4-20-01.htm --> helloworldblue.net /web/MCCofOGS/ExcessFiles News4-20-01.htm
2003.03.19 21:47 B C:\AAAAA-MonroeCoSite\ExcessFiles\persi.doc --> helloworldblue.net /web/MCCofOGS/ExcessFiles persi.doc
2003.03.19 21:47 B C:\AAAAA-MonroeCoSite\ExcessFiles\pioneer.txt --> helloworldblue.net /web/MCCofOGS/ExcessFiles pioneer.txt
2003.03.19 21:47 B C:\AAAAA-MonroeCoSite\ExcessFiles\Pioneer2.doc --> helloworldblue.net /web/MCCofOGS/ExcessFiles Pioneer2.doc
2003.03.19 21:47 B C:\AAAAA-MonroeCoSite\ExcessFiles\Pioneer2.txt --> helloworldblue.net /web/MCCofOGS/ExcessFiles Pioneer2.txt
2003.03.19 21:47 B C:\AAAAA-MonroeCoSite\ExcessFiles\Pioneer3.doc --> helloworldblue.net /web/MCCofOGS/ExcessFiles Pioneer3.doc
2003.03.19 21:47 B C:\AAAAA-MonroeCoSite\ExcessFiles\Pioneer3.txt --> helloworldblue.net /web/MCCofOGS/ExcessFiles Pioneer3.txt
2003.03.19 21:47 B C:\AAAAA-MonroeCoSite\ExcessFiles\Pioneer3xx.htm --> helloworldblue.net /web/MCCofOGS/ExcessFiles Pioneer3xx.htm
2003.03.19 21:47 B C:\AAAAA-MonroeCoSite\ExcessFiles\Pioneer4.doc --> helloworldblue.net /web/MCCofOGS/ExcessFiles Pioneer4.doc
2003.03.19 21:47 B C:\AAAAA-MonroeCoSite\ExcessFiles\Pioneer4.txt --> helloworldblue.net /web/MCCofOGS/ExcessFiles Pioneer4.txt
2003.03.19 21:47 B C:\AAAAA-MonroeCoSite\ExcessFiles\PioneerAppl.doc --> helloworldblue.net /web/MCCofOGS/ExcessFiles PioneerAppl.doc
2003.03.19 21:47 B C:\AAAAA-MonroeCoSite\ExcessFiles\PioneerApplwt.doc --> helloworldblue.net /web/MCCofOGS/ExcessFiles PioneerApplwt.doc
2003.03.19 21:47 B C:\AAAAA-MonroeCoSite\ExcessFiles\pioneerx.wpd --> helloworldblue.net /web/MCCofOGS/ExcessFiles pioneerx.wpd
2003.03.19 21:47 B C:\AAAAA-MonroeCoSite\ExcessFiles\pioneerxw.doc --> helloworldblue.net /web/MCCofOGS/ExcessFiles pioneerxw.doc
2003.03.19 21:47 B C:\AAAAA-MonroeCoSite\ExcessFiles\pioneerxx.htm --> helloworldblue.net /web/MCCofOGS/ExcessFiles pioneerxx.htm
2003.03.19 21:47 B C:\AAAAA-MonroeCoSite\ExcessFiles\pubs4sale.doc --> helloworldblue.net /web/MCCofOGS/ExcessFiles pubs4sale.doc
2003.03.19 21:47 B C:\AAAAA-MonroeCoSite\ExcessFiles\purpose+.wpd --> helloworldblue.net /web/MCCofOGS/ExcessFiles purpose+.wpd
2003.03.19 21:47 B C:\AAAAA-MonroeCoSite\ExcessFiles\query.txt --> helloworldblue.net /web/MCCofOGS/ExcessFiles query.txt
2003.03.19 21:47 B C:\AAAAA-MonroeCoSite\ExcessFiles\Row of Pebbles.gif --> helloworldblue.net /web/MCCofOGS/ExcessFiles Row of Pebbles.gif
2003.03.19 21:47 B C:\AAAAA-MonroeCoSite\ExcessFiles\SARDIS.doc --> helloworldblue.net /web/MCCofOGS/ExcessFiles SARDIS.doc
2003.03.19 21:47 B C:\AAAAA-MonroeCoSite\ExcessFiles\scroll.doc --> helloworldblue.net /web/MCCofOGS/ExcessFiles scroll.doc
2003.03.19 21:47 B C:\AAAAA-MonroeCoSite\ExcessFiles\scrollx.doc --> helloworldblue.net /web/MCCofOGS/ExcessFiles scrollx.doc
2003.03.19 21:47 B C:\AAAAA-MonroeCoSite\ExcessFiles\settlements.doc --> helloworldblue.net /web/MCCofOGS/ExcessFiles settlements.doc
2003.03.19 21:47 B C:\AAAAA-MonroeCoSite\ExcessFiles\settlers.doc --> helloworldblue.net /web/MCCofOGS/ExcessFiles settlers.doc
2003.03.19 21:47 B C:\AAAAA-MonroeCoSite\ExcessFiles\Spicer.doc --> helloworldblue.net /web/MCCofOGS/ExcessFiles Spicer.doc
2003.03.19 21:47 B C:\AAAAA-MonroeCoSite\ExcessFiles\sur-list.doc --> helloworldblue.net /web/MCCofOGS/ExcessFiles sur-list.doc
2003.03.19 21:47 B C:\AAAAA-MonroeCoSite\ExcessFiles\surnamesearch.txt --> helloworldblue.net /web/MCCofOGS/ExcessFiles surnamesearch.txt
2003.03.19 21:47 B C:\AAAAA-MonroeCoSite\ExcessFiles\table.doc --> helloworldblue.net /web/MCCofOGS/ExcessFiles table.doc
2003.03.19 21:47 B C:\AAAAA-MonroeCoSite\ExcessFiles\tablexxx.doc --> helloworldblue.net /web/MCCofOGS/ExcessFiles tablexxx.doc
2003.03.19 21:47 B C:\AAAAA-MonroeCoSite\ExcessFiles\TimeLine.doc --> helloworldblue.net /web/MCCofOGS/ExcessFiles TimeLine.doc
2003.03.19 21:47 B C:\AAAAA-MonroeCoSite\ExcessFiles\vol7-Jan1994.txt --> helloworldblue.net /web/MCCofOGS/ExcessFiles vol7-Jan1994.txt
2003.03.19 21:47 B C:\AAAAA-MonroeCoSite\ExcessFiles\vol7-p-1-Jan1994.doc --> helloworldblue.net /web/MCCofOGS/ExcessFiles vol7-p-1-Jan1994.doc
2003.03.19 21:47 B C:\AAAAA-MonroeCoSite\ExcessFiles\vol7-p-1-Jan1994.txt --> helloworldblue.net /web/MCCofOGS/ExcessFiles vol7-p-1-Jan1994.txt
2003.03.19 21:47 B C:\AAAAA-MonroeCoSite\ExcessFiles\vol7-p2-1994.txt.doc --> helloworldblue.net /web/MCCofOGS/ExcessFiles vol7-p2-1994.txt.doc
2003.03.19 21:48 B C:\AAAAA-MonroeCoSite\ExcessFiles\vol7-p2-1994.txt.wpd --> helloworldblue.net /web/MCCofOGS/ExcessFiles vol7-p2-1994.txt.wpd
2003.03.19 21:48 B C:\AAAAA-MonroeCoSite\ExcessFiles\vol7p3-1994.doc --> helloworldblue.net /web/MCCofOGS/ExcessFiles vol7p3-1994.doc
2003.03.19 21:48 B C:\AAAAA-MonroeCoSite\ExcessFiles\vol7p3-1994.txt --> helloworldblue.net /web/MCCofOGS/ExcessFiles vol7p3-1994.txt
2003.03.19 21:48 B C:\AAAAA-MonroeCoSite\ExcessFiles\vol7p4-1994.doc --> helloworldblue.net /web/MCCofOGS/ExcessFiles vol7p4-1994.doc
2003.03.19 21:48 B C:\AAAAA-MonroeCoSite\ExcessFiles\vol7p4-1994.txt --> helloworldblue.net /web/MCCofOGS/ExcessFiles vol7p4-1994.txt
2003.03.19 21:48 B C:\AAAAA-MonroeCoSite\ExcessFiles\vol7p5-1994.doc --> helloworldblue.net /web/MCCofOGS/ExcessFiles vol7p5-1994.doc
2003.03.19 21:48 B C:\AAAAA-MonroeCoSite\ExcessFiles\vol7p5-1994.txt --> helloworldblue.net /web/MCCofOGS/ExcessFiles vol7p5-1994.txt
2003.03.19 21:48 B C:\AAAAA-MonroeCoSite\ExcessFiles\Washingtontrip.doc --> helloworldblue.net /web/MCCofOGS/ExcessFiles Washingtontrip.doc
2003.03.19 21:48 B C:\AAAAA-MonroeCoSite\ExcessFiles\web titlex.doc --> helloworldblue.net /web/MCCofOGS/ExcessFiles web titlex.doc
2003.03.19 21:48 B C:\AAAAA-MonroeCoSite\ExcessFiles\WHEAT.htm --> helloworldblue.net /web/MCCofOGS/ExcessFiles WHEAT.htm
2003.03.19 21:48 B C:\AAAAA-MonroeCoSite\ExcessFiles\WS_FTP.LOG --> helloworldblue.net /web/MCCofOGS/ExcessFiles WS_FTP.LOG
2004.09.15 14:31 B C:\AAAAA-MonroeCoSite\ExcessFiles\3churches.wpd --> helloworldblue.net /MonroeCoOhPeopleandHistory/ExcessFiles 3churches.wpd
2004.09.15 14:31 B C:\AAAAA-MonroeCoSite\ExcessFiles\AAAAA-MonroeCoSite --> helloworldblue.net /MonroeCoOhPeopleandHistory/ExcessFiles AAAAA-MonroeCoSite
2004.09.15 14:31 B C:\AAAAA-MonroeCoSite\ExcessFiles\AboutThisSite.doc --> helloworldblue.net /MonroeCoOhPeopleandHistory/ExcessFiles AboutThisSite.doc
2004.09.15 14:31 B C:\AAAAA-MonroeCoSite\ExcessFiles\BACK ISSUES.doc --> helloworldblue.net /MonroeCoOhPeopleandHistory/ExcessFiles BACK ISSUES.doc
2004.09.15 14:31 B C:\AAAAA-MonroeCoSite\ExcessFiles\Baker.wpd --> helloworldblue.net /MonroeCoOhPeopleandHistory/ExcessFiles Baker.wpd
2004.09.15 14:31 B C:\AAAAA-MonroeCoSite\ExcessFiles\bar1.doc --> helloworldblue.net /MonroeCoOhPeopleandHistory/ExcessFiles bar1.doc
2004.09.15 14:31 B C:\AAAAA-MonroeCoSite\ExcessFiles\bar1.gif --> helloworldblue.net /MonroeCoOhPeopleandHistory/ExcessFiles bar1.gif
2004.09.15 14:31 B C:\AAAAA-MonroeCoSite\ExcessFiles\bar2.gif --> helloworldblue.net /MonroeCoOhPeopleandHistory/ExcessFiles bar2.gif
2004.09.15 14:31 B C:\AAAAA-MonroeCoSite\ExcessFiles\bars.doc --> helloworldblue.net /MonroeCoOhPeopleandHistory/ExcessFiles bars.doc
2004.09.15 14:31 B C:\AAAAA-MonroeCoSite\ExcessFiles\Box1.doc --> helloworldblue.net /MonroeCoOhPeopleandHistory/ExcessFiles Box1.doc
2004.09.15 14:31 B C:\AAAAA-MonroeCoSite\ExcessFiles\Box1t.doc --> helloworldblue.net /MonroeCoOhPeopleandHistory/ExcessFiles Box1t.doc
2004.09.15 14:31 B C:\AAAAA-MonroeCoSite\ExcessFiles\Box2.doc --> helloworldblue.net /MonroeCoOhPeopleandHistory/ExcessFiles Box2.doc
2004.09.15 14:31 B C:\AAAAA-MonroeCoSite\ExcessFiles\Box2t.doc --> helloworldblue.net /MonroeCoOhPeopleandHistory/ExcessFiles Box2t.doc
2004.09.15 14:31 B C:\AAAAA-MonroeCoSite\ExcessFiles\Box3.doc --> helloworldblue.net /MonroeCoOhPeopleandHistory/ExcessFiles Box3.doc
2004.09.15 14:31 B C:\AAAAA-MonroeCoSite\ExcessFiles\Box4.doc --> helloworldblue.net /MonroeCoOhPeopleandHistory/ExcessFiles Box4.doc
2004.09.15 14:31 B C:\AAAAA-MonroeCoSite\ExcessFiles\burke.doc --> helloworldblue.net /MonroeCoOhPeopleandHistory/ExcessFiles burke.doc
2004.09.15 14:31 B C:\AAAAA-MonroeCoSite\ExcessFiles\button1.gif --> helloworldblue.net /MonroeCoOhPeopleandHistory/ExcessFiles button1.gif
2004.09.15 14:31 B C:\AAAAA-MonroeCoSite\ExcessFiles\button3.gif --> helloworldblue.net /MonroeCoOhPeopleandHistory/ExcessFiles button3.gif
2004.09.15 14:31 B C:\AAAAA-MonroeCoSite\ExcessFiles\buttonsm.doc --> helloworldblue.net /MonroeCoOhPeopleandHistory/ExcessFiles buttonsm.doc
2004.09.15 14:31 B C:\AAAAA-MonroeCoSite\ExcessFiles\Captina.doc --> helloworldblue.net /MonroeCoOhPeopleandHistory/ExcessFiles Captina.doc
2004.09.15 14:31 B C:\AAAAA-MonroeCoSite\ExcessFiles\CemAlph.xls --> helloworldblue.net /MonroeCoOhPeopleandHistory/ExcessFiles CemAlph.xls
2004.09.15 14:31 B C:\AAAAA-MonroeCoSite\ExcessFiles\Cemeteries.doc --> helloworldblue.net /MonroeCoOhPeopleandHistory/ExcessFiles Cemeteries.doc
2004.09.15 14:31 B C:\AAAAA-MonroeCoSite\ExcessFiles\CENSUS.txt --> helloworldblue.net /MonroeCoOhPeopleandHistory/ExcessFiles CENSUS.txt
2004.09.15 14:31 B C:\AAAAA-MonroeCoSite\ExcessFiles\contact.htm --> helloworldblue.net /MonroeCoOhPeopleandHistory/ExcessFiles contact.htm
2004.09.15 14:31 B C:\AAAAA-MonroeCoSite\ExcessFiles\CrowFamily.doc --> helloworldblue.net /MonroeCoOhPeopleandHistory/ExcessFiles CrowFamily.doc
2004.09.15 14:31 B C:\AAAAA-MonroeCoSite\ExcessFiles\Drum.doc --> helloworldblue.net /MonroeCoOhPeopleandHistory/ExcessFiles Drum.doc
2004.09.15 14:31 B C:\AAAAA-MonroeCoSite\ExcessFiles\DrumMassacre.doc --> helloworldblue.net /MonroeCoOhPeopleandHistory/ExcessFiles DrumMassacre.doc
2004.09.15 14:31 B C:\AAAAA-MonroeCoSite\ExcessFiles\Emblem+x.eml --> helloworldblue.net /MonroeCoOhPeopleandHistory/ExcessFiles Emblem+x.eml
2004.09.15 14:31 B C:\AAAAA-MonroeCoSite\ExcessFiles\Emblemx.GIF --> helloworldblue.net /MonroeCoOhPeopleandHistory/ExcessFiles Emblemx.GIF
2004.09.15 14:31 B C:\AAAAA-MonroeCoSite\ExcessFiles\Emblemxa.gif --> helloworldblue.net /MonroeCoOhPeopleandHistory/ExcessFiles Emblemxa.gif
2004.09.15 14:31 B C:\AAAAA-MonroeCoSite\ExcessFiles\FamilyTrees.doc --> helloworldblue.net /MonroeCoOhPeopleandHistory/ExcessFiles FamilyTrees.doc
2004.09.15 14:31 B C:\AAAAA-MonroeCoSite\ExcessFiles\Fedorchakblurbs.doc --> helloworldblue.net /MonroeCoOhPeopleandHistory/ExcessFiles Fedorchakblurbs.doc
2004.09.15 14:31 B C:\AAAAA-MonroeCoSite\ExcessFiles\Fedorchakblurbs1.doc --> helloworldblue.net /MonroeCoOhPeopleandHistory/ExcessFiles Fedorchakblurbs1.doc
2004.09.15 14:31 B C:\AAAAA-MonroeCoSite\ExcessFiles\Fedorchakblurbs2-1.doc --> helloworldblue.net /MonroeCoOhPeopleandHistory/ExcessFiles Fedorchakblurbs2-1.doc
2004.09.15 14:31 B C:\AAAAA-MonroeCoSite\ExcessFiles\Fedorchakblurbs2-2.doc --> helloworldblue.net /MonroeCoOhPeopleandHistory/ExcessFiles Fedorchakblurbs2-2.doc
2004.09.15 14:31 B C:\AAAAA-MonroeCoSite\ExcessFiles\Fedorchakblurbs3.doc --> helloworldblue.net /MonroeCoOhPeopleandHistory/ExcessFiles Fedorchakblurbs3.doc
2004.09.15 14:31 B C:\AAAAA-MonroeCoSite\ExcessFiles\Fedorchakblurbs4.doc --> helloworldblue.net /MonroeCoOhPeopleandHistory/ExcessFiles Fedorchakblurbs4.doc
2004.09.15 14:31 B C:\AAAAA-MonroeCoSite\ExcessFiles\Fedorchakblurbs5.doc --> helloworldblue.net /MonroeCoOhPeopleandHistory/ExcessFiles Fedorchakblurbs5.doc
2004.09.15 14:31 B C:\AAAAA-MonroeCoSite\ExcessFiles\first.txt --> helloworldblue.net /MonroeCoOhPeopleandHistory/ExcessFiles first.txt
2004.09.15 14:31 B C:\AAAAA-MonroeCoSite\ExcessFiles\firstx.wpd --> helloworldblue.net /MonroeCoOhPeopleandHistory/ExcessFiles firstx.wpd
2004.09.15 14:31 B C:\AAAAA-MonroeCoSite\ExcessFiles\firstxw.doc --> helloworldblue.net /MonroeCoOhPeopleandHistory/ExcessFiles firstxw.doc
2004.09.15 14:31 B C:\AAAAA-MonroeCoSite\ExcessFiles\firstxx.htm --> helloworldblue.net /MonroeCoOhPeopleandHistory/ExcessFiles firstxx.htm
2004.09.15 14:31 B C:\AAAAA-MonroeCoSite\ExcessFiles\HelpWanted.doc --> helloworldblue.net /MonroeCoOhPeopleandHistory/ExcessFiles HelpWanted.doc
2004.09.15 14:32 B C:\AAAAA-MonroeCoSite\ExcessFiles\index_b.htm --> helloworldblue.net /MonroeCoOhPeopleandHistory/ExcessFiles index_b.htm
2004.09.15 14:32 B C:\AAAAA-MonroeCoSite\ExcessFiles\index_C.htm --> helloworldblue.net /MonroeCoOhPeopleandHistory/ExcessFiles index_C.htm
2004.09.15 14:32 B C:\AAAAA-MonroeCoSite\ExcessFiles\indexOld1.htm --> helloworldblue.net /MonroeCoOhPeopleandHistory/ExcessFiles indexOld1.htm
2004.09.15 14:32 B C:\AAAAA-MonroeCoSite\ExcessFiles\indexS.htm --> helloworldblue.net /MonroeCoOhPeopleandHistory/ExcessFiles indexS.htm
2004.09.15 14:32 B C:\AAAAA-MonroeCoSite\ExcessFiles\IVORY.htm --> helloworldblue.net /MonroeCoOhPeopleandHistory/ExcessFiles IVORY.htm
2004.09.15 14:32 B C:\AAAAA-MonroeCoSite\ExcessFiles\johnson.doc --> helloworldblue.net /MonroeCoOhPeopleandHistory/ExcessFiles johnson.doc
2004.09.15 14:32 B C:\AAAAA-MonroeCoSite\ExcessFiles\line1.gif --> helloworldblue.net /MonroeCoOhPeopleandHistory/ExcessFiles line1.gif
2004.09.15 14:32 B C:\AAAAA-MonroeCoSite\ExcessFiles\LINEN.htm --> helloworldblue.net /MonroeCoOhPeopleandHistory/ExcessFiles LINEN.htm
2004.09.15 14:32 B C:\AAAAA-MonroeCoSite\ExcessFiles\LostCemetery.doc --> helloworldblue.net /MonroeCoOhPeopleandHistory/ExcessFiles LostCemetery.doc
2004.09.15 14:32 B C:\AAAAA-MonroeCoSite\ExcessFiles\mcgs-p.htm --> helloworldblue.net /MonroeCoOhPeopleandHistory/ExcessFiles mcgs-p.htm
2004.09.15 14:32 B C:\AAAAA-MonroeCoSite\ExcessFiles\MICROFILM.doc --> helloworldblue.net /MonroeCoOhPeopleandHistory/ExcessFiles MICROFILM.doc
2004.09.15 14:32 B C:\AAAAA-MonroeCoSite\ExcessFiles\mogsbook.txt --> helloworldblue.net /MonroeCoOhPeopleandHistory/ExcessFiles mogsbook.txt
2004.09.15 14:32 B C:\AAAAA-MonroeCoSite\ExcessFiles\mogsmem.txt --> helloworldblue.net /MonroeCoOhPeopleandHistory/ExcessFiles mogsmem.txt
2004.09.15 14:32 B C:\AAAAA-MonroeCoSite\ExcessFiles\mogsmemx.wpd --> helloworldblue.net /MonroeCoOhPeopleandHistory/ExcessFiles mogsmemx.wpd
2004.09.15 14:32 B C:\AAAAA-MonroeCoSite\ExcessFiles\mogsmemxw.doc --> helloworldblue.net /MonroeCoOhPeopleandHistory/ExcessFiles mogsmemxw.doc
2004.09.15 14:32 B C:\AAAAA-MonroeCoSite\ExcessFiles\MonroeCoOrg.wpd --> helloworldblue.net /MonroeCoOhPeopleandHistory/ExcessFiles MonroeCoOrg.wpd
2004.09.15 14:32 B C:\AAAAA-MonroeCoSite\ExcessFiles\ms241.tmp --> helloworldblue.net /MonroeCoOhPeopleandHistory/ExcessFiles ms241.tmp
2004.09.15 14:32 B C:\AAAAA-MonroeCoSite\ExcessFiles\ms4103.tmp --> helloworldblue.net /MonroeCoOhPeopleandHistory/ExcessFiles ms4103.tmp
2004.09.15 14:32 B C:\AAAAA-MonroeCoSite\ExcessFiles\ms5954.tmp --> helloworldblue.net /MonroeCoOhPeopleandHistory/ExcessFiles ms5954.tmp
2004.09.15 14:32 B C:\AAAAA-MonroeCoSite\ExcessFiles\NAV10.txt --> helloworldblue.net /MonroeCoOhPeopleandHistory/ExcessFiles NAV10.txt
2004.09.15 14:32 B C:\AAAAA-MonroeCoSite\ExcessFiles\NAV11.txt --> helloworldblue.net /MonroeCoOhPeopleandHistory/ExcessFiles NAV11.txt
2004.09.15 14:32 B C:\AAAAA-MonroeCoSite\ExcessFiles\NAV11part.txt --> helloworldblue.net /MonroeCoOhPeopleandHistory/ExcessFiles NAV11part.txt
2004.09.15 14:32 B C:\AAAAA-MonroeCoSite\ExcessFiles\Nav12.rtf --> helloworldblue.net /MonroeCoOhPeopleandHistory/ExcessFiles Nav12.rtf
2004.09.15 14:32 B C:\AAAAA-MonroeCoSite\ExcessFiles\NAV4-1991.doc --> helloworldblue.net /MonroeCoOhPeopleandHistory/ExcessFiles NAV4-1991.doc
2004.09.15 14:32 B C:\AAAAA-MonroeCoSite\ExcessFiles\NAV4P1-1991.txt --> helloworldblue.net /MonroeCoOhPeopleandHistory/ExcessFiles NAV4P1-1991.txt
2004.09.15 14:32 B C:\AAAAA-MonroeCoSite\ExcessFiles\NAV4P10-1991.txt --> helloworldblue.net /MonroeCoOhPeopleandHistory/ExcessFiles NAV4P10-1991.txt
2004.09.15 14:32 B C:\AAAAA-MonroeCoSite\ExcessFiles\NAV4P11-1991.txt --> helloworldblue.net /MonroeCoOhPeopleandHistory/ExcessFiles NAV4P11-1991.txt
2004.09.15 14:32 B C:\AAAAA-MonroeCoSite\ExcessFiles\NAV4P12-1991.txt --> helloworldblue.net /MonroeCoOhPeopleandHistory/ExcessFiles NAV4P12-1991.txt
2004.09.15 14:32 B C:\AAAAA-MonroeCoSite\ExcessFiles\NAV4P13-1991.txt --> helloworldblue.net /MonroeCoOhPeopleandHistory/ExcessFiles NAV4P13-1991.txt
2004.09.15 14:32 B C:\AAAAA-MonroeCoSite\ExcessFiles\NAV4P14-1991.txt --> helloworldblue.net /MonroeCoOhPeopleandHistory/ExcessFiles NAV4P14-1991.txt
2004.09.15 14:32 B C:\AAAAA-MonroeCoSite\ExcessFiles\NAV4P15-1991.txt --> helloworldblue.net /MonroeCoOhPeopleandHistory/ExcessFiles NAV4P15-1991.txt
2004.09.15 14:32 B C:\AAAAA-MonroeCoSite\ExcessFiles\NAV4P2-1991.txt --> helloworldblue.net /MonroeCoOhPeopleandHistory/ExcessFiles NAV4P2-1991.txt
2004.09.15 14:32 B C:\AAAAA-MonroeCoSite\ExcessFiles\NAV4P3-1991.txt --> helloworldblue.net /MonroeCoOhPeopleandHistory/ExcessFiles NAV4P3-1991.txt
2004.09.15 14:32 B C:\AAAAA-MonroeCoSite\ExcessFiles\NAV4P4-1991.txt --> helloworldblue.net /MonroeCoOhPeopleandHistory/ExcessFiles NAV4P4-1991.txt
2004.09.15 14:32 B C:\AAAAA-MonroeCoSite\ExcessFiles\NAV4P5-1991.txt --> helloworldblue.net /MonroeCoOhPeopleandHistory/ExcessFiles NAV4P5-1991.txt
2004.09.15 14:32 B C:\AAAAA-MonroeCoSite\ExcessFiles\NAV4P6-1991.txt --> helloworldblue.net /MonroeCoOhPeopleandHistory/ExcessFiles NAV4P6-1991.txt
2004.09.15 14:32 B C:\AAAAA-MonroeCoSite\ExcessFiles\NAV4P7-1991.txt --> helloworldblue.net /MonroeCoOhPeopleandHistory/ExcessFiles NAV4P7-1991.txt
2004.09.15 14:32 B C:\AAAAA-MonroeCoSite\ExcessFiles\NAV4P8-1991.txt --> helloworldblue.net /MonroeCoOhPeopleandHistory/ExcessFiles NAV4P8-1991.txt
2004.09.15 14:32 B C:\AAAAA-MonroeCoSite\ExcessFiles\NAV4P9-1991.txt --> helloworldblue.net /MonroeCoOhPeopleandHistory/ExcessFiles NAV4P9-1991.txt
2004.09.15 14:32 B C:\AAAAA-MonroeCoSite\ExcessFiles\NAV5-1992.doc --> helloworldblue.net /MonroeCoOhPeopleandHistory/ExcessFiles NAV5-1992.doc
2004.09.15 14:32 B C:\AAAAA-MonroeCoSite\ExcessFiles\NAV5-1992.txt --> helloworldblue.net /MonroeCoOhPeopleandHistory/ExcessFiles NAV5-1992.txt
2004.09.15 14:32 B C:\AAAAA-MonroeCoSite\ExcessFiles\NAV5p1-1992.txt --> helloworldblue.net /MonroeCoOhPeopleandHistory/ExcessFiles NAV5p1-1992.txt
2004.09.15 14:32 B C:\AAAAA-MonroeCoSite\ExcessFiles\NAV5p10-1992.txt --> helloworldblue.net /MonroeCoOhPeopleandHistory/ExcessFiles NAV5p10-1992.txt
2004.09.15 14:32 B C:\AAAAA-MonroeCoSite\ExcessFiles\NAV5p11-1992.txt --> helloworldblue.net /MonroeCoOhPeopleandHistory/ExcessFiles NAV5p11-1992.txt
2004.09.15 14:32 B C:\AAAAA-MonroeCoSite\ExcessFiles\NAV5p12-1992.txt --> helloworldblue.net /MonroeCoOhPeopleandHistory/ExcessFiles NAV5p12-1992.txt
2004.09.15 14:32 B C:\AAAAA-MonroeCoSite\ExcessFiles\NAV5p13-1992.txt --> helloworldblue.net /MonroeCoOhPeopleandHistory/ExcessFiles NAV5p13-1992.txt
2004.09.15 14:32 B C:\AAAAA-MonroeCoSite\ExcessFiles\NAV5p2-1992.txt --> helloworldblue.net /MonroeCoOhPeopleandHistory/ExcessFiles NAV5p2-1992.txt
2004.09.15 14:32 B C:\AAAAA-MonroeCoSite\ExcessFiles\NAV5p3-1992.txt --> helloworldblue.net /MonroeCoOhPeopleandHistory/ExcessFiles NAV5p3-1992.txt
2004.09.15 14:32 B C:\AAAAA-MonroeCoSite\ExcessFiles\NAV5p4-1992.txt --> helloworldblue.net /MonroeCoOhPeopleandHistory/ExcessFiles NAV5p4-1992.txt
2004.09.15 14:32 B C:\AAAAA-MonroeCoSite\ExcessFiles\NAV5p5-1992.txt --> helloworldblue.net /MonroeCoOhPeopleandHistory/ExcessFiles NAV5p5-1992.txt
2004.09.15 14:32 B C:\AAAAA-MonroeCoSite\ExcessFiles\NAV5p6-1992.txt --> helloworldblue.net /MonroeCoOhPeopleandHistory/ExcessFiles NAV5p6-1992.txt
2004.09.15 14:32 B C:\AAAAA-MonroeCoSite\ExcessFiles\NAV5p7-1992.txt --> helloworldblue.net /MonroeCoOhPeopleandHistory/ExcessFiles NAV5p7-1992.txt
2004.09.15 14:32 B C:\AAAAA-MonroeCoSite\ExcessFiles\NAV5p8-1992.txt --> helloworldblue.net /MonroeCoOhPeopleandHistory/ExcessFiles NAV5p8-1992.txt
2004.09.15 14:32 B C:\AAAAA-MonroeCoSite\ExcessFiles\NAV5p9-1992.txt --> helloworldblue.net /MonroeCoOhPeopleandHistory/ExcessFiles NAV5p9-1992.txt
2004.09.15 14:32 B C:\AAAAA-MonroeCoSite\ExcessFiles\NAV6-1993.doc --> helloworldblue.net /MonroeCoOhPeopleandHistory/ExcessFiles NAV6-1993.doc
2004.09.15 14:32 B C:\AAAAA-MonroeCoSite\ExcessFiles\NAV6-1993.txt --> helloworldblue.net /MonroeCoOhPeopleandHistory/ExcessFiles NAV6-1993.txt
2004.09.15 14:32 B C:\AAAAA-MonroeCoSite\ExcessFiles\NAV6-1993ww.doc --> helloworldblue.net /MonroeCoOhPeopleandHistory/ExcessFiles NAV6-1993ww.doc
2004.09.15 14:32 B C:\AAAAA-MonroeCoSite\ExcessFiles\NAV6P1-1993.txt --> helloworldblue.net /MonroeCoOhPeopleandHistory/ExcessFiles NAV6P1-1993.txt
2004.09.15 14:32 B C:\AAAAA-MonroeCoSite\ExcessFiles\NAV6P10-1993.txt --> helloworldblue.net /MonroeCoOhPeopleandHistory/ExcessFiles NAV6P10-1993.txt
2004.09.15 14:32 B C:\AAAAA-MonroeCoSite\ExcessFiles\NAV6P11-1993.txt --> helloworldblue.net /MonroeCoOhPeopleandHistory/ExcessFiles NAV6P11-1993.txt
2004.09.15 14:32 B C:\AAAAA-MonroeCoSite\ExcessFiles\NAV6P12-1993.txt --> helloworldblue.net /MonroeCoOhPeopleandHistory/ExcessFiles NAV6P12-1993.txt
2004.09.15 14:32 B C:\AAAAA-MonroeCoSite\ExcessFiles\NAV6P13-1993.txt --> helloworldblue.net /MonroeCoOhPeopleandHistory/ExcessFiles NAV6P13-1993.txt
2004.09.15 14:32 B C:\AAAAA-MonroeCoSite\ExcessFiles\NAV6P14-1993.txt --> helloworldblue.net /MonroeCoOhPeopleandHistory/ExcessFiles NAV6P14-1993.txt
2004.09.15 14:32 B C:\AAAAA-MonroeCoSite\ExcessFiles\NAV6P15-1993.txt --> helloworldblue.net /MonroeCoOhPeopleandHistory/ExcessFiles NAV6P15-1993.txt
2004.09.15 14:32 B C:\AAAAA-MonroeCoSite\ExcessFiles\NAV6P16-1993.txt --> helloworldblue.net /MonroeCoOhPeopleandHistory/ExcessFiles NAV6P16-1993.txt
2004.09.15 14:32 B C:\AAAAA-MonroeCoSite\ExcessFiles\NAV6P2-1993.txt --> helloworldblue.net /MonroeCoOhPeopleandHistory/ExcessFiles NAV6P2-1993.txt
2004.09.15 14:32 B C:\AAAAA-MonroeCoSite\ExcessFiles\NAV6P3-1993.txt --> helloworldblue.net /MonroeCoOhPeopleandHistory/ExcessFiles NAV6P3-1993.txt
2004.09.15 14:32 B C:\AAAAA-MonroeCoSite\ExcessFiles\NAV6P4-1993.txt --> helloworldblue.net /MonroeCoOhPeopleandHistory/ExcessFiles NAV6P4-1993.txt
2004.09.15 14:32 B C:\AAAAA-MonroeCoSite\ExcessFiles\NAV6P5-1993.txt --> helloworldblue.net /MonroeCoOhPeopleandHistory/ExcessFiles NAV6P5-1993.txt
2004.09.15 14:32 B C:\AAAAA-MonroeCoSite\ExcessFiles\NAV6P6-1993.txt --> helloworldblue.net /MonroeCoOhPeopleandHistory/ExcessFiles NAV6P6-1993.txt
2004.09.15 14:32 B C:\AAAAA-MonroeCoSite\ExcessFiles\NAV6P7-1993.txt --> helloworldblue.net /MonroeCoOhPeopleandHistory/ExcessFiles NAV6P7-1993.txt
2004.09.15 14:32 B C:\AAAAA-MonroeCoSite\ExcessFiles\NAV6P8-1993.txt --> helloworldblue.net /MonroeCoOhPeopleandHistory/ExcessFiles NAV6P8-1993.txt
2004.09.15 14:32 B C:\AAAAA-MonroeCoSite\ExcessFiles\NAV6P9-1993.txt --> helloworldblue.net /MonroeCoOhPeopleandHistory/ExcessFiles NAV6P9-1993.txt
2004.09.15 14:32 B C:\AAAAA-MonroeCoSite\ExcessFiles\NAV7-1994.doc --> helloworldblue.net /MonroeCoOhPeopleandHistory/ExcessFiles NAV7-1994.doc
2004.09.15 14:32 B C:\AAAAA-MonroeCoSite\ExcessFiles\NAV8-1-1995.txt --> helloworldblue.net /MonroeCoOhPeopleandHistory/ExcessFiles NAV8-1-1995.txt
2004.09.15 14:32 B C:\AAAAA-MonroeCoSite\ExcessFiles\NAV8-1995.doc --> helloworldblue.net /MonroeCoOhPeopleandHistory/ExcessFiles NAV8-1995.doc
2004.09.15 14:32 B C:\AAAAA-MonroeCoSite\ExcessFiles\NAV8-1995.txt.wpd --> helloworldblue.net /MonroeCoOhPeopleandHistory/ExcessFiles NAV8-1995.txt.wpd
2004.09.15 14:32 B C:\AAAAA-MonroeCoSite\ExcessFiles\NAV8-2-1995.txt --> helloworldblue.net /MonroeCoOhPeopleandHistory/ExcessFiles NAV8-2-1995.txt
2004.09.15 14:32 B C:\AAAAA-MonroeCoSite\ExcessFiles\NAV8-3-1995.txt --> helloworldblue.net /MonroeCoOhPeopleandHistory/ExcessFiles NAV8-3-1995.txt
2004.09.15 14:32 B C:\AAAAA-MonroeCoSite\ExcessFiles\NAV8-4-1995.txt --> helloworldblue.net /MonroeCoOhPeopleandHistory/ExcessFiles NAV8-4-1995.txt
2004.09.15 14:32 B C:\AAAAA-MonroeCoSite\ExcessFiles\NAV8-5-1995.txt --> helloworldblue.net /MonroeCoOhPeopleandHistory/ExcessFiles NAV8-5-1995.txt
2004.09.15 14:32 B C:\AAAAA-MonroeCoSite\ExcessFiles\NAV8-6-1995.txt --> helloworldblue.net /MonroeCoOhPeopleandHistory/ExcessFiles NAV8-6-1995.txt
2004.09.15 14:32 B C:\AAAAA-MonroeCoSite\ExcessFiles\NAV9.txt --> helloworldblue.net /MonroeCoOhPeopleandHistory/ExcessFiles NAV9.txt
2004.09.15 14:32 B C:\AAAAA-MonroeCoSite\ExcessFiles\New_pubs.doc --> helloworldblue.net /MonroeCoOhPeopleandHistory/ExcessFiles New_pubs.doc
2004.09.15 14:32 B C:\AAAAA-MonroeCoSite\ExcessFiles\News4-20-01.doc --> helloworldblue.net /MonroeCoOhPeopleandHistory/ExcessFiles News4-20-01.doc
2004.09.15 14:32 B C:\AAAAA-MonroeCoSite\ExcessFiles\News4-20-01.htm --> helloworldblue.net /MonroeCoOhPeopleandHistory/ExcessFiles News4-20-01.htm
2004.09.15 14:33 B C:\AAAAA-MonroeCoSite\ExcessFiles\persi.doc --> helloworldblue.net /MonroeCoOhPeopleandHistory/ExcessFiles persi.doc
2004.09.15 14:33 B C:\AAAAA-MonroeCoSite\ExcessFiles\pioneer.txt --> helloworldblue.net /MonroeCoOhPeopleandHistory/ExcessFiles pioneer.txt
2004.09.15 14:33 B C:\AAAAA-MonroeCoSite\ExcessFiles\Pioneer2.doc --> helloworldblue.net /MonroeCoOhPeopleandHistory/ExcessFiles Pioneer2.doc
2004.09.15 14:33 B C:\AAAAA-MonroeCoSite\ExcessFiles\Pioneer2.txt --> helloworldblue.net /MonroeCoOhPeopleandHistory/ExcessFiles Pioneer2.txt
2004.09.15 14:33 B C:\AAAAA-MonroeCoSite\ExcessFiles\Pioneer3.doc --> helloworldblue.net /MonroeCoOhPeopleandHistory/ExcessFiles Pioneer3.doc
2004.09.15 14:33 B C:\AAAAA-MonroeCoSite\ExcessFiles\Pioneer3.txt --> helloworldblue.net /MonroeCoOhPeopleandHistory/ExcessFiles Pioneer3.txt
2004.09.15 14:33 B C:\AAAAA-MonroeCoSite\ExcessFiles\Pioneer3xx.htm --> helloworldblue.net /MonroeCoOhPeopleandHistory/ExcessFiles Pioneer3xx.htm
2004.09.15 14:33 B C:\AAAAA-MonroeCoSite\ExcessFiles\Pioneer4.doc --> helloworldblue.net /MonroeCoOhPeopleandHistory/ExcessFiles Pioneer4.doc
2004.09.15 14:33 B C:\AAAAA-MonroeCoSite\ExcessFiles\Pioneer4.txt --> helloworldblue.net /MonroeCoOhPeopleandHistory/ExcessFiles Pioneer4.txt
2004.09.15 14:33 B C:\AAAAA-MonroeCoSite\ExcessFiles\PioneerAppl.doc --> helloworldblue.net /MonroeCoOhPeopleandHistory/ExcessFiles PioneerAppl.doc
2004.09.15 14:33 B C:\AAAAA-MonroeCoSite\ExcessFiles\PioneerApplwt.doc --> helloworldblue.net /MonroeCoOhPeopleandHistory/ExcessFiles PioneerApplwt.doc
2004.09.15 14:33 B C:\AAAAA-MonroeCoSite\ExcessFiles\pioneerx.wpd --> helloworldblue.net /MonroeCoOhPeopleandHistory/ExcessFiles pioneerx.wpd
2004.09.15 14:33 B C:\AAAAA-MonroeCoSite\ExcessFiles\pioneerxw.doc --> helloworldblue.net /MonroeCoOhPeopleandHistory/ExcessFiles pioneerxw.doc
2004.09.15 14:33 B C:\AAAAA-MonroeCoSite\ExcessFiles\pioneerxx.htm --> helloworldblue.net /MonroeCoOhPeopleandHistory/ExcessFiles pioneerxx.htm
2004.09.15 14:33 B C:\AAAAA-MonroeCoSite\ExcessFiles\pubs4sale.doc --> helloworldblue.net /MonroeCoOhPeopleandHistory/ExcessFiles pubs4sale.doc
2004.09.15 14:33 B C:\AAAAA-MonroeCoSite\ExcessFiles\purpose+.wpd --> helloworldblue.net /MonroeCoOhPeopleandHistory/ExcessFiles purpose+.wpd
2004.09.15 14:33 B C:\AAAAA-MonroeCoSite\ExcessFiles\query.txt --> helloworldblue.net /MonroeCoOhPeopleandHistory/ExcessFiles query.txt
2004.09.15 14:33 B C:\AAAAA-MonroeCoSite\ExcessFiles\Row of Pebbles.gif --> helloworldblue.net /MonroeCoOhPeopleandHistory/ExcessFiles Row of Pebbles.gif
2004.09.15 14:33 B C:\AAAAA-MonroeCoSite\ExcessFiles\SARDIS.doc --> helloworldblue.net /MonroeCoOhPeopleandHistory/ExcessFiles SARDIS.doc
2004.09.15 14:33 B C:\AAAAA-MonroeCoSite\ExcessFiles\scroll.doc --> helloworldblue.net /MonroeCoOhPeopleandHistory/ExcessFiles scroll.doc
2004.09.15 14:33 B C:\AAAAA-MonroeCoSite\ExcessFiles\scrollx.doc --> helloworldblue.net /MonroeCoOhPeopleandHistory/ExcessFiles scrollx.doc
2004.09.15 14:33 B C:\AAAAA-MonroeCoSite\ExcessFiles\settlements.doc --> helloworldblue.net /MonroeCoOhPeopleandHistory/ExcessFiles settlements.doc
2004.09.15 14:33 B C:\AAAAA-MonroeCoSite\ExcessFiles\settlers.doc --> helloworldblue.net /MonroeCoOhPeopleandHistory/ExcessFiles settlers.doc
2004.09.15 14:33 B C:\AAAAA-MonroeCoSite\ExcessFiles\Spicer.doc --> helloworldblue.net /MonroeCoOhPeopleandHistory/ExcessFiles Spicer.doc
2004.09.15 14:33 B C:\AAAAA-MonroeCoSite\ExcessFiles\sur-list.doc --> helloworldblue.net /MonroeCoOhPeopleandHistory/ExcessFiles sur-list.doc
2004.09.15 14:33 B C:\AAAAA-MonroeCoSite\ExcessFiles\surnamesearch.txt --> helloworldblue.net /MonroeCoOhPeopleandHistory/ExcessFiles surnamesearch.txt
2004.09.15 14:33 B C:\AAAAA-MonroeCoSite\ExcessFiles\table.doc --> helloworldblue.net /MonroeCoOhPeopleandHistory/ExcessFiles table.doc
2004.09.15 14:33 B C:\AAAAA-MonroeCoSite\ExcessFiles\tablexxx.doc --> helloworldblue.net /MonroeCoOhPeopleandHistory/ExcessFiles tablexxx.doc
2004.09.15 14:33 B C:\AAAAA-MonroeCoSite\ExcessFiles\TimeLine.doc --> helloworldblue.net /MonroeCoOhPeopleandHistory/ExcessFiles TimeLine.doc
2004.09.15 14:33 B C:\AAAAA-MonroeCoSite\ExcessFiles\vol7-Jan1994.txt --> helloworldblue.net /MonroeCoOhPeopleandHistory/ExcessFiles vol7-Jan1994.txt
2004.09.15 14:33 B C:\AAAAA-MonroeCoSite\ExcessFiles\vol7-p-1-Jan1994.doc --> helloworldblue.net /MonroeCoOhPeopleandHistory/ExcessFiles vol7-p-1-Jan1994.doc
2004.09.15 14:33 B C:\AAAAA-MonroeCoSite\ExcessFiles\vol7-p-1-Jan1994.txt --> helloworldblue.net /MonroeCoOhPeopleandHistory/ExcessFiles vol7-p-1-Jan1994.txt
2004.09.15 14:33 B C:\AAAAA-MonroeCoSite\ExcessFiles\vol7-p2-1994.txt.doc --> helloworldblue.net /MonroeCoOhPeopleandHistory/ExcessFiles vol7-p2-1994.txt.doc
2004.09.15 14:33 B C:\AAAAA-MonroeCoSite\ExcessFiles\vol7-p2-1994.txt.wpd --> helloworldblue.net /MonroeCoOhPeopleandHistory/ExcessFiles vol7-p2-1994.txt.wpd
2004.09.15 14:33 B C:\AAAAA-MonroeCoSite\ExcessFiles\vol7p3-1994.doc --> helloworldblue.net /MonroeCoOhPeopleandHistory/ExcessFiles vol7p3-1994.doc
2004.09.15 14:33 B C:\AAAAA-MonroeCoSite\ExcessFiles\vol7p3-1994.txt --> helloworldblue.net /MonroeCoOhPeopleandHistory/ExcessFiles vol7p3-1994.txt
2004.09.15 14:33 B C:\AAAAA-MonroeCoSite\ExcessFiles\vol7p4-1994.doc --> helloworldblue.net /MonroeCoOhPeopleandHistory/ExcessFiles vol7p4-1994.doc
2004.09.15 14:33 B C:\AAAAA-MonroeCoSite\ExcessFiles\vol7p4-1994.txt --> helloworldblue.net /MonroeCoOhPeopleandHistory/ExcessFiles vol7p4-1994.txt
2004.09.15 14:33 B C:\AAAAA-MonroeCoSite\ExcessFiles\vol7p5-1994.doc --> helloworldblue.net /MonroeCoOhPeopleandHistory/ExcessFiles vol7p5-1994.doc
2004.09.15 14:33 B C:\AAAAA-MonroeCoSite\ExcessFiles\vol7p5-1994.txt --> helloworldblue.net /MonroeCoOhPeopleandHistory/ExcessFiles vol7p5-1994.txt
2004.09.15 14:33 B C:\AAAAA-MonroeCoSite\ExcessFiles\Washingtontrip.doc --> helloworldblue.net /MonroeCoOhPeopleandHistory/ExcessFiles Washingtontrip.doc
2004.09.15 14:33 B C:\AAAAA-MonroeCoSite\ExcessFiles\web titlex.doc --> helloworldblue.net /MonroeCoOhPeopleandHistory/ExcessFiles web titlex.doc
2004.09.15 14:33 B C:\AAAAA-MonroeCoSite\ExcessFiles\WHEAT.htm --> helloworldblue.net /MonroeCoOhPeopleandHistory/ExcessFiles WHEAT.htm
2004.09.15 14:33 B C:\AAAAA-MonroeCoSite\ExcessFiles\WS_FTP.LOG --> helloworldblue.net /MonroeCoOhPeopleandHistory/ExcessFiles WS_FTP.LOG
2004.10.09 23:53 B C:\AAAAA-MonCoHist_Gen\ExcessFiles\3churches.wpd --> users.freepages.rootsweb.com /history_html/ExcessFiles 3churches.wpd
2004.10.09 23:53 B C:\AAAAA-MonCoHist_Gen\ExcessFiles\AAAAA-MonroeCoSite --> users.freepages.rootsweb.com /history_html/ExcessFiles AAAAA-MonroeCoSite
2004.10.09 23:53 B C:\AAAAA-MonCoHist_Gen\ExcessFiles\AboutThisSite.doc --> users.freepages.rootsweb.com /history_html/ExcessFiles AboutThisSite.doc
2004.10.09 23:53 B C:\AAAAA-MonCoHist_Gen\ExcessFiles\BACK ISSUES.doc --> users.freepages.rootsweb.com /history_html/ExcessFiles BACK ISSUES.doc
2004.10.09 23:53 B C:\AAAAA-MonCoHist_Gen\ExcessFiles\Baker.wpd --> users.freepages.rootsweb.com /history_html/ExcessFiles Baker.wpd
2004.10.09 23:53 B C:\AAAAA-MonCoHist_Gen\ExcessFiles\bar1.doc --> users.freepages.rootsweb.com /history_html/ExcessFiles bar1.doc
2004.10.09 23:53 B C:\AAAAA-MonCoHist_Gen\ExcessFiles\bar1.gif --> users.freepages.rootsweb.com /history_html/ExcessFiles bar1.gif
2004.10.09 23:53 B C:\AAAAA-MonCoHist_Gen\ExcessFiles\bar2.gif --> users.freepages.rootsweb.com /history_html/ExcessFiles bar2.gif
2004.10.09 23:53 B C:\AAAAA-MonCoHist_Gen\ExcessFiles\bars.doc --> users.freepages.rootsweb.com /history_html/ExcessFiles bars.doc
2004.10.09 23:53 B C:\AAAAA-MonCoHist_Gen\ExcessFiles\Box1.doc --> users.freepages.rootsweb.com /history_html/ExcessFiles Box1.doc
2004.10.09 23:53 B C:\AAAAA-MonCoHist_Gen\ExcessFiles\Box1t.doc --> users.freepages.rootsweb.com /history_html/ExcessFiles Box1t.doc
2004.10.09 23:53 B C:\AAAAA-MonCoHist_Gen\ExcessFiles\Box2.doc --> users.freepages.rootsweb.com /history_html/ExcessFiles Box2.doc
2004.10.09 23:53 B C:\AAAAA-MonCoHist_Gen\ExcessFiles\Box2t.doc --> users.freepages.rootsweb.com /history_html/ExcessFiles Box2t.doc
2004.10.09 23:53 B C:\AAAAA-MonCoHist_Gen\ExcessFiles\Box3.doc --> users.freepages.rootsweb.com /history_html/ExcessFiles Box3.doc
2004.10.09 23:53 B C:\AAAAA-MonCoHist_Gen\ExcessFiles\Box4.doc --> users.freepages.rootsweb.com /history_html/ExcessFiles Box4.doc
2004.10.09 23:53 B C:\AAAAA-MonCoHist_Gen\ExcessFiles\burke.doc --> users.freepages.rootsweb.com /history_html/ExcessFiles burke.doc
2004.10.09 23:53 B C:\AAAAA-MonCoHist_Gen\ExcessFiles\button1.gif --> users.freepages.rootsweb.com /history_html/ExcessFiles button1.gif
2004.10.09 23:53 B C:\AAAAA-MonCoHist_Gen\ExcessFiles\button3.gif --> users.freepages.rootsweb.com /history_html/ExcessFiles button3.gif
2004.10.09 23:53 B C:\AAAAA-MonCoHist_Gen\ExcessFiles\buttonsm.doc --> users.freepages.rootsweb.com /history_html/ExcessFiles buttonsm.doc
2004.10.09 23:53 B C:\AAAAA-MonCoHist_Gen\ExcessFiles\Captina.doc --> users.freepages.rootsweb.com /history_html/ExcessFiles Captina.doc
2004.10.09 23:53 B C:\AAAAA-MonCoHist_Gen\ExcessFiles\CemAlph.xls --> users.freepages.rootsweb.com /history_html/ExcessFiles CemAlph.xls
2004.10.09 23:53 B C:\AAAAA-MonCoHist_Gen\ExcessFiles\Cemeteries.doc --> users.freepages.rootsweb.com /history_html/ExcessFiles Cemeteries.doc
2004.10.09 23:53 B C:\AAAAA-MonCoHist_Gen\ExcessFiles\CENSUS.txt --> users.freepages.rootsweb.com /history_html/ExcessFiles CENSUS.txt
2004.10.09 23:53 B C:\AAAAA-MonCoHist_Gen\ExcessFiles\contact.htm --> users.freepages.rootsweb.com /history_html/ExcessFiles contact.htm
2004.10.09 23:53 B C:\AAAAA-MonCoHist_Gen\ExcessFiles\CrowFamily.doc --> users.freepages.rootsweb.com /history_html/ExcessFiles CrowFamily.doc
2004.10.09 23:53 B C:\AAAAA-MonCoHist_Gen\ExcessFiles\Drum.doc --> users.freepages.rootsweb.com /history_html/ExcessFiles Drum.doc
2004.10.09 23:53 B C:\AAAAA-MonCoHist_Gen\ExcessFiles\DrumMassacre.doc --> users.freepages.rootsweb.com /history_html/ExcessFiles DrumMassacre.doc
2004.10.09 23:53 B C:\AAAAA-MonCoHist_Gen\ExcessFiles\Emblem+x.eml --> users.freepages.rootsweb.com /history_html/ExcessFiles Emblem+x.eml
2004.10.09 23:53 B C:\AAAAA-MonCoHist_Gen\ExcessFiles\Emblemx.GIF --> users.freepages.rootsweb.com /history_html/ExcessFiles Emblemx.GIF
2004.10.09 23:53 B C:\AAAAA-MonCoHist_Gen\ExcessFiles\Emblemxa.gif --> users.freepages.rootsweb.com /history_html/ExcessFiles Emblemxa.gif
2004.10.09 23:53 B C:\AAAAA-MonCoHist_Gen\ExcessFiles\FamilyTrees.doc --> users.freepages.rootsweb.com /history_html/ExcessFiles FamilyTrees.doc
2004.10.09 23:53 B C:\AAAAA-MonCoHist_Gen\ExcessFiles\Fedorchakblurbs.doc --> users.freepages.rootsweb.com /history_html/ExcessFiles Fedorchakblurbs.doc
2004.10.09 23:53 B C:\AAAAA-MonCoHist_Gen\ExcessFiles\Fedorchakblurbs1.doc --> users.freepages.rootsweb.com /history_html/ExcessFiles Fedorchakblurbs1.doc
2004.10.09 23:53 B C:\AAAAA-MonCoHist_Gen\ExcessFiles\Fedorchakblurbs2-1.doc --> users.freepages.rootsweb.com /history_html/ExcessFiles Fedorchakblurbs2-1.doc
2004.10.09 23:53 B C:\AAAAA-MonCoHist_Gen\ExcessFiles\Fedorchakblurbs2-2.doc --> users.freepages.rootsweb.com /history_html/ExcessFiles Fedorchakblurbs2-2.doc
2004.10.09 23:54 B C:\AAAAA-MonCoHist_Gen\ExcessFiles\Fedorchakblurbs3.doc --> users.freepages.rootsweb.com /history_html/ExcessFiles Fedorchakblurbs3.doc
2004.10.09 23:54 B C:\AAAAA-MonCoHist_Gen\ExcessFiles\Fedorchakblurbs4.doc --> users.freepages.rootsweb.com /history_html/ExcessFiles Fedorchakblurbs4.doc
2004.10.09 23:54 B C:\AAAAA-MonCoHist_Gen\ExcessFiles\Fedorchakblurbs5.doc --> users.freepages.rootsweb.com /history_html/ExcessFiles Fedorchakblurbs5.doc
2004.10.09 23:54 B C:\AAAAA-MonCoHist_Gen\ExcessFiles\first.txt --> users.freepages.rootsweb.com /history_html/ExcessFiles first.txt
2004.10.09 23:54 B C:\AAAAA-MonCoHist_Gen\ExcessFiles\firstx.wpd --> users.freepages.rootsweb.com /history_html/ExcessFiles firstx.wpd
2004.10.09 23:54 B C:\AAAAA-MonCoHist_Gen\ExcessFiles\firstxw.doc --> users.freepages.rootsweb.com /history_html/ExcessFiles firstxw.doc
2004.10.09 23:54 B C:\AAAAA-MonCoHist_Gen\ExcessFiles\firstxx.htm --> users.freepages.rootsweb.com /history_html/ExcessFiles firstxx.htm
2004.10.09 23:54 B C:\AAAAA-MonCoHist_Gen\ExcessFiles\HelpWanted.doc --> users.freepages.rootsweb.com /history_html/ExcessFiles HelpWanted.doc
2004.10.09 23:54 B C:\AAAAA-MonCoHist_Gen\ExcessFiles\index_b.htm --> users.freepages.rootsweb.com /history_html/ExcessFiles index_b.htm
2004.10.09 23:54 B C:\AAAAA-MonCoHist_Gen\ExcessFiles\index_C.htm --> users.freepages.rootsweb.com /history_html/ExcessFiles index_C.htm
2004.10.09 23:54 B C:\AAAAA-MonCoHist_Gen\ExcessFiles\indexOld1.htm --> users.freepages.rootsweb.com /history_html/ExcessFiles indexOld1.htm
2004.10.09 23:54 B C:\AAAAA-MonCoHist_Gen\ExcessFiles\indexS.htm --> users.freepages.rootsweb.com /history_html/ExcessFiles indexS.htm
2004.10.09 23:54 B C:\AAAAA-MonCoHist_Gen\ExcessFiles\IVORY.htm --> users.freepages.rootsweb.com /history_html/ExcessFiles IVORY.htm
2004.10.09 23:54 B C:\AAAAA-MonCoHist_Gen\ExcessFiles\johnson.doc --> users.freepages.rootsweb.com /history_html/ExcessFiles johnson.doc
2004.10.09 23:54 B C:\AAAAA-MonCoHist_Gen\ExcessFiles\line1.gif --> users.freepages.rootsweb.com /history_html/ExcessFiles line1.gif
2004.10.09 23:54 B C:\AAAAA-MonCoHist_Gen\ExcessFiles\LINEN.htm --> users.freepages.rootsweb.com /history_html/ExcessFiles LINEN.htm
2004.10.09 23:54 B C:\AAAAA-MonCoHist_Gen\ExcessFiles\LostCemetery.doc --> users.freepages.rootsweb.com /history_html/ExcessFiles LostCemetery.doc
2004.10.09 23:54 B C:\AAAAA-MonCoHist_Gen\ExcessFiles\mcgs-p.htm --> users.freepages.rootsweb.com /history_html/ExcessFiles mcgs-p.htm
2004.10.09 23:54 B C:\AAAAA-MonCoHist_Gen\ExcessFiles\MICROFILM.doc --> users.freepages.rootsweb.com /history_html/ExcessFiles MICROFILM.doc
2004.10.09 23:54 B C:\AAAAA-MonCoHist_Gen\ExcessFiles\mogsbook.txt --> users.freepages.rootsweb.com /history_html/ExcessFiles mogsbook.txt
2004.10.09 23:54 B C:\AAAAA-MonCoHist_Gen\ExcessFiles\mogsmem.txt --> users.freepages.rootsweb.com /history_html/ExcessFiles mogsmem.txt
2004.10.09 23:54 B C:\AAAAA-MonCoHist_Gen\ExcessFiles\mogsmemx.wpd --> users.freepages.rootsweb.com /history_html/ExcessFiles mogsmemx.wpd
2004.10.09 23:54 B C:\AAAAA-MonCoHist_Gen\ExcessFiles\mogsmemxw.doc --> users.freepages.rootsweb.com /history_html/ExcessFiles mogsmemxw.doc
2004.10.09 23:54 B C:\AAAAA-MonCoHist_Gen\ExcessFiles\MonroeCoOrg.wpd --> users.freepages.rootsweb.com /history_html/ExcessFiles MonroeCoOrg.wpd
2004.10.09 23:54 B C:\AAAAA-MonCoHist_Gen\ExcessFiles\ms241.tmp --> users.freepages.rootsweb.com /history_html/ExcessFiles ms241.tmp
2004.10.09 23:54 B C:\AAAAA-MonCoHist_Gen\ExcessFiles\ms4103.tmp --> users.freepages.rootsweb.com /history_html/ExcessFiles ms4103.tmp
2004.10.09 23:54 B C:\AAAAA-MonCoHist_Gen\ExcessFiles\ms5954.tmp --> users.freepages.rootsweb.com /history_html/ExcessFiles ms5954.tmp
2004.10.09 23:54 B C:\AAAAA-MonCoHist_Gen\ExcessFiles\NAV10.txt --> users.freepages.rootsweb.com /history_html/ExcessFiles NAV10.txt
2004.10.09 23:54 B C:\AAAAA-MonCoHist_Gen\ExcessFiles\NAV11.txt --> users.freepages.rootsweb.com /history_html/ExcessFiles NAV11.txt
2004.10.09 23:54 B C:\AAAAA-MonCoHist_Gen\ExcessFiles\NAV11part.txt --> users.freepages.rootsweb.com /history_html/ExcessFiles NAV11part.txt
2004.10.09 23:54 B C:\AAAAA-MonCoHist_Gen\ExcessFiles\Nav12.rtf --> users.freepages.rootsweb.com /history_html/ExcessFiles Nav12.rtf
2004.10.09 23:54 B C:\AAAAA-MonCoHist_Gen\ExcessFiles\NAV4-1991.doc --> users.freepages.rootsweb.com /history_html/ExcessFiles NAV4-1991.doc
2004.10.09 23:54 B C:\AAAAA-MonCoHist_Gen\ExcessFiles\NAV4P1-1991.txt --> users.freepages.rootsweb.com /history_html/ExcessFiles NAV4P1-1991.txt
2004.10.09 23:54 B C:\AAAAA-MonCoHist_Gen\ExcessFiles\NAV4P10-1991.txt --> users.freepages.rootsweb.com /history_html/ExcessFiles NAV4P10-1991.txt
2004.10.09 23:54 B C:\AAAAA-MonCoHist_Gen\ExcessFiles\NAV4P11-1991.txt --> users.freepages.rootsweb.com /history_html/ExcessFiles NAV4P11-1991.txt
2004.10.09 23:54 B C:\AAAAA-MonCoHist_Gen\ExcessFiles\NAV4P12-1991.txt --> users.freepages.rootsweb.com /history_html/ExcessFiles NAV4P12-1991.txt
2004.10.09 23:54 B C:\AAAAA-MonCoHist_Gen\ExcessFiles\NAV4P13-1991.txt --> users.freepages.rootsweb.com /history_html/ExcessFiles NAV4P13-1991.txt
2004.10.09 23:54 B C:\AAAAA-MonCoHist_Gen\ExcessFiles\NAV4P14-1991.txt --> users.freepages.rootsweb.com /history_html/ExcessFiles NAV4P14-1991.txt
2004.10.09 23:54 B C:\AAAAA-MonCoHist_Gen\ExcessFiles\NAV4P15-1991.txt --> users.freepages.rootsweb.com /history_html/ExcessFiles NAV4P15-1991.txt
2004.10.09 23:54 B C:\AAAAA-MonCoHist_Gen\ExcessFiles\NAV4P2-1991.txt --> users.freepages.rootsweb.com /history_html/ExcessFiles NAV4P2-1991.txt
2004.10.09 23:54 B C:\AAAAA-MonCoHist_Gen\ExcessFiles\NAV4P3-1991.txt --> users.freepages.rootsweb.com /history_html/ExcessFiles NAV4P3-1991.txt
2004.10.09 23:54 B C:\AAAAA-MonCoHist_Gen\ExcessFiles\NAV4P4-1991.txt --> users.freepages.rootsweb.com /history_html/ExcessFiles NAV4P4-1991.txt
2004.10.09 23:54 B C:\AAAAA-MonCoHist_Gen\ExcessFiles\NAV4P5-1991.txt --> users.freepages.rootsweb.com /history_html/ExcessFiles NAV4P5-1991.txt
2004.10.09 23:54 B C:\AAAAA-MonCoHist_Gen\ExcessFiles\NAV4P6-1991.txt --> users.freepages.rootsweb.com /history_html/ExcessFiles NAV4P6-1991.txt
2004.10.09 23:54 B C:\AAAAA-MonCoHist_Gen\ExcessFiles\NAV4P7-1991.txt --> users.freepages.rootsweb.com /history_html/ExcessFiles NAV4P7-1991.txt
2004.10.09 23:54 B C:\AAAAA-MonCoHist_Gen\ExcessFiles\NAV4P8-1991.txt --> users.freepages.rootsweb.com /history_html/ExcessFiles NAV4P8-1991.txt
2004.10.09 23:54 B C:\AAAAA-MonCoHist_Gen\ExcessFiles\NAV4P9-1991.txt --> users.freepages.rootsweb.com /history_html/ExcessFiles NAV4P9-1991.txt
2004.10.09 23:54 B C:\AAAAA-MonCoHist_Gen\ExcessFiles\NAV5-1992.doc --> users.freepages.rootsweb.com /history_html/ExcessFiles NAV5-1992.doc
2004.10.09 23:54 B C:\AAAAA-MonCoHist_Gen\ExcessFiles\NAV5-1992.txt --> users.freepages.rootsweb.com /history_html/ExcessFiles NAV5-1992.txt
2004.10.09 23:54 B C:\AAAAA-MonCoHist_Gen\ExcessFiles\NAV5p1-1992.txt --> users.freepages.rootsweb.com /history_html/ExcessFiles NAV5p1-1992.txt
2004.10.09 23:54 B C:\AAAAA-MonCoHist_Gen\ExcessFiles\NAV5p10-1992.txt --> users.freepages.rootsweb.com /history_html/ExcessFiles NAV5p10-1992.txt
2004.10.09 23:54 B C:\AAAAA-MonCoHist_Gen\ExcessFiles\NAV5p11-1992.txt --> users.freepages.rootsweb.com /history_html/ExcessFiles NAV5p11-1992.txt
2004.10.09 23:54 B C:\AAAAA-MonCoHist_Gen\ExcessFiles\NAV5p12-1992.txt --> users.freepages.rootsweb.com /history_html/ExcessFiles NAV5p12-1992.txt
2004.10.09 23:54 B C:\AAAAA-MonCoHist_Gen\ExcessFiles\NAV5p13-1992.txt --> users.freepages.rootsweb.com /history_html/ExcessFiles NAV5p13-1992.txt
2004.10.09 23:54 B C:\AAAAA-MonCoHist_Gen\ExcessFiles\NAV5p2-1992.txt --> users.freepages.rootsweb.com /history_html/ExcessFiles NAV5p2-1992.txt
2004.10.09 23:54 B C:\AAAAA-MonCoHist_Gen\ExcessFiles\NAV5p3-1992.txt --> users.freepages.rootsweb.com /history_html/ExcessFiles NAV5p3-1992.txt
2004.10.09 23:54 B C:\AAAAA-MonCoHist_Gen\ExcessFiles\NAV5p4-1992.txt --> users.freepages.rootsweb.com /history_html/ExcessFiles NAV5p4-1992.txt
2004.10.09 23:54 B C:\AAAAA-MonCoHist_Gen\ExcessFiles\NAV5p5-1992.txt --> users.freepages.rootsweb.com /history_html/ExcessFiles NAV5p5-1992.txt
2004.10.09 23:54 B C:\AAAAA-MonCoHist_Gen\ExcessFiles\NAV5p6-1992.txt --> users.freepages.rootsweb.com /history_html/ExcessFiles NAV5p6-1992.txt
2004.10.09 23:54 B C:\AAAAA-MonCoHist_Gen\ExcessFiles\NAV5p7-1992.txt --> users.freepages.rootsweb.com /history_html/ExcessFiles NAV5p7-1992.txt
2004.10.09 23:54 B C:\AAAAA-MonCoHist_Gen\ExcessFiles\NAV5p8-1992.txt --> users.freepages.rootsweb.com /history_html/ExcessFiles NAV5p8-1992.txt
2004.10.09 23:54 B C:\AAAAA-MonCoHist_Gen\ExcessFiles\NAV5p9-1992.txt --> users.freepages.rootsweb.com /history_html/ExcessFiles NAV5p9-1992.txt
2004.10.09 23:54 B C:\AAAAA-MonCoHist_Gen\ExcessFiles\NAV6-1993.doc --> users.freepages.rootsweb.com /history_html/ExcessFiles NAV6-1993.doc
2004.10.09 23:54 B C:\AAAAA-MonCoHist_Gen\ExcessFiles\NAV6-1993.txt --> users.freepages.rootsweb.com /history_html/ExcessFiles NAV6-1993.txt
2004.10.09 23:54 B C:\AAAAA-MonCoHist_Gen\ExcessFiles\NAV6-1993ww.doc --> users.freepages.rootsweb.com /history_html/ExcessFiles NAV6-1993ww.doc
2004.10.09 23:54 B C:\AAAAA-MonCoHist_Gen\ExcessFiles\NAV6P1-1993.txt --> users.freepages.rootsweb.com /history_html/ExcessFiles NAV6P1-1993.txt
2004.10.09 23:54 B C:\AAAAA-MonCoHist_Gen\ExcessFiles\NAV6P10-1993.txt --> users.freepages.rootsweb.com /history_html/ExcessFiles NAV6P10-1993.txt
2004.10.09 23:54 B C:\AAAAA-MonCoHist_Gen\ExcessFiles\NAV6P11-1993.txt --> users.freepages.rootsweb.com /history_html/ExcessFiles NAV6P11-1993.txt
2004.10.09 23:54 B C:\AAAAA-MonCoHist_Gen\ExcessFiles\NAV6P12-1993.txt --> users.freepages.rootsweb.com /history_html/ExcessFiles NAV6P12-1993.txt
2004.10.09 23:55 B C:\AAAAA-MonCoHist_Gen\ExcessFiles\NAV6P13-1993.txt --> users.freepages.rootsweb.com /history_html/ExcessFiles NAV6P13-1993.txt
2004.10.09 23:55 B C:\AAAAA-MonCoHist_Gen\ExcessFiles\NAV6P14-1993.txt --> users.freepages.rootsweb.com /history_html/ExcessFiles NAV6P14-1993.txt
2004.10.09 23:55 B C:\AAAAA-MonCoHist_Gen\ExcessFiles\NAV6P15-1993.txt --> users.freepages.rootsweb.com /history_html/ExcessFiles NAV6P15-1993.txt
2004.10.09 23:55 B C:\AAAAA-MonCoHist_Gen\ExcessFiles\NAV6P16-1993.txt --> users.freepages.rootsweb.com /history_html/ExcessFiles NAV6P16-1993.txt
2004.10.09 23:55 B C:\AAAAA-MonCoHist_Gen\ExcessFiles\NAV6P2-1993.txt --> users.freepages.rootsweb.com /history_html/ExcessFiles NAV6P2-1993.txt
2004.10.09 23:55 B C:\AAAAA-MonCoHist_Gen\ExcessFiles\NAV6P3-1993.txt --> users.freepages.rootsweb.com /history_html/ExcessFiles NAV6P3-1993.txt
2004.10.09 23:55 B C:\AAAAA-MonCoHist_Gen\ExcessFiles\NAV6P4-1993.txt --> users.freepages.rootsweb.com /history_html/ExcessFiles NAV6P4-1993.txt
2004.10.09 23:55 B C:\AAAAA-MonCoHist_Gen\ExcessFiles\NAV6P5-1993.txt --> users.freepages.rootsweb.com /history_html/ExcessFiles NAV6P5-1993.txt
2004.10.09 23:55 B C:\AAAAA-MonCoHist_Gen\ExcessFiles\NAV6P6-1993.txt --> users.freepages.rootsweb.com /history_html/ExcessFiles NAV6P6-1993.txt
2004.10.09 23:55 B C:\AAAAA-MonCoHist_Gen\ExcessFiles\NAV6P7-1993.txt --> users.freepages.rootsweb.com /history_html/ExcessFiles NAV6P7-1993.txt
2004.10.09 23:55 B C:\AAAAA-MonCoHist_Gen\ExcessFiles\NAV6P8-1993.txt --> users.freepages.rootsweb.com /history_html/ExcessFiles NAV6P8-1993.txt
2004.10.09 23:55 B C:\AAAAA-MonCoHist_Gen\ExcessFiles\NAV6P9-1993.txt --> users.freepages.rootsweb.com /history_html/ExcessFiles NAV6P9-1993.txt
2004.10.09 23:55 B C:\AAAAA-MonCoHist_Gen\ExcessFiles\NAV7-1994.doc --> users.freepages.rootsweb.com /history_html/ExcessFiles NAV7-1994.doc
2004.10.09 23:55 B C:\AAAAA-MonCoHist_Gen\ExcessFiles\NAV8-1-1995.txt --> users.freepages.rootsweb.com /history_html/ExcessFiles NAV8-1-1995.txt
2004.10.09 23:55 B C:\AAAAA-MonCoHist_Gen\ExcessFiles\NAV8-1995.doc --> users.freepages.rootsweb.com /history_html/ExcessFiles NAV8-1995.doc
2004.10.09 23:55 B C:\AAAAA-MonCoHist_Gen\ExcessFiles\NAV8-1995.txt.wpd --> users.freepages.rootsweb.com /history_html/ExcessFiles NAV8-1995.txt.wpd
2004.10.09 23:55 B C:\AAAAA-MonCoHist_Gen\ExcessFiles\NAV8-2-1995.txt --> users.freepages.rootsweb.com /history_html/ExcessFiles NAV8-2-1995.txt
2004.10.09 23:55 B C:\AAAAA-MonCoHist_Gen\ExcessFiles\NAV8-3-1995.txt --> users.freepages.rootsweb.com /history_html/ExcessFiles NAV8-3-1995.txt
2004.10.09 23:55 B C:\AAAAA-MonCoHist_Gen\ExcessFiles\NAV8-4-1995.txt --> users.freepages.rootsweb.com /history_html/ExcessFiles NAV8-4-1995.txt
2004.10.09 23:55 B C:\AAAAA-MonCoHist_Gen\ExcessFiles\NAV8-5-1995.txt --> users.freepages.rootsweb.com /history_html/ExcessFiles NAV8-5-1995.txt
2004.10.09 23:55 B C:\AAAAA-MonCoHist_Gen\ExcessFiles\NAV8-6-1995.txt --> users.freepages.rootsweb.com /history_html/ExcessFiles NAV8-6-1995.txt
2004.10.09 23:55 B C:\AAAAA-MonCoHist_Gen\ExcessFiles\NAV9.txt --> users.freepages.rootsweb.com /history_html/ExcessFiles NAV9.txt
2004.10.09 23:55 B C:\AAAAA-MonCoHist_Gen\ExcessFiles\New_pubs.doc --> users.freepages.rootsweb.com /history_html/ExcessFiles New_pubs.doc
2004.10.09 23:55 B C:\AAAAA-MonCoHist_Gen\ExcessFiles\News4-20-01.doc --> users.freepages.rootsweb.com /history_html/ExcessFiles News4-20-01.doc
2004.10.09 23:55 B C:\AAAAA-MonCoHist_Gen\ExcessFiles\News4-20-01.htm --> users.freepages.rootsweb.com /history_html/ExcessFiles News4-20-01.htm
2004.10.09 23:55 B C:\AAAAA-MonCoHist_Gen\ExcessFiles\persi.doc --> users.freepages.rootsweb.com /history_html/ExcessFiles persi.doc
2004.10.09 23:55 B C:\AAAAA-MonCoHist_Gen\ExcessFiles\pioneer.txt --> users.freepages.rootsweb.com /history_html/ExcessFiles pioneer.txt
2004.10.09 23:55 B C:\AAAAA-MonCoHist_Gen\ExcessFiles\Pioneer2.doc --> users.freepages.rootsweb.com /history_html/ExcessFiles Pioneer2.doc
2004.10.09 23:55 B C:\AAAAA-MonCoHist_Gen\ExcessFiles\Pioneer2.txt --> users.freepages.rootsweb.com /history_html/ExcessFiles Pioneer2.txt
2004.10.09 23:55 B C:\AAAAA-MonCoHist_Gen\ExcessFiles\Pioneer3.doc --> users.freepages.rootsweb.com /history_html/ExcessFiles Pioneer3.doc
2004.10.09 23:55 B C:\AAAAA-MonCoHist_Gen\ExcessFiles\Pioneer3.txt --> users.freepages.rootsweb.com /history_html/ExcessFiles Pioneer3.txt
2004.10.09 23:55 B C:\AAAAA-MonCoHist_Gen\ExcessFiles\Pioneer3xx.htm --> users.freepages.rootsweb.com /history_html/ExcessFiles Pioneer3xx.htm
2004.10.09 23:55 B C:\AAAAA-MonCoHist_Gen\ExcessFiles\Pioneer4.doc --> users.freepages.rootsweb.com /history_html/ExcessFiles Pioneer4.doc
2004.10.09 23:55 B C:\AAAAA-MonCoHist_Gen\ExcessFiles\Pioneer4.txt --> users.freepages.rootsweb.com /history_html/ExcessFiles Pioneer4.txt
2004.10.09 23:55 B C:\AAAAA-MonCoHist_Gen\ExcessFiles\PioneerAppl.doc --> users.freepages.rootsweb.com /history_html/ExcessFiles PioneerAppl.doc
2004.10.09 23:55 B C:\AAAAA-MonCoHist_Gen\ExcessFiles\PioneerApplwt.doc --> users.freepages.rootsweb.com /history_html/ExcessFiles PioneerApplwt.doc
2004.10.09 23:55 B C:\AAAAA-MonCoHist_Gen\ExcessFiles\pioneerx.wpd --> users.freepages.rootsweb.com /history_html/ExcessFiles pioneerx.wpd
2004.10.09 23:55 B C:\AAAAA-MonCoHist_Gen\ExcessFiles\pioneerxw.doc --> users.freepages.rootsweb.com /history_html/ExcessFiles pioneerxw.doc
2004.10.09 23:55 B C:\AAAAA-MonCoHist_Gen\ExcessFiles\pioneerxx.htm --> users.freepages.rootsweb.com /history_html/ExcessFiles pioneerxx.htm
2004.10.09 23:55 B C:\AAAAA-MonCoHist_Gen\ExcessFiles\pubs4sale.doc --> users.freepages.rootsweb.com /history_html/ExcessFiles pubs4sale.doc
2004.10.09 23:55 B C:\AAAAA-MonCoHist_Gen\ExcessFiles\purpose+.wpd --> users.freepages.rootsweb.com /history_html/ExcessFiles purpose+.wpd
2004.10.09 23:55 B C:\AAAAA-MonCoHist_Gen\ExcessFiles\query.txt --> users.freepages.rootsweb.com /history_html/ExcessFiles query.txt
2004.10.09 23:55 B C:\AAAAA-MonCoHist_Gen\ExcessFiles\Row of Pebbles.gif --> users.freepages.rootsweb.com /history_html/ExcessFiles Row of Pebbles.gif
2004.10.09 23:55 B C:\AAAAA-MonCoHist_Gen\ExcessFiles\SARDIS.doc --> users.freepages.rootsweb.com /history_html/ExcessFiles SARDIS.doc
2004.10.09 23:55 B C:\AAAAA-MonCoHist_Gen\ExcessFiles\scroll.doc --> users.freepages.rootsweb.com /history_html/ExcessFiles scroll.doc
2004.10.09 23:55 B C:\AAAAA-MonCoHist_Gen\ExcessFiles\scrollx.doc --> users.freepages.rootsweb.com /history_html/ExcessFiles scrollx.doc
2004.10.09 23:55 B C:\AAAAA-MonCoHist_Gen\ExcessFiles\settlements.doc --> users.freepages.rootsweb.com /history_html/ExcessFiles settlements.doc
2004.10.09 23:55 B C:\AAAAA-MonCoHist_Gen\ExcessFiles\settlers.doc --> users.freepages.rootsweb.com /history_html/ExcessFiles settlers.doc
2004.10.09 23:55 B C:\AAAAA-MonCoHist_Gen\ExcessFiles\Spicer.doc --> users.freepages.rootsweb.com /history_html/ExcessFiles Spicer.doc
2004.10.09 23:55 B C:\AAAAA-MonCoHist_Gen\ExcessFiles\sur-list.doc --> users.freepages.rootsweb.com /history_html/ExcessFiles sur-list.doc
2004.10.09 23:55 B C:\AAAAA-MonCoHist_Gen\ExcessFiles\surnamesearch.txt --> users.freepages.rootsweb.com /history_html/ExcessFiles surnamesearch.txt
2004.10.09 23:55 B C:\AAAAA-MonCoHist_Gen\ExcessFiles\table.doc --> users.freepages.rootsweb.com /history_html/ExcessFiles table.doc
2004.10.09 23:55 B C:\AAAAA-MonCoHist_Gen\ExcessFiles\tablexxx.doc --> users.freepages.rootsweb.com /history_html/ExcessFiles tablexxx.doc
2004.10.09 23:55 B C:\AAAAA-MonCoHist_Gen\ExcessFiles\TimeLine.doc --> users.freepages.rootsweb.com /history_html/ExcessFiles TimeLine.doc
2004.10.09 23:55 B C:\AAAAA-MonCoHist_Gen\ExcessFiles\vol7-Jan1994.txt --> users.freepages.rootsweb.com /history_html/ExcessFiles vol7-Jan1994.txt
2004.10.09 23:55 B C:\AAAAA-MonCoHist_Gen\ExcessFiles\vol7-p-1-Jan1994.doc --> users.freepages.rootsweb.com /history_html/ExcessFiles vol7-p-1-Jan1994.doc
2004.10.09 23:55 B C:\AAAAA-MonCoHist_Gen\ExcessFiles\vol7-p-1-Jan1994.txt --> users.freepages.rootsweb.com /history_html/ExcessFiles vol7-p-1-Jan1994.txt
2004.10.09 23:55 B C:\AAAAA-MonCoHist_Gen\ExcessFiles\vol7-p2-1994.txt.doc --> users.freepages.rootsweb.com /history_html/ExcessFiles vol7-p2-1994.txt.doc
2004.10.09 23:55 B C:\AAAAA-MonCoHist_Gen\ExcessFiles\vol7-p2-1994.txt.wpd --> users.freepages.rootsweb.com /history_html/ExcessFiles vol7-p2-1994.txt.wpd
2004.10.09 23:55 B C:\AAAAA-MonCoHist_Gen\ExcessFiles\vol7p3-1994.doc --> users.freepages.rootsweb.com /history_html/ExcessFiles vol7p3-1994.doc
2004.10.09 23:55 B C:\AAAAA-MonCoHist_Gen\ExcessFiles\vol7p3-1994.txt --> users.freepages.rootsweb.com /history_html/ExcessFiles vol7p3-1994.txt
2004.10.09 23:55 B C:\AAAAA-MonCoHist_Gen\ExcessFiles\vol7p4-1994.doc --> users.freepages.rootsweb.com /history_html/ExcessFiles vol7p4-1994.doc
2004.10.09 23:55 B C:\AAAAA-MonCoHist_Gen\ExcessFiles\vol7p4-1994.txt --> users.freepages.rootsweb.com /history_html/ExcessFiles vol7p4-1994.txt
2004.10.09 23:55 B C:\AAAAA-MonCoHist_Gen\ExcessFiles\vol7p5-1994.doc --> users.freepages.rootsweb.com /history_html/ExcessFiles vol7p5-1994.doc
2004.10.09 23:55 B C:\AAAAA-MonCoHist_Gen\ExcessFiles\vol7p5-1994.txt --> users.freepages.rootsweb.com /history_html/ExcessFiles vol7p5-1994.txt
2004.10.09 23:55 B C:\AAAAA-MonCoHist_Gen\ExcessFiles\Washingtontrip.doc --> users.freepages.rootsweb.com /history_html/ExcessFiles Washingtontrip.doc
2004.10.09 23:55 B C:\AAAAA-MonCoHist_Gen\ExcessFiles\web titlex.doc --> users.freepages.rootsweb.com /history_html/ExcessFiles web titlex.doc
2004.10.09 23:55 B C:\AAAAA-MonCoHist_Gen\ExcessFiles\WHEAT.htm --> users.freepages.rootsweb.com /history_html/ExcessFiles WHEAT.htm
