2003.03.19 22:14 B C:\AAAAA-MonroeCoSite\OldNewsLtrs\1999\Apr 116th.doc --> helloworldblue.net /web/MCCofOGS/OldNewsLtrs/1999 Apr 116th.doc
2003.03.19 22:14 B C:\AAAAA-MonroeCoSite\OldNewsLtrs\1999\Apr Fed File.doc --> helloworldblue.net /web/MCCofOGS/OldNewsLtrs/1999 Apr Fed File.doc
2003.03.19 22:14 B C:\AAAAA-MonroeCoSite\OldNewsLtrs\1999\Apr Hutchison.doc --> helloworldblue.net /web/MCCofOGS/OldNewsLtrs/1999 Apr Hutchison.doc
2003.03.19 22:14 B C:\AAAAA-MonroeCoSite\OldNewsLtrs\1999\Apr Lotshaw.doc --> helloworldblue.net /web/MCCofOGS/OldNewsLtrs/1999 Apr Lotshaw.doc
2003.03.19 22:14 B C:\AAAAA-MonroeCoSite\OldNewsLtrs\1999\apr notes.doc --> helloworldblue.net /web/MCCofOGS/OldNewsLtrs/1999 apr notes.doc
2003.03.19 22:14 B C:\AAAAA-MonroeCoSite\OldNewsLtrs\1999\Apr Probate.doc --> helloworldblue.net /web/MCCofOGS/OldNewsLtrs/1999 Apr Probate.doc
2003.03.19 22:14 B C:\AAAAA-MonroeCoSite\OldNewsLtrs\1999\Apr queries.doc --> helloworldblue.net /web/MCCofOGS/OldNewsLtrs/1999 Apr queries.doc
2003.03.19 22:14 B C:\AAAAA-MonroeCoSite\OldNewsLtrs\1999\Apr SURNAME FILE.doc --> helloworldblue.net /web/MCCofOGS/OldNewsLtrs/1999 Apr SURNAME FILE.doc
2003.03.19 22:14 B C:\AAAAA-MonroeCoSite\OldNewsLtrs\1999\Apr Twp.doc --> helloworldblue.net /web/MCCofOGS/OldNewsLtrs/1999 Apr Twp.doc
2003.03.19 22:14 B C:\AAAAA-MonroeCoSite\OldNewsLtrs\1999\Apr Wills.doc --> helloworldblue.net /web/MCCofOGS/OldNewsLtrs/1999 Apr Wills.doc
2003.03.19 22:14 B C:\AAAAA-MonroeCoSite\OldNewsLtrs\1999\Apr Wm. Powell.doc --> helloworldblue.net /web/MCCofOGS/OldNewsLtrs/1999 Apr Wm. Powell.doc
2003.03.19 22:14 B C:\AAAAA-MonroeCoSite\OldNewsLtrs\1999\back.doc --> helloworldblue.net /web/MCCofOGS/OldNewsLtrs/1999 back.doc
2003.03.19 22:14 B C:\AAAAA-MonroeCoSite\OldNewsLtrs\1999\Jan 2 WV Inf.doc --> helloworldblue.net /web/MCCofOGS/OldNewsLtrs/1999 Jan 2 WV Inf.doc
2003.03.19 22:14 B C:\AAAAA-MonroeCoSite\OldNewsLtrs\1999\Jan Fedorchak File.doc --> helloworldblue.net /web/MCCofOGS/OldNewsLtrs/1999 Jan Fedorchak File.doc
2003.03.19 22:14 B C:\AAAAA-MonroeCoSite\OldNewsLtrs\1999\Jan Here and There.doc --> helloworldblue.net /web/MCCofOGS/OldNewsLtrs/1999 Jan Here and There.doc
2003.03.19 22:14 B C:\AAAAA-MonroeCoSite\OldNewsLtrs\1999\jan Hollister's co.doc --> helloworldblue.net /web/MCCofOGS/OldNewsLtrs/1999 jan Hollister's co.doc
2003.03.19 22:14 B C:\AAAAA-MonroeCoSite\OldNewsLtrs\1999\jan rhodes.doc --> helloworldblue.net /web/MCCofOGS/OldNewsLtrs/1999 jan rhodes.doc
2003.03.19 22:14 B C:\AAAAA-MonroeCoSite\OldNewsLtrs\1999\Jan RW Vets.doc --> helloworldblue.net /web/MCCofOGS/OldNewsLtrs/1999 Jan RW Vets.doc
2003.03.19 22:14 B C:\AAAAA-MonroeCoSite\OldNewsLtrs\1999\Jan Tips of Research.doc --> helloworldblue.net /web/MCCofOGS/OldNewsLtrs/1999 Jan Tips of Research.doc
2003.03.19 22:14 B C:\AAAAA-MonroeCoSite\OldNewsLtrs\1999\jul foxhollow.doc --> helloworldblue.net /web/MCCofOGS/OldNewsLtrs/1999 jul foxhollow.doc
2003.03.19 22:14 B C:\AAAAA-MonroeCoSite\OldNewsLtrs\1999\jul front.doc --> helloworldblue.net /web/MCCofOGS/OldNewsLtrs/1999 jul front.doc
2003.03.19 22:14 B C:\AAAAA-MonroeCoSite\OldNewsLtrs\1999\Jul GERMAN CITY CEM.doc --> helloworldblue.net /web/MCCofOGS/OldNewsLtrs/1999 Jul GERMAN CITY CEM.doc
2003.03.19 22:14 B C:\AAAAA-MonroeCoSite\OldNewsLtrs\1999\Jul Goudy.doc --> helloworldblue.net /web/MCCofOGS/OldNewsLtrs/1999 Jul Goudy.doc
2003.03.19 22:15 B C:\AAAAA-MonroeCoSite\OldNewsLtrs\1999\Jul Mozena.doc --> helloworldblue.net /web/MCCofOGS/OldNewsLtrs/1999 Jul Mozena.doc
2003.03.19 22:15 B C:\AAAAA-MonroeCoSite\OldNewsLtrs\1999\Jul Myers.doc --> helloworldblue.net /web/MCCofOGS/OldNewsLtrs/1999 Jul Myers.doc
2003.03.19 22:15 B C:\AAAAA-MonroeCoSite\OldNewsLtrs\1999\Jul Naturalizations.doc --> helloworldblue.net /web/MCCofOGS/OldNewsLtrs/1999 Jul Naturalizations.doc
2003.03.19 22:15 B C:\AAAAA-MonroeCoSite\OldNewsLtrs\1999\Jul Notes.doc --> helloworldblue.net /web/MCCofOGS/OldNewsLtrs/1999 Jul Notes.doc
2003.03.19 22:15 B C:\AAAAA-MonroeCoSite\OldNewsLtrs\1999\Jul Queries.doc --> helloworldblue.net /web/MCCofOGS/OldNewsLtrs/1999 Jul Queries.doc
2003.03.19 22:15 B C:\AAAAA-MonroeCoSite\OldNewsLtrs\1999\Jul Sims.doc --> helloworldblue.net /web/MCCofOGS/OldNewsLtrs/1999 Jul Sims.doc
2003.03.19 22:15 B C:\AAAAA-MonroeCoSite\OldNewsLtrs\1999\Jul surnames.doc --> helloworldblue.net /web/MCCofOGS/OldNewsLtrs/1999 Jul surnames.doc
2003.03.19 22:15 B C:\AAAAA-MonroeCoSite\OldNewsLtrs\1999\Jul taxes.doc --> helloworldblue.net /web/MCCofOGS/OldNewsLtrs/1999 Jul taxes.doc
2003.03.19 22:15 B C:\AAAAA-MonroeCoSite\OldNewsLtrs\1999\Jul Tschappat.doc --> helloworldblue.net /web/MCCofOGS/OldNewsLtrs/1999 Jul Tschappat.doc
2003.03.19 22:15 B C:\AAAAA-MonroeCoSite\OldNewsLtrs\1999\MAST.BAK --> helloworldblue.net /web/MCCofOGS/OldNewsLtrs/1999 MAST.BAK
2003.03.19 22:15 B C:\AAAAA-MonroeCoSite\OldNewsLtrs\1999\masthead.dtp --> helloworldblue.net /web/MCCofOGS/OldNewsLtrs/1999 masthead.dtp
2003.03.19 22:15 B C:\AAAAA-MonroeCoSite\OldNewsLtrs\1999\Oct Fedorchak.doc --> helloworldblue.net /web/MCCofOGS/OldNewsLtrs/1999 Oct Fedorchak.doc
2003.03.19 22:15 B C:\AAAAA-MonroeCoSite\OldNewsLtrs\1999\Oct Mcconnell.doc --> helloworldblue.net /web/MCCofOGS/OldNewsLtrs/1999 Oct Mcconnell.doc
2003.03.19 22:15 B C:\AAAAA-MonroeCoSite\OldNewsLtrs\1999\oct notes.doc --> helloworldblue.net /web/MCCofOGS/OldNewsLtrs/1999 oct notes.doc
2003.03.19 22:15 B C:\AAAAA-MonroeCoSite\OldNewsLtrs\1999\Oct Okey.doc --> helloworldblue.net /web/MCCofOGS/OldNewsLtrs/1999 Oct Okey.doc
2003.03.19 22:15 B C:\AAAAA-MonroeCoSite\OldNewsLtrs\1999\oct queries.doc --> helloworldblue.net /web/MCCofOGS/OldNewsLtrs/1999 oct queries.doc
2003.03.19 22:15 B C:\AAAAA-MonroeCoSite\OldNewsLtrs\1999\PUBLICATIONS FOR SALE.doc --> helloworldblue.net /web/MCCofOGS/OldNewsLtrs/1999 PUBLICATIONS FOR SALE.doc
2003.03.19 22:15 B C:\AAAAA-MonroeCoSite\OldNewsLtrs\1999\ususal.doc --> helloworldblue.net /web/MCCofOGS/OldNewsLtrs/1999 ususal.doc
2004.09.15 14:51 B C:\AAAAA-MonroeCoSite\OldNewsLtrs\1999\Apr 116th.doc --> helloworldblue.net /MonroeCoOhPeopleandHistory/OldNewsLtrs/1999 Apr 116th.doc
2004.09.15 14:51 B C:\AAAAA-MonroeCoSite\OldNewsLtrs\1999\Apr Fed File.doc --> helloworldblue.net /MonroeCoOhPeopleandHistory/OldNewsLtrs/1999 Apr Fed File.doc
2004.09.15 14:51 B C:\AAAAA-MonroeCoSite\OldNewsLtrs\1999\Apr Hutchison.doc --> helloworldblue.net /MonroeCoOhPeopleandHistory/OldNewsLtrs/1999 Apr Hutchison.doc
2004.09.15 14:51 B C:\AAAAA-MonroeCoSite\OldNewsLtrs\1999\Apr Lotshaw.doc --> helloworldblue.net /MonroeCoOhPeopleandHistory/OldNewsLtrs/1999 Apr Lotshaw.doc
2004.09.15 14:51 B C:\AAAAA-MonroeCoSite\OldNewsLtrs\1999\apr notes.doc --> helloworldblue.net /MonroeCoOhPeopleandHistory/OldNewsLtrs/1999 apr notes.doc
2004.09.15 14:51 B C:\AAAAA-MonroeCoSite\OldNewsLtrs\1999\Apr Probate.doc --> helloworldblue.net /MonroeCoOhPeopleandHistory/OldNewsLtrs/1999 Apr Probate.doc
2004.09.15 14:51 B C:\AAAAA-MonroeCoSite\OldNewsLtrs\1999\Apr queries.doc --> helloworldblue.net /MonroeCoOhPeopleandHistory/OldNewsLtrs/1999 Apr queries.doc
2004.09.15 14:51 B C:\AAAAA-MonroeCoSite\OldNewsLtrs\1999\Apr SURNAME FILE.doc --> helloworldblue.net /MonroeCoOhPeopleandHistory/OldNewsLtrs/1999 Apr SURNAME FILE.doc
2004.09.15 14:51 B C:\AAAAA-MonroeCoSite\OldNewsLtrs\1999\Apr Twp.doc --> helloworldblue.net /MonroeCoOhPeopleandHistory/OldNewsLtrs/1999 Apr Twp.doc
2004.09.15 14:51 B C:\AAAAA-MonroeCoSite\OldNewsLtrs\1999\Apr Wills.doc --> helloworldblue.net /MonroeCoOhPeopleandHistory/OldNewsLtrs/1999 Apr Wills.doc
2004.09.15 14:51 B C:\AAAAA-MonroeCoSite\OldNewsLtrs\1999\Apr Wm. Powell.doc --> helloworldblue.net /MonroeCoOhPeopleandHistory/OldNewsLtrs/1999 Apr Wm. Powell.doc
2004.09.15 14:51 B C:\AAAAA-MonroeCoSite\OldNewsLtrs\1999\back.doc --> helloworldblue.net /MonroeCoOhPeopleandHistory/OldNewsLtrs/1999 back.doc
2004.09.15 14:51 B C:\AAAAA-MonroeCoSite\OldNewsLtrs\1999\Jan 2 WV Inf.doc --> helloworldblue.net /MonroeCoOhPeopleandHistory/OldNewsLtrs/1999 Jan 2 WV Inf.doc
2004.09.15 14:51 B C:\AAAAA-MonroeCoSite\OldNewsLtrs\1999\Jan Fedorchak File.doc --> helloworldblue.net /MonroeCoOhPeopleandHistory/OldNewsLtrs/1999 Jan Fedorchak File.doc
2004.09.15 14:51 B C:\AAAAA-MonroeCoSite\OldNewsLtrs\1999\Jan Here and There.doc --> helloworldblue.net /MonroeCoOhPeopleandHistory/OldNewsLtrs/1999 Jan Here and There.doc
2004.09.15 14:51 B C:\AAAAA-MonroeCoSite\OldNewsLtrs\1999\jan Hollister's co.doc --> helloworldblue.net /MonroeCoOhPeopleandHistory/OldNewsLtrs/1999 jan Hollister's co.doc
2004.09.15 14:51 B C:\AAAAA-MonroeCoSite\OldNewsLtrs\1999\jan rhodes.doc --> helloworldblue.net /MonroeCoOhPeopleandHistory/OldNewsLtrs/1999 jan rhodes.doc
2004.09.15 14:51 B C:\AAAAA-MonroeCoSite\OldNewsLtrs\1999\Jan RW Vets.doc --> helloworldblue.net /MonroeCoOhPeopleandHistory/OldNewsLtrs/1999 Jan RW Vets.doc
2004.09.15 14:51 B C:\AAAAA-MonroeCoSite\OldNewsLtrs\1999\Jan Tips of Research.doc --> helloworldblue.net /MonroeCoOhPeopleandHistory/OldNewsLtrs/1999 Jan Tips of Research.doc
2004.09.15 14:51 B C:\AAAAA-MonroeCoSite\OldNewsLtrs\1999\jul foxhollow.doc --> helloworldblue.net /MonroeCoOhPeopleandHistory/OldNewsLtrs/1999 jul foxhollow.doc
2004.09.15 14:51 B C:\AAAAA-MonroeCoSite\OldNewsLtrs\1999\jul front.doc --> helloworldblue.net /MonroeCoOhPeopleandHistory/OldNewsLtrs/1999 jul front.doc
2004.09.15 14:51 B C:\AAAAA-MonroeCoSite\OldNewsLtrs\1999\Jul GERMAN CITY CEM.doc --> helloworldblue.net /MonroeCoOhPeopleandHistory/OldNewsLtrs/1999 Jul GERMAN CITY CEM.doc
2004.09.15 14:51 B C:\AAAAA-MonroeCoSite\OldNewsLtrs\1999\Jul Goudy.doc --> helloworldblue.net /MonroeCoOhPeopleandHistory/OldNewsLtrs/1999 Jul Goudy.doc
2004.09.15 14:51 B C:\AAAAA-MonroeCoSite\OldNewsLtrs\1999\Jul Mozena.doc --> helloworldblue.net /MonroeCoOhPeopleandHistory/OldNewsLtrs/1999 Jul Mozena.doc
2004.09.15 14:51 B C:\AAAAA-MonroeCoSite\OldNewsLtrs\1999\Jul Myers.doc --> helloworldblue.net /MonroeCoOhPeopleandHistory/OldNewsLtrs/1999 Jul Myers.doc
2004.09.15 14:51 B C:\AAAAA-MonroeCoSite\OldNewsLtrs\1999\Jul Naturalizations.doc --> helloworldblue.net /MonroeCoOhPeopleandHistory/OldNewsLtrs/1999 Jul Naturalizations.doc
2004.09.15 14:51 B C:\AAAAA-MonroeCoSite\OldNewsLtrs\1999\Jul Notes.doc --> helloworldblue.net /MonroeCoOhPeopleandHistory/OldNewsLtrs/1999 Jul Notes.doc
2004.09.15 14:51 B C:\AAAAA-MonroeCoSite\OldNewsLtrs\1999\Jul Queries.doc --> helloworldblue.net /MonroeCoOhPeopleandHistory/OldNewsLtrs/1999 Jul Queries.doc
2004.09.15 14:51 B C:\AAAAA-MonroeCoSite\OldNewsLtrs\1999\Jul Sims.doc --> helloworldblue.net /MonroeCoOhPeopleandHistory/OldNewsLtrs/1999 Jul Sims.doc
2004.09.15 14:51 B C:\AAAAA-MonroeCoSite\OldNewsLtrs\1999\Jul surnames.doc --> helloworldblue.net /MonroeCoOhPeopleandHistory/OldNewsLtrs/1999 Jul surnames.doc
2004.09.15 14:51 B C:\AAAAA-MonroeCoSite\OldNewsLtrs\1999\Jul taxes.doc --> helloworldblue.net /MonroeCoOhPeopleandHistory/OldNewsLtrs/1999 Jul taxes.doc
2004.09.15 14:51 B C:\AAAAA-MonroeCoSite\OldNewsLtrs\1999\Jul Tschappat.doc --> helloworldblue.net /MonroeCoOhPeopleandHistory/OldNewsLtrs/1999 Jul Tschappat.doc
2004.09.15 14:51 B C:\AAAAA-MonroeCoSite\OldNewsLtrs\1999\MAST.BAK --> helloworldblue.net /MonroeCoOhPeopleandHistory/OldNewsLtrs/1999 MAST.BAK
2004.09.15 14:51 B C:\AAAAA-MonroeCoSite\OldNewsLtrs\1999\masthead.dtp --> helloworldblue.net /MonroeCoOhPeopleandHistory/OldNewsLtrs/1999 masthead.dtp
2004.09.15 14:51 B C:\AAAAA-MonroeCoSite\OldNewsLtrs\1999\Oct Fedorchak.doc --> helloworldblue.net /MonroeCoOhPeopleandHistory/OldNewsLtrs/1999 Oct Fedorchak.doc
2004.09.15 14:51 B C:\AAAAA-MonroeCoSite\OldNewsLtrs\1999\Oct Mcconnell.doc --> helloworldblue.net /MonroeCoOhPeopleandHistory/OldNewsLtrs/1999 Oct Mcconnell.doc
2004.09.15 14:51 B C:\AAAAA-MonroeCoSite\OldNewsLtrs\1999\oct notes.doc --> helloworldblue.net /MonroeCoOhPeopleandHistory/OldNewsLtrs/1999 oct notes.doc
2004.09.15 14:51 B C:\AAAAA-MonroeCoSite\OldNewsLtrs\1999\Oct Okey.doc --> helloworldblue.net /MonroeCoOhPeopleandHistory/OldNewsLtrs/1999 Oct Okey.doc
2004.09.15 14:51 B C:\AAAAA-MonroeCoSite\OldNewsLtrs\1999\oct queries.doc --> helloworldblue.net /MonroeCoOhPeopleandHistory/OldNewsLtrs/1999 oct queries.doc
2004.09.15 14:51 B C:\AAAAA-MonroeCoSite\OldNewsLtrs\1999\PUBLICATIONS FOR SALE.doc --> helloworldblue.net /MonroeCoOhPeopleandHistory/OldNewsLtrs/1999 PUBLICATIONS FOR SALE.doc
2004.09.15 14:51 B C:\AAAAA-MonroeCoSite\OldNewsLtrs\1999\ususal.doc --> helloworldblue.net /MonroeCoOhPeopleandHistory/OldNewsLtrs/1999 ususal.doc
2004.09.15 14:51 B C:\AAAAA-MonroeCoSite\OldNewsLtrs\1999\WS_FTP.LOG --> helloworldblue.net /MonroeCoOhPeopleandHistory/OldNewsLtrs/1999 WS_FTP.LOG
2004.10.10 00:54 B C:\AAAAA-MonCoHist_Gen\OldNewsLtrs\1999\Apr 116th.doc --> users.freepages.rootsweb.com /history_html/OldNewsLtrs/1999 Apr 116th.doc
2004.10.10 00:54 B C:\AAAAA-MonCoHist_Gen\OldNewsLtrs\1999\Apr Fed File.doc --> users.freepages.rootsweb.com /history_html/OldNewsLtrs/1999 Apr Fed File.doc
2004.10.10 00:54 B C:\AAAAA-MonCoHist_Gen\OldNewsLtrs\1999\Apr Hutchison.doc --> users.freepages.rootsweb.com /history_html/OldNewsLtrs/1999 Apr Hutchison.doc
2004.10.10 00:54 B C:\AAAAA-MonCoHist_Gen\OldNewsLtrs\1999\Apr Lotshaw.doc --> users.freepages.rootsweb.com /history_html/OldNewsLtrs/1999 Apr Lotshaw.doc
2004.10.10 00:54 B C:\AAAAA-MonCoHist_Gen\OldNewsLtrs\1999\apr notes.doc --> users.freepages.rootsweb.com /history_html/OldNewsLtrs/1999 apr notes.doc
2004.10.10 00:54 B C:\AAAAA-MonCoHist_Gen\OldNewsLtrs\1999\Apr Probate.doc --> users.freepages.rootsweb.com /history_html/OldNewsLtrs/1999 Apr Probate.doc
2004.10.10 00:54 B C:\AAAAA-MonCoHist_Gen\OldNewsLtrs\1999\Apr queries.doc --> users.freepages.rootsweb.com /history_html/OldNewsLtrs/1999 Apr queries.doc
2004.10.10 00:54 B C:\AAAAA-MonCoHist_Gen\OldNewsLtrs\1999\Apr SURNAME FILE.doc --> users.freepages.rootsweb.com /history_html/OldNewsLtrs/1999 Apr SURNAME FILE.doc
2004.10.10 00:54 B C:\AAAAA-MonCoHist_Gen\OldNewsLtrs\1999\Apr Twp.doc --> users.freepages.rootsweb.com /history_html/OldNewsLtrs/1999 Apr Twp.doc
2004.10.10 00:54 B C:\AAAAA-MonCoHist_Gen\OldNewsLtrs\1999\Apr Wills.doc --> users.freepages.rootsweb.com /history_html/OldNewsLtrs/1999 Apr Wills.doc
2004.10.10 00:54 B C:\AAAAA-MonCoHist_Gen\OldNewsLtrs\1999\Apr Wm. Powell.doc --> users.freepages.rootsweb.com /history_html/OldNewsLtrs/1999 Apr Wm. Powell.doc
2004.10.10 00:54 B C:\AAAAA-MonCoHist_Gen\OldNewsLtrs\1999\back.doc --> users.freepages.rootsweb.com /history_html/OldNewsLtrs/1999 back.doc
2004.10.10 00:54 B C:\AAAAA-MonCoHist_Gen\OldNewsLtrs\1999\Jan 2 WV Inf.doc --> users.freepages.rootsweb.com /history_html/OldNewsLtrs/1999 Jan 2 WV Inf.doc
2004.10.10 00:54 B C:\AAAAA-MonCoHist_Gen\OldNewsLtrs\1999\Jan Fedorchak File.doc --> users.freepages.rootsweb.com /history_html/OldNewsLtrs/1999 Jan Fedorchak File.doc
2004.10.10 00:54 B C:\AAAAA-MonCoHist_Gen\OldNewsLtrs\1999\Jan Here and There.doc --> users.freepages.rootsweb.com /history_html/OldNewsLtrs/1999 Jan Here and There.doc
2004.10.10 00:54 B C:\AAAAA-MonCoHist_Gen\OldNewsLtrs\1999\jan Hollister's co.doc --> users.freepages.rootsweb.com /history_html/OldNewsLtrs/1999 jan Hollister's co.doc
2004.10.10 00:54 B C:\AAAAA-MonCoHist_Gen\OldNewsLtrs\1999\jan rhodes.doc --> users.freepages.rootsweb.com /history_html/OldNewsLtrs/1999 jan rhodes.doc
2004.10.10 00:54 B C:\AAAAA-MonCoHist_Gen\OldNewsLtrs\1999\Jan RW Vets.doc --> users.freepages.rootsweb.com /history_html/OldNewsLtrs/1999 Jan RW Vets.doc
2004.10.10 00:54 B C:\AAAAA-MonCoHist_Gen\OldNewsLtrs\1999\Jan Tips of Research.doc --> users.freepages.rootsweb.com /history_html/OldNewsLtrs/1999 Jan Tips of Research.doc
2004.10.10 00:54 B C:\AAAAA-MonCoHist_Gen\OldNewsLtrs\1999\jul foxhollow.doc --> users.freepages.rootsweb.com /history_html/OldNewsLtrs/1999 jul foxhollow.doc
2004.10.10 00:54 B C:\AAAAA-MonCoHist_Gen\OldNewsLtrs\1999\jul front.doc --> users.freepages.rootsweb.com /history_html/OldNewsLtrs/1999 jul front.doc
2004.10.10 00:54 B C:\AAAAA-MonCoHist_Gen\OldNewsLtrs\1999\Jul GERMAN CITY CEM.doc --> users.freepages.rootsweb.com /history_html/OldNewsLtrs/1999 Jul GERMAN CITY CEM.doc
2004.10.10 00:54 B C:\AAAAA-MonCoHist_Gen\OldNewsLtrs\1999\Jul Goudy.doc --> users.freepages.rootsweb.com /history_html/OldNewsLtrs/1999 Jul Goudy.doc
2004.10.10 00:54 B C:\AAAAA-MonCoHist_Gen\OldNewsLtrs\1999\Jul Mozena.doc --> users.freepages.rootsweb.com /history_html/OldNewsLtrs/1999 Jul Mozena.doc
2004.10.10 00:54 B C:\AAAAA-MonCoHist_Gen\OldNewsLtrs\1999\Jul Myers.doc --> users.freepages.rootsweb.com /history_html/OldNewsLtrs/1999 Jul Myers.doc
2004.10.10 00:54 B C:\AAAAA-MonCoHist_Gen\OldNewsLtrs\1999\Jul Naturalizations.doc --> users.freepages.rootsweb.com /history_html/OldNewsLtrs/1999 Jul Naturalizations.doc
2004.10.10 00:54 B C:\AAAAA-MonCoHist_Gen\OldNewsLtrs\1999\Jul Notes.doc --> users.freepages.rootsweb.com /history_html/OldNewsLtrs/1999 Jul Notes.doc
2004.10.10 00:54 B C:\AAAAA-MonCoHist_Gen\OldNewsLtrs\1999\Jul Queries.doc --> users.freepages.rootsweb.com /history_html/OldNewsLtrs/1999 Jul Queries.doc
2004.10.10 00:55 B C:\AAAAA-MonCoHist_Gen\OldNewsLtrs\1999\Jul Sims.doc --> users.freepages.rootsweb.com /history_html/OldNewsLtrs/1999 Jul Sims.doc
2004.10.10 00:55 B C:\AAAAA-MonCoHist_Gen\OldNewsLtrs\1999\Jul surnames.doc --> users.freepages.rootsweb.com /history_html/OldNewsLtrs/1999 Jul surnames.doc
2004.10.10 00:55 B C:\AAAAA-MonCoHist_Gen\OldNewsLtrs\1999\Jul taxes.doc --> users.freepages.rootsweb.com /history_html/OldNewsLtrs/1999 Jul taxes.doc
2004.10.10 00:55 B C:\AAAAA-MonCoHist_Gen\OldNewsLtrs\1999\Jul Tschappat.doc --> users.freepages.rootsweb.com /history_html/OldNewsLtrs/1999 Jul Tschappat.doc
2004.10.10 00:55 B C:\AAAAA-MonCoHist_Gen\OldNewsLtrs\1999\MAST.BAK --> users.freepages.rootsweb.com /history_html/OldNewsLtrs/1999 MAST.BAK
2004.10.10 00:55 B C:\AAAAA-MonCoHist_Gen\OldNewsLtrs\1999\masthead.dtp --> users.freepages.rootsweb.com /history_html/OldNewsLtrs/1999 masthead.dtp
2004.10.10 00:55 B C:\AAAAA-MonCoHist_Gen\OldNewsLtrs\1999\Oct Fedorchak.doc --> users.freepages.rootsweb.com /history_html/OldNewsLtrs/1999 Oct Fedorchak.doc
2004.10.10 00:55 B C:\AAAAA-MonCoHist_Gen\OldNewsLtrs\1999\Oct Mcconnell.doc --> users.freepages.rootsweb.com /history_html/OldNewsLtrs/1999 Oct Mcconnell.doc
2004.10.10 00:55 B C:\AAAAA-MonCoHist_Gen\OldNewsLtrs\1999\oct notes.doc --> users.freepages.rootsweb.com /history_html/OldNewsLtrs/1999 oct notes.doc
2004.10.10 00:55 B C:\AAAAA-MonCoHist_Gen\OldNewsLtrs\1999\Oct Okey.doc --> users.freepages.rootsweb.com /history_html/OldNewsLtrs/1999 Oct Okey.doc
2004.10.10 00:55 B C:\AAAAA-MonCoHist_Gen\OldNewsLtrs\1999\oct queries.doc --> users.freepages.rootsweb.com /history_html/OldNewsLtrs/1999 oct queries.doc
2004.10.10 00:55 B C:\AAAAA-MonCoHist_Gen\OldNewsLtrs\1999\PUBLICATIONS FOR SALE.doc --> users.freepages.rootsweb.com /history_html/OldNewsLtrs/1999 PUBLICATIONS FOR SALE.doc
2004.10.10 00:55 B C:\AAAAA-MonCoHist_Gen\OldNewsLtrs\1999\ususal.doc --> users.freepages.rootsweb.com /history_html/OldNewsLtrs/1999 ususal.doc
