2003.03.09 23:06 B C:\AAAAA-MonroeCoSite\LHoffFam_files\filelist.xml --> users.rootsweb.com /home0023/ohmccogs/public_html/LHoffFam_files filelist.xml
2003.03.09 23:06 B C:\AAAAA-MonroeCoSite\LHoffFam_files\image001.jpg --> users.rootsweb.com /home0023/ohmccogs/public_html/LHoffFam_files image001.jpg
2003.03.09 23:06 B C:\AAAAA-MonroeCoSite\LHoffFam_files\image002.jpg --> users.rootsweb.com /home0023/ohmccogs/public_html/LHoffFam_files image002.jpg
2003.03.11 08:52 B C:\AAAAA-MonroeCoSite\LHoffFam_files\filelist.xml --> users.rootsweb.com /home0023/ohmccogs/public_html/LHoffFam_files filelist.xml
2003.03.11 08:52 B C:\AAAAA-MonroeCoSite\LHoffFam_files\image001.jpg --> users.rootsweb.com /home0023/ohmccogs/public_html/LHoffFam_files image001.jpg
2003.03.11 08:52 B C:\AAAAA-MonroeCoSite\LHoffFam_files\image002.jpg --> users.rootsweb.com /home0023/ohmccogs/public_html/LHoffFam_files image002.jpg
2003.03.11 08:52 B C:\AAAAA-MonroeCoSite\LHoffFam_files\WS_FTP.LOG --> users.rootsweb.com /home0023/ohmccogs/public_html/LHoffFam_files WS_FTP.LOG
2003.03.19 21:57 B C:\AAAAA-MonroeCoSite\LHoffFam_files\filelist.xml --> helloworldblue.net /web/MCCofOGS/LHoffFam_files filelist.xml
2003.03.19 21:57 B C:\AAAAA-MonroeCoSite\LHoffFam_files\image001.jpg --> helloworldblue.net /web/MCCofOGS/LHoffFam_files image001.jpg
2003.03.19 21:57 B C:\AAAAA-MonroeCoSite\LHoffFam_files\image002.jpg --> helloworldblue.net /web/MCCofOGS/LHoffFam_files image002.jpg
2003.03.19 21:57 B C:\AAAAA-MonroeCoSite\LHoffFam_files\WS_FTP.LOG --> helloworldblue.net /web/MCCofOGS/LHoffFam_files WS_FTP.LOG
2004.09.15 17:02 B C:\AAAAA-MonroeCoSite\LHoffFam_files\filelist.xml --> helloworldblue.net /LHoffFam_files filelist.xml
2004.09.15 17:02 B C:\AAAAA-MonroeCoSite\LHoffFam_files\image001.jpg --> helloworldblue.net /LHoffFam_files image001.jpg
2004.09.15 17:02 B C:\AAAAA-MonroeCoSite\LHoffFam_files\image002.jpg --> helloworldblue.net /LHoffFam_files image002.jpg
2004.09.15 17:02 B C:\AAAAA-MonroeCoSite\LHoffFam_files\WS_FTP.LOG --> helloworldblue.net /LHoffFam_files WS_FTP.LOG
2004.09.16 01:44 A C:\AAAAA-MonroeCoSite\LHoffFam_files\filelist.xml --> helloworldblue.net /MonroeCoOhPeopleandHistory/LHoffFam_files filelist.xml
2004.09.16 01:44 A C:\AAAAA-MonroeCoSite\LHoffFam_files\image001.jpg --> helloworldblue.net /MonroeCoOhPeopleandHistory/LHoffFam_files image001.jpg
2004.09.16 01:44 A C:\AAAAA-MonroeCoSite\LHoffFam_files\image002.jpg --> helloworldblue.net /MonroeCoOhPeopleandHistory/LHoffFam_files image002.jpg
2004.09.16 01:44 A C:\AAAAA-MonroeCoSite\LHoffFam_files\WS_FTP.LOG --> helloworldblue.net /MonroeCoOhPeopleandHistory/LHoffFam_files WS_FTP.LOG
2004.10.10 00:25 B C:\AAAAA-MonCoHist_Gen\LHoffFam_files\filelist.xml --> users.freepages.rootsweb.com /history_html/LHoffFam_files filelist.xml
2004.10.10 00:25 B C:\AAAAA-MonCoHist_Gen\LHoffFam_files\image001.jpg --> users.freepages.rootsweb.com /history_html/LHoffFam_files image001.jpg
2004.10.10 00:25 B C:\AAAAA-MonCoHist_Gen\LHoffFam_files\image002.jpg --> users.freepages.rootsweb.com /history_html/LHoffFam_files image002.jpg
