2003.02.12 00:08 B C:\AAAAA-MonroeCoSite\LibVanwy1_files\filelist.xml --> users.rootsweb.com /home0023/ohmccogs/LibVanwy1_files filelist.xml
2003.02.12 00:08 B C:\AAAAA-MonroeCoSite\LibVanwy1_files\image001.jpg --> users.rootsweb.com /home0023/ohmccogs/LibVanwy1_files image001.jpg
2003.02.12 00:08 B C:\AAAAA-MonroeCoSite\LibVanwy1_files\image002.jpg --> users.rootsweb.com /home0023/ohmccogs/LibVanwy1_files image002.jpg
2003.02.12 00:20 B C:\AAAAA-MonroeCoSite\LibVanwy1_files\filelist.xml --> users.rootsweb.com /home0023/ohmccogs/public_html/LibVanwy1_files filelist.xml
2003.02.12 00:20 B C:\AAAAA-MonroeCoSite\LibVanwy1_files\image001.jpg --> users.rootsweb.com /home0023/ohmccogs/public_html/LibVanwy1_files image001.jpg
2003.02.12 00:20 B C:\AAAAA-MonroeCoSite\LibVanwy1_files\image002.jpg --> users.rootsweb.com /home0023/ohmccogs/public_html/LibVanwy1_files image002.jpg
2003.02.12 00:20 B C:\AAAAA-MonroeCoSite\LibVanwy1_files\WS_FTP.LOG --> users.rootsweb.com /home0023/ohmccogs/public_html/LibVanwy1_files WS_FTP.LOG
2003.03.05 20:15 B C:\AAAAA-MonroeCoSite\LibVanwy1_files\filelist.xml --> users.rootsweb.com /home0023/ohmccogs/LibVanwy1_files filelist.xml
2003.03.05 20:15 B C:\AAAAA-MonroeCoSite\LibVanwy1_files\image001.jpg --> users.rootsweb.com /home0023/ohmccogs/LibVanwy1_files image001.jpg
2003.03.05 20:15 B C:\AAAAA-MonroeCoSite\LibVanwy1_files\image002.jpg --> users.rootsweb.com /home0023/ohmccogs/LibVanwy1_files image002.jpg
2003.03.05 20:15 B C:\AAAAA-MonroeCoSite\LibVanwy1_files\WS_FTP.LOG --> users.rootsweb.com /home0023/ohmccogs/LibVanwy1_files WS_FTP.LOG
2003.03.05 20:16 B C:\AAAAA-MonroeCoSite\LibVanwy1_files\image001.jpg --> users.rootsweb.com /home0023/ohmccogs/public_html/LibVanwy1_files image001.jpg
2003.03.05 20:16 B C:\AAAAA-MonroeCoSite\LibVanwy1_files\WS_FTP.LOG --> users.rootsweb.com /home0023/ohmccogs/public_html/LibVanwy1_files WS_FTP.LOG
2003.03.19 21:57 B C:\AAAAA-MonroeCoSite\LibVanwy1_files\filelist.xml --> helloworldblue.net /web/MCCofOGS/LibVanwy1_files filelist.xml
2003.03.19 21:57 B C:\AAAAA-MonroeCoSite\LibVanwy1_files\image001.jpg --> helloworldblue.net /web/MCCofOGS/LibVanwy1_files image001.jpg
2003.03.19 21:57 B C:\AAAAA-MonroeCoSite\LibVanwy1_files\image002.jpg --> helloworldblue.net /web/MCCofOGS/LibVanwy1_files image002.jpg
2003.03.19 21:57 B C:\AAAAA-MonroeCoSite\LibVanwy1_files\WS_FTP.LOG --> helloworldblue.net /web/MCCofOGS/LibVanwy1_files WS_FTP.LOG
2004.09.15 17:03 B C:\AAAAA-MonroeCoSite\LibVanwy1_files\filelist.xml --> helloworldblue.net /LibVanwy1_files filelist.xml
2004.09.15 17:03 B C:\AAAAA-MonroeCoSite\LibVanwy1_files\image001.jpg --> helloworldblue.net /LibVanwy1_files image001.jpg
2004.09.15 17:03 B C:\AAAAA-MonroeCoSite\LibVanwy1_files\image002.jpg --> helloworldblue.net /LibVanwy1_files image002.jpg
2004.09.15 17:03 B C:\AAAAA-MonroeCoSite\LibVanwy1_files\WS_FTP.LOG --> helloworldblue.net /LibVanwy1_files WS_FTP.LOG
2004.09.16 01:44 A C:\AAAAA-MonroeCoSite\LibVanwy1_files\filelist.xml --> helloworldblue.net /MonroeCoOhPeopleandHistory/LibVanwy1_files filelist.xml
2004.09.16 01:44 A C:\AAAAA-MonroeCoSite\LibVanwy1_files\image001.jpg --> helloworldblue.net /MonroeCoOhPeopleandHistory/LibVanwy1_files image001.jpg
2004.09.16 01:44 A C:\AAAAA-MonroeCoSite\LibVanwy1_files\image002.jpg --> helloworldblue.net /MonroeCoOhPeopleandHistory/LibVanwy1_files image002.jpg
2004.09.16 01:44 A C:\AAAAA-MonroeCoSite\LibVanwy1_files\WS_FTP.LOG --> helloworldblue.net /MonroeCoOhPeopleandHistory/LibVanwy1_files WS_FTP.LOG
2004.10.10 00:25 B C:\AAAAA-MonCoHist_Gen\LibVanwy1_files\filelist.xml --> users.freepages.rootsweb.com /history_html/LibVanwy1_files filelist.xml
2004.10.10 00:26 B C:\AAAAA-MonCoHist_Gen\LibVanwy1_files\image001.jpg --> users.freepages.rootsweb.com /history_html/LibVanwy1_files image001.jpg
2004.10.10 00:26 B C:\AAAAA-MonCoHist_Gen\LibVanwy1_files\image002.jpg --> users.freepages.rootsweb.com /history_html/LibVanwy1_files image002.jpg
