2003.02.11 15:53 B C:\AAAAA-MonroeCoSite\HenryYoung_files\filelist.xml --> users.rootsweb.com /home0023/ohmccogs/public_html/HenryYoung_files filelist.xml
2003.02.11 15:53 B C:\AAAAA-MonroeCoSite\HenryYoung_files\image001.jpg --> users.rootsweb.com /home0023/ohmccogs/public_html/HenryYoung_files image001.jpg
2003.02.11 15:53 B C:\AAAAA-MonroeCoSite\HenryYoung_files\image002.jpg --> users.rootsweb.com /home0023/ohmccogs/public_html/HenryYoung_files image002.jpg
2003.02.11 15:53 B C:\AAAAA-MonroeCoSite\HenryYoung_files\image003.jpg --> users.rootsweb.com /home0023/ohmccogs/public_html/HenryYoung_files image003.jpg
2003.02.11 15:53 B C:\AAAAA-MonroeCoSite\HenryYoung_files\image004.jpg --> users.rootsweb.com /home0023/ohmccogs/public_html/HenryYoung_files image004.jpg
2003.03.19 21:51 B C:\AAAAA-MonroeCoSite\HenryYoung_files\filelist.xml --> helloworldblue.net /web/MCCofOGS/HenryYoung_files filelist.xml
2003.03.19 21:51 B C:\AAAAA-MonroeCoSite\HenryYoung_files\image001.jpg --> helloworldblue.net /web/MCCofOGS/HenryYoung_files image001.jpg
2003.03.19 21:51 B C:\AAAAA-MonroeCoSite\HenryYoung_files\image002.jpg --> helloworldblue.net /web/MCCofOGS/HenryYoung_files image002.jpg
2003.03.19 21:51 B C:\AAAAA-MonroeCoSite\HenryYoung_files\image003.jpg --> helloworldblue.net /web/MCCofOGS/HenryYoung_files image003.jpg
2003.03.19 21:51 B C:\AAAAA-MonroeCoSite\HenryYoung_files\image004.jpg --> helloworldblue.net /web/MCCofOGS/HenryYoung_files image004.jpg
2003.03.19 21:51 B C:\AAAAA-MonroeCoSite\HenryYoung_files\WS_FTP.LOG --> helloworldblue.net /web/MCCofOGS/HenryYoung_files WS_FTP.LOG
2004.09.15 16:42 B C:\AAAAA-MonroeCoSite\HenryYoung_files\filelist.xml --> helloworldblue.net /HenryYoung_files filelist.xml
2004.09.15 16:42 B C:\AAAAA-MonroeCoSite\HenryYoung_files\image001.jpg --> helloworldblue.net /HenryYoung_files image001.jpg
2004.09.15 16:42 B C:\AAAAA-MonroeCoSite\HenryYoung_files\image002.jpg --> helloworldblue.net /HenryYoung_files image002.jpg
2004.09.15 16:42 B C:\AAAAA-MonroeCoSite\HenryYoung_files\image003.jpg --> helloworldblue.net /HenryYoung_files image003.jpg
2004.09.15 16:42 B C:\AAAAA-MonroeCoSite\HenryYoung_files\image004.jpg --> helloworldblue.net /HenryYoung_files image004.jpg
2004.09.15 16:42 B C:\AAAAA-MonroeCoSite\HenryYoung_files\WS_FTP.LOG --> helloworldblue.net /HenryYoung_files WS_FTP.LOG
2004.09.16 01:32 A C:\AAAAA-MonroeCoSite\HenryYoung_files\filelist.xml --> helloworldblue.net /MonroeCoOhPeopleandHistory/HenryYoung_files filelist.xml
2004.09.16 01:32 A C:\AAAAA-MonroeCoSite\HenryYoung_files\image001.jpg --> helloworldblue.net /MonroeCoOhPeopleandHistory/HenryYoung_files image001.jpg
2004.09.16 01:32 A C:\AAAAA-MonroeCoSite\HenryYoung_files\image002.jpg --> helloworldblue.net /MonroeCoOhPeopleandHistory/HenryYoung_files image002.jpg
2004.09.16 01:32 A C:\AAAAA-MonroeCoSite\HenryYoung_files\image003.jpg --> helloworldblue.net /MonroeCoOhPeopleandHistory/HenryYoung_files image003.jpg
2004.09.16 01:32 A C:\AAAAA-MonroeCoSite\HenryYoung_files\image004.jpg --> helloworldblue.net /MonroeCoOhPeopleandHistory/HenryYoung_files image004.jpg
2004.09.16 01:32 A C:\AAAAA-MonroeCoSite\HenryYoung_files\WS_FTP.LOG --> helloworldblue.net /MonroeCoOhPeopleandHistory/HenryYoung_files WS_FTP.LOG
2004.10.10 00:05 B C:\AAAAA-MonCoHist_Gen\HenryYoung_files\filelist.xml --> users.freepages.rootsweb.com /history_html/HenryYoung_files filelist.xml
2004.10.10 00:05 B C:\AAAAA-MonCoHist_Gen\HenryYoung_files\image001.jpg --> users.freepages.rootsweb.com /history_html/HenryYoung_files image001.jpg
2004.10.10 00:05 B C:\AAAAA-MonCoHist_Gen\HenryYoung_files\image002.jpg --> users.freepages.rootsweb.com /history_html/HenryYoung_files image002.jpg
2004.10.10 00:05 B C:\AAAAA-MonCoHist_Gen\HenryYoung_files\image003.jpg --> users.freepages.rootsweb.com /history_html/HenryYoung_files image003.jpg
2004.10.10 00:05 B C:\AAAAA-MonCoHist_Gen\HenryYoung_files\image004.jpg --> users.freepages.rootsweb.com /history_html/HenryYoung_files image004.jpg
