2004.09.15 15:06 B C:\AAAAA-MonroeCoSite\WorkSpace2_1-RmSch\10.doc --> helloworldblue.net /MonroeCoOhPeopleandHistory/WorkSpace2_1-RmSch 10.doc
2004.09.15 15:06 B C:\AAAAA-MonroeCoSite\WorkSpace2_1-RmSch\11.doc --> helloworldblue.net /MonroeCoOhPeopleandHistory/WorkSpace2_1-RmSch 11.doc
2004.09.15 15:06 B C:\AAAAA-MonroeCoSite\WorkSpace2_1-RmSch\12.doc --> helloworldblue.net /MonroeCoOhPeopleandHistory/WorkSpace2_1-RmSch 12.doc
2004.09.15 15:06 B C:\AAAAA-MonroeCoSite\WorkSpace2_1-RmSch\13.doc --> helloworldblue.net /MonroeCoOhPeopleandHistory/WorkSpace2_1-RmSch 13.doc
2004.09.15 15:06 B C:\AAAAA-MonroeCoSite\WorkSpace2_1-RmSch\14.doc --> helloworldblue.net /MonroeCoOhPeopleandHistory/WorkSpace2_1-RmSch 14.doc
2004.09.15 15:06 B C:\AAAAA-MonroeCoSite\WorkSpace2_1-RmSch\15.doc --> helloworldblue.net /MonroeCoOhPeopleandHistory/WorkSpace2_1-RmSch 15.doc
2004.09.15 15:06 B C:\AAAAA-MonroeCoSite\WorkSpace2_1-RmSch\16.doc --> helloworldblue.net /MonroeCoOhPeopleandHistory/WorkSpace2_1-RmSch 16.doc
2004.09.15 15:06 B C:\AAAAA-MonroeCoSite\WorkSpace2_1-RmSch\17.doc --> helloworldblue.net /MonroeCoOhPeopleandHistory/WorkSpace2_1-RmSch 17.doc
2004.09.15 15:06 B C:\AAAAA-MonroeCoSite\WorkSpace2_1-RmSch\18.doc --> helloworldblue.net /MonroeCoOhPeopleandHistory/WorkSpace2_1-RmSch 18.doc
2004.09.15 15:06 B C:\AAAAA-MonroeCoSite\WorkSpace2_1-RmSch\19.doc --> helloworldblue.net /MonroeCoOhPeopleandHistory/WorkSpace2_1-RmSch 19.doc
2004.09.15 15:06 B C:\AAAAA-MonroeCoSite\WorkSpace2_1-RmSch\1p.jpg --> helloworldblue.net /MonroeCoOhPeopleandHistory/WorkSpace2_1-RmSch 1p.jpg
2004.09.15 15:06 B C:\AAAAA-MonroeCoSite\WorkSpace2_1-RmSch\2.doc --> helloworldblue.net /MonroeCoOhPeopleandHistory/WorkSpace2_1-RmSch 2.doc
2004.09.15 15:06 B C:\AAAAA-MonroeCoSite\WorkSpace2_1-RmSch\20.doc --> helloworldblue.net /MonroeCoOhPeopleandHistory/WorkSpace2_1-RmSch 20.doc
2004.09.15 15:06 B C:\AAAAA-MonroeCoSite\WorkSpace2_1-RmSch\21.doc --> helloworldblue.net /MonroeCoOhPeopleandHistory/WorkSpace2_1-RmSch 21.doc
2004.09.15 15:06 B C:\AAAAA-MonroeCoSite\WorkSpace2_1-RmSch\22.doc --> helloworldblue.net /MonroeCoOhPeopleandHistory/WorkSpace2_1-RmSch 22.doc
2004.09.15 15:06 B C:\AAAAA-MonroeCoSite\WorkSpace2_1-RmSch\22p.jpg --> helloworldblue.net /MonroeCoOhPeopleandHistory/WorkSpace2_1-RmSch 22p.jpg
2004.09.15 15:06 B C:\AAAAA-MonroeCoSite\WorkSpace2_1-RmSch\23.doc --> helloworldblue.net /MonroeCoOhPeopleandHistory/WorkSpace2_1-RmSch 23.doc
2004.09.15 15:06 B C:\AAAAA-MonroeCoSite\WorkSpace2_1-RmSch\23p.jpg --> helloworldblue.net /MonroeCoOhPeopleandHistory/WorkSpace2_1-RmSch 23p.jpg
2004.09.15 15:06 B C:\AAAAA-MonroeCoSite\WorkSpace2_1-RmSch\24.doc --> helloworldblue.net /MonroeCoOhPeopleandHistory/WorkSpace2_1-RmSch 24.doc
2004.09.15 15:06 B C:\AAAAA-MonroeCoSite\WorkSpace2_1-RmSch\24p.jpg --> helloworldblue.net /MonroeCoOhPeopleandHistory/WorkSpace2_1-RmSch 24p.jpg
2004.09.15 15:06 B C:\AAAAA-MonroeCoSite\WorkSpace2_1-RmSch\25.doc --> helloworldblue.net /MonroeCoOhPeopleandHistory/WorkSpace2_1-RmSch 25.doc
2004.09.15 15:06 B C:\AAAAA-MonroeCoSite\WorkSpace2_1-RmSch\26.doc --> helloworldblue.net /MonroeCoOhPeopleandHistory/WorkSpace2_1-RmSch 26.doc
2004.09.15 15:06 B C:\AAAAA-MonroeCoSite\WorkSpace2_1-RmSch\27.doc --> helloworldblue.net /MonroeCoOhPeopleandHistory/WorkSpace2_1-RmSch 27.doc
2004.09.15 15:06 B C:\AAAAA-MonroeCoSite\WorkSpace2_1-RmSch\28.doc --> helloworldblue.net /MonroeCoOhPeopleandHistory/WorkSpace2_1-RmSch 28.doc
2004.09.15 15:06 B C:\AAAAA-MonroeCoSite\WorkSpace2_1-RmSch\29.doc --> helloworldblue.net /MonroeCoOhPeopleandHistory/WorkSpace2_1-RmSch 29.doc
2004.09.15 15:06 B C:\AAAAA-MonroeCoSite\WorkSpace2_1-RmSch\3.doc --> helloworldblue.net /MonroeCoOhPeopleandHistory/WorkSpace2_1-RmSch 3.doc
2004.09.15 15:06 B C:\AAAAA-MonroeCoSite\WorkSpace2_1-RmSch\30.doc --> helloworldblue.net /MonroeCoOhPeopleandHistory/WorkSpace2_1-RmSch 30.doc
2004.09.15 15:06 B C:\AAAAA-MonroeCoSite\WorkSpace2_1-RmSch\31.doc --> helloworldblue.net /MonroeCoOhPeopleandHistory/WorkSpace2_1-RmSch 31.doc
2004.09.15 15:06 B C:\AAAAA-MonroeCoSite\WorkSpace2_1-RmSch\32.doc --> helloworldblue.net /MonroeCoOhPeopleandHistory/WorkSpace2_1-RmSch 32.doc
2004.09.15 15:06 B C:\AAAAA-MonroeCoSite\WorkSpace2_1-RmSch\33.doc --> helloworldblue.net /MonroeCoOhPeopleandHistory/WorkSpace2_1-RmSch 33.doc
2004.09.15 15:06 B C:\AAAAA-MonroeCoSite\WorkSpace2_1-RmSch\33.rtf --> helloworldblue.net /MonroeCoOhPeopleandHistory/WorkSpace2_1-RmSch 33.rtf
2004.09.15 15:06 B C:\AAAAA-MonroeCoSite\WorkSpace2_1-RmSch\34.doc --> helloworldblue.net /MonroeCoOhPeopleandHistory/WorkSpace2_1-RmSch 34.doc
2004.09.15 15:06 B C:\AAAAA-MonroeCoSite\WorkSpace2_1-RmSch\35.doc --> helloworldblue.net /MonroeCoOhPeopleandHistory/WorkSpace2_1-RmSch 35.doc
2004.09.15 15:06 B C:\AAAAA-MonroeCoSite\WorkSpace2_1-RmSch\36.doc --> helloworldblue.net /MonroeCoOhPeopleandHistory/WorkSpace2_1-RmSch 36.doc
2004.09.15 15:06 B C:\AAAAA-MonroeCoSite\WorkSpace2_1-RmSch\37.doc --> helloworldblue.net /MonroeCoOhPeopleandHistory/WorkSpace2_1-RmSch 37.doc
2004.09.15 15:07 B C:\AAAAA-MonroeCoSite\WorkSpace2_1-RmSch\38.doc --> helloworldblue.net /MonroeCoOhPeopleandHistory/WorkSpace2_1-RmSch 38.doc
2004.09.15 15:07 B C:\AAAAA-MonroeCoSite\WorkSpace2_1-RmSch\39.doc --> helloworldblue.net /MonroeCoOhPeopleandHistory/WorkSpace2_1-RmSch 39.doc
2004.09.15 15:07 B C:\AAAAA-MonroeCoSite\WorkSpace2_1-RmSch\4.doc --> helloworldblue.net /MonroeCoOhPeopleandHistory/WorkSpace2_1-RmSch 4.doc
2004.09.15 15:07 B C:\AAAAA-MonroeCoSite\WorkSpace2_1-RmSch\40.doc --> helloworldblue.net /MonroeCoOhPeopleandHistory/WorkSpace2_1-RmSch 40.doc
2004.09.15 15:07 B C:\AAAAA-MonroeCoSite\WorkSpace2_1-RmSch\41p.jpg --> helloworldblue.net /MonroeCoOhPeopleandHistory/WorkSpace2_1-RmSch 41p.jpg
2004.09.15 15:07 B C:\AAAAA-MonroeCoSite\WorkSpace2_1-RmSch\42.doc --> helloworldblue.net /MonroeCoOhPeopleandHistory/WorkSpace2_1-RmSch 42.doc
2004.09.15 15:07 B C:\AAAAA-MonroeCoSite\WorkSpace2_1-RmSch\43.doc --> helloworldblue.net /MonroeCoOhPeopleandHistory/WorkSpace2_1-RmSch 43.doc
2004.09.15 15:07 B C:\AAAAA-MonroeCoSite\WorkSpace2_1-RmSch\44.doc --> helloworldblue.net /MonroeCoOhPeopleandHistory/WorkSpace2_1-RmSch 44.doc
2004.09.15 15:07 B C:\AAAAA-MonroeCoSite\WorkSpace2_1-RmSch\45.doc --> helloworldblue.net /MonroeCoOhPeopleandHistory/WorkSpace2_1-RmSch 45.doc
2004.09.15 15:07 B C:\AAAAA-MonroeCoSite\WorkSpace2_1-RmSch\46.doc --> helloworldblue.net /MonroeCoOhPeopleandHistory/WorkSpace2_1-RmSch 46.doc
2004.09.15 15:07 B C:\AAAAA-MonroeCoSite\WorkSpace2_1-RmSch\47.doc --> helloworldblue.net /MonroeCoOhPeopleandHistory/WorkSpace2_1-RmSch 47.doc
2004.09.15 15:07 B C:\AAAAA-MonroeCoSite\WorkSpace2_1-RmSch\48.doc --> helloworldblue.net /MonroeCoOhPeopleandHistory/WorkSpace2_1-RmSch 48.doc
2004.09.15 15:07 B C:\AAAAA-MonroeCoSite\WorkSpace2_1-RmSch\49.doc --> helloworldblue.net /MonroeCoOhPeopleandHistory/WorkSpace2_1-RmSch 49.doc
2004.09.15 15:07 B C:\AAAAA-MonroeCoSite\WorkSpace2_1-RmSch\5.doc --> helloworldblue.net /MonroeCoOhPeopleandHistory/WorkSpace2_1-RmSch 5.doc
2004.09.15 15:07 B C:\AAAAA-MonroeCoSite\WorkSpace2_1-RmSch\50.doc --> helloworldblue.net /MonroeCoOhPeopleandHistory/WorkSpace2_1-RmSch 50.doc
2004.09.15 15:07 B C:\AAAAA-MonroeCoSite\WorkSpace2_1-RmSch\50p.jpg --> helloworldblue.net /MonroeCoOhPeopleandHistory/WorkSpace2_1-RmSch 50p.jpg
2004.09.15 15:07 B C:\AAAAA-MonroeCoSite\WorkSpace2_1-RmSch\51p.jpg --> helloworldblue.net /MonroeCoOhPeopleandHistory/WorkSpace2_1-RmSch 51p.jpg
2004.09.15 15:07 B C:\AAAAA-MonroeCoSite\WorkSpace2_1-RmSch\51pb.jpg --> helloworldblue.net /MonroeCoOhPeopleandHistory/WorkSpace2_1-RmSch 51pb.jpg
2004.09.15 15:07 B C:\AAAAA-MonroeCoSite\WorkSpace2_1-RmSch\51pc.jpg --> helloworldblue.net /MonroeCoOhPeopleandHistory/WorkSpace2_1-RmSch 51pc.jpg
2004.09.15 15:07 B C:\AAAAA-MonroeCoSite\WorkSpace2_1-RmSch\52.jpg --> helloworldblue.net /MonroeCoOhPeopleandHistory/WorkSpace2_1-RmSch 52.jpg
2004.09.15 15:07 B C:\AAAAA-MonroeCoSite\WorkSpace2_1-RmSch\53p.jpg --> helloworldblue.net /MonroeCoOhPeopleandHistory/WorkSpace2_1-RmSch 53p.jpg
2004.09.15 15:07 B C:\AAAAA-MonroeCoSite\WorkSpace2_1-RmSch\6.doc --> helloworldblue.net /MonroeCoOhPeopleandHistory/WorkSpace2_1-RmSch 6.doc
2004.09.15 15:07 B C:\AAAAA-MonroeCoSite\WorkSpace2_1-RmSch\7.doc --> helloworldblue.net /MonroeCoOhPeopleandHistory/WorkSpace2_1-RmSch 7.doc
2004.09.15 15:07 B C:\AAAAA-MonroeCoSite\WorkSpace2_1-RmSch\8.doc --> helloworldblue.net /MonroeCoOhPeopleandHistory/WorkSpace2_1-RmSch 8.doc
2004.09.15 15:07 B C:\AAAAA-MonroeCoSite\WorkSpace2_1-RmSch\9.doc --> helloworldblue.net /MonroeCoOhPeopleandHistory/WorkSpace2_1-RmSch 9.doc
2004.09.15 15:07 B C:\AAAAA-MonroeCoSite\WorkSpace2_1-RmSch\COMPOSITE.doc --> helloworldblue.net /MonroeCoOhPeopleandHistory/WorkSpace2_1-RmSch COMPOSITE.doc
2004.10.10 01:37 B C:\AAAAA-MonCoHist_Gen\WorkSpace2_1-RmSch\10.doc --> users.freepages.rootsweb.com /history_html/WorkSpace2_1-RmSch 10.doc
2004.10.10 01:37 B C:\AAAAA-MonCoHist_Gen\WorkSpace2_1-RmSch\11.doc --> users.freepages.rootsweb.com /history_html/WorkSpace2_1-RmSch 11.doc
2004.10.10 01:37 B C:\AAAAA-MonCoHist_Gen\WorkSpace2_1-RmSch\12.doc --> users.freepages.rootsweb.com /history_html/WorkSpace2_1-RmSch 12.doc
2004.10.10 01:37 B C:\AAAAA-MonCoHist_Gen\WorkSpace2_1-RmSch\13.doc --> users.freepages.rootsweb.com /history_html/WorkSpace2_1-RmSch 13.doc
2004.10.10 01:37 B C:\AAAAA-MonCoHist_Gen\WorkSpace2_1-RmSch\14.doc --> users.freepages.rootsweb.com /history_html/WorkSpace2_1-RmSch 14.doc
2004.10.10 01:37 B C:\AAAAA-MonCoHist_Gen\WorkSpace2_1-RmSch\15.doc --> users.freepages.rootsweb.com /history_html/WorkSpace2_1-RmSch 15.doc
2004.10.10 01:37 B C:\AAAAA-MonCoHist_Gen\WorkSpace2_1-RmSch\16.doc --> users.freepages.rootsweb.com /history_html/WorkSpace2_1-RmSch 16.doc
2004.10.10 01:37 B C:\AAAAA-MonCoHist_Gen\WorkSpace2_1-RmSch\17.doc --> users.freepages.rootsweb.com /history_html/WorkSpace2_1-RmSch 17.doc
2004.10.10 01:37 B C:\AAAAA-MonCoHist_Gen\WorkSpace2_1-RmSch\18.doc --> users.freepages.rootsweb.com /history_html/WorkSpace2_1-RmSch 18.doc
2004.10.10 01:37 B C:\AAAAA-MonCoHist_Gen\WorkSpace2_1-RmSch\19.doc --> users.freepages.rootsweb.com /history_html/WorkSpace2_1-RmSch 19.doc
2004.10.10 01:37 B C:\AAAAA-MonCoHist_Gen\WorkSpace2_1-RmSch\1p.jpg --> users.freepages.rootsweb.com /history_html/WorkSpace2_1-RmSch 1p.jpg
2004.10.10 01:37 B C:\AAAAA-MonCoHist_Gen\WorkSpace2_1-RmSch\2.doc --> users.freepages.rootsweb.com /history_html/WorkSpace2_1-RmSch 2.doc
2004.10.10 01:37 B C:\AAAAA-MonCoHist_Gen\WorkSpace2_1-RmSch\20.doc --> users.freepages.rootsweb.com /history_html/WorkSpace2_1-RmSch 20.doc
2004.10.10 01:37 B C:\AAAAA-MonCoHist_Gen\WorkSpace2_1-RmSch\21.doc --> users.freepages.rootsweb.com /history_html/WorkSpace2_1-RmSch 21.doc
2004.10.10 01:37 B C:\AAAAA-MonCoHist_Gen\WorkSpace2_1-RmSch\22.doc --> users.freepages.rootsweb.com /history_html/WorkSpace2_1-RmSch 22.doc
2004.10.10 01:37 B C:\AAAAA-MonCoHist_Gen\WorkSpace2_1-RmSch\22p.jpg --> users.freepages.rootsweb.com /history_html/WorkSpace2_1-RmSch 22p.jpg
2004.10.10 01:37 B C:\AAAAA-MonCoHist_Gen\WorkSpace2_1-RmSch\23.doc --> users.freepages.rootsweb.com /history_html/WorkSpace2_1-RmSch 23.doc
2004.10.10 01:38 B C:\AAAAA-MonCoHist_Gen\WorkSpace2_1-RmSch\23p.jpg --> users.freepages.rootsweb.com /history_html/WorkSpace2_1-RmSch 23p.jpg
2004.10.10 01:38 B C:\AAAAA-MonCoHist_Gen\WorkSpace2_1-RmSch\24.doc --> users.freepages.rootsweb.com /history_html/WorkSpace2_1-RmSch 24.doc
2004.10.10 01:38 B C:\AAAAA-MonCoHist_Gen\WorkSpace2_1-RmSch\24p.jpg --> users.freepages.rootsweb.com /history_html/WorkSpace2_1-RmSch 24p.jpg
2004.10.10 01:38 B C:\AAAAA-MonCoHist_Gen\WorkSpace2_1-RmSch\25.doc --> users.freepages.rootsweb.com /history_html/WorkSpace2_1-RmSch 25.doc
2004.10.10 01:38 B C:\AAAAA-MonCoHist_Gen\WorkSpace2_1-RmSch\26.doc --> users.freepages.rootsweb.com /history_html/WorkSpace2_1-RmSch 26.doc
2004.10.10 01:38 B C:\AAAAA-MonCoHist_Gen\WorkSpace2_1-RmSch\27.doc --> users.freepages.rootsweb.com /history_html/WorkSpace2_1-RmSch 27.doc
2004.10.10 01:38 B C:\AAAAA-MonCoHist_Gen\WorkSpace2_1-RmSch\28.doc --> users.freepages.rootsweb.com /history_html/WorkSpace2_1-RmSch 28.doc
2004.10.10 01:38 B C:\AAAAA-MonCoHist_Gen\WorkSpace2_1-RmSch\29.doc --> users.freepages.rootsweb.com /history_html/WorkSpace2_1-RmSch 29.doc
2004.10.10 01:38 B C:\AAAAA-MonCoHist_Gen\WorkSpace2_1-RmSch\3.doc --> users.freepages.rootsweb.com /history_html/WorkSpace2_1-RmSch 3.doc
2004.10.10 01:38 B C:\AAAAA-MonCoHist_Gen\WorkSpace2_1-RmSch\30.doc --> users.freepages.rootsweb.com /history_html/WorkSpace2_1-RmSch 30.doc
2004.10.10 01:38 B C:\AAAAA-MonCoHist_Gen\WorkSpace2_1-RmSch\31.doc --> users.freepages.rootsweb.com /history_html/WorkSpace2_1-RmSch 31.doc
2004.10.10 01:38 B C:\AAAAA-MonCoHist_Gen\WorkSpace2_1-RmSch\32.doc --> users.freepages.rootsweb.com /history_html/WorkSpace2_1-RmSch 32.doc
2004.10.10 01:38 B C:\AAAAA-MonCoHist_Gen\WorkSpace2_1-RmSch\33.doc --> users.freepages.rootsweb.com /history_html/WorkSpace2_1-RmSch 33.doc
2004.10.10 01:38 B C:\AAAAA-MonCoHist_Gen\WorkSpace2_1-RmSch\33.rtf --> users.freepages.rootsweb.com /history_html/WorkSpace2_1-RmSch 33.rtf
2004.10.10 01:38 B C:\AAAAA-MonCoHist_Gen\WorkSpace2_1-RmSch\34.doc --> users.freepages.rootsweb.com /history_html/WorkSpace2_1-RmSch 34.doc
2004.10.10 01:38 B C:\AAAAA-MonCoHist_Gen\WorkSpace2_1-RmSch\35.doc --> users.freepages.rootsweb.com /history_html/WorkSpace2_1-RmSch 35.doc
2004.10.10 01:38 B C:\AAAAA-MonCoHist_Gen\WorkSpace2_1-RmSch\36.doc --> users.freepages.rootsweb.com /history_html/WorkSpace2_1-RmSch 36.doc
2004.10.10 01:38 B C:\AAAAA-MonCoHist_Gen\WorkSpace2_1-RmSch\37.doc --> users.freepages.rootsweb.com /history_html/WorkSpace2_1-RmSch 37.doc
2004.10.10 01:38 B C:\AAAAA-MonCoHist_Gen\WorkSpace2_1-RmSch\38.doc --> users.freepages.rootsweb.com /history_html/WorkSpace2_1-RmSch 38.doc
2004.10.10 01:38 B C:\AAAAA-MonCoHist_Gen\WorkSpace2_1-RmSch\39.doc --> users.freepages.rootsweb.com /history_html/WorkSpace2_1-RmSch 39.doc
2004.10.10 01:38 B C:\AAAAA-MonCoHist_Gen\WorkSpace2_1-RmSch\4.doc --> users.freepages.rootsweb.com /history_html/WorkSpace2_1-RmSch 4.doc
2004.10.10 01:38 B C:\AAAAA-MonCoHist_Gen\WorkSpace2_1-RmSch\40.doc --> users.freepages.rootsweb.com /history_html/WorkSpace2_1-RmSch 40.doc
2004.10.10 01:38 B C:\AAAAA-MonCoHist_Gen\WorkSpace2_1-RmSch\41p.jpg --> users.freepages.rootsweb.com /history_html/WorkSpace2_1-RmSch 41p.jpg
2004.10.10 01:38 B C:\AAAAA-MonCoHist_Gen\WorkSpace2_1-RmSch\42.doc --> users.freepages.rootsweb.com /history_html/WorkSpace2_1-RmSch 42.doc
2004.10.10 01:38 B C:\AAAAA-MonCoHist_Gen\WorkSpace2_1-RmSch\43.doc --> users.freepages.rootsweb.com /history_html/WorkSpace2_1-RmSch 43.doc
2004.10.10 01:38 B C:\AAAAA-MonCoHist_Gen\WorkSpace2_1-RmSch\44.doc --> users.freepages.rootsweb.com /history_html/WorkSpace2_1-RmSch 44.doc
2004.10.10 01:38 B C:\AAAAA-MonCoHist_Gen\WorkSpace2_1-RmSch\45.doc --> users.freepages.rootsweb.com /history_html/WorkSpace2_1-RmSch 45.doc
2004.10.10 01:38 B C:\AAAAA-MonCoHist_Gen\WorkSpace2_1-RmSch\46.doc --> users.freepages.rootsweb.com /history_html/WorkSpace2_1-RmSch 46.doc
2004.10.10 01:38 B C:\AAAAA-MonCoHist_Gen\WorkSpace2_1-RmSch\47.doc --> users.freepages.rootsweb.com /history_html/WorkSpace2_1-RmSch 47.doc
2004.10.10 01:38 B C:\AAAAA-MonCoHist_Gen\WorkSpace2_1-RmSch\48.doc --> users.freepages.rootsweb.com /history_html/WorkSpace2_1-RmSch 48.doc
2004.10.10 01:38 B C:\AAAAA-MonCoHist_Gen\WorkSpace2_1-RmSch\49.doc --> users.freepages.rootsweb.com /history_html/WorkSpace2_1-RmSch 49.doc
2004.10.10 01:38 B C:\AAAAA-MonCoHist_Gen\WorkSpace2_1-RmSch\5.doc --> users.freepages.rootsweb.com /history_html/WorkSpace2_1-RmSch 5.doc
2004.10.10 01:38 B C:\AAAAA-MonCoHist_Gen\WorkSpace2_1-RmSch\50.doc --> users.freepages.rootsweb.com /history_html/WorkSpace2_1-RmSch 50.doc
2004.10.10 01:38 B C:\AAAAA-MonCoHist_Gen\WorkSpace2_1-RmSch\50p.jpg --> users.freepages.rootsweb.com /history_html/WorkSpace2_1-RmSch 50p.jpg
2004.10.10 01:38 B C:\AAAAA-MonCoHist_Gen\WorkSpace2_1-RmSch\51p.jpg --> users.freepages.rootsweb.com /history_html/WorkSpace2_1-RmSch 51p.jpg
2004.10.10 01:38 B C:\AAAAA-MonCoHist_Gen\WorkSpace2_1-RmSch\51pb.jpg --> users.freepages.rootsweb.com /history_html/WorkSpace2_1-RmSch 51pb.jpg
2004.10.10 01:38 B C:\AAAAA-MonCoHist_Gen\WorkSpace2_1-RmSch\51pc.jpg --> users.freepages.rootsweb.com /history_html/WorkSpace2_1-RmSch 51pc.jpg
2004.10.10 01:38 B C:\AAAAA-MonCoHist_Gen\WorkSpace2_1-RmSch\52.jpg --> users.freepages.rootsweb.com /history_html/WorkSpace2_1-RmSch 52.jpg
2004.10.10 01:38 B C:\AAAAA-MonCoHist_Gen\WorkSpace2_1-RmSch\53p.jpg --> users.freepages.rootsweb.com /history_html/WorkSpace2_1-RmSch 53p.jpg
2004.10.10 01:38 B C:\AAAAA-MonCoHist_Gen\WorkSpace2_1-RmSch\6.doc --> users.freepages.rootsweb.com /history_html/WorkSpace2_1-RmSch 6.doc
2004.10.10 01:38 B C:\AAAAA-MonCoHist_Gen\WorkSpace2_1-RmSch\7.doc --> users.freepages.rootsweb.com /history_html/WorkSpace2_1-RmSch 7.doc
2004.10.10 01:38 B C:\AAAAA-MonCoHist_Gen\WorkSpace2_1-RmSch\8.doc --> users.freepages.rootsweb.com /history_html/WorkSpace2_1-RmSch 8.doc
2004.10.10 01:38 B C:\AAAAA-MonCoHist_Gen\WorkSpace2_1-RmSch\9.doc --> users.freepages.rootsweb.com /history_html/WorkSpace2_1-RmSch 9.doc
2004.10.10 01:39 B C:\AAAAA-MonCoHist_Gen\WorkSpace2_1-RmSch\COMPOSITE.doc --> users.freepages.rootsweb.com /history_html/WorkSpace2_1-RmSch COMPOSITE.doc
