2003.03.15 21:31 B C:\AAAAA-MonroeCoSite\FredBertram_files\filelist.xml --> users.rootsweb.com /home0023/ohmccogs/public_html/FredBertram_files filelist.xml
2003.03.15 21:31 B C:\AAAAA-MonroeCoSite\FredBertram_files\image001.jpg --> users.rootsweb.com /home0023/ohmccogs/public_html/FredBertram_files image001.jpg
2003.03.15 21:31 B C:\AAAAA-MonroeCoSite\FredBertram_files\image002.jpg --> users.rootsweb.com /home0023/ohmccogs/public_html/FredBertram_files image002.jpg
2003.03.17 17:51 B C:\AAAAA-MonroeCoSite\FredBertram_files\filelist.xml --> users.rootsweb.com /home0023/ohmccogs/public_html/FredBertram_files filelist.xml
2003.03.17 17:51 B C:\AAAAA-MonroeCoSite\FredBertram_files\image001.jpg --> users.rootsweb.com /home0023/ohmccogs/public_html/FredBertram_files image001.jpg
2003.03.17 17:51 B C:\AAAAA-MonroeCoSite\FredBertram_files\image002.jpg --> users.rootsweb.com /home0023/ohmccogs/public_html/FredBertram_files image002.jpg
2003.03.17 17:51 B C:\AAAAA-MonroeCoSite\FredBertram_files\WS_FTP.LOG --> users.rootsweb.com /home0023/ohmccogs/public_html/FredBertram_files WS_FTP.LOG
2003.03.19 21:49 B C:\AAAAA-MonroeCoSite\FredBertram_files\filelist.xml --> helloworldblue.net /web/MCCofOGS/FredBertram_files filelist.xml
2003.03.19 21:49 B C:\AAAAA-MonroeCoSite\FredBertram_files\image001.jpg --> helloworldblue.net /web/MCCofOGS/FredBertram_files image001.jpg
2003.03.19 21:49 B C:\AAAAA-MonroeCoSite\FredBertram_files\image002.jpg --> helloworldblue.net /web/MCCofOGS/FredBertram_files image002.jpg
2003.03.19 21:49 B C:\AAAAA-MonroeCoSite\FredBertram_files\WS_FTP.LOG --> helloworldblue.net /web/MCCofOGS/FredBertram_files WS_FTP.LOG
2004.09.15 16:38 B C:\AAAAA-MonroeCoSite\FredBertram_files\filelist.xml --> helloworldblue.net /FredBertram_files filelist.xml
2004.09.15 16:38 B C:\AAAAA-MonroeCoSite\FredBertram_files\image001.jpg --> helloworldblue.net /FredBertram_files image001.jpg
2004.09.15 16:38 B C:\AAAAA-MonroeCoSite\FredBertram_files\image002.jpg --> helloworldblue.net /FredBertram_files image002.jpg
2004.09.15 16:38 B C:\AAAAA-MonroeCoSite\FredBertram_files\WS_FTP.LOG --> helloworldblue.net /FredBertram_files WS_FTP.LOG
2004.09.16 01:30 A C:\AAAAA-MonroeCoSite\FredBertram_files\filelist.xml --> helloworldblue.net /MonroeCoOhPeopleandHistory/FredBertram_files filelist.xml
2004.09.16 01:30 A C:\AAAAA-MonroeCoSite\FredBertram_files\image001.jpg --> helloworldblue.net /MonroeCoOhPeopleandHistory/FredBertram_files image001.jpg
2004.09.16 01:30 A C:\AAAAA-MonroeCoSite\FredBertram_files\image002.jpg --> helloworldblue.net /MonroeCoOhPeopleandHistory/FredBertram_files image002.jpg
2004.09.16 01:30 A C:\AAAAA-MonroeCoSite\FredBertram_files\WS_FTP.LOG --> helloworldblue.net /MonroeCoOhPeopleandHistory/FredBertram_files WS_FTP.LOG
2004.10.09 23:59 B C:\AAAAA-MonCoHist_Gen\FredBertram_files\filelist.xml --> users.freepages.rootsweb.com /history_html/FredBertram_files filelist.xml
2004.10.09 23:59 B C:\AAAAA-MonCoHist_Gen\FredBertram_files\image001.jpg --> users.freepages.rootsweb.com /history_html/FredBertram_files image001.jpg
2004.10.09 23:59 B C:\AAAAA-MonCoHist_Gen\FredBertram_files\image002.jpg --> users.freepages.rootsweb.com /history_html/FredBertram_files image002.jpg
