2003.02.10 22:40 B C:\AAAAA-MonroeCoSite\lj64c_files\AAAAA-MonroeCoSite --> users.rootsweb.com /home0023/ohmccogs/public_html/lj64c_files AAAAA-MonroeCoSite
2003.02.10 22:40 B C:\AAAAA-MonroeCoSite\lj64c_files\filelist.xml --> users.rootsweb.com /home0023/ohmccogs/public_html/lj64c_files filelist.xml
2003.02.10 22:40 B C:\AAAAA-MonroeCoSite\lj64c_files\image001.jpg --> users.rootsweb.com /home0023/ohmccogs/public_html/lj64c_files image001.jpg
2003.02.10 22:40 B C:\AAAAA-MonroeCoSite\lj64c_files\image002.jpg --> users.rootsweb.com /home0023/ohmccogs/public_html/lj64c_files image002.jpg
2003.03.19 21:59 B C:\AAAAA-MonroeCoSite\lj64c_files\AAAAA-MonroeCoSite --> helloworldblue.net /web/MCCofOGS/lj64c_files AAAAA-MonroeCoSite
2003.03.19 21:59 B C:\AAAAA-MonroeCoSite\lj64c_files\filelist.xml --> helloworldblue.net /web/MCCofOGS/lj64c_files filelist.xml
2003.03.19 21:59 B C:\AAAAA-MonroeCoSite\lj64c_files\image001.jpg --> helloworldblue.net /web/MCCofOGS/lj64c_files image001.jpg
2003.03.19 21:59 B C:\AAAAA-MonroeCoSite\lj64c_files\image002.jpg --> helloworldblue.net /web/MCCofOGS/lj64c_files image002.jpg
2003.03.19 21:59 B C:\AAAAA-MonroeCoSite\lj64c_files\WS_FTP.LOG --> helloworldblue.net /web/MCCofOGS/lj64c_files WS_FTP.LOG
2004.09.15 17:05 B C:\AAAAA-MonroeCoSite\lj64c_files\AAAAA-MonroeCoSite --> helloworldblue.net /lj64c_files AAAAA-MonroeCoSite
2004.09.15 17:05 B C:\AAAAA-MonroeCoSite\lj64c_files\filelist.xml --> helloworldblue.net /lj64c_files filelist.xml
2004.09.15 17:05 B C:\AAAAA-MonroeCoSite\lj64c_files\image001.jpg --> helloworldblue.net /lj64c_files image001.jpg
2004.09.15 17:05 B C:\AAAAA-MonroeCoSite\lj64c_files\image002.jpg --> helloworldblue.net /lj64c_files image002.jpg
2004.09.15 17:05 B C:\AAAAA-MonroeCoSite\lj64c_files\WS_FTP.LOG --> helloworldblue.net /lj64c_files WS_FTP.LOG
2004.09.16 01:45 A C:\AAAAA-MonroeCoSite\lj64c_files\AAAAA-MonroeCoSite --> helloworldblue.net /MonroeCoOhPeopleandHistory/lj64c_files AAAAA-MonroeCoSite
2004.09.16 01:45 A C:\AAAAA-MonroeCoSite\lj64c_files\filelist.xml --> helloworldblue.net /MonroeCoOhPeopleandHistory/lj64c_files filelist.xml
2004.09.16 01:45 A C:\AAAAA-MonroeCoSite\lj64c_files\image001.jpg --> helloworldblue.net /MonroeCoOhPeopleandHistory/lj64c_files image001.jpg
2004.09.16 01:45 A C:\AAAAA-MonroeCoSite\lj64c_files\image002.jpg --> helloworldblue.net /MonroeCoOhPeopleandHistory/lj64c_files image002.jpg
2004.09.16 01:45 A C:\AAAAA-MonroeCoSite\lj64c_files\WS_FTP.LOG --> helloworldblue.net /MonroeCoOhPeopleandHistory/lj64c_files WS_FTP.LOG
2004.10.10 00:27 B C:\AAAAA-MonCoHist_Gen\lj64c_files\AAAAA-MonroeCoSite --> users.freepages.rootsweb.com /history_html/lj64c_files AAAAA-MonroeCoSite
2004.10.10 00:27 B C:\AAAAA-MonCoHist_Gen\lj64c_files\filelist.xml --> users.freepages.rootsweb.com /history_html/lj64c_files filelist.xml
2004.10.10 00:27 B C:\AAAAA-MonCoHist_Gen\lj64c_files\image001.jpg --> users.freepages.rootsweb.com /history_html/lj64c_files image001.jpg
2004.10.10 00:27 B C:\AAAAA-MonCoHist_Gen\lj64c_files\image002.jpg --> users.freepages.rootsweb.com /history_html/lj64c_files image002.jpg
