2003.04.04 15:12 B C:\AAAAA-MonroeCoSite\West_union_files\filelist.xml --> users.rootsweb.com /home0023/ohmccogs/public_html/West_union_files filelist.xml
2003.04.04 15:13 B C:\AAAAA-MonroeCoSite\West_union_files\image001.jpg --> users.rootsweb.com /home0023/ohmccogs/public_html/West_union_files image001.jpg
2003.04.04 15:13 B C:\AAAAA-MonroeCoSite\West_union_files\image002.jpg --> users.rootsweb.com /home0023/ohmccogs/public_html/West_union_files image002.jpg
2003.10.21 15:27 B C:\AAAAA-MonroeCoSite\West_union_files\filelist.xml --> users.rootsweb.com /home0023/ohmccogs/public_html/West_union_files filelist.xml
2003.10.21 15:27 B C:\AAAAA-MonroeCoSite\West_union_files\image001.jpg --> users.rootsweb.com /home0023/ohmccogs/public_html/West_union_files image001.jpg
2003.10.21 15:27 B C:\AAAAA-MonroeCoSite\West_union_files\image002.jpg --> users.rootsweb.com /home0023/ohmccogs/public_html/West_union_files image002.jpg
2003.10.21 15:27 B C:\AAAAA-MonroeCoSite\West_union_files\WS_FTP.LOG --> users.rootsweb.com /home0023/ohmccogs/public_html/West_union_files WS_FTP.LOG
2004.04.07 23:49 B C:\AAAAA-MonroeCoSite\West_union_files\filelist.xml --> users.rootsweb.com /home0023/ohmccogs/public_html/West_union_files filelist.xml
2004.04.07 23:50 B C:\AAAAA-MonroeCoSite\West_union_files\image001.jpg --> users.rootsweb.com /home0023/ohmccogs/public_html/West_union_files image001.jpg
2004.04.07 23:50 B C:\AAAAA-MonroeCoSite\West_union_files\image002.jpg --> users.rootsweb.com /home0023/ohmccogs/public_html/West_union_files image002.jpg
2004.04.07 23:50 B C:\AAAAA-MonroeCoSite\West_union_files\image003.jpg --> users.rootsweb.com /home0023/ohmccogs/public_html/West_union_files image003.jpg
2004.04.07 23:50 B C:\AAAAA-MonroeCoSite\West_union_files\image004.jpg --> users.rootsweb.com /home0023/ohmccogs/public_html/West_union_files image004.jpg
2004.04.07 23:50 B C:\AAAAA-MonroeCoSite\West_union_files\WS_FTP.LOG --> users.rootsweb.com /home0023/ohmccogs/public_html/West_union_files WS_FTP.LOG
2004.09.15 15:00 B C:\AAAAA-MonroeCoSite\West_union_files\filelist.xml --> helloworldblue.net /MonroeCoOhPeopleandHistory/West_union_files filelist.xml
2004.09.15 15:00 B C:\AAAAA-MonroeCoSite\West_union_files\image001.jpg --> helloworldblue.net /MonroeCoOhPeopleandHistory/West_union_files image001.jpg
2004.09.15 15:00 B C:\AAAAA-MonroeCoSite\West_union_files\image002.jpg --> helloworldblue.net /MonroeCoOhPeopleandHistory/West_union_files image002.jpg
2004.09.15 15:01 B C:\AAAAA-MonroeCoSite\West_union_files\image003.jpg --> helloworldblue.net /MonroeCoOhPeopleandHistory/West_union_files image003.jpg
2004.09.15 15:01 B C:\AAAAA-MonroeCoSite\West_union_files\image004.jpg --> helloworldblue.net /MonroeCoOhPeopleandHistory/West_union_files image004.jpg
2004.09.15 15:01 B C:\AAAAA-MonroeCoSite\West_union_files\WS_FTP.LOG --> helloworldblue.net /MonroeCoOhPeopleandHistory/West_union_files WS_FTP.LOG
2004.10.10 01:29 B C:\AAAAA-MonCoHist_Gen\West_union_files\filelist.xml --> users.freepages.rootsweb.com /history_html/West_union_files filelist.xml
2004.10.10 01:29 B C:\AAAAA-MonCoHist_Gen\West_union_files\image001.jpg --> users.freepages.rootsweb.com /history_html/West_union_files image001.jpg
2004.10.10 01:29 B C:\AAAAA-MonCoHist_Gen\West_union_files\image002.jpg --> users.freepages.rootsweb.com /history_html/West_union_files image002.jpg
2004.10.10 01:29 B C:\AAAAA-MonCoHist_Gen\West_union_files\image003.jpg --> users.freepages.rootsweb.com /history_html/West_union_files image003.jpg
2004.10.10 01:29 B C:\AAAAA-MonCoHist_Gen\West_union_files\image004.jpg --> users.freepages.rootsweb.com /history_html/West_union_files image004.jpg
