2003.02.12 00:06 B C:\AAAAA-MonroeCoSite\BurrisVanwy1_files\filelist.xml --> users.rootsweb.com /home0023/ohmccogs/BurrisVanwy1_files filelist.xml
2003.02.12 00:06 B C:\AAAAA-MonroeCoSite\BurrisVanwy1_files\image001.jpg --> users.rootsweb.com /home0023/ohmccogs/BurrisVanwy1_files image001.jpg
2003.02.12 00:06 B C:\AAAAA-MonroeCoSite\BurrisVanwy1_files\image002.jpg --> users.rootsweb.com /home0023/ohmccogs/BurrisVanwy1_files image002.jpg
2003.02.12 00:20 B C:\AAAAA-MonroeCoSite\BurrisVanwy1_files\filelist.xml --> users.rootsweb.com /home0023/ohmccogs/public_html/BurrisVanwy1_files filelist.xml
2003.02.12 00:21 B C:\AAAAA-MonroeCoSite\BurrisVanwy1_files\image001.jpg --> users.rootsweb.com /home0023/ohmccogs/public_html/BurrisVanwy1_files image001.jpg
2003.02.12 00:21 B C:\AAAAA-MonroeCoSite\BurrisVanwy1_files\image002.jpg --> users.rootsweb.com /home0023/ohmccogs/public_html/BurrisVanwy1_files image002.jpg
2003.02.12 00:21 B C:\AAAAA-MonroeCoSite\BurrisVanwy1_files\WS_FTP.LOG --> users.rootsweb.com /home0023/ohmccogs/public_html/BurrisVanwy1_files WS_FTP.LOG
2003.03.05 18:47 B C:\AAAAA-MonroeCoSite\BurrisVanwy1_files\image001.jpg --> users.rootsweb.com /home0023/ohmccogs/public_html/BurrisVanwy1_files image001.jpg
2003.03.05 18:47 B C:\AAAAA-MonroeCoSite\BurrisVanwy1_files\image002.jpg --> users.rootsweb.com /home0023/ohmccogs/public_html/BurrisVanwy1_files image002.jpg
2003.03.05 18:47 B C:\AAAAA-MonroeCoSite\BurrisVanwy1_files\WS_FTP.LOG --> users.rootsweb.com /home0023/ohmccogs/public_html/BurrisVanwy1_files WS_FTP.LOG
2003.03.19 21:39 B C:\AAAAA-MonroeCoSite\BurrisVanwy1_files\filelist.xml --> helloworldblue.net /web/MCCofOGS/BurrisVanwy1_files filelist.xml
2003.03.19 21:39 B C:\AAAAA-MonroeCoSite\BurrisVanwy1_files\image001.jpg --> helloworldblue.net /web/MCCofOGS/BurrisVanwy1_files image001.jpg
2003.03.19 21:39 B C:\AAAAA-MonroeCoSite\BurrisVanwy1_files\image002.jpg --> helloworldblue.net /web/MCCofOGS/BurrisVanwy1_files image002.jpg
2003.03.19 21:39 B C:\AAAAA-MonroeCoSite\BurrisVanwy1_files\WS_FTP.LOG --> helloworldblue.net /web/MCCofOGS/BurrisVanwy1_files WS_FTP.LOG
2004.09.15 16:23 B C:\AAAAA-MonroeCoSite\BurrisVanwy1_files\filelist.xml --> helloworldblue.net /BurrisVanwy1_files filelist.xml
2004.09.15 16:23 B C:\AAAAA-MonroeCoSite\BurrisVanwy1_files\image001.jpg --> helloworldblue.net /BurrisVanwy1_files image001.jpg
2004.09.15 16:23 B C:\AAAAA-MonroeCoSite\BurrisVanwy1_files\image002.jpg --> helloworldblue.net /BurrisVanwy1_files image002.jpg
2004.09.15 16:23 B C:\AAAAA-MonroeCoSite\BurrisVanwy1_files\WS_FTP.LOG --> helloworldblue.net /BurrisVanwy1_files WS_FTP.LOG
2004.09.16 01:20 A C:\AAAAA-MonroeCoSite\BurrisVanwy1_files\filelist.xml --> helloworldblue.net /MonroeCoOhPeopleandHistory/BurrisVanwy1_files filelist.xml
2004.09.16 01:20 A C:\AAAAA-MonroeCoSite\BurrisVanwy1_files\image001.jpg --> helloworldblue.net /MonroeCoOhPeopleandHistory/BurrisVanwy1_files image001.jpg
2004.09.16 01:20 A C:\AAAAA-MonroeCoSite\BurrisVanwy1_files\image002.jpg --> helloworldblue.net /MonroeCoOhPeopleandHistory/BurrisVanwy1_files image002.jpg
2004.09.16 01:20 A C:\AAAAA-MonroeCoSite\BurrisVanwy1_files\WS_FTP.LOG --> helloworldblue.net /MonroeCoOhPeopleandHistory/BurrisVanwy1_files WS_FTP.LOG
2004.10.09 23:38 B C:\AAAAA-MonCoHist_Gen\BurrisVanwy1_files\filelist.xml --> users.freepages.rootsweb.com /history_html/BurrisVanwy1_files filelist.xml
2004.10.09 23:38 B C:\AAAAA-MonCoHist_Gen\BurrisVanwy1_files\image001.jpg --> users.freepages.rootsweb.com /history_html/BurrisVanwy1_files image001.jpg
2004.10.09 23:38 B C:\AAAAA-MonCoHist_Gen\BurrisVanwy1_files\image002.jpg --> users.freepages.rootsweb.com /history_html/BurrisVanwy1_files image002.jpg
