2003.06.21 10:48 B C:\AAAAA-MonroeCoSite\TomAlva_files\filelist.xml --> users.rootsweb.com /home0023/ohmccogs/public_html/TomAlva_files filelist.xml
2003.06.21 10:48 B C:\AAAAA-MonroeCoSite\TomAlva_files\image001.jpg --> users.rootsweb.com /home0023/ohmccogs/public_html/TomAlva_files image001.jpg
2003.06.21 10:48 B C:\AAAAA-MonroeCoSite\TomAlva_files\image002.jpg --> users.rootsweb.com /home0023/ohmccogs/public_html/TomAlva_files image002.jpg
2003.06.21 10:56 B C:\AAAAA-MonroeCoSite\TomAlva_files\filelist.xml --> users.rootsweb.com /home0023/ohmccogs/public_html/TomAlva_files filelist.xml
2003.06.21 10:56 B C:\AAAAA-MonroeCoSite\TomAlva_files\image001.jpg --> users.rootsweb.com /home0023/ohmccogs/public_html/TomAlva_files image001.jpg
2003.06.21 10:56 B C:\AAAAA-MonroeCoSite\TomAlva_files\image002.jpg --> users.rootsweb.com /home0023/ohmccogs/public_html/TomAlva_files image002.jpg
2003.06.21 10:56 B C:\AAAAA-MonroeCoSite\TomAlva_files\WS_FTP.LOG --> users.rootsweb.com /home0023/ohmccogs/public_html/TomAlva_files WS_FTP.LOG
2003.06.21 11:01 B C:\AAAAA-MonroeCoSite\TomAlva_files\filelist.xml --> users.rootsweb.com /home0023/ohmccogs/public_html/TomAlva_files filelist.xml
2003.06.21 11:01 B C:\AAAAA-MonroeCoSite\TomAlva_files\image001.jpg --> users.rootsweb.com /home0023/ohmccogs/public_html/TomAlva_files image001.jpg
2003.06.21 11:01 B C:\AAAAA-MonroeCoSite\TomAlva_files\image002.jpg --> users.rootsweb.com /home0023/ohmccogs/public_html/TomAlva_files image002.jpg
2003.06.21 11:01 B C:\AAAAA-MonroeCoSite\TomAlva_files\WS_FTP.LOG --> users.rootsweb.com /home0023/ohmccogs/public_html/TomAlva_files WS_FTP.LOG
2003.06.21 11:09 B C:\AAAAA-MonroeCoSite\TomAlva_files\filelist.xml --> users.rootsweb.com /home0023/ohmccogs/public_html/TomAlva_files filelist.xml
2003.06.21 11:09 B C:\AAAAA-MonroeCoSite\TomAlva_files\image001.jpg --> users.rootsweb.com /home0023/ohmccogs/public_html/TomAlva_files image001.jpg
2003.06.21 11:09 B C:\AAAAA-MonroeCoSite\TomAlva_files\image002.jpg --> users.rootsweb.com /home0023/ohmccogs/public_html/TomAlva_files image002.jpg
2003.06.21 11:09 B C:\AAAAA-MonroeCoSite\TomAlva_files\WS_FTP.LOG --> users.rootsweb.com /home0023/ohmccogs/public_html/TomAlva_files WS_FTP.LOG
2004.09.15 17:57 B C:\AAAAA-MonroeCoSite\TomAlva_files\filelist.xml --> helloworldblue.net /TomAlva_files filelist.xml
2004.09.15 17:57 B C:\AAAAA-MonroeCoSite\TomAlva_files\image001.jpg --> helloworldblue.net /TomAlva_files image001.jpg
2004.09.15 17:57 B C:\AAAAA-MonroeCoSite\TomAlva_files\image002.jpg --> helloworldblue.net /TomAlva_files image002.jpg
2004.09.15 17:57 B C:\AAAAA-MonroeCoSite\TomAlva_files\WS_FTP.LOG --> helloworldblue.net /TomAlva_files WS_FTP.LOG
2004.09.16 02:12 A C:\AAAAA-MonroeCoSite\TomAlva_files\filelist.xml --> helloworldblue.net /MonroeCoOhPeopleandHistory/TomAlva_files filelist.xml
2004.09.16 02:12 A C:\AAAAA-MonroeCoSite\TomAlva_files\image001.jpg --> helloworldblue.net /MonroeCoOhPeopleandHistory/TomAlva_files image001.jpg
2004.09.16 02:12 A C:\AAAAA-MonroeCoSite\TomAlva_files\image002.jpg --> helloworldblue.net /MonroeCoOhPeopleandHistory/TomAlva_files image002.jpg
2004.09.16 02:12 A C:\AAAAA-MonroeCoSite\TomAlva_files\WS_FTP.LOG --> helloworldblue.net /MonroeCoOhPeopleandHistory/TomAlva_files WS_FTP.LOG
2004.10.10 01:25 B C:\AAAAA-MonCoHist_Gen\TomAlva_files\filelist.xml --> users.freepages.rootsweb.com /history_html/TomAlva_files filelist.xml
2004.10.10 01:25 B C:\AAAAA-MonCoHist_Gen\TomAlva_files\image001.jpg --> users.freepages.rootsweb.com /history_html/TomAlva_files image001.jpg
2004.10.10 01:25 B C:\AAAAA-MonCoHist_Gen\TomAlva_files\image002.jpg --> users.freepages.rootsweb.com /history_html/TomAlva_files image002.jpg
