2003.02.11 15:55 B C:\AAAAA-MonroeCoSite\GeorgeSmith_files\filelist.xml --> users.rootsweb.com /home0023/ohmccogs/public_html/GeorgeSmith_files filelist.xml
2003.02.11 15:56 B C:\AAAAA-MonroeCoSite\GeorgeSmith_files\image001.jpg --> users.rootsweb.com /home0023/ohmccogs/public_html/GeorgeSmith_files image001.jpg
2003.02.11 15:56 B C:\AAAAA-MonroeCoSite\GeorgeSmith_files\image002.jpg --> users.rootsweb.com /home0023/ohmccogs/public_html/GeorgeSmith_files image002.jpg
2003.02.12 22:03 B C:\AAAAA-MonroeCoSite\GeorgeSmith_files\filelist.xml --> users.rootsweb.com /home0023/ohmccogs/public_html/GeorgeSmith_files filelist.xml
2003.02.12 22:03 B C:\AAAAA-MonroeCoSite\GeorgeSmith_files\image001.jpg --> users.rootsweb.com /home0023/ohmccogs/public_html/GeorgeSmith_files image001.jpg
2003.02.12 22:03 B C:\AAAAA-MonroeCoSite\GeorgeSmith_files\image002.jpg --> users.rootsweb.com /home0023/ohmccogs/public_html/GeorgeSmith_files image002.jpg
2003.02.12 22:03 B C:\AAAAA-MonroeCoSite\GeorgeSmith_files\WS_FTP.LOG --> users.rootsweb.com /home0023/ohmccogs/public_html/GeorgeSmith_files WS_FTP.LOG
2003.03.05 18:49 B C:\AAAAA-MonroeCoSite\GeorgeSmith_files\image001.jpg --> users.rootsweb.com /home0023/ohmccogs/public_html/GeorgeSmith_files image001.jpg
2003.03.05 18:49 B C:\AAAAA-MonroeCoSite\GeorgeSmith_files\image002.jpg --> users.rootsweb.com /home0023/ohmccogs/public_html/GeorgeSmith_files image002.jpg
2003.03.05 18:49 B C:\AAAAA-MonroeCoSite\GeorgeSmith_files\WS_FTP.LOG --> users.rootsweb.com /home0023/ohmccogs/public_html/GeorgeSmith_files WS_FTP.LOG
2003.03.19 21:50 B C:\AAAAA-MonroeCoSite\GeorgeSmith_files\filelist.xml --> helloworldblue.net /web/MCCofOGS/GeorgeSmith_files filelist.xml
2003.03.19 21:50 B C:\AAAAA-MonroeCoSite\GeorgeSmith_files\image001.jpg --> helloworldblue.net /web/MCCofOGS/GeorgeSmith_files image001.jpg
2003.03.19 21:50 B C:\AAAAA-MonroeCoSite\GeorgeSmith_files\image002.jpg --> helloworldblue.net /web/MCCofOGS/GeorgeSmith_files image002.jpg
2003.03.19 21:50 B C:\AAAAA-MonroeCoSite\GeorgeSmith_files\WS_FTP.LOG --> helloworldblue.net /web/MCCofOGS/GeorgeSmith_files WS_FTP.LOG
2004.09.15 14:35 B C:\AAAAA-MonroeCoSite\GeorgeSmith_files\filelist.xml --> helloworldblue.net /MonroeCoOhPeopleandHistory/GeorgeSmith_files filelist.xml
2004.09.15 14:36 B C:\AAAAA-MonroeCoSite\GeorgeSmith_files\image001.jpg --> helloworldblue.net /MonroeCoOhPeopleandHistory/GeorgeSmith_files image001.jpg
2004.09.15 14:36 B C:\AAAAA-MonroeCoSite\GeorgeSmith_files\image002.jpg --> helloworldblue.net /MonroeCoOhPeopleandHistory/GeorgeSmith_files image002.jpg
2004.09.15 14:36 B C:\AAAAA-MonroeCoSite\GeorgeSmith_files\WS_FTP.LOG --> helloworldblue.net /MonroeCoOhPeopleandHistory/GeorgeSmith_files WS_FTP.LOG
2004.10.10 00:01 B C:\AAAAA-MonCoHist_Gen\GeorgeSmith_files\filelist.xml --> users.freepages.rootsweb.com /history_html/GeorgeSmith_files filelist.xml
2004.10.10 00:01 B C:\AAAAA-MonCoHist_Gen\GeorgeSmith_files\image001.jpg --> users.freepages.rootsweb.com /history_html/GeorgeSmith_files image001.jpg
2004.10.10 00:01 B C:\AAAAA-MonCoHist_Gen\GeorgeSmith_files\image002.jpg --> users.freepages.rootsweb.com /history_html/GeorgeSmith_files image002.jpg
