2003.02.11 15:54 B C:\AAAAA-MonroeCoSite\john_young_files\filelist.xml --> users.rootsweb.com /home0023/ohmccogs/public_html/john_young_files filelist.xml
2003.02.11 15:54 B C:\AAAAA-MonroeCoSite\john_young_files\image001.jpg --> users.rootsweb.com /home0023/ohmccogs/public_html/john_young_files image001.jpg
2003.02.11 15:54 B C:\AAAAA-MonroeCoSite\john_young_files\image002.jpg --> users.rootsweb.com /home0023/ohmccogs/public_html/john_young_files image002.jpg
2003.03.05 20:01 B C:\AAAAA-MonroeCoSite\john_young_files\filelist.xml --> users.rootsweb.com /home0023/ohmccogs/public_html/john_young_files filelist.xml
2003.03.05 20:02 B C:\AAAAA-MonroeCoSite\john_young_files\image001.jpg --> users.rootsweb.com /home0023/ohmccogs/public_html/john_young_files image001.jpg
2003.03.05 20:02 B C:\AAAAA-MonroeCoSite\john_young_files\image002.jpg --> users.rootsweb.com /home0023/ohmccogs/public_html/john_young_files image002.jpg
2003.03.05 20:02 B C:\AAAAA-MonroeCoSite\john_young_files\WS_FTP.LOG --> users.rootsweb.com /home0023/ohmccogs/public_html/john_young_files WS_FTP.LOG
2003.03.19 21:53 B C:\AAAAA-MonroeCoSite\john_young_files\filelist.xml --> helloworldblue.net /web/MCCofOGS/john_young_files filelist.xml
2003.03.19 21:53 B C:\AAAAA-MonroeCoSite\john_young_files\image001.jpg --> helloworldblue.net /web/MCCofOGS/john_young_files image001.jpg
2003.03.19 21:53 B C:\AAAAA-MonroeCoSite\john_young_files\image002.jpg --> helloworldblue.net /web/MCCofOGS/john_young_files image002.jpg
2003.03.19 21:53 B C:\AAAAA-MonroeCoSite\john_young_files\WS_FTP.LOG --> helloworldblue.net /web/MCCofOGS/john_young_files WS_FTP.LOG
2004.09.15 16:49 B C:\AAAAA-MonroeCoSite\john_young_files\filelist.xml --> helloworldblue.net /john_young_files filelist.xml
2004.09.15 16:49 B C:\AAAAA-MonroeCoSite\john_young_files\image001.jpg --> helloworldblue.net /john_young_files image001.jpg
2004.09.15 16:49 B C:\AAAAA-MonroeCoSite\john_young_files\image002.jpg --> helloworldblue.net /john_young_files image002.jpg
2004.09.15 16:49 B C:\AAAAA-MonroeCoSite\john_young_files\WS_FTP.LOG --> helloworldblue.net /john_young_files WS_FTP.LOG
2004.09.16 01:36 A C:\AAAAA-MonroeCoSite\john_young_files\filelist.xml --> helloworldblue.net /MonroeCoOhPeopleandHistory/john_young_files filelist.xml
2004.09.16 01:36 A C:\AAAAA-MonroeCoSite\john_young_files\image001.jpg --> helloworldblue.net /MonroeCoOhPeopleandHistory/john_young_files image001.jpg
2004.09.16 01:36 A C:\AAAAA-MonroeCoSite\john_young_files\image002.jpg --> helloworldblue.net /MonroeCoOhPeopleandHistory/john_young_files image002.jpg
2004.09.16 01:36 A C:\AAAAA-MonroeCoSite\john_young_files\WS_FTP.LOG --> helloworldblue.net /MonroeCoOhPeopleandHistory/john_young_files WS_FTP.LOG
2004.10.10 00:13 B C:\AAAAA-MonCoHist_Gen\john_young_files\filelist.xml --> users.freepages.rootsweb.com /history_html/john_young_files filelist.xml
2004.10.10 00:13 B C:\AAAAA-MonCoHist_Gen\john_young_files\image001.jpg --> users.freepages.rootsweb.com /history_html/john_young_files image001.jpg
2004.10.10 00:13 B C:\AAAAA-MonCoHist_Gen\john_young_files\image002.jpg --> users.freepages.rootsweb.com /history_html/john_young_files image002.jpg
