2003.03.19 23:01 B C:\AAAAA-MonroeCoSite_Overflow\milt_garage_files\AAAAA-MonroeCoSite --> helloworldblue.net /web/MCCofOGS/milt_garage_files AAAAA-MonroeCoSite
2003.03.19 23:01 B C:\AAAAA-MonroeCoSite_Overflow\milt_garage_files\filelist.xml --> helloworldblue.net /web/MCCofOGS/milt_garage_files filelist.xml
2003.03.19 23:01 B C:\AAAAA-MonroeCoSite_Overflow\milt_garage_files\image001.jpg --> helloworldblue.net /web/MCCofOGS/milt_garage_files image001.jpg
2003.03.19 23:01 B C:\AAAAA-MonroeCoSite_Overflow\milt_garage_files\image002.jpg --> helloworldblue.net /web/MCCofOGS/milt_garage_files image002.jpg
2003.03.19 23:01 B C:\AAAAA-MonroeCoSite_Overflow\milt_garage_files\Thumbs.db --> helloworldblue.net /web/MCCofOGS/milt_garage_files Thumbs.db
2004.09.15 17:14 B C:\AAAAA-MonroeCoSite\milt_garage_files\AAAAA-MonroeCoSite --> helloworldblue.net /milt_garage_files AAAAA-MonroeCoSite
2004.09.15 17:14 B C:\AAAAA-MonroeCoSite\milt_garage_files\filelist.xml --> helloworldblue.net /milt_garage_files filelist.xml
2004.09.15 17:14 B C:\AAAAA-MonroeCoSite\milt_garage_files\image001.jpg --> helloworldblue.net /milt_garage_files image001.jpg
2004.09.15 17:14 B C:\AAAAA-MonroeCoSite\milt_garage_files\image002.jpg --> helloworldblue.net /milt_garage_files image002.jpg
2004.09.15 17:14 B C:\AAAAA-MonroeCoSite\milt_garage_files\Thumbs.db --> helloworldblue.net /milt_garage_files Thumbs.db
2004.09.15 17:14 B C:\AAAAA-MonroeCoSite\milt_garage_files\WS_FTP.LOG --> helloworldblue.net /milt_garage_files WS_FTP.LOG
2004.09.16 01:50 A C:\AAAAA-MonroeCoSite\milt_garage_files\AAAAA-MonroeCoSite --> helloworldblue.net /MonroeCoOhPeopleandHistory/milt_garage_files AAAAA-MonroeCoSite
2004.09.16 01:50 A C:\AAAAA-MonroeCoSite\milt_garage_files\filelist.xml --> helloworldblue.net /MonroeCoOhPeopleandHistory/milt_garage_files filelist.xml
2004.09.16 01:50 A C:\AAAAA-MonroeCoSite\milt_garage_files\image001.jpg --> helloworldblue.net /MonroeCoOhPeopleandHistory/milt_garage_files image001.jpg
2004.09.16 01:50 A C:\AAAAA-MonroeCoSite\milt_garage_files\image002.jpg --> helloworldblue.net /MonroeCoOhPeopleandHistory/milt_garage_files image002.jpg
2004.09.16 01:50 A C:\AAAAA-MonroeCoSite\milt_garage_files\Thumbs.db --> helloworldblue.net /MonroeCoOhPeopleandHistory/milt_garage_files Thumbs.db
2004.09.16 01:50 A C:\AAAAA-MonroeCoSite\milt_garage_files\WS_FTP.LOG --> helloworldblue.net /MonroeCoOhPeopleandHistory/milt_garage_files WS_FTP.LOG
2004.10.10 00:38 B C:\AAAAA-MonCoHist_Gen\milt_garage_files\AAAAA-MonroeCoSite --> users.freepages.rootsweb.com /history_html/milt_garage_files AAAAA-MonroeCoSite
2004.10.10 00:38 B C:\AAAAA-MonCoHist_Gen\milt_garage_files\filelist.xml --> users.freepages.rootsweb.com /history_html/milt_garage_files filelist.xml
2004.10.10 00:38 B C:\AAAAA-MonCoHist_Gen\milt_garage_files\image001.jpg --> users.freepages.rootsweb.com /history_html/milt_garage_files image001.jpg
2004.10.10 00:38 B C:\AAAAA-MonCoHist_Gen\milt_garage_files\image002.jpg --> users.freepages.rootsweb.com /history_html/milt_garage_files image002.jpg
2004.10.10 00:38 B C:\AAAAA-MonCoHist_Gen\milt_garage_files\Thumbs.db --> users.freepages.rootsweb.com /history_html/milt_garage_files Thumbs.db
