2003.02.12 00:07 B C:\AAAAA-MonroeCoSite\George_MaryJaneHodge_files\filelist.xml --> users.rootsweb.com /home0023/ohmccogs/George_MaryJaneHodge_files filelist.xml
2003.02.12 00:07 B C:\AAAAA-MonroeCoSite\George_MaryJaneHodge_files\image001.jpg --> users.rootsweb.com /home0023/ohmccogs/George_MaryJaneHodge_files image001.jpg
2003.02.12 00:07 B C:\AAAAA-MonroeCoSite\George_MaryJaneHodge_files\image002.jpg --> users.rootsweb.com /home0023/ohmccogs/George_MaryJaneHodge_files image002.jpg
2003.02.12 00:21 B C:\AAAAA-MonroeCoSite\George_MaryJaneHodge_files\filelist.xml --> users.rootsweb.com /home0023/ohmccogs/public_html/George_MaryJaneHodge_files filelist.xml
2003.02.12 00:21 B C:\AAAAA-MonroeCoSite\George_MaryJaneHodge_files\image001.jpg --> users.rootsweb.com /home0023/ohmccogs/public_html/George_MaryJaneHodge_files image001.jpg
2003.02.12 00:21 B C:\AAAAA-MonroeCoSite\George_MaryJaneHodge_files\image002.jpg --> users.rootsweb.com /home0023/ohmccogs/public_html/George_MaryJaneHodge_files image002.jpg
2003.02.12 00:21 B C:\AAAAA-MonroeCoSite\George_MaryJaneHodge_files\WS_FTP.LOG --> users.rootsweb.com /home0023/ohmccogs/public_html/George_MaryJaneHodge_files WS_FTP.LOG
2003.02.12 22:02 B C:\AAAAA-MonroeCoSite\George_MaryJaneHodge_files\WS_FTP.LOG --> users.rootsweb.com /home0023/ohmccogs/public_html/George_MaryJaneHodge_files WS_FTP.LOG
2003.03.05 18:48 B C:\AAAAA-MonroeCoSite\George_MaryJaneHodge_files\image001.jpg --> users.rootsweb.com /home0023/ohmccogs/public_html/George_MaryJaneHodge_files image001.jpg
2003.03.05 18:48 B C:\AAAAA-MonroeCoSite\George_MaryJaneHodge_files\image002.jpg --> users.rootsweb.com /home0023/ohmccogs/public_html/George_MaryJaneHodge_files image002.jpg
2003.03.05 18:48 B C:\AAAAA-MonroeCoSite\George_MaryJaneHodge_files\WS_FTP.LOG --> users.rootsweb.com /home0023/ohmccogs/public_html/George_MaryJaneHodge_files WS_FTP.LOG
2003.03.19 21:50 B C:\AAAAA-MonroeCoSite\George_MaryJaneHodge_files\filelist.xml --> helloworldblue.net /web/MCCofOGS/George_MaryJaneHodge_files filelist.xml
2003.03.19 21:50 B C:\AAAAA-MonroeCoSite\George_MaryJaneHodge_files\image001.jpg --> helloworldblue.net /web/MCCofOGS/George_MaryJaneHodge_files image001.jpg
2003.03.19 21:50 B C:\AAAAA-MonroeCoSite\George_MaryJaneHodge_files\image002.jpg --> helloworldblue.net /web/MCCofOGS/George_MaryJaneHodge_files image002.jpg
2003.03.19 21:50 B C:\AAAAA-MonroeCoSite\George_MaryJaneHodge_files\WS_FTP.LOG --> helloworldblue.net /web/MCCofOGS/George_MaryJaneHodge_files WS_FTP.LOG
2004.09.15 14:35 B C:\AAAAA-MonroeCoSite\George_MaryJaneHodge_files\filelist.xml --> helloworldblue.net /MonroeCoOhPeopleandHistory/George_MaryJaneHodge_files filelist.xml
2004.09.15 14:35 B C:\AAAAA-MonroeCoSite\George_MaryJaneHodge_files\image001.jpg --> helloworldblue.net /MonroeCoOhPeopleandHistory/George_MaryJaneHodge_files image001.jpg
2004.09.15 14:35 B C:\AAAAA-MonroeCoSite\George_MaryJaneHodge_files\image002.jpg --> helloworldblue.net /MonroeCoOhPeopleandHistory/George_MaryJaneHodge_files image002.jpg
2004.09.15 14:35 B C:\AAAAA-MonroeCoSite\George_MaryJaneHodge_files\WS_FTP.LOG --> helloworldblue.net /MonroeCoOhPeopleandHistory/George_MaryJaneHodge_files WS_FTP.LOG
2004.10.10 00:01 B C:\AAAAA-MonCoHist_Gen\George_MaryJaneHodge_files\filelist.xml --> users.freepages.rootsweb.com /history_html/George_MaryJaneHodge_files filelist.xml
2004.10.10 00:01 B C:\AAAAA-MonCoHist_Gen\George_MaryJaneHodge_files\image001.jpg --> users.freepages.rootsweb.com /history_html/George_MaryJaneHodge_files image001.jpg
2004.10.10 00:01 B C:\AAAAA-MonCoHist_Gen\George_MaryJaneHodge_files\image002.jpg --> users.freepages.rootsweb.com /history_html/George_MaryJaneHodge_files image002.jpg
