2003.03.09 22:44 B C:\AAAAA-MonroeCoSite\directions2MCCofOGS_files\filelist.xml --> users.rootsweb.com /home0023/ohmccogs/public_html/directions2MCCofOGS_files filelist.xml
2003.03.09 22:44 B C:\AAAAA-MonroeCoSite\directions2MCCofOGS_files\image001.png --> users.rootsweb.com /home0023/ohmccogs/public_html/directions2MCCofOGS_files image001.png
2003.03.09 22:44 B C:\AAAAA-MonroeCoSite\directions2MCCofOGS_files\image002.gif --> users.rootsweb.com /home0023/ohmccogs/public_html/directions2MCCofOGS_files image002.gif
2003.03.09 22:44 B C:\AAAAA-MonroeCoSite\directions2MCCofOGS_files\image003.png --> users.rootsweb.com /home0023/ohmccogs/public_html/directions2MCCofOGS_files image003.png
2003.03.09 22:44 B C:\AAAAA-MonroeCoSite\directions2MCCofOGS_files\image004.gif --> users.rootsweb.com /home0023/ohmccogs/public_html/directions2MCCofOGS_files image004.gif
2003.03.09 22:44 B C:\AAAAA-MonroeCoSite\directions2MCCofOGS_files\image005.png --> users.rootsweb.com /home0023/ohmccogs/public_html/directions2MCCofOGS_files image005.png
2003.03.09 22:45 B C:\AAAAA-MonroeCoSite\directions2MCCofOGS_files\image006.gif --> users.rootsweb.com /home0023/ohmccogs/public_html/directions2MCCofOGS_files image006.gif
2003.03.11 08:49 B C:\AAAAA-MonroeCoSite\directions2MCCofOGS_files\WS_FTP.LOG --> users.rootsweb.com /home0023/ohmccogs/public_html/directions2MCCofOGS_files WS_FTP.LOG
2003.03.19 21:42 B C:\AAAAA-MonroeCoSite\directions2MCCofOGS_files\filelist.xml --> helloworldblue.net /web/MCCofOGS/directions2MCCofOGS_files filelist.xml
2003.03.19 21:42 B C:\AAAAA-MonroeCoSite\directions2MCCofOGS_files\image001.png --> helloworldblue.net /web/MCCofOGS/directions2MCCofOGS_files image001.png
2003.03.19 21:42 B C:\AAAAA-MonroeCoSite\directions2MCCofOGS_files\image002.gif --> helloworldblue.net /web/MCCofOGS/directions2MCCofOGS_files image002.gif
2003.03.19 21:42 B C:\AAAAA-MonroeCoSite\directions2MCCofOGS_files\image003.png --> helloworldblue.net /web/MCCofOGS/directions2MCCofOGS_files image003.png
2003.03.19 21:42 B C:\AAAAA-MonroeCoSite\directions2MCCofOGS_files\image004.gif --> helloworldblue.net /web/MCCofOGS/directions2MCCofOGS_files image004.gif
2003.03.19 21:42 B C:\AAAAA-MonroeCoSite\directions2MCCofOGS_files\image005.png --> helloworldblue.net /web/MCCofOGS/directions2MCCofOGS_files image005.png
2003.03.19 21:42 B C:\AAAAA-MonroeCoSite\directions2MCCofOGS_files\image006.gif --> helloworldblue.net /web/MCCofOGS/directions2MCCofOGS_files image006.gif
2003.03.19 21:42 B C:\AAAAA-MonroeCoSite\directions2MCCofOGS_files\WS_FTP.LOG --> helloworldblue.net /web/MCCofOGS/directions2MCCofOGS_files WS_FTP.LOG
2004.09.15 16:32 B C:\AAAAA-MonroeCoSite\directions2MCCofOGS_files\filelist.xml --> helloworldblue.net /directions2MCCofOGS_files filelist.xml
2004.09.15 16:32 B C:\AAAAA-MonroeCoSite\directions2MCCofOGS_files\image001.png --> helloworldblue.net /directions2MCCofOGS_files image001.png
2004.09.15 16:32 B C:\AAAAA-MonroeCoSite\directions2MCCofOGS_files\image002.gif --> helloworldblue.net /directions2MCCofOGS_files image002.gif
2004.09.15 16:32 B C:\AAAAA-MonroeCoSite\directions2MCCofOGS_files\image003.png --> helloworldblue.net /directions2MCCofOGS_files image003.png
2004.09.15 16:32 B C:\AAAAA-MonroeCoSite\directions2MCCofOGS_files\image004.gif --> helloworldblue.net /directions2MCCofOGS_files image004.gif
2004.09.15 16:32 B C:\AAAAA-MonroeCoSite\directions2MCCofOGS_files\image005.png --> helloworldblue.net /directions2MCCofOGS_files image005.png
2004.09.15 16:32 B C:\AAAAA-MonroeCoSite\directions2MCCofOGS_files\image006.gif --> helloworldblue.net /directions2MCCofOGS_files image006.gif
2004.09.15 16:32 B C:\AAAAA-MonroeCoSite\directions2MCCofOGS_files\WS_FTP.LOG --> helloworldblue.net /directions2MCCofOGS_files WS_FTP.LOG
2004.09.16 01:25 A C:\AAAAA-MonroeCoSite\directions2MCCofOGS_files\filelist.xml --> helloworldblue.net /MonroeCoOhPeopleandHistory/directions2MCCofOGS_files filelist.xml
2004.09.16 01:25 A C:\AAAAA-MonroeCoSite\directions2MCCofOGS_files\image001.png --> helloworldblue.net /MonroeCoOhPeopleandHistory/directions2MCCofOGS_files image001.png
2004.09.16 01:25 A C:\AAAAA-MonroeCoSite\directions2MCCofOGS_files\image002.gif --> helloworldblue.net /MonroeCoOhPeopleandHistory/directions2MCCofOGS_files image002.gif
2004.09.16 01:25 A C:\AAAAA-MonroeCoSite\directions2MCCofOGS_files\image003.png --> helloworldblue.net /MonroeCoOhPeopleandHistory/directions2MCCofOGS_files image003.png
2004.09.16 01:25 A C:\AAAAA-MonroeCoSite\directions2MCCofOGS_files\image004.gif --> helloworldblue.net /MonroeCoOhPeopleandHistory/directions2MCCofOGS_files image004.gif
2004.09.16 01:25 A C:\AAAAA-MonroeCoSite\directions2MCCofOGS_files\image005.png --> helloworldblue.net /MonroeCoOhPeopleandHistory/directions2MCCofOGS_files image005.png
2004.09.16 01:26 A C:\AAAAA-MonroeCoSite\directions2MCCofOGS_files\image006.gif --> helloworldblue.net /MonroeCoOhPeopleandHistory/directions2MCCofOGS_files image006.gif
2004.09.16 01:26 A C:\AAAAA-MonroeCoSite\directions2MCCofOGS_files\WS_FTP.LOG --> helloworldblue.net /MonroeCoOhPeopleandHistory/directions2MCCofOGS_files WS_FTP.LOG
2004.10.09 23:47 B C:\AAAAA-MonCoHist_Gen\directions2MCCofOGS_files\filelist.xml --> users.freepages.rootsweb.com /history_html/directions2MCCofOGS_files filelist.xml
2004.10.09 23:47 B C:\AAAAA-MonCoHist_Gen\directions2MCCofOGS_files\image001.png --> users.freepages.rootsweb.com /history_html/directions2MCCofOGS_files image001.png
2004.10.09 23:47 B C:\AAAAA-MonCoHist_Gen\directions2MCCofOGS_files\image002.gif --> users.freepages.rootsweb.com /history_html/directions2MCCofOGS_files image002.gif
2004.10.09 23:47 B C:\AAAAA-MonCoHist_Gen\directions2MCCofOGS_files\image003.png --> users.freepages.rootsweb.com /history_html/directions2MCCofOGS_files image003.png
2004.10.09 23:47 B C:\AAAAA-MonCoHist_Gen\directions2MCCofOGS_files\image004.gif --> users.freepages.rootsweb.com /history_html/directions2MCCofOGS_files image004.gif
2004.10.09 23:47 B C:\AAAAA-MonCoHist_Gen\directions2MCCofOGS_files\image005.png --> users.freepages.rootsweb.com /history_html/directions2MCCofOGS_files image005.png
2004.10.09 23:47 B C:\AAAAA-MonCoHist_Gen\directions2MCCofOGS_files\image006.gif --> users.freepages.rootsweb.com /history_html/directions2MCCofOGS_files image006.gif
