2003.03.19 22:53 B C:\AAAAA-MonroeCoSite_Overflow\Groux_files\AAAAA-MonroeCoSite --> helloworldblue.net /web/MCCofOGS/Groux_files AAAAA-MonroeCoSite
2003.03.19 22:53 B C:\AAAAA-MonroeCoSite_Overflow\Groux_files\filelist.xml --> helloworldblue.net /web/MCCofOGS/Groux_files filelist.xml
2003.03.19 22:53 B C:\AAAAA-MonroeCoSite_Overflow\Groux_files\image001.png --> helloworldblue.net /web/MCCofOGS/Groux_files image001.png
2003.03.19 22:53 B C:\AAAAA-MonroeCoSite_Overflow\Groux_files\image002.jpg --> helloworldblue.net /web/MCCofOGS/Groux_files image002.jpg
2003.03.19 22:53 B C:\AAAAA-MonroeCoSite_Overflow\Groux_files\Thumbs.db --> helloworldblue.net /web/MCCofOGS/Groux_files Thumbs.db
2004.09.15 16:40 B C:\AAAAA-MonroeCoSite\Groux_files\AAAAA-MonroeCoSite --> helloworldblue.net /Groux_files AAAAA-MonroeCoSite
2004.09.15 16:40 B C:\AAAAA-MonroeCoSite\Groux_files\filelist.xml --> helloworldblue.net /Groux_files filelist.xml
2004.09.15 16:41 B C:\AAAAA-MonroeCoSite\Groux_files\image001.png --> helloworldblue.net /Groux_files image001.png
2004.09.15 16:41 B C:\AAAAA-MonroeCoSite\Groux_files\image002.jpg --> helloworldblue.net /Groux_files image002.jpg
2004.09.15 16:41 B C:\AAAAA-MonroeCoSite\Groux_files\Thumbs.db --> helloworldblue.net /Groux_files Thumbs.db
2004.09.15 16:41 B C:\AAAAA-MonroeCoSite\Groux_files\WS_FTP.LOG --> helloworldblue.net /Groux_files WS_FTP.LOG
2004.09.16 01:31 A C:\AAAAA-MonroeCoSite\Groux_files\AAAAA-MonroeCoSite --> helloworldblue.net /MonroeCoOhPeopleandHistory/Groux_files AAAAA-MonroeCoSite
2004.09.16 01:31 A C:\AAAAA-MonroeCoSite\Groux_files\filelist.xml --> helloworldblue.net /MonroeCoOhPeopleandHistory/Groux_files filelist.xml
2004.09.16 01:31 A C:\AAAAA-MonroeCoSite\Groux_files\image001.png --> helloworldblue.net /MonroeCoOhPeopleandHistory/Groux_files image001.png
2004.09.16 01:31 A C:\AAAAA-MonroeCoSite\Groux_files\image002.jpg --> helloworldblue.net /MonroeCoOhPeopleandHistory/Groux_files image002.jpg
2004.09.16 01:31 A C:\AAAAA-MonroeCoSite\Groux_files\Thumbs.db --> helloworldblue.net /MonroeCoOhPeopleandHistory/Groux_files Thumbs.db
2004.09.16 01:31 A C:\AAAAA-MonroeCoSite\Groux_files\WS_FTP.LOG --> helloworldblue.net /MonroeCoOhPeopleandHistory/Groux_files WS_FTP.LOG
2004.10.10 00:03 B C:\AAAAA-MonCoHist_Gen\Groux_files\AAAAA-MonroeCoSite --> users.freepages.rootsweb.com /history_html/Groux_files AAAAA-MonroeCoSite
2004.10.10 00:03 B C:\AAAAA-MonCoHist_Gen\Groux_files\filelist.xml --> users.freepages.rootsweb.com /history_html/Groux_files filelist.xml
2004.10.10 00:03 B C:\AAAAA-MonCoHist_Gen\Groux_files\image001.png --> users.freepages.rootsweb.com /history_html/Groux_files image001.png
2004.10.10 00:03 B C:\AAAAA-MonCoHist_Gen\Groux_files\image002.jpg --> users.freepages.rootsweb.com /history_html/Groux_files image002.jpg
2004.10.10 00:03 B C:\AAAAA-MonCoHist_Gen\Groux_files\Thumbs.db --> users.freepages.rootsweb.com /history_html/Groux_files Thumbs.db
