2003.03.19 23:16 B C:\AAAAA-MonroeCoSite_Overflow\way4_files\AAAAA-MonroeCoSite --> helloworldblue.net /web/MCCofOGS/way4_files AAAAA-MonroeCoSite
2003.03.19 23:16 B C:\AAAAA-MonroeCoSite_Overflow\way4_files\filelist.xml --> helloworldblue.net /web/MCCofOGS/way4_files filelist.xml
2003.03.19 23:16 B C:\AAAAA-MonroeCoSite_Overflow\way4_files\image001.jpg --> helloworldblue.net /web/MCCofOGS/way4_files image001.jpg
2003.03.19 23:16 B C:\AAAAA-MonroeCoSite_Overflow\way4_files\image002.jpg --> helloworldblue.net /web/MCCofOGS/way4_files image002.jpg
2003.03.19 23:16 B C:\AAAAA-MonroeCoSite_Overflow\way4_files\Thumbs.db --> helloworldblue.net /web/MCCofOGS/way4_files Thumbs.db
2004.09.15 17:59 B C:\AAAAA-MonroeCoSite\way4_files\AAAAA-MonroeCoSite --> helloworldblue.net /way4_files AAAAA-MonroeCoSite
2004.09.15 17:59 B C:\AAAAA-MonroeCoSite\way4_files\filelist.xml --> helloworldblue.net /way4_files filelist.xml
2004.09.15 17:59 B C:\AAAAA-MonroeCoSite\way4_files\image001.jpg --> helloworldblue.net /way4_files image001.jpg
2004.09.15 17:59 B C:\AAAAA-MonroeCoSite\way4_files\image002.jpg --> helloworldblue.net /way4_files image002.jpg
2004.09.15 17:59 B C:\AAAAA-MonroeCoSite\way4_files\Thumbs.db --> helloworldblue.net /way4_files Thumbs.db
2004.09.15 17:59 B C:\AAAAA-MonroeCoSite\way4_files\WS_FTP.LOG --> helloworldblue.net /way4_files WS_FTP.LOG
2004.09.16 02:13 A C:\AAAAA-MonroeCoSite\way4_files\AAAAA-MonroeCoSite --> helloworldblue.net /MonroeCoOhPeopleandHistory/way4_files AAAAA-MonroeCoSite
2004.09.16 02:13 A C:\AAAAA-MonroeCoSite\way4_files\filelist.xml --> helloworldblue.net /MonroeCoOhPeopleandHistory/way4_files filelist.xml
2004.09.16 02:13 A C:\AAAAA-MonroeCoSite\way4_files\image001.jpg --> helloworldblue.net /MonroeCoOhPeopleandHistory/way4_files image001.jpg
2004.09.16 02:13 A C:\AAAAA-MonroeCoSite\way4_files\image002.jpg --> helloworldblue.net /MonroeCoOhPeopleandHistory/way4_files image002.jpg
2004.09.16 02:13 A C:\AAAAA-MonroeCoSite\way4_files\Thumbs.db --> helloworldblue.net /MonroeCoOhPeopleandHistory/way4_files Thumbs.db
2004.09.16 02:13 A C:\AAAAA-MonroeCoSite\way4_files\WS_FTP.LOG --> helloworldblue.net /MonroeCoOhPeopleandHistory/way4_files WS_FTP.LOG
2004.10.10 01:28 B C:\AAAAA-MonCoHist_Gen\way4_files\AAAAA-MonroeCoSite --> users.freepages.rootsweb.com /history_html/way4_files AAAAA-MonroeCoSite
2004.10.10 01:28 B C:\AAAAA-MonCoHist_Gen\way4_files\filelist.xml --> users.freepages.rootsweb.com /history_html/way4_files filelist.xml
2004.10.10 01:28 B C:\AAAAA-MonCoHist_Gen\way4_files\image001.jpg --> users.freepages.rootsweb.com /history_html/way4_files image001.jpg
2004.10.10 01:28 B C:\AAAAA-MonCoHist_Gen\way4_files\image002.jpg --> users.freepages.rootsweb.com /history_html/way4_files image002.jpg
2004.10.10 01:28 B C:\AAAAA-MonCoHist_Gen\way4_files\Thumbs.db --> users.freepages.rootsweb.com /history_html/way4_files Thumbs.db
