2003.10.22 19:25 B C:\AAAAA-MonroeCoSite\MorrisHGBible_files\filelist.xml --> users.rootsweb.com /home0023/ohmccogs/public_html/MorrisHGBible_files filelist.xml
2003.10.22 19:26 B C:\AAAAA-MonroeCoSite\MorrisHGBible_files\image001.jpg --> users.rootsweb.com /home0023/ohmccogs/public_html/MorrisHGBible_files image001.jpg
2003.10.22 19:26 B C:\AAAAA-MonroeCoSite\MorrisHGBible_files\image002.jpg --> users.rootsweb.com /home0023/ohmccogs/public_html/MorrisHGBible_files image002.jpg
2003.10.22 19:26 B C:\AAAAA-MonroeCoSite\MorrisHGBible_files\image003.jpg --> users.rootsweb.com /home0023/ohmccogs/public_html/MorrisHGBible_files image003.jpg
2003.10.22 19:26 B C:\AAAAA-MonroeCoSite\MorrisHGBible_files\image004.jpg --> users.rootsweb.com /home0023/ohmccogs/public_html/MorrisHGBible_files image004.jpg
2003.10.22 19:26 B C:\AAAAA-MonroeCoSite\MorrisHGBible_files\image005.jpg --> users.rootsweb.com /home0023/ohmccogs/public_html/MorrisHGBible_files image005.jpg
2003.10.22 19:26 B C:\AAAAA-MonroeCoSite\MorrisHGBible_files\image006.jpg --> users.rootsweb.com /home0023/ohmccogs/public_html/MorrisHGBible_files image006.jpg
2004.09.15 17:21 B C:\AAAAA-MonroeCoSite\MorrisHGBible_files\filelist.xml --> helloworldblue.net /MorrisHGBible_files filelist.xml
2004.09.15 17:21 B C:\AAAAA-MonroeCoSite\MorrisHGBible_files\image001.jpg --> helloworldblue.net /MorrisHGBible_files image001.jpg
2004.09.15 17:21 B C:\AAAAA-MonroeCoSite\MorrisHGBible_files\image002.jpg --> helloworldblue.net /MorrisHGBible_files image002.jpg
2004.09.15 17:21 B C:\AAAAA-MonroeCoSite\MorrisHGBible_files\image003.jpg --> helloworldblue.net /MorrisHGBible_files image003.jpg
2004.09.15 17:21 B C:\AAAAA-MonroeCoSite\MorrisHGBible_files\image004.jpg --> helloworldblue.net /MorrisHGBible_files image004.jpg
2004.09.15 17:21 B C:\AAAAA-MonroeCoSite\MorrisHGBible_files\image005.jpg --> helloworldblue.net /MorrisHGBible_files image005.jpg
2004.09.15 17:21 B C:\AAAAA-MonroeCoSite\MorrisHGBible_files\image006.jpg --> helloworldblue.net /MorrisHGBible_files image006.jpg
2004.09.15 17:21 B C:\AAAAA-MonroeCoSite\MorrisHGBible_files\WS_FTP.LOG --> helloworldblue.net /MorrisHGBible_files WS_FTP.LOG
2004.09.16 01:54 A C:\AAAAA-MonroeCoSite\MorrisHGBible_files\filelist.xml --> helloworldblue.net /MonroeCoOhPeopleandHistory/MorrisHGBible_files filelist.xml
2004.09.16 01:54 A C:\AAAAA-MonroeCoSite\MorrisHGBible_files\image001.jpg --> helloworldblue.net /MonroeCoOhPeopleandHistory/MorrisHGBible_files image001.jpg
2004.09.16 01:54 A C:\AAAAA-MonroeCoSite\MorrisHGBible_files\image002.jpg --> helloworldblue.net /MonroeCoOhPeopleandHistory/MorrisHGBible_files image002.jpg
2004.09.16 01:54 A C:\AAAAA-MonroeCoSite\MorrisHGBible_files\image003.jpg --> helloworldblue.net /MonroeCoOhPeopleandHistory/MorrisHGBible_files image003.jpg
2004.09.16 01:54 A C:\AAAAA-MonroeCoSite\MorrisHGBible_files\image004.jpg --> helloworldblue.net /MonroeCoOhPeopleandHistory/MorrisHGBible_files image004.jpg
2004.09.16 01:54 A C:\AAAAA-MonroeCoSite\MorrisHGBible_files\image005.jpg --> helloworldblue.net /MonroeCoOhPeopleandHistory/MorrisHGBible_files image005.jpg
2004.09.16 01:54 A C:\AAAAA-MonroeCoSite\MorrisHGBible_files\image006.jpg --> helloworldblue.net /MonroeCoOhPeopleandHistory/MorrisHGBible_files image006.jpg
2004.09.16 01:54 A C:\AAAAA-MonroeCoSite\MorrisHGBible_files\WS_FTP.LOG --> helloworldblue.net /MonroeCoOhPeopleandHistory/MorrisHGBible_files WS_FTP.LOG
2004.10.10 00:44 B C:\AAAAA-MonCoHist_Gen\MorrisHGBible_files\filelist.xml --> users.freepages.rootsweb.com /history_html/MorrisHGBible_files filelist.xml
2004.10.10 00:44 B C:\AAAAA-MonCoHist_Gen\MorrisHGBible_files\image001.jpg --> users.freepages.rootsweb.com /history_html/MorrisHGBible_files image001.jpg
2004.10.10 00:44 B C:\AAAAA-MonCoHist_Gen\MorrisHGBible_files\image002.jpg --> users.freepages.rootsweb.com /history_html/MorrisHGBible_files image002.jpg
2004.10.10 00:44 B C:\AAAAA-MonCoHist_Gen\MorrisHGBible_files\image003.jpg --> users.freepages.rootsweb.com /history_html/MorrisHGBible_files image003.jpg
2004.10.10 00:44 B C:\AAAAA-MonCoHist_Gen\MorrisHGBible_files\image004.jpg --> users.freepages.rootsweb.com /history_html/MorrisHGBible_files image004.jpg
2004.10.10 00:44 B C:\AAAAA-MonCoHist_Gen\MorrisHGBible_files\image005.jpg --> users.freepages.rootsweb.com /history_html/MorrisHGBible_files image005.jpg
2004.10.10 00:44 B C:\AAAAA-MonCoHist_Gen\MorrisHGBible_files\image006.jpg --> users.freepages.rootsweb.com /history_html/MorrisHGBible_files image006.jpg
