2003.03.09 22:44 B C:\AAAAA-MonroeCoSite\MarieWeber1914_files\filelist.xml --> users.rootsweb.com /home0023/ohmccogs/public_html/MarieWeber1914_files filelist.xml
2003.03.09 22:44 B C:\AAAAA-MonroeCoSite\MarieWeber1914_files\image001.jpg --> users.rootsweb.com /home0023/ohmccogs/public_html/MarieWeber1914_files image001.jpg
2003.03.09 22:44 B C:\AAAAA-MonroeCoSite\MarieWeber1914_files\image002.jpg --> users.rootsweb.com /home0023/ohmccogs/public_html/MarieWeber1914_files image002.jpg
2003.03.11 08:50 B C:\AAAAA-MonroeCoSite\MarieWeber1914_files\filelist.xml --> users.rootsweb.com /home0023/ohmccogs/public_html/MarieWeber1914_files filelist.xml
2003.03.11 08:50 B C:\AAAAA-MonroeCoSite\MarieWeber1914_files\image001.jpg --> users.rootsweb.com /home0023/ohmccogs/public_html/MarieWeber1914_files image001.jpg
2003.03.11 08:50 B C:\AAAAA-MonroeCoSite\MarieWeber1914_files\image002.jpg --> users.rootsweb.com /home0023/ohmccogs/public_html/MarieWeber1914_files image002.jpg
2003.03.11 08:50 B C:\AAAAA-MonroeCoSite\MarieWeber1914_files\WS_FTP.LOG --> users.rootsweb.com /home0023/ohmccogs/public_html/MarieWeber1914_files WS_FTP.LOG
2003.03.19 22:01 B C:\AAAAA-MonroeCoSite\MarieWeber1914_files\filelist.xml --> helloworldblue.net /web/MCCofOGS/MarieWeber1914_files filelist.xml
2003.03.19 22:01 B C:\AAAAA-MonroeCoSite\MarieWeber1914_files\image001.jpg --> helloworldblue.net /web/MCCofOGS/MarieWeber1914_files image001.jpg
2003.03.19 22:01 B C:\AAAAA-MonroeCoSite\MarieWeber1914_files\image002.jpg --> helloworldblue.net /web/MCCofOGS/MarieWeber1914_files image002.jpg
2003.03.19 22:01 B C:\AAAAA-MonroeCoSite\MarieWeber1914_files\WS_FTP.LOG --> helloworldblue.net /web/MCCofOGS/MarieWeber1914_files WS_FTP.LOG
2004.09.15 17:07 B C:\AAAAA-MonroeCoSite\MarieWeber1914_files\filelist.xml --> helloworldblue.net /MarieWeber1914_files filelist.xml
2004.09.15 17:07 B C:\AAAAA-MonroeCoSite\MarieWeber1914_files\image001.jpg --> helloworldblue.net /MarieWeber1914_files image001.jpg
2004.09.15 17:07 B C:\AAAAA-MonroeCoSite\MarieWeber1914_files\image002.jpg --> helloworldblue.net /MarieWeber1914_files image002.jpg
2004.09.15 17:07 B C:\AAAAA-MonroeCoSite\MarieWeber1914_files\WS_FTP.LOG --> helloworldblue.net /MarieWeber1914_files WS_FTP.LOG
2004.09.16 01:46 A C:\AAAAA-MonroeCoSite\MarieWeber1914_files\filelist.xml --> helloworldblue.net /MonroeCoOhPeopleandHistory/MarieWeber1914_files filelist.xml
2004.09.16 01:46 A C:\AAAAA-MonroeCoSite\MarieWeber1914_files\image001.jpg --> helloworldblue.net /MonroeCoOhPeopleandHistory/MarieWeber1914_files image001.jpg
2004.09.16 01:46 A C:\AAAAA-MonroeCoSite\MarieWeber1914_files\image002.jpg --> helloworldblue.net /MonroeCoOhPeopleandHistory/MarieWeber1914_files image002.jpg
2004.09.16 01:46 A C:\AAAAA-MonroeCoSite\MarieWeber1914_files\WS_FTP.LOG --> helloworldblue.net /MonroeCoOhPeopleandHistory/MarieWeber1914_files WS_FTP.LOG
2004.10.10 00:31 B C:\AAAAA-MonCoHist_Gen\MarieWeber1914_files\filelist.xml --> users.freepages.rootsweb.com /history_html/MarieWeber1914_files filelist.xml
2004.10.10 00:31 B C:\AAAAA-MonCoHist_Gen\MarieWeber1914_files\image001.jpg --> users.freepages.rootsweb.com /history_html/MarieWeber1914_files image001.jpg
2004.10.10 00:31 B C:\AAAAA-MonCoHist_Gen\MarieWeber1914_files\image002.jpg --> users.freepages.rootsweb.com /history_html/MarieWeber1914_files image002.jpg
