2003.02.11 15:52 B C:\AAAAA-MonroeCoSite\carrie_addie_files\filelist.xml --> users.rootsweb.com /home0023/ohmccogs/public_html/carrie_addie_files filelist.xml
2003.02.11 15:52 B C:\AAAAA-MonroeCoSite\carrie_addie_files\image001.jpg --> users.rootsweb.com /home0023/ohmccogs/public_html/carrie_addie_files image001.jpg
2003.02.11 15:52 B C:\AAAAA-MonroeCoSite\carrie_addie_files\image002.jpg --> users.rootsweb.com /home0023/ohmccogs/public_html/carrie_addie_files image002.jpg
2003.03.05 18:48 B C:\AAAAA-MonroeCoSite\carrie_addie_files\filelist.xml --> users.rootsweb.com /home0023/ohmccogs/public_html/carrie_addie_files filelist.xml
2003.03.05 18:48 B C:\AAAAA-MonroeCoSite\carrie_addie_files\image001.jpg --> users.rootsweb.com /home0023/ohmccogs/public_html/carrie_addie_files image001.jpg
2003.03.05 18:48 B C:\AAAAA-MonroeCoSite\carrie_addie_files\image002.jpg --> users.rootsweb.com /home0023/ohmccogs/public_html/carrie_addie_files image002.jpg
2003.03.05 18:48 B C:\AAAAA-MonroeCoSite\carrie_addie_files\WS_FTP.LOG --> users.rootsweb.com /home0023/ohmccogs/public_html/carrie_addie_files WS_FTP.LOG
2003.03.19 21:40 B C:\AAAAA-MonroeCoSite\carrie_addie_files\filelist.xml --> helloworldblue.net /web/MCCofOGS/carrie_addie_files filelist.xml
2003.03.19 21:40 B C:\AAAAA-MonroeCoSite\carrie_addie_files\image001.jpg --> helloworldblue.net /web/MCCofOGS/carrie_addie_files image001.jpg
2003.03.19 21:40 B C:\AAAAA-MonroeCoSite\carrie_addie_files\image002.jpg --> helloworldblue.net /web/MCCofOGS/carrie_addie_files image002.jpg
2003.03.19 21:40 B C:\AAAAA-MonroeCoSite\carrie_addie_files\WS_FTP.LOG --> helloworldblue.net /web/MCCofOGS/carrie_addie_files WS_FTP.LOG
2004.09.15 16:25 B C:\AAAAA-MonroeCoSite\carrie_addie_files\filelist.xml --> helloworldblue.net /carrie_addie_files filelist.xml
2004.09.15 16:25 B C:\AAAAA-MonroeCoSite\carrie_addie_files\image001.jpg --> helloworldblue.net /carrie_addie_files image001.jpg
2004.09.15 16:25 B C:\AAAAA-MonroeCoSite\carrie_addie_files\image002.jpg --> helloworldblue.net /carrie_addie_files image002.jpg
2004.09.15 16:25 B C:\AAAAA-MonroeCoSite\carrie_addie_files\WS_FTP.LOG --> helloworldblue.net /carrie_addie_files WS_FTP.LOG
2004.09.16 01:21 A C:\AAAAA-MonroeCoSite\carrie_addie_files\filelist.xml --> helloworldblue.net /MonroeCoOhPeopleandHistory/carrie_addie_files filelist.xml
2004.09.16 01:21 A C:\AAAAA-MonroeCoSite\carrie_addie_files\image001.jpg --> helloworldblue.net /MonroeCoOhPeopleandHistory/carrie_addie_files image001.jpg
2004.09.16 01:21 A C:\AAAAA-MonroeCoSite\carrie_addie_files\image002.jpg --> helloworldblue.net /MonroeCoOhPeopleandHistory/carrie_addie_files image002.jpg
2004.09.16 01:21 A C:\AAAAA-MonroeCoSite\carrie_addie_files\WS_FTP.LOG --> helloworldblue.net /MonroeCoOhPeopleandHistory/carrie_addie_files WS_FTP.LOG
2004.10.09 23:40 B C:\AAAAA-MonCoHist_Gen\carrie_addie_files\filelist.xml --> users.freepages.rootsweb.com /history_html/carrie_addie_files filelist.xml
2004.10.09 23:40 B C:\AAAAA-MonCoHist_Gen\carrie_addie_files\image001.jpg --> users.freepages.rootsweb.com /history_html/carrie_addie_files image001.jpg
2004.10.09 23:40 B C:\AAAAA-MonCoHist_Gen\carrie_addie_files\image002.jpg --> users.freepages.rootsweb.com /history_html/carrie_addie_files image002.jpg
