2003.02.16 22:04 B C:\AAAAA-MonroeCoSite\bioMJHodge_files\filelist.xml --> users.rootsweb.com /home0023/ohmccogs/public_html/bioMJHodge_files filelist.xml
2003.02.16 22:04 B C:\AAAAA-MonroeCoSite\bioMJHodge_files\header.htm --> users.rootsweb.com /home0023/ohmccogs/public_html/bioMJHodge_files header.htm
2003.02.16 22:04 B C:\AAAAA-MonroeCoSite\bioMJHodge_files\image001.png --> users.rootsweb.com /home0023/ohmccogs/public_html/bioMJHodge_files image001.png
2003.02.16 22:04 B C:\AAAAA-MonroeCoSite\bioMJHodge_files\image002.gif --> users.rootsweb.com /home0023/ohmccogs/public_html/bioMJHodge_files image002.gif
2003.02.16 22:05 B C:\AAAAA-MonroeCoSite\bioMJHodge_files\image003.png --> users.rootsweb.com /home0023/ohmccogs/public_html/bioMJHodge_files image003.png
2003.02.16 22:05 B C:\AAAAA-MonroeCoSite\bioMJHodge_files\image004.jpg --> users.rootsweb.com /home0023/ohmccogs/public_html/bioMJHodge_files image004.jpg
2003.02.16 22:05 B C:\AAAAA-MonroeCoSite\bioMJHodge_files\image005.gif --> users.rootsweb.com /home0023/ohmccogs/public_html/bioMJHodge_files image005.gif
2003.02.16 22:05 B C:\AAAAA-MonroeCoSite\bioMJHodge_files\image006.png --> users.rootsweb.com /home0023/ohmccogs/public_html/bioMJHodge_files image006.png
2003.02.16 22:05 B C:\AAAAA-MonroeCoSite\bioMJHodge_files\image007.gif --> users.rootsweb.com /home0023/ohmccogs/public_html/bioMJHodge_files image007.gif
2003.02.16 22:06 B C:\AAAAA-MonroeCoSite\bioMJHodge_files\image008.png --> users.rootsweb.com /home0023/ohmccogs/public_html/bioMJHodge_files image008.png
2003.02.16 22:06 B C:\AAAAA-MonroeCoSite\bioMJHodge_files\image009.gif --> users.rootsweb.com /home0023/ohmccogs/public_html/bioMJHodge_files image009.gif
2003.02.16 22:06 B C:\AAAAA-MonroeCoSite\bioMJHodge_files\image010.gif --> users.rootsweb.com /home0023/ohmccogs/public_html/bioMJHodge_files image010.gif
2003.02.16 22:06 B C:\AAAAA-MonroeCoSite\bioMJHodge_files\image011.png --> users.rootsweb.com /home0023/ohmccogs/public_html/bioMJHodge_files image011.png
2003.02.16 22:06 B C:\AAAAA-MonroeCoSite\bioMJHodge_files\image012.gif --> users.rootsweb.com /home0023/ohmccogs/public_html/bioMJHodge_files image012.gif
2003.02.16 22:06 B C:\AAAAA-MonroeCoSite\bioMJHodge_files\image013.png --> users.rootsweb.com /home0023/ohmccogs/public_html/bioMJHodge_files image013.png
2003.02.16 22:06 B C:\AAAAA-MonroeCoSite\bioMJHodge_files\image014.gif --> users.rootsweb.com /home0023/ohmccogs/public_html/bioMJHodge_files image014.gif
2003.02.16 22:07 B C:\AAAAA-MonroeCoSite\bioMJHodge_files\image015.png --> users.rootsweb.com /home0023/ohmccogs/public_html/bioMJHodge_files image015.png
2003.02.16 22:07 B C:\AAAAA-MonroeCoSite\bioMJHodge_files\image016.gif --> users.rootsweb.com /home0023/ohmccogs/public_html/bioMJHodge_files image016.gif
2003.02.16 22:08 B C:\AAAAA-MonroeCoSite\bioMJHodge_files\image017.png --> users.rootsweb.com /home0023/ohmccogs/public_html/bioMJHodge_files image017.png
2003.02.16 22:08 B C:\AAAAA-MonroeCoSite\bioMJHodge_files\image018.gif --> users.rootsweb.com /home0023/ohmccogs/public_html/bioMJHodge_files image018.gif
2003.02.16 22:09 B C:\AAAAA-MonroeCoSite\bioMJHodge_files\image019.png --> users.rootsweb.com /home0023/ohmccogs/public_html/bioMJHodge_files image019.png
2003.02.16 22:09 B C:\AAAAA-MonroeCoSite\bioMJHodge_files\image020.gif --> users.rootsweb.com /home0023/ohmccogs/public_html/bioMJHodge_files image020.gif
2003.02.16 22:09 B C:\AAAAA-MonroeCoSite\bioMJHodge_files\image021.gif --> users.rootsweb.com /home0023/ohmccogs/public_html/bioMJHodge_files image021.gif
2003.02.16 22:09 B C:\AAAAA-MonroeCoSite\bioMJHodge_files\image022.gif --> users.rootsweb.com /home0023/ohmccogs/public_html/bioMJHodge_files image022.gif
2003.02.16 22:09 B C:\AAAAA-MonroeCoSite\bioMJHodge_files\image023.png --> users.rootsweb.com /home0023/ohmccogs/public_html/bioMJHodge_files image023.png
2003.02.16 22:09 B C:\AAAAA-MonroeCoSite\bioMJHodge_files\image024.gif --> users.rootsweb.com /home0023/ohmccogs/public_html/bioMJHodge_files image024.gif
2003.02.16 22:09 B C:\AAAAA-MonroeCoSite\bioMJHodge_files\image025.png --> users.rootsweb.com /home0023/ohmccogs/public_html/bioMJHodge_files image025.png
2003.02.16 22:10 B C:\AAAAA-MonroeCoSite\bioMJHodge_files\image026.gif --> users.rootsweb.com /home0023/ohmccogs/public_html/bioMJHodge_files image026.gif
2003.02.16 22:10 B C:\AAAAA-MonroeCoSite\bioMJHodge_files\image027.png --> users.rootsweb.com /home0023/ohmccogs/public_html/bioMJHodge_files image027.png
2003.02.16 22:10 B C:\AAAAA-MonroeCoSite\bioMJHodge_files\image028.gif --> users.rootsweb.com /home0023/ohmccogs/public_html/bioMJHodge_files image028.gif
2003.02.16 22:10 B C:\AAAAA-MonroeCoSite\bioMJHodge_files\image029.png --> users.rootsweb.com /home0023/ohmccogs/public_html/bioMJHodge_files image029.png
2003.02.16 22:11 B C:\AAAAA-MonroeCoSite\bioMJHodge_files\image030.gif --> users.rootsweb.com /home0023/ohmccogs/public_html/bioMJHodge_files image030.gif
2003.02.16 22:11 B C:\AAAAA-MonroeCoSite\bioMJHodge_files\image031.gif --> users.rootsweb.com /home0023/ohmccogs/public_html/bioMJHodge_files image031.gif
2003.02.16 22:11 B C:\AAAAA-MonroeCoSite\bioMJHodge_files\image032.png --> users.rootsweb.com /home0023/ohmccogs/public_html/bioMJHodge_files image032.png
2003.02.16 22:11 B C:\AAAAA-MonroeCoSite\bioMJHodge_files\image033.gif --> users.rootsweb.com /home0023/ohmccogs/public_html/bioMJHodge_files image033.gif
2003.02.16 22:11 B C:\AAAAA-MonroeCoSite\bioMJHodge_files\image034.gif --> users.rootsweb.com /home0023/ohmccogs/public_html/bioMJHodge_files image034.gif
2003.02.16 22:12 B C:\AAAAA-MonroeCoSite\bioMJHodge_files\image035.png --> users.rootsweb.com /home0023/ohmccogs/public_html/bioMJHodge_files image035.png
2003.02.16 22:12 B C:\AAAAA-MonroeCoSite\bioMJHodge_files\image036.gif --> users.rootsweb.com /home0023/ohmccogs/public_html/bioMJHodge_files image036.gif
2003.02.16 22:12 B C:\AAAAA-MonroeCoSite\bioMJHodge_files\image037.png --> users.rootsweb.com /home0023/ohmccogs/public_html/bioMJHodge_files image037.png
2003.02.16 22:13 B C:\AAAAA-MonroeCoSite\bioMJHodge_files\image038.gif --> users.rootsweb.com /home0023/ohmccogs/public_html/bioMJHodge_files image038.gif
2003.03.19 21:35 B C:\AAAAA-MonroeCoSite\bioMJHodge_files\filelist.xml --> helloworldblue.net /web/MCCofOGS/bioMJHodge_files filelist.xml
2003.03.19 21:35 B C:\AAAAA-MonroeCoSite\bioMJHodge_files\header.htm --> helloworldblue.net /web/MCCofOGS/bioMJHodge_files header.htm
2003.03.19 21:35 B C:\AAAAA-MonroeCoSite\bioMJHodge_files\image001.png --> helloworldblue.net /web/MCCofOGS/bioMJHodge_files image001.png
2003.03.19 21:35 B C:\AAAAA-MonroeCoSite\bioMJHodge_files\image002.gif --> helloworldblue.net /web/MCCofOGS/bioMJHodge_files image002.gif
2003.03.19 21:35 B C:\AAAAA-MonroeCoSite\bioMJHodge_files\image003.png --> helloworldblue.net /web/MCCofOGS/bioMJHodge_files image003.png
2003.03.19 21:35 B C:\AAAAA-MonroeCoSite\bioMJHodge_files\image004.jpg --> helloworldblue.net /web/MCCofOGS/bioMJHodge_files image004.jpg
2003.03.19 21:35 B C:\AAAAA-MonroeCoSite\bioMJHodge_files\image005.gif --> helloworldblue.net /web/MCCofOGS/bioMJHodge_files image005.gif
2003.03.19 21:36 B C:\AAAAA-MonroeCoSite\bioMJHodge_files\image006.png --> helloworldblue.net /web/MCCofOGS/bioMJHodge_files image006.png
2003.03.19 21:36 B C:\AAAAA-MonroeCoSite\bioMJHodge_files\image007.gif --> helloworldblue.net /web/MCCofOGS/bioMJHodge_files image007.gif
2003.03.19 21:36 B C:\AAAAA-MonroeCoSite\bioMJHodge_files\image008.png --> helloworldblue.net /web/MCCofOGS/bioMJHodge_files image008.png
2003.03.19 21:36 B C:\AAAAA-MonroeCoSite\bioMJHodge_files\image009.gif --> helloworldblue.net /web/MCCofOGS/bioMJHodge_files image009.gif
2003.03.19 21:36 B C:\AAAAA-MonroeCoSite\bioMJHodge_files\image010.gif --> helloworldblue.net /web/MCCofOGS/bioMJHodge_files image010.gif
2003.03.19 21:36 B C:\AAAAA-MonroeCoSite\bioMJHodge_files\image011.png --> helloworldblue.net /web/MCCofOGS/bioMJHodge_files image011.png
2003.03.19 21:36 B C:\AAAAA-MonroeCoSite\bioMJHodge_files\image012.gif --> helloworldblue.net /web/MCCofOGS/bioMJHodge_files image012.gif
2003.03.19 21:36 B C:\AAAAA-MonroeCoSite\bioMJHodge_files\image013.png --> helloworldblue.net /web/MCCofOGS/bioMJHodge_files image013.png
2003.03.19 21:36 B C:\AAAAA-MonroeCoSite\bioMJHodge_files\image014.gif --> helloworldblue.net /web/MCCofOGS/bioMJHodge_files image014.gif
2003.03.19 21:37 B C:\AAAAA-MonroeCoSite\bioMJHodge_files\image015.png --> helloworldblue.net /web/MCCofOGS/bioMJHodge_files image015.png
2003.03.19 21:37 B C:\AAAAA-MonroeCoSite\bioMJHodge_files\image016.gif --> helloworldblue.net /web/MCCofOGS/bioMJHodge_files image016.gif
2003.03.19 21:37 B C:\AAAAA-MonroeCoSite\bioMJHodge_files\image017.png --> helloworldblue.net /web/MCCofOGS/bioMJHodge_files image017.png
2003.03.19 21:37 B C:\AAAAA-MonroeCoSite\bioMJHodge_files\image018.gif --> helloworldblue.net /web/MCCofOGS/bioMJHodge_files image018.gif
2003.03.19 21:37 B C:\AAAAA-MonroeCoSite\bioMJHodge_files\image019.png --> helloworldblue.net /web/MCCofOGS/bioMJHodge_files image019.png
2003.03.19 21:37 B C:\AAAAA-MonroeCoSite\bioMJHodge_files\image020.gif --> helloworldblue.net /web/MCCofOGS/bioMJHodge_files image020.gif
2003.03.19 21:37 B C:\AAAAA-MonroeCoSite\bioMJHodge_files\image021.gif --> helloworldblue.net /web/MCCofOGS/bioMJHodge_files image021.gif
2003.03.19 21:37 B C:\AAAAA-MonroeCoSite\bioMJHodge_files\image022.gif --> helloworldblue.net /web/MCCofOGS/bioMJHodge_files image022.gif
2003.03.19 21:37 B C:\AAAAA-MonroeCoSite\bioMJHodge_files\image023.png --> helloworldblue.net /web/MCCofOGS/bioMJHodge_files image023.png
2003.03.19 21:37 B C:\AAAAA-MonroeCoSite\bioMJHodge_files\image024.gif --> helloworldblue.net /web/MCCofOGS/bioMJHodge_files image024.gif
2003.03.19 21:38 B C:\AAAAA-MonroeCoSite\bioMJHodge_files\image025.png --> helloworldblue.net /web/MCCofOGS/bioMJHodge_files image025.png
2003.03.19 21:38 B C:\AAAAA-MonroeCoSite\bioMJHodge_files\image026.gif --> helloworldblue.net /web/MCCofOGS/bioMJHodge_files image026.gif
2003.03.19 21:38 B C:\AAAAA-MonroeCoSite\bioMJHodge_files\image027.png --> helloworldblue.net /web/MCCofOGS/bioMJHodge_files image027.png
2003.03.19 21:38 B C:\AAAAA-MonroeCoSite\bioMJHodge_files\image028.gif --> helloworldblue.net /web/MCCofOGS/bioMJHodge_files image028.gif
2003.03.19 21:38 B C:\AAAAA-MonroeCoSite\bioMJHodge_files\image029.png --> helloworldblue.net /web/MCCofOGS/bioMJHodge_files image029.png
2003.03.19 21:38 B C:\AAAAA-MonroeCoSite\bioMJHodge_files\image030.gif --> helloworldblue.net /web/MCCofOGS/bioMJHodge_files image030.gif
2003.03.19 21:38 B C:\AAAAA-MonroeCoSite\bioMJHodge_files\image031.gif --> helloworldblue.net /web/MCCofOGS/bioMJHodge_files image031.gif
2003.03.19 21:38 B C:\AAAAA-MonroeCoSite\bioMJHodge_files\image032.png --> helloworldblue.net /web/MCCofOGS/bioMJHodge_files image032.png
2003.03.19 21:38 B C:\AAAAA-MonroeCoSite\bioMJHodge_files\image033.gif --> helloworldblue.net /web/MCCofOGS/bioMJHodge_files image033.gif
2003.03.19 21:38 B C:\AAAAA-MonroeCoSite\bioMJHodge_files\image034.gif --> helloworldblue.net /web/MCCofOGS/bioMJHodge_files image034.gif
2003.03.19 21:39 B C:\AAAAA-MonroeCoSite\bioMJHodge_files\image035.png --> helloworldblue.net /web/MCCofOGS/bioMJHodge_files image035.png
2003.03.19 21:39 B C:\AAAAA-MonroeCoSite\bioMJHodge_files\image036.gif --> helloworldblue.net /web/MCCofOGS/bioMJHodge_files image036.gif
2003.03.19 21:39 B C:\AAAAA-MonroeCoSite\bioMJHodge_files\image037.png --> helloworldblue.net /web/MCCofOGS/bioMJHodge_files image037.png
2003.03.19 21:39 B C:\AAAAA-MonroeCoSite\bioMJHodge_files\image038.gif --> helloworldblue.net /web/MCCofOGS/bioMJHodge_files image038.gif
2003.03.19 21:39 B C:\AAAAA-MonroeCoSite\bioMJHodge_files\WS_FTP.LOG --> helloworldblue.net /web/MCCofOGS/bioMJHodge_files WS_FTP.LOG
2004.09.15 14:27 B C:\AAAAA-MonroeCoSite\bioMJHodge_files\filelist.xml --> helloworldblue.net /MonroeCoOhPeopleandHistory/bioMJHodge_files filelist.xml
2004.09.15 14:27 B C:\AAAAA-MonroeCoSite\bioMJHodge_files\header.htm --> helloworldblue.net /MonroeCoOhPeopleandHistory/bioMJHodge_files header.htm
2004.09.15 14:27 B C:\AAAAA-MonroeCoSite\bioMJHodge_files\image001.png --> helloworldblue.net /MonroeCoOhPeopleandHistory/bioMJHodge_files image001.png
2004.09.15 14:27 B C:\AAAAA-MonroeCoSite\bioMJHodge_files\image002.gif --> helloworldblue.net /MonroeCoOhPeopleandHistory/bioMJHodge_files image002.gif
2004.09.15 14:27 B C:\AAAAA-MonroeCoSite\bioMJHodge_files\image003.png --> helloworldblue.net /MonroeCoOhPeopleandHistory/bioMJHodge_files image003.png
2004.09.15 14:27 B C:\AAAAA-MonroeCoSite\bioMJHodge_files\image004.jpg --> helloworldblue.net /MonroeCoOhPeopleandHistory/bioMJHodge_files image004.jpg
2004.09.15 14:27 B C:\AAAAA-MonroeCoSite\bioMJHodge_files\image005.gif --> helloworldblue.net /MonroeCoOhPeopleandHistory/bioMJHodge_files image005.gif
2004.09.15 14:27 B C:\AAAAA-MonroeCoSite\bioMJHodge_files\image006.png --> helloworldblue.net /MonroeCoOhPeopleandHistory/bioMJHodge_files image006.png
2004.09.15 14:27 B C:\AAAAA-MonroeCoSite\bioMJHodge_files\image007.gif --> helloworldblue.net /MonroeCoOhPeopleandHistory/bioMJHodge_files image007.gif
2004.09.15 14:27 B C:\AAAAA-MonroeCoSite\bioMJHodge_files\image008.png --> helloworldblue.net /MonroeCoOhPeopleandHistory/bioMJHodge_files image008.png
2004.09.15 14:27 B C:\AAAAA-MonroeCoSite\bioMJHodge_files\image009.gif --> helloworldblue.net /MonroeCoOhPeopleandHistory/bioMJHodge_files image009.gif
2004.09.15 14:27 B C:\AAAAA-MonroeCoSite\bioMJHodge_files\image010.gif --> helloworldblue.net /MonroeCoOhPeopleandHistory/bioMJHodge_files image010.gif
2004.09.15 14:27 B C:\AAAAA-MonroeCoSite\bioMJHodge_files\image011.png --> helloworldblue.net /MonroeCoOhPeopleandHistory/bioMJHodge_files image011.png
2004.09.15 14:27 B C:\AAAAA-MonroeCoSite\bioMJHodge_files\image012.gif --> helloworldblue.net /MonroeCoOhPeopleandHistory/bioMJHodge_files image012.gif
2004.09.15 14:27 B C:\AAAAA-MonroeCoSite\bioMJHodge_files\image013.png --> helloworldblue.net /MonroeCoOhPeopleandHistory/bioMJHodge_files image013.png
2004.09.15 14:27 B C:\AAAAA-MonroeCoSite\bioMJHodge_files\image014.gif --> helloworldblue.net /MonroeCoOhPeopleandHistory/bioMJHodge_files image014.gif
2004.09.15 14:27 B C:\AAAAA-MonroeCoSite\bioMJHodge_files\image015.png --> helloworldblue.net /MonroeCoOhPeopleandHistory/bioMJHodge_files image015.png
2004.09.15 14:28 B C:\AAAAA-MonroeCoSite\bioMJHodge_files\image016.gif --> helloworldblue.net /MonroeCoOhPeopleandHistory/bioMJHodge_files image016.gif
2004.09.15 14:28 B C:\AAAAA-MonroeCoSite\bioMJHodge_files\image017.png --> helloworldblue.net /MonroeCoOhPeopleandHistory/bioMJHodge_files image017.png
2004.09.15 14:28 B C:\AAAAA-MonroeCoSite\bioMJHodge_files\image018.gif --> helloworldblue.net /MonroeCoOhPeopleandHistory/bioMJHodge_files image018.gif
2004.09.15 14:28 B C:\AAAAA-MonroeCoSite\bioMJHodge_files\image019.png --> helloworldblue.net /MonroeCoOhPeopleandHistory/bioMJHodge_files image019.png
2004.09.15 14:28 B C:\AAAAA-MonroeCoSite\bioMJHodge_files\image020.gif --> helloworldblue.net /MonroeCoOhPeopleandHistory/bioMJHodge_files image020.gif
2004.09.15 14:28 B C:\AAAAA-MonroeCoSite\bioMJHodge_files\image021.gif --> helloworldblue.net /MonroeCoOhPeopleandHistory/bioMJHodge_files image021.gif
2004.09.15 14:28 B C:\AAAAA-MonroeCoSite\bioMJHodge_files\image022.gif --> helloworldblue.net /MonroeCoOhPeopleandHistory/bioMJHodge_files image022.gif
2004.09.15 14:28 B C:\AAAAA-MonroeCoSite\bioMJHodge_files\image023.png --> helloworldblue.net /MonroeCoOhPeopleandHistory/bioMJHodge_files image023.png
2004.09.15 14:28 B C:\AAAAA-MonroeCoSite\bioMJHodge_files\image024.gif --> helloworldblue.net /MonroeCoOhPeopleandHistory/bioMJHodge_files image024.gif
2004.09.15 14:28 B C:\AAAAA-MonroeCoSite\bioMJHodge_files\image025.png --> helloworldblue.net /MonroeCoOhPeopleandHistory/bioMJHodge_files image025.png
2004.09.15 14:28 B C:\AAAAA-MonroeCoSite\bioMJHodge_files\image026.gif --> helloworldblue.net /MonroeCoOhPeopleandHistory/bioMJHodge_files image026.gif
2004.09.15 14:28 B C:\AAAAA-MonroeCoSite\bioMJHodge_files\image027.png --> helloworldblue.net /MonroeCoOhPeopleandHistory/bioMJHodge_files image027.png
2004.09.15 14:28 B C:\AAAAA-MonroeCoSite\bioMJHodge_files\image028.gif --> helloworldblue.net /MonroeCoOhPeopleandHistory/bioMJHodge_files image028.gif
2004.09.15 14:28 B C:\AAAAA-MonroeCoSite\bioMJHodge_files\image029.png --> helloworldblue.net /MonroeCoOhPeopleandHistory/bioMJHodge_files image029.png
2004.09.15 14:28 B C:\AAAAA-MonroeCoSite\bioMJHodge_files\image030.gif --> helloworldblue.net /MonroeCoOhPeopleandHistory/bioMJHodge_files image030.gif
2004.09.15 14:28 B C:\AAAAA-MonroeCoSite\bioMJHodge_files\image031.gif --> helloworldblue.net /MonroeCoOhPeopleandHistory/bioMJHodge_files image031.gif
2004.09.15 14:28 B C:\AAAAA-MonroeCoSite\bioMJHodge_files\image032.png --> helloworldblue.net /MonroeCoOhPeopleandHistory/bioMJHodge_files image032.png
2004.09.15 14:28 B C:\AAAAA-MonroeCoSite\bioMJHodge_files\image033.gif --> helloworldblue.net /MonroeCoOhPeopleandHistory/bioMJHodge_files image033.gif
2004.09.15 14:28 B C:\AAAAA-MonroeCoSite\bioMJHodge_files\image034.gif --> helloworldblue.net /MonroeCoOhPeopleandHistory/bioMJHodge_files image034.gif
2004.09.15 14:28 B C:\AAAAA-MonroeCoSite\bioMJHodge_files\image035.png --> helloworldblue.net /MonroeCoOhPeopleandHistory/bioMJHodge_files image035.png
2004.09.15 14:28 B C:\AAAAA-MonroeCoSite\bioMJHodge_files\image036.gif --> helloworldblue.net /MonroeCoOhPeopleandHistory/bioMJHodge_files image036.gif
2004.09.15 14:29 B C:\AAAAA-MonroeCoSite\bioMJHodge_files\image037.png --> helloworldblue.net /MonroeCoOhPeopleandHistory/bioMJHodge_files image037.png
2004.09.15 14:29 B C:\AAAAA-MonroeCoSite\bioMJHodge_files\image038.gif --> helloworldblue.net /MonroeCoOhPeopleandHistory/bioMJHodge_files image038.gif
2004.09.15 14:29 B C:\AAAAA-MonroeCoSite\bioMJHodge_files\WS_FTP.LOG --> helloworldblue.net /MonroeCoOhPeopleandHistory/bioMJHodge_files WS_FTP.LOG
2004.10.09 23:32 B C:\AAAAA-MonCoHist_Gen\bioMJHodge_files\filelist.xml --> users.freepages.rootsweb.com /history_html/bioMJHodge_files filelist.xml
2004.10.09 23:32 B C:\AAAAA-MonCoHist_Gen\bioMJHodge_files\header.htm --> users.freepages.rootsweb.com /history_html/bioMJHodge_files header.htm
2004.10.09 23:32 B C:\AAAAA-MonCoHist_Gen\bioMJHodge_files\image001.png --> users.freepages.rootsweb.com /history_html/bioMJHodge_files image001.png
2004.10.09 23:32 B C:\AAAAA-MonCoHist_Gen\bioMJHodge_files\image002.gif --> users.freepages.rootsweb.com /history_html/bioMJHodge_files image002.gif
2004.10.09 23:32 B C:\AAAAA-MonCoHist_Gen\bioMJHodge_files\image003.png --> users.freepages.rootsweb.com /history_html/bioMJHodge_files image003.png
2004.10.09 23:32 B C:\AAAAA-MonCoHist_Gen\bioMJHodge_files\image004.jpg --> users.freepages.rootsweb.com /history_html/bioMJHodge_files image004.jpg
2004.10.09 23:32 B C:\AAAAA-MonCoHist_Gen\bioMJHodge_files\image005.gif --> users.freepages.rootsweb.com /history_html/bioMJHodge_files image005.gif
2004.10.09 23:33 B C:\AAAAA-MonCoHist_Gen\bioMJHodge_files\image006.png --> users.freepages.rootsweb.com /history_html/bioMJHodge_files image006.png
2004.10.09 23:33 B C:\AAAAA-MonCoHist_Gen\bioMJHodge_files\image007.gif --> users.freepages.rootsweb.com /history_html/bioMJHodge_files image007.gif
2004.10.09 23:33 B C:\AAAAA-MonCoHist_Gen\bioMJHodge_files\image008.png --> users.freepages.rootsweb.com /history_html/bioMJHodge_files image008.png
2004.10.09 23:33 B C:\AAAAA-MonCoHist_Gen\bioMJHodge_files\image009.gif --> users.freepages.rootsweb.com /history_html/bioMJHodge_files image009.gif
2004.10.09 23:33 B C:\AAAAA-MonCoHist_Gen\bioMJHodge_files\image010.gif --> users.freepages.rootsweb.com /history_html/bioMJHodge_files image010.gif
2004.10.09 23:33 B C:\AAAAA-MonCoHist_Gen\bioMJHodge_files\image011.png --> users.freepages.rootsweb.com /history_html/bioMJHodge_files image011.png
2004.10.09 23:33 B C:\AAAAA-MonCoHist_Gen\bioMJHodge_files\image012.gif --> users.freepages.rootsweb.com /history_html/bioMJHodge_files image012.gif
2004.10.09 23:33 B C:\AAAAA-MonCoHist_Gen\bioMJHodge_files\image013.png --> users.freepages.rootsweb.com /history_html/bioMJHodge_files image013.png
2004.10.09 23:33 B C:\AAAAA-MonCoHist_Gen\bioMJHodge_files\image014.gif --> users.freepages.rootsweb.com /history_html/bioMJHodge_files image014.gif
2004.10.09 23:33 B C:\AAAAA-MonCoHist_Gen\bioMJHodge_files\image015.png --> users.freepages.rootsweb.com /history_html/bioMJHodge_files image015.png
2004.10.09 23:33 B C:\AAAAA-MonCoHist_Gen\bioMJHodge_files\image016.gif --> users.freepages.rootsweb.com /history_html/bioMJHodge_files image016.gif
2004.10.09 23:33 B C:\AAAAA-MonCoHist_Gen\bioMJHodge_files\image017.png --> users.freepages.rootsweb.com /history_html/bioMJHodge_files image017.png
2004.10.09 23:33 B C:\AAAAA-MonCoHist_Gen\bioMJHodge_files\image018.gif --> users.freepages.rootsweb.com /history_html/bioMJHodge_files image018.gif
2004.10.09 23:33 B C:\AAAAA-MonCoHist_Gen\bioMJHodge_files\image019.png --> users.freepages.rootsweb.com /history_html/bioMJHodge_files image019.png
2004.10.09 23:33 B C:\AAAAA-MonCoHist_Gen\bioMJHodge_files\image020.gif --> users.freepages.rootsweb.com /history_html/bioMJHodge_files image020.gif
2004.10.09 23:33 B C:\AAAAA-MonCoHist_Gen\bioMJHodge_files\image021.gif --> users.freepages.rootsweb.com /history_html/bioMJHodge_files image021.gif
2004.10.09 23:33 B C:\AAAAA-MonCoHist_Gen\bioMJHodge_files\image022.gif --> users.freepages.rootsweb.com /history_html/bioMJHodge_files image022.gif
2004.10.09 23:33 B C:\AAAAA-MonCoHist_Gen\bioMJHodge_files\image023.png --> users.freepages.rootsweb.com /history_html/bioMJHodge_files image023.png
2004.10.09 23:33 B C:\AAAAA-MonCoHist_Gen\bioMJHodge_files\image024.gif --> users.freepages.rootsweb.com /history_html/bioMJHodge_files image024.gif
2004.10.09 23:33 B C:\AAAAA-MonCoHist_Gen\bioMJHodge_files\image025.png --> users.freepages.rootsweb.com /history_html/bioMJHodge_files image025.png
2004.10.09 23:33 B C:\AAAAA-MonCoHist_Gen\bioMJHodge_files\image026.gif --> users.freepages.rootsweb.com /history_html/bioMJHodge_files image026.gif
2004.10.09 23:33 B C:\AAAAA-MonCoHist_Gen\bioMJHodge_files\image027.png --> users.freepages.rootsweb.com /history_html/bioMJHodge_files image027.png
2004.10.09 23:33 B C:\AAAAA-MonCoHist_Gen\bioMJHodge_files\image028.gif --> users.freepages.rootsweb.com /history_html/bioMJHodge_files image028.gif
2004.10.09 23:33 B C:\AAAAA-MonCoHist_Gen\bioMJHodge_files\image029.png --> users.freepages.rootsweb.com /history_html/bioMJHodge_files image029.png
2004.10.09 23:33 B C:\AAAAA-MonCoHist_Gen\bioMJHodge_files\image030.gif --> users.freepages.rootsweb.com /history_html/bioMJHodge_files image030.gif
2004.10.09 23:33 B C:\AAAAA-MonCoHist_Gen\bioMJHodge_files\image031.gif --> users.freepages.rootsweb.com /history_html/bioMJHodge_files image031.gif
2004.10.09 23:34 B C:\AAAAA-MonCoHist_Gen\bioMJHodge_files\image032.png --> users.freepages.rootsweb.com /history_html/bioMJHodge_files image032.png
2004.10.09 23:34 B C:\AAAAA-MonCoHist_Gen\bioMJHodge_files\image033.gif --> users.freepages.rootsweb.com /history_html/bioMJHodge_files image033.gif
2004.10.09 23:34 B C:\AAAAA-MonCoHist_Gen\bioMJHodge_files\image034.gif --> users.freepages.rootsweb.com /history_html/bioMJHodge_files image034.gif
2004.10.09 23:34 B C:\AAAAA-MonCoHist_Gen\bioMJHodge_files\image035.png --> users.freepages.rootsweb.com /history_html/bioMJHodge_files image035.png
2004.10.09 23:34 B C:\AAAAA-MonCoHist_Gen\bioMJHodge_files\image036.gif --> users.freepages.rootsweb.com /history_html/bioMJHodge_files image036.gif
2004.10.09 23:34 B C:\AAAAA-MonCoHist_Gen\bioMJHodge_files\image037.png --> users.freepages.rootsweb.com /history_html/bioMJHodge_files image037.png
2004.10.09 23:34 B C:\AAAAA-MonCoHist_Gen\bioMJHodge_files\image038.gif --> users.freepages.rootsweb.com /history_html/bioMJHodge_files image038.gif
