2003.03.05 20:38 B C:\AAAAA-MonroeCoSite\menkelmarble_files\AAAAA-MonroeCoSite --> users.rootsweb.com /home0023/ohmccogs/public_html/menkelmarble_files AAAAA-MonroeCoSite
2003.03.05 20:38 B C:\AAAAA-MonroeCoSite\menkelmarble_files\filelist.xml --> users.rootsweb.com /home0023/ohmccogs/public_html/menkelmarble_files filelist.xml
2003.03.05 20:39 B C:\AAAAA-MonroeCoSite\menkelmarble_files\image001.jpg --> users.rootsweb.com /home0023/ohmccogs/public_html/menkelmarble_files image001.jpg
2003.03.05 20:39 B C:\AAAAA-MonroeCoSite\menkelmarble_files\image002.jpg --> users.rootsweb.com /home0023/ohmccogs/public_html/menkelmarble_files image002.jpg
2003.03.19 23:00 B C:\AAAAA-MonroeCoSite_Overflow\menkelmarble_files\AAAAA-MonroeCoSite --> helloworldblue.net /web/MCCofOGS/menkelmarble_files AAAAA-MonroeCoSite
2003.03.19 23:00 B C:\AAAAA-MonroeCoSite_Overflow\menkelmarble_files\filelist.xml --> helloworldblue.net /web/MCCofOGS/menkelmarble_files filelist.xml
2003.03.19 23:00 B C:\AAAAA-MonroeCoSite_Overflow\menkelmarble_files\image001.jpg --> helloworldblue.net /web/MCCofOGS/menkelmarble_files image001.jpg
2003.03.19 23:00 B C:\AAAAA-MonroeCoSite_Overflow\menkelmarble_files\image002.jpg --> helloworldblue.net /web/MCCofOGS/menkelmarble_files image002.jpg
2003.03.19 23:00 B C:\AAAAA-MonroeCoSite_Overflow\menkelmarble_files\WS_FTP.LOG --> helloworldblue.net /web/MCCofOGS/menkelmarble_files WS_FTP.LOG
2004.09.15 17:12 B C:\AAAAA-MonroeCoSite\menkelmarble_files\AAAAA-MonroeCoSite --> helloworldblue.net /menkelmarble_files AAAAA-MonroeCoSite
2004.09.15 17:12 B C:\AAAAA-MonroeCoSite\menkelmarble_files\filelist.xml --> helloworldblue.net /menkelmarble_files filelist.xml
2004.09.15 17:12 B C:\AAAAA-MonroeCoSite\menkelmarble_files\image001.jpg --> helloworldblue.net /menkelmarble_files image001.jpg
2004.09.15 17:12 B C:\AAAAA-MonroeCoSite\menkelmarble_files\image002.jpg --> helloworldblue.net /menkelmarble_files image002.jpg
2004.09.15 17:12 B C:\AAAAA-MonroeCoSite\menkelmarble_files\WS_FTP.LOG --> helloworldblue.net /menkelmarble_files WS_FTP.LOG
2004.09.16 01:49 A C:\AAAAA-MonroeCoSite\menkelmarble_files\AAAAA-MonroeCoSite --> helloworldblue.net /MonroeCoOhPeopleandHistory/menkelmarble_files AAAAA-MonroeCoSite
2004.09.16 01:49 A C:\AAAAA-MonroeCoSite\menkelmarble_files\filelist.xml --> helloworldblue.net /MonroeCoOhPeopleandHistory/menkelmarble_files filelist.xml
2004.09.16 01:49 A C:\AAAAA-MonroeCoSite\menkelmarble_files\image001.jpg --> helloworldblue.net /MonroeCoOhPeopleandHistory/menkelmarble_files image001.jpg
2004.09.16 01:49 A C:\AAAAA-MonroeCoSite\menkelmarble_files\image002.jpg --> helloworldblue.net /MonroeCoOhPeopleandHistory/menkelmarble_files image002.jpg
2004.09.16 01:49 A C:\AAAAA-MonroeCoSite\menkelmarble_files\WS_FTP.LOG --> helloworldblue.net /MonroeCoOhPeopleandHistory/menkelmarble_files WS_FTP.LOG
2004.10.10 00:36 B C:\AAAAA-MonCoHist_Gen\menkelmarble_files\AAAAA-MonroeCoSite --> users.freepages.rootsweb.com /history_html/menkelmarble_files AAAAA-MonroeCoSite
2004.10.10 00:36 B C:\AAAAA-MonCoHist_Gen\menkelmarble_files\filelist.xml --> users.freepages.rootsweb.com /history_html/menkelmarble_files filelist.xml
2004.10.10 00:36 B C:\AAAAA-MonCoHist_Gen\menkelmarble_files\image001.jpg --> users.freepages.rootsweb.com /history_html/menkelmarble_files image001.jpg
2004.10.10 00:36 B C:\AAAAA-MonCoHist_Gen\menkelmarble_files\image002.jpg --> users.freepages.rootsweb.com /history_html/menkelmarble_files image002.jpg
