2003.05.18 23:44 B C:\AAAAA-MonroeCoSite\latta_farmhouse_files\filelist.xml --> users.rootsweb.com /home0023/ohmccogs/public_html/latta_farmhouse_files filelist.xml
2003.05.18 23:44 B C:\AAAAA-MonroeCoSite\latta_farmhouse_files\image001.jpg --> users.rootsweb.com /home0023/ohmccogs/public_html/latta_farmhouse_files image001.jpg
2003.05.18 23:44 B C:\AAAAA-MonroeCoSite\latta_farmhouse_files\image002.jpg --> users.rootsweb.com /home0023/ohmccogs/public_html/latta_farmhouse_files image002.jpg
2003.05.18 23:44 B C:\AAAAA-MonroeCoSite\latta_farmhouse_files\image003.jpg --> users.rootsweb.com /home0023/ohmccogs/public_html/latta_farmhouse_files image003.jpg
2003.05.18 23:44 B C:\AAAAA-MonroeCoSite\latta_farmhouse_files\image004.jpg --> users.rootsweb.com /home0023/ohmccogs/public_html/latta_farmhouse_files image004.jpg
2004.09.15 16:59 B C:\AAAAA-MonroeCoSite\latta_farmhouse_files\filelist.xml --> helloworldblue.net /latta_farmhouse_files filelist.xml
2004.09.15 16:59 B C:\AAAAA-MonroeCoSite\latta_farmhouse_files\image001.jpg --> helloworldblue.net /latta_farmhouse_files image001.jpg
2004.09.15 16:59 B C:\AAAAA-MonroeCoSite\latta_farmhouse_files\image002.jpg --> helloworldblue.net /latta_farmhouse_files image002.jpg
2004.09.15 16:59 B C:\AAAAA-MonroeCoSite\latta_farmhouse_files\image003.jpg --> helloworldblue.net /latta_farmhouse_files image003.jpg
2004.09.15 16:59 B C:\AAAAA-MonroeCoSite\latta_farmhouse_files\image004.jpg --> helloworldblue.net /latta_farmhouse_files image004.jpg
2004.09.15 16:59 B C:\AAAAA-MonroeCoSite\latta_farmhouse_files\WS_FTP.LOG --> helloworldblue.net /latta_farmhouse_files WS_FTP.LOG
2004.09.16 01:41 A C:\AAAAA-MonroeCoSite\latta_farmhouse_files\filelist.xml --> helloworldblue.net /MonroeCoOhPeopleandHistory/latta_farmhouse_files filelist.xml
2004.09.16 01:41 A C:\AAAAA-MonroeCoSite\latta_farmhouse_files\image001.jpg --> helloworldblue.net /MonroeCoOhPeopleandHistory/latta_farmhouse_files image001.jpg
2004.09.16 01:41 A C:\AAAAA-MonroeCoSite\latta_farmhouse_files\image002.jpg --> helloworldblue.net /MonroeCoOhPeopleandHistory/latta_farmhouse_files image002.jpg
2004.09.16 01:41 A C:\AAAAA-MonroeCoSite\latta_farmhouse_files\image003.jpg --> helloworldblue.net /MonroeCoOhPeopleandHistory/latta_farmhouse_files image003.jpg
2004.09.16 01:41 A C:\AAAAA-MonroeCoSite\latta_farmhouse_files\image004.jpg --> helloworldblue.net /MonroeCoOhPeopleandHistory/latta_farmhouse_files image004.jpg
2004.09.16 01:41 A C:\AAAAA-MonroeCoSite\latta_farmhouse_files\WS_FTP.LOG --> helloworldblue.net /MonroeCoOhPeopleandHistory/latta_farmhouse_files WS_FTP.LOG
2004.10.10 00:21 B C:\AAAAA-MonCoHist_Gen\latta_farmhouse_files\filelist.xml --> users.freepages.rootsweb.com /history_html/latta_farmhouse_files filelist.xml
2004.10.10 00:21 B C:\AAAAA-MonCoHist_Gen\latta_farmhouse_files\image001.jpg --> users.freepages.rootsweb.com /history_html/latta_farmhouse_files image001.jpg
2004.10.10 00:21 B C:\AAAAA-MonCoHist_Gen\latta_farmhouse_files\image002.jpg --> users.freepages.rootsweb.com /history_html/latta_farmhouse_files image002.jpg
2004.10.10 00:21 B C:\AAAAA-MonCoHist_Gen\latta_farmhouse_files\image003.jpg --> users.freepages.rootsweb.com /history_html/latta_farmhouse_files image003.jpg
2004.10.10 00:21 B C:\AAAAA-MonCoHist_Gen\latta_farmhouse_files\image004.jpg --> users.freepages.rootsweb.com /history_html/latta_farmhouse_files image004.jpg
