2003.11.20 22:04 B C:\AAAAA-MonroeCoSite\PunkinRidgeSchool_files\filelist.xml --> users.rootsweb.com /home0023/ohmccogs/public_html/PunkinRidgeSchool_files filelist.xml
2003.11.20 22:04 B C:\AAAAA-MonroeCoSite\PunkinRidgeSchool_files\image001.jpg --> users.rootsweb.com /home0023/ohmccogs/public_html/PunkinRidgeSchool_files image001.jpg
2003.11.20 22:04 B C:\AAAAA-MonroeCoSite\PunkinRidgeSchool_files\image002.jpg --> users.rootsweb.com /home0023/ohmccogs/public_html/PunkinRidgeSchool_files image002.jpg
2003.11.20 22:04 B C:\AAAAA-MonroeCoSite\PunkinRidgeSchool_files\image003.jpg --> users.rootsweb.com /home0023/ohmccogs/public_html/PunkinRidgeSchool_files image003.jpg
2003.11.20 22:04 B C:\AAAAA-MonroeCoSite\PunkinRidgeSchool_files\image004.jpg --> users.rootsweb.com /home0023/ohmccogs/public_html/PunkinRidgeSchool_files image004.jpg
2003.11.20 22:04 B C:\AAAAA-MonroeCoSite\PunkinRidgeSchool_files\image005.jpg --> users.rootsweb.com /home0023/ohmccogs/public_html/PunkinRidgeSchool_files image005.jpg
2003.11.20 22:04 B C:\AAAAA-MonroeCoSite\PunkinRidgeSchool_files\image006.jpg --> users.rootsweb.com /home0023/ohmccogs/public_html/PunkinRidgeSchool_files image006.jpg
2004.04.07 23:52 B C:\AAAAA-MonroeCoSite\PunkinRidgeSchool_files\filelist.xml --> users.rootsweb.com /home0023/ohmccogs/public_html/PunkinRidgeSchool_files filelist.xml
2004.04.07 23:52 B C:\AAAAA-MonroeCoSite\PunkinRidgeSchool_files\image001.jpg --> users.rootsweb.com /home0023/ohmccogs/public_html/PunkinRidgeSchool_files image001.jpg
2004.04.07 23:52 B C:\AAAAA-MonroeCoSite\PunkinRidgeSchool_files\image002.jpg --> users.rootsweb.com /home0023/ohmccogs/public_html/PunkinRidgeSchool_files image002.jpg
2004.04.07 23:52 B C:\AAAAA-MonroeCoSite\PunkinRidgeSchool_files\image003.jpg --> users.rootsweb.com /home0023/ohmccogs/public_html/PunkinRidgeSchool_files image003.jpg
2004.04.07 23:52 B C:\AAAAA-MonroeCoSite\PunkinRidgeSchool_files\image004.jpg --> users.rootsweb.com /home0023/ohmccogs/public_html/PunkinRidgeSchool_files image004.jpg
2004.04.07 23:52 B C:\AAAAA-MonroeCoSite\PunkinRidgeSchool_files\image005.jpg --> users.rootsweb.com /home0023/ohmccogs/public_html/PunkinRidgeSchool_files image005.jpg
2004.04.07 23:52 B C:\AAAAA-MonroeCoSite\PunkinRidgeSchool_files\image006.jpg --> users.rootsweb.com /home0023/ohmccogs/public_html/PunkinRidgeSchool_files image006.jpg
2004.04.07 23:52 B C:\AAAAA-MonroeCoSite\PunkinRidgeSchool_files\WS_FTP.LOG --> users.rootsweb.com /home0023/ohmccogs/public_html/PunkinRidgeSchool_files WS_FTP.LOG
2004.09.15 14:54 B C:\AAAAA-MonroeCoSite\PunkinRidgeSchool_files\filelist.xml --> helloworldblue.net /MonroeCoOhPeopleandHistory/PunkinRidgeSchool_files filelist.xml
2004.09.15 14:54 B C:\AAAAA-MonroeCoSite\PunkinRidgeSchool_files\image001.jpg --> helloworldblue.net /MonroeCoOhPeopleandHistory/PunkinRidgeSchool_files image001.jpg
2004.09.15 14:54 B C:\AAAAA-MonroeCoSite\PunkinRidgeSchool_files\image002.jpg --> helloworldblue.net /MonroeCoOhPeopleandHistory/PunkinRidgeSchool_files image002.jpg
2004.09.15 14:54 B C:\AAAAA-MonroeCoSite\PunkinRidgeSchool_files\image003.jpg --> helloworldblue.net /MonroeCoOhPeopleandHistory/PunkinRidgeSchool_files image003.jpg
2004.09.15 14:54 B C:\AAAAA-MonroeCoSite\PunkinRidgeSchool_files\image004.jpg --> helloworldblue.net /MonroeCoOhPeopleandHistory/PunkinRidgeSchool_files image004.jpg
2004.09.15 14:54 B C:\AAAAA-MonroeCoSite\PunkinRidgeSchool_files\image005.jpg --> helloworldblue.net /MonroeCoOhPeopleandHistory/PunkinRidgeSchool_files image005.jpg
2004.09.15 14:54 B C:\AAAAA-MonroeCoSite\PunkinRidgeSchool_files\image006.jpg --> helloworldblue.net /MonroeCoOhPeopleandHistory/PunkinRidgeSchool_files image006.jpg
2004.09.15 14:54 B C:\AAAAA-MonroeCoSite\PunkinRidgeSchool_files\WS_FTP.LOG --> helloworldblue.net /MonroeCoOhPeopleandHistory/PunkinRidgeSchool_files WS_FTP.LOG
2004.10.10 01:08 B C:\AAAAA-MonCoHist_Gen\PunkinRidgeSchool_files\filelist.xml --> users.freepages.rootsweb.com /history_html/PunkinRidgeSchool_files filelist.xml
2004.10.10 01:08 B C:\AAAAA-MonCoHist_Gen\PunkinRidgeSchool_files\image001.jpg --> users.freepages.rootsweb.com /history_html/PunkinRidgeSchool_files image001.jpg
2004.10.10 01:08 B C:\AAAAA-MonCoHist_Gen\PunkinRidgeSchool_files\image002.jpg --> users.freepages.rootsweb.com /history_html/PunkinRidgeSchool_files image002.jpg
2004.10.10 01:08 B C:\AAAAA-MonCoHist_Gen\PunkinRidgeSchool_files\image003.jpg --> users.freepages.rootsweb.com /history_html/PunkinRidgeSchool_files image003.jpg
2004.10.10 01:08 B C:\AAAAA-MonCoHist_Gen\PunkinRidgeSchool_files\image004.jpg --> users.freepages.rootsweb.com /history_html/PunkinRidgeSchool_files image004.jpg
2004.10.10 01:08 B C:\AAAAA-MonCoHist_Gen\PunkinRidgeSchool_files\image005.jpg --> users.freepages.rootsweb.com /history_html/PunkinRidgeSchool_files image005.jpg
2004.10.10 01:08 B C:\AAAAA-MonCoHist_Gen\PunkinRidgeSchool_files\image006.jpg --> users.freepages.rootsweb.com /history_html/PunkinRidgeSchool_files image006.jpg
