2004.01.11 15:33 B C:\AAAAA-MonroeCoSite\MCC_of_OGS_article_files\filelist.xml --> users.rootsweb.com /home0023/ohmccogs/public_html/MCC_of_OGS_article_files filelist.xml
2004.01.11 15:33 B C:\AAAAA-MonroeCoSite\MCC_of_OGS_article_files\image001.jpg --> users.rootsweb.com /home0023/ohmccogs/public_html/MCC_of_OGS_article_files image001.jpg
2004.01.11 15:33 B C:\AAAAA-MonroeCoSite\MCC_of_OGS_article_files\image002.jpg --> users.rootsweb.com /home0023/ohmccogs/public_html/MCC_of_OGS_article_files image002.jpg
2004.01.11 15:34 B C:\AAAAA-MonroeCoSite\MCC_of_OGS_article_files\image003.jpg --> users.rootsweb.com /home0023/ohmccogs/public_html/MCC_of_OGS_article_files image003.jpg
2004.01.11 15:34 B C:\AAAAA-MonroeCoSite\MCC_of_OGS_article_files\image004.jpg --> users.rootsweb.com /home0023/ohmccogs/public_html/MCC_of_OGS_article_files image004.jpg
2004.09.15 17:10 B C:\AAAAA-MonroeCoSite\MCC_of_OGS_article_files\filelist.xml --> helloworldblue.net /MCC_of_OGS_article_files filelist.xml
2004.09.15 17:10 B C:\AAAAA-MonroeCoSite\MCC_of_OGS_article_files\image001.jpg --> helloworldblue.net /MCC_of_OGS_article_files image001.jpg
2004.09.15 17:10 B C:\AAAAA-MonroeCoSite\MCC_of_OGS_article_files\image002.jpg --> helloworldblue.net /MCC_of_OGS_article_files image002.jpg
2004.09.15 17:10 B C:\AAAAA-MonroeCoSite\MCC_of_OGS_article_files\image003.jpg --> helloworldblue.net /MCC_of_OGS_article_files image003.jpg
2004.09.15 17:11 B C:\AAAAA-MonroeCoSite\MCC_of_OGS_article_files\image004.jpg --> helloworldblue.net /MCC_of_OGS_article_files image004.jpg
2004.09.15 17:11 B C:\AAAAA-MonroeCoSite\MCC_of_OGS_article_files\WS_FTP.LOG --> helloworldblue.net /MCC_of_OGS_article_files WS_FTP.LOG
2004.09.16 01:48 A C:\AAAAA-MonroeCoSite\MCC_of_OGS_article_files\filelist.xml --> helloworldblue.net /MonroeCoOhPeopleandHistory/MCC_of_OGS_article_files filelist.xml
2004.09.16 01:48 A C:\AAAAA-MonroeCoSite\MCC_of_OGS_article_files\image001.jpg --> helloworldblue.net /MonroeCoOhPeopleandHistory/MCC_of_OGS_article_files image001.jpg
2004.09.16 01:48 A C:\AAAAA-MonroeCoSite\MCC_of_OGS_article_files\image002.jpg --> helloworldblue.net /MonroeCoOhPeopleandHistory/MCC_of_OGS_article_files image002.jpg
2004.09.16 01:48 A C:\AAAAA-MonroeCoSite\MCC_of_OGS_article_files\image003.jpg --> helloworldblue.net /MonroeCoOhPeopleandHistory/MCC_of_OGS_article_files image003.jpg
2004.09.16 01:48 A C:\AAAAA-MonroeCoSite\MCC_of_OGS_article_files\image004.jpg --> helloworldblue.net /MonroeCoOhPeopleandHistory/MCC_of_OGS_article_files image004.jpg
2004.09.16 01:48 A C:\AAAAA-MonroeCoSite\MCC_of_OGS_article_files\WS_FTP.LOG --> helloworldblue.net /MonroeCoOhPeopleandHistory/MCC_of_OGS_article_files WS_FTP.LOG
2004.10.10 00:35 B C:\AAAAA-MonCoHist_Gen\MCC_of_OGS_article_files\filelist.xml --> users.freepages.rootsweb.com /history_html/MCC_of_OGS_article_files filelist.xml
2004.10.10 00:35 B C:\AAAAA-MonCoHist_Gen\MCC_of_OGS_article_files\image001.jpg --> users.freepages.rootsweb.com /history_html/MCC_of_OGS_article_files image001.jpg
2004.10.10 00:35 B C:\AAAAA-MonCoHist_Gen\MCC_of_OGS_article_files\image002.jpg --> users.freepages.rootsweb.com /history_html/MCC_of_OGS_article_files image002.jpg
2004.10.10 00:35 B C:\AAAAA-MonCoHist_Gen\MCC_of_OGS_article_files\image003.jpg --> users.freepages.rootsweb.com /history_html/MCC_of_OGS_article_files image003.jpg
2004.10.10 00:35 B C:\AAAAA-MonCoHist_Gen\MCC_of_OGS_article_files\image004.jpg --> users.freepages.rootsweb.com /history_html/MCC_of_OGS_article_files image004.jpg
