2003.04.03 17:47 B C:\AAAAA-MonroeCoSite\BertramConf_files\filelist.xml --> users.rootsweb.com /home0023/ohmccogs/public_html/BertramConf_files filelist.xml
2003.04.03 17:47 B C:\AAAAA-MonroeCoSite\BertramConf_files\image001.jpg --> users.rootsweb.com /home0023/ohmccogs/public_html/BertramConf_files image001.jpg
2003.04.03 17:47 B C:\AAAAA-MonroeCoSite\BertramConf_files\image002.jpg --> users.rootsweb.com /home0023/ohmccogs/public_html/BertramConf_files image002.jpg
2003.04.03 17:47 B C:\AAAAA-MonroeCoSite\BertramConf_files\image003.jpg --> users.rootsweb.com /home0023/ohmccogs/public_html/BertramConf_files image003.jpg
2003.04.03 17:47 B C:\AAAAA-MonroeCoSite\BertramConf_files\image004.jpg --> users.rootsweb.com /home0023/ohmccogs/public_html/BertramConf_files image004.jpg
2004.09.15 16:18 B C:\AAAAA-MonroeCoSite\BertramConf_files\filelist.xml --> helloworldblue.net /BertramConf_files filelist.xml
2004.09.15 16:18 B C:\AAAAA-MonroeCoSite\BertramConf_files\image001.jpg --> helloworldblue.net /BertramConf_files image001.jpg
2004.09.15 16:18 B C:\AAAAA-MonroeCoSite\BertramConf_files\image002.jpg --> helloworldblue.net /BertramConf_files image002.jpg
2004.09.15 16:18 B C:\AAAAA-MonroeCoSite\BertramConf_files\image003.jpg --> helloworldblue.net /BertramConf_files image003.jpg
2004.09.15 16:18 B C:\AAAAA-MonroeCoSite\BertramConf_files\image004.jpg --> helloworldblue.net /BertramConf_files image004.jpg
2004.09.15 16:18 B C:\AAAAA-MonroeCoSite\BertramConf_files\WS_FTP.LOG --> helloworldblue.net /BertramConf_files WS_FTP.LOG
2004.09.16 01:17 A C:\AAAAA-MonroeCoSite\BertramConf_files\filelist.xml --> helloworldblue.net /MonroeCoOhPeopleandHistory/BertramConf_files filelist.xml
2004.09.16 01:17 A C:\AAAAA-MonroeCoSite\BertramConf_files\image001.jpg --> helloworldblue.net /MonroeCoOhPeopleandHistory/BertramConf_files image001.jpg
2004.09.16 01:17 A C:\AAAAA-MonroeCoSite\BertramConf_files\image002.jpg --> helloworldblue.net /MonroeCoOhPeopleandHistory/BertramConf_files image002.jpg
2004.09.16 01:17 A C:\AAAAA-MonroeCoSite\BertramConf_files\image003.jpg --> helloworldblue.net /MonroeCoOhPeopleandHistory/BertramConf_files image003.jpg
2004.09.16 01:17 A C:\AAAAA-MonroeCoSite\BertramConf_files\image004.jpg --> helloworldblue.net /MonroeCoOhPeopleandHistory/BertramConf_files image004.jpg
2004.09.16 01:17 A C:\AAAAA-MonroeCoSite\BertramConf_files\WS_FTP.LOG --> helloworldblue.net /MonroeCoOhPeopleandHistory/BertramConf_files WS_FTP.LOG
2004.10.09 23:32 B C:\AAAAA-MonCoHist_Gen\BertramConf_files\filelist.xml --> users.freepages.rootsweb.com /history_html/BertramConf_files filelist.xml
2004.10.09 23:32 B C:\AAAAA-MonCoHist_Gen\BertramConf_files\image001.jpg --> users.freepages.rootsweb.com /history_html/BertramConf_files image001.jpg
2004.10.09 23:32 B C:\AAAAA-MonCoHist_Gen\BertramConf_files\image002.jpg --> users.freepages.rootsweb.com /history_html/BertramConf_files image002.jpg
2004.10.09 23:32 B C:\AAAAA-MonCoHist_Gen\BertramConf_files\image003.jpg --> users.freepages.rootsweb.com /history_html/BertramConf_files image003.jpg
2004.10.09 23:32 B C:\AAAAA-MonCoHist_Gen\BertramConf_files\image004.jpg --> users.freepages.rootsweb.com /history_html/BertramConf_files image004.jpg
