2003.05.22 10:14 B C:\AAAAA-MonroeCoSite\Monroe_County_files\filelist.xml --> users.rootsweb.com /home0023/ohmccogs/public_html/Monroe_County_files filelist.xml
2003.05.22 10:14 B C:\AAAAA-MonroeCoSite\Monroe_County_files\image001.wmz --> users.rootsweb.com /home0023/ohmccogs/public_html/Monroe_County_files image001.wmz
2003.05.22 10:14 B C:\AAAAA-MonroeCoSite\Monroe_County_files\image002.gif --> users.rootsweb.com /home0023/ohmccogs/public_html/Monroe_County_files image002.gif
2003.05.22 10:14 B C:\AAAAA-MonroeCoSite\Monroe_County_files\oledata.mso --> users.rootsweb.com /home0023/ohmccogs/public_html/Monroe_County_files oledata.mso
2003.05.22 12:13 B C:\AAAAA-MonroeCoSite\Monroe_County_files\filelist.xml --> users.rootsweb.com /home0023/ohmccogs/public_html/Monroe_County_files filelist.xml
2003.05.22 12:13 B C:\AAAAA-MonroeCoSite\Monroe_County_files\image001.wmz --> users.rootsweb.com /home0023/ohmccogs/public_html/Monroe_County_files image001.wmz
2003.05.22 12:13 B C:\AAAAA-MonroeCoSite\Monroe_County_files\image002.gif --> users.rootsweb.com /home0023/ohmccogs/public_html/Monroe_County_files image002.gif
2003.05.22 12:13 B C:\AAAAA-MonroeCoSite\Monroe_County_files\oledata.mso --> users.rootsweb.com /home0023/ohmccogs/public_html/Monroe_County_files oledata.mso
2003.05.22 12:13 B C:\AAAAA-MonroeCoSite\Monroe_County_files\WS_FTP.LOG --> users.rootsweb.com /home0023/ohmccogs/public_html/Monroe_County_files WS_FTP.LOG
2004.09.15 17:19 B C:\AAAAA-MonroeCoSite\Monroe_County_files\filelist.xml --> helloworldblue.net /Monroe_County_files filelist.xml
2004.09.15 17:19 B C:\AAAAA-MonroeCoSite\Monroe_County_files\image001.wmz --> helloworldblue.net /Monroe_County_files image001.wmz
2004.09.15 17:20 B C:\AAAAA-MonroeCoSite\Monroe_County_files\image002.gif --> helloworldblue.net /Monroe_County_files image002.gif
2004.09.15 17:20 B C:\AAAAA-MonroeCoSite\Monroe_County_files\oledata.mso --> helloworldblue.net /Monroe_County_files oledata.mso
2004.09.15 17:20 B C:\AAAAA-MonroeCoSite\Monroe_County_files\WS_FTP.LOG --> helloworldblue.net /Monroe_County_files WS_FTP.LOG
2004.09.16 01:53 A C:\AAAAA-MonroeCoSite\Monroe_County_files\filelist.xml --> helloworldblue.net /MonroeCoOhPeopleandHistory/Monroe_County_files filelist.xml
2004.09.16 01:53 A C:\AAAAA-MonroeCoSite\Monroe_County_files\image001.wmz --> helloworldblue.net /MonroeCoOhPeopleandHistory/Monroe_County_files image001.wmz
2004.09.16 01:53 A C:\AAAAA-MonroeCoSite\Monroe_County_files\image002.gif --> helloworldblue.net /MonroeCoOhPeopleandHistory/Monroe_County_files image002.gif
2004.09.16 01:53 A C:\AAAAA-MonroeCoSite\Monroe_County_files\oledata.mso --> helloworldblue.net /MonroeCoOhPeopleandHistory/Monroe_County_files oledata.mso
2004.09.16 01:53 A C:\AAAAA-MonroeCoSite\Monroe_County_files\WS_FTP.LOG --> helloworldblue.net /MonroeCoOhPeopleandHistory/Monroe_County_files WS_FTP.LOG
2004.10.10 00:43 B C:\AAAAA-MonCoHist_Gen\Monroe_County_files\filelist.xml --> users.freepages.rootsweb.com /history_html/Monroe_County_files filelist.xml
2004.10.10 00:43 B C:\AAAAA-MonCoHist_Gen\Monroe_County_files\image001.wmz --> users.freepages.rootsweb.com /history_html/Monroe_County_files image001.wmz
2004.10.10 00:43 B C:\AAAAA-MonCoHist_Gen\Monroe_County_files\image002.gif --> users.freepages.rootsweb.com /history_html/Monroe_County_files image002.gif
2004.10.10 00:43 B C:\AAAAA-MonCoHist_Gen\Monroe_County_files\oledata.mso --> users.freepages.rootsweb.com /history_html/Monroe_County_files oledata.mso
2004.10.10 00:43 B C:\AAAAA-MonCoHist_Gen\Monroe_County_files\WS_FTP.LOG --> users.freepages.rootsweb.com /history_html/Monroe_County_files WS_FTP.LOG
2004.11.02 21:34 B C:\AAAAA-MonCoHist_Gen\Monroe_County_files\filelist.xml --> users.freepages.rootsweb.com /history_html/Monroe_County_files filelist.xml
2004.11.02 21:34 B C:\AAAAA-MonCoHist_Gen\Monroe_County_files\image001.jpg --> users.freepages.rootsweb.com /history_html/Monroe_County_files image001.jpg
2004.11.02 21:34 B C:\AAAAA-MonCoHist_Gen\Monroe_County_files\image002.wmz --> users.freepages.rootsweb.com /history_html/Monroe_County_files image002.wmz
2004.11.02 21:34 B C:\AAAAA-MonCoHist_Gen\Monroe_County_files\image003.gif --> users.freepages.rootsweb.com /history_html/Monroe_County_files image003.gif
2004.11.02 21:34 B C:\AAAAA-MonCoHist_Gen\Monroe_County_files\oledata.mso --> users.freepages.rootsweb.com /history_html/Monroe_County_files oledata.mso
