2003.03.19 22:12 B C:\AAAAA-MonroeCoSite\OldNewsLtrs\1993\1833-docOK.doc --> helloworldblue.net /web/MCCofOGS/OldNewsLtrs/1993 1833-docOK.doc
2003.03.19 22:12 B C:\AAAAA-MonroeCoSite\OldNewsLtrs\1993\1833.DOC --> helloworldblue.net /web/MCCofOGS/OldNewsLtrs/1993 1833.DOC
2003.03.19 22:12 B C:\AAAAA-MonroeCoSite\OldNewsLtrs\1993\ALLOVER.DOC --> helloworldblue.net /web/MCCofOGS/OldNewsLtrs/1993 ALLOVER.DOC
2003.03.19 22:12 B C:\AAAAA-MonroeCoSite\OldNewsLtrs\1993\BIRTH --> helloworldblue.net /web/MCCofOGS/OldNewsLtrs/1993 BIRTH
2003.03.19 22:12 B C:\AAAAA-MonroeCoSite\OldNewsLtrs\1993\birthsOK.doc --> helloworldblue.net /web/MCCofOGS/OldNewsLtrs/1993 birthsOK.doc
2003.03.19 22:12 B C:\AAAAA-MonroeCoSite\OldNewsLtrs\1993\BOOK.DOC --> helloworldblue.net /web/MCCofOGS/OldNewsLtrs/1993 BOOK.DOC
2003.03.19 22:12 B C:\AAAAA-MonroeCoSite\OldNewsLtrs\1993\CEM --> helloworldblue.net /web/MCCofOGS/OldNewsLtrs/1993 CEM
2003.03.19 22:12 B C:\AAAAA-MonroeCoSite\OldNewsLtrs\1993\CemSardisOK.doc --> helloworldblue.net /web/MCCofOGS/OldNewsLtrs/1993 CemSardisOK.doc
2003.03.19 22:12 B C:\AAAAA-MonroeCoSite\OldNewsLtrs\1993\CIVILWAR --> helloworldblue.net /web/MCCofOGS/OldNewsLtrs/1993 CIVILWAR
2003.03.19 22:12 B C:\AAAAA-MonroeCoSite\OldNewsLtrs\1993\COX.DOC --> helloworldblue.net /web/MCCofOGS/OldNewsLtrs/1993 COX.DOC
2003.03.19 22:12 B C:\AAAAA-MonroeCoSite\OldNewsLtrs\1993\DEC93.DOC --> helloworldblue.net /web/MCCofOGS/OldNewsLtrs/1993 DEC93.DOC
2003.03.19 22:12 B C:\AAAAA-MonroeCoSite\OldNewsLtrs\1993\DEED --> helloworldblue.net /web/MCCofOGS/OldNewsLtrs/1993 DEED
2003.03.19 22:12 B C:\AAAAA-MonroeCoSite\OldNewsLtrs\1993\DUNN.TUB --> helloworldblue.net /web/MCCofOGS/OldNewsLtrs/1993 DUNN.TUB
2003.03.19 22:12 B C:\AAAAA-MonroeCoSite\OldNewsLtrs\1993\ENOCHS.DOC --> helloworldblue.net /web/MCCofOGS/OldNewsLtrs/1993 ENOCHS.DOC
2003.03.19 22:12 B C:\AAAAA-MonroeCoSite\OldNewsLtrs\1993\ENVELOPE.DOC --> helloworldblue.net /web/MCCofOGS/OldNewsLtrs/1993 ENVELOPE.DOC
2003.03.19 22:12 B C:\AAAAA-MonroeCoSite\OldNewsLtrs\1993\FIRST.DOC --> helloworldblue.net /web/MCCofOGS/OldNewsLtrs/1993 FIRST.DOC
2003.03.19 22:12 B C:\AAAAA-MonroeCoSite\OldNewsLtrs\1993\FORSALE.DOC --> helloworldblue.net /web/MCCofOGS/OldNewsLtrs/1993 FORSALE.DOC
2003.03.19 22:12 B C:\AAAAA-MonroeCoSite\OldNewsLtrs\1993\FRONT.DOC --> helloworldblue.net /web/MCCofOGS/OldNewsLtrs/1993 FRONT.DOC
2003.03.19 22:12 B C:\AAAAA-MonroeCoSite\OldNewsLtrs\1993\INDEX.DOC --> helloworldblue.net /web/MCCofOGS/OldNewsLtrs/1993 INDEX.DOC
2003.03.19 22:12 B C:\AAAAA-MonroeCoSite\OldNewsLtrs\1993\JUNBIRTH --> helloworldblue.net /web/MCCofOGS/OldNewsLtrs/1993 JUNBIRTH
2003.03.19 22:12 B C:\AAAAA-MonroeCoSite\OldNewsLtrs\1993\KNIGHT --> helloworldblue.net /web/MCCofOGS/OldNewsLtrs/1993 KNIGHT
2003.03.19 22:12 B C:\AAAAA-MonroeCoSite\OldNewsLtrs\1993\MARTIN --> helloworldblue.net /web/MCCofOGS/OldNewsLtrs/1993 MARTIN
2003.03.19 22:12 B C:\AAAAA-MonroeCoSite\OldNewsLtrs\1993\MCELDOWN.DOC --> helloworldblue.net /web/MCCofOGS/OldNewsLtrs/1993 MCELDOWN.DOC
2003.03.19 22:12 B C:\AAAAA-MonroeCoSite\OldNewsLtrs\1993\MERRINER --> helloworldblue.net /web/MCCofOGS/OldNewsLtrs/1993 MERRINER
2003.03.19 22:12 B C:\AAAAA-MonroeCoSite\OldNewsLtrs\1993\MYERS --> helloworldblue.net /web/MCCofOGS/OldNewsLtrs/1993 MYERS
2003.03.19 22:12 B C:\AAAAA-MonroeCoSite\OldNewsLtrs\1993\NATURAL.DOC --> helloworldblue.net /web/MCCofOGS/OldNewsLtrs/1993 NATURAL.DOC
2003.03.19 22:12 B C:\AAAAA-MonroeCoSite\OldNewsLtrs\1993\NEWS.DOC --> helloworldblue.net /web/MCCofOGS/OldNewsLtrs/1993 NEWS.DOC
2003.03.19 22:12 B C:\AAAAA-MonroeCoSite\OldNewsLtrs\1993\NOTES.DOC --> helloworldblue.net /web/MCCofOGS/OldNewsLtrs/1993 NOTES.DOC
2003.03.19 22:12 B C:\AAAAA-MonroeCoSite\OldNewsLtrs\1993\PATTON --> helloworldblue.net /web/MCCofOGS/OldNewsLtrs/1993 PATTON
2003.03.19 22:12 B C:\AAAAA-MonroeCoSite\OldNewsLtrs\1993\PFS.DIR --> helloworldblue.net /web/MCCofOGS/OldNewsLtrs/1993 PFS.DIR
2003.03.19 22:12 B C:\AAAAA-MonroeCoSite\OldNewsLtrs\1993\PUB.DOC --> helloworldblue.net /web/MCCofOGS/OldNewsLtrs/1993 PUB.DOC
2003.03.19 22:12 B C:\AAAAA-MonroeCoSite\OldNewsLtrs\1993\QUERY --> helloworldblue.net /web/MCCofOGS/OldNewsLtrs/1993 QUERY
2003.03.19 22:12 B C:\AAAAA-MonroeCoSite\OldNewsLtrs\1993\REJ --> helloworldblue.net /web/MCCofOGS/OldNewsLtrs/1993 REJ
2003.03.19 22:12 B C:\AAAAA-MonroeCoSite\OldNewsLtrs\1993\RESULTS.DOC --> helloworldblue.net /web/MCCofOGS/OldNewsLtrs/1993 RESULTS.DOC
2003.03.19 22:12 B C:\AAAAA-MonroeCoSite\OldNewsLtrs\1993\SARDIS --> helloworldblue.net /web/MCCofOGS/OldNewsLtrs/1993 SARDIS
2003.03.19 22:12 B C:\AAAAA-MonroeCoSite\OldNewsLtrs\1993\SEP.ABS --> helloworldblue.net /web/MCCofOGS/OldNewsLtrs/1993 SEP.ABS
2003.03.19 22:12 B C:\AAAAA-MonroeCoSite\OldNewsLtrs\1993\SEPCONTE --> helloworldblue.net /web/MCCofOGS/OldNewsLtrs/1993 SEPCONTE
2003.03.19 22:12 B C:\AAAAA-MonroeCoSite\OldNewsLtrs\1993\SEPPG1.DOC --> helloworldblue.net /web/MCCofOGS/OldNewsLtrs/1993 SEPPG1.DOC
2003.03.19 22:12 B C:\AAAAA-MonroeCoSite\OldNewsLtrs\1993\SEPTNOTE --> helloworldblue.net /web/MCCofOGS/OldNewsLtrs/1993 SEPTNOTE
2003.03.19 22:12 B C:\AAAAA-MonroeCoSite\OldNewsLtrs\1993\SLOAN.DOC --> helloworldblue.net /web/MCCofOGS/OldNewsLtrs/1993 SLOAN.DOC
2003.03.19 22:12 B C:\AAAAA-MonroeCoSite\OldNewsLtrs\1993\SOLDIERB --> helloworldblue.net /web/MCCofOGS/OldNewsLtrs/1993 SOLDIERB
2003.03.19 22:12 B C:\AAAAA-MonroeCoSite\OldNewsLtrs\1993\STOCK.DOC --> helloworldblue.net /web/MCCofOGS/OldNewsLtrs/1993 STOCK.DOC
2003.03.19 22:12 B C:\AAAAA-MonroeCoSite\OldNewsLtrs\1993\SURNAMES --> helloworldblue.net /web/MCCofOGS/OldNewsLtrs/1993 SURNAMES
2003.03.19 22:12 B C:\AAAAA-MonroeCoSite\OldNewsLtrs\1993\SURVEY.DOC --> helloworldblue.net /web/MCCofOGS/OldNewsLtrs/1993 SURVEY.DOC
2003.03.19 22:12 B C:\AAAAA-MonroeCoSite\OldNewsLtrs\1993\UGRR --> helloworldblue.net /web/MCCofOGS/OldNewsLtrs/1993 UGRR
2003.03.19 22:12 B C:\AAAAA-MonroeCoSite\OldNewsLtrs\1993\WETZEL.DOC --> helloworldblue.net /web/MCCofOGS/OldNewsLtrs/1993 WETZEL.DOC
2003.03.19 22:12 B C:\AAAAA-MonroeCoSite\OldNewsLtrs\1993\WETZMARR --> helloworldblue.net /web/MCCofOGS/OldNewsLtrs/1993 WETZMARR
2004.09.15 14:47 B C:\AAAAA-MonroeCoSite\OldNewsLtrs\1993\1833-docOK.doc --> helloworldblue.net /MonroeCoOhPeopleandHistory/OldNewsLtrs/1993 1833-docOK.doc
2004.09.15 14:47 B C:\AAAAA-MonroeCoSite\OldNewsLtrs\1993\1833.DOC --> helloworldblue.net /MonroeCoOhPeopleandHistory/OldNewsLtrs/1993 1833.DOC
2004.09.15 14:47 B C:\AAAAA-MonroeCoSite\OldNewsLtrs\1993\ALLOVER.DOC --> helloworldblue.net /MonroeCoOhPeopleandHistory/OldNewsLtrs/1993 ALLOVER.DOC
2004.09.15 14:47 B C:\AAAAA-MonroeCoSite\OldNewsLtrs\1993\BIRTH --> helloworldblue.net /MonroeCoOhPeopleandHistory/OldNewsLtrs/1993 BIRTH
2004.09.15 14:47 B C:\AAAAA-MonroeCoSite\OldNewsLtrs\1993\birthsOK.doc --> helloworldblue.net /MonroeCoOhPeopleandHistory/OldNewsLtrs/1993 birthsOK.doc
2004.09.15 14:47 B C:\AAAAA-MonroeCoSite\OldNewsLtrs\1993\BOOK.DOC --> helloworldblue.net /MonroeCoOhPeopleandHistory/OldNewsLtrs/1993 BOOK.DOC
2004.09.15 14:47 B C:\AAAAA-MonroeCoSite\OldNewsLtrs\1993\CEM --> helloworldblue.net /MonroeCoOhPeopleandHistory/OldNewsLtrs/1993 CEM
2004.09.15 14:47 B C:\AAAAA-MonroeCoSite\OldNewsLtrs\1993\CemSardisOK.doc --> helloworldblue.net /MonroeCoOhPeopleandHistory/OldNewsLtrs/1993 CemSardisOK.doc
2004.09.15 14:47 B C:\AAAAA-MonroeCoSite\OldNewsLtrs\1993\CIVILWAR --> helloworldblue.net /MonroeCoOhPeopleandHistory/OldNewsLtrs/1993 CIVILWAR
2004.09.15 14:47 B C:\AAAAA-MonroeCoSite\OldNewsLtrs\1993\COX.DOC --> helloworldblue.net /MonroeCoOhPeopleandHistory/OldNewsLtrs/1993 COX.DOC
2004.09.15 14:47 B C:\AAAAA-MonroeCoSite\OldNewsLtrs\1993\DEC93.DOC --> helloworldblue.net /MonroeCoOhPeopleandHistory/OldNewsLtrs/1993 DEC93.DOC
2004.09.15 14:47 B C:\AAAAA-MonroeCoSite\OldNewsLtrs\1993\DEED --> helloworldblue.net /MonroeCoOhPeopleandHistory/OldNewsLtrs/1993 DEED
2004.09.15 14:47 B C:\AAAAA-MonroeCoSite\OldNewsLtrs\1993\DUNN.TUB --> helloworldblue.net /MonroeCoOhPeopleandHistory/OldNewsLtrs/1993 DUNN.TUB
2004.09.15 14:47 B C:\AAAAA-MonroeCoSite\OldNewsLtrs\1993\ENOCHS.DOC --> helloworldblue.net /MonroeCoOhPeopleandHistory/OldNewsLtrs/1993 ENOCHS.DOC
2004.09.15 14:47 B C:\AAAAA-MonroeCoSite\OldNewsLtrs\1993\ENVELOPE.DOC --> helloworldblue.net /MonroeCoOhPeopleandHistory/OldNewsLtrs/1993 ENVELOPE.DOC
2004.09.15 14:47 B C:\AAAAA-MonroeCoSite\OldNewsLtrs\1993\FIRST.DOC --> helloworldblue.net /MonroeCoOhPeopleandHistory/OldNewsLtrs/1993 FIRST.DOC
2004.09.15 14:47 B C:\AAAAA-MonroeCoSite\OldNewsLtrs\1993\FORSALE.DOC --> helloworldblue.net /MonroeCoOhPeopleandHistory/OldNewsLtrs/1993 FORSALE.DOC
2004.09.15 14:47 B C:\AAAAA-MonroeCoSite\OldNewsLtrs\1993\FRONT.DOC --> helloworldblue.net /MonroeCoOhPeopleandHistory/OldNewsLtrs/1993 FRONT.DOC
2004.09.15 14:48 B C:\AAAAA-MonroeCoSite\OldNewsLtrs\1993\INDEX.DOC --> helloworldblue.net /MonroeCoOhPeopleandHistory/OldNewsLtrs/1993 INDEX.DOC
2004.09.15 14:48 B C:\AAAAA-MonroeCoSite\OldNewsLtrs\1993\JUNBIRTH --> helloworldblue.net /MonroeCoOhPeopleandHistory/OldNewsLtrs/1993 JUNBIRTH
2004.09.15 14:48 B C:\AAAAA-MonroeCoSite\OldNewsLtrs\1993\KNIGHT --> helloworldblue.net /MonroeCoOhPeopleandHistory/OldNewsLtrs/1993 KNIGHT
2004.09.15 14:48 B C:\AAAAA-MonroeCoSite\OldNewsLtrs\1993\MARTIN --> helloworldblue.net /MonroeCoOhPeopleandHistory/OldNewsLtrs/1993 MARTIN
2004.09.15 14:48 B C:\AAAAA-MonroeCoSite\OldNewsLtrs\1993\MCELDOWN.DOC --> helloworldblue.net /MonroeCoOhPeopleandHistory/OldNewsLtrs/1993 MCELDOWN.DOC
2004.09.15 14:48 B C:\AAAAA-MonroeCoSite\OldNewsLtrs\1993\MERRINER --> helloworldblue.net /MonroeCoOhPeopleandHistory/OldNewsLtrs/1993 MERRINER
2004.09.15 14:48 B C:\AAAAA-MonroeCoSite\OldNewsLtrs\1993\MYERS --> helloworldblue.net /MonroeCoOhPeopleandHistory/OldNewsLtrs/1993 MYERS
2004.09.15 14:48 B C:\AAAAA-MonroeCoSite\OldNewsLtrs\1993\NATURAL.DOC --> helloworldblue.net /MonroeCoOhPeopleandHistory/OldNewsLtrs/1993 NATURAL.DOC
2004.09.15 14:48 B C:\AAAAA-MonroeCoSite\OldNewsLtrs\1993\NEWS.DOC --> helloworldblue.net /MonroeCoOhPeopleandHistory/OldNewsLtrs/1993 NEWS.DOC
2004.09.15 14:48 B C:\AAAAA-MonroeCoSite\OldNewsLtrs\1993\NOTES.DOC --> helloworldblue.net /MonroeCoOhPeopleandHistory/OldNewsLtrs/1993 NOTES.DOC
2004.09.15 14:48 B C:\AAAAA-MonroeCoSite\OldNewsLtrs\1993\PATTON --> helloworldblue.net /MonroeCoOhPeopleandHistory/OldNewsLtrs/1993 PATTON
2004.09.15 14:48 B C:\AAAAA-MonroeCoSite\OldNewsLtrs\1993\PFS.DIR --> helloworldblue.net /MonroeCoOhPeopleandHistory/OldNewsLtrs/1993 PFS.DIR
2004.09.15 14:48 B C:\AAAAA-MonroeCoSite\OldNewsLtrs\1993\PUB.DOC --> helloworldblue.net /MonroeCoOhPeopleandHistory/OldNewsLtrs/1993 PUB.DOC
2004.09.15 14:48 B C:\AAAAA-MonroeCoSite\OldNewsLtrs\1993\QUERY --> helloworldblue.net /MonroeCoOhPeopleandHistory/OldNewsLtrs/1993 QUERY
2004.09.15 14:48 B C:\AAAAA-MonroeCoSite\OldNewsLtrs\1993\REJ --> helloworldblue.net /MonroeCoOhPeopleandHistory/OldNewsLtrs/1993 REJ
2004.09.15 14:48 B C:\AAAAA-MonroeCoSite\OldNewsLtrs\1993\RESULTS.DOC --> helloworldblue.net /MonroeCoOhPeopleandHistory/OldNewsLtrs/1993 RESULTS.DOC
2004.09.15 14:48 B C:\AAAAA-MonroeCoSite\OldNewsLtrs\1993\SARDIS --> helloworldblue.net /MonroeCoOhPeopleandHistory/OldNewsLtrs/1993 SARDIS
2004.09.15 14:48 B C:\AAAAA-MonroeCoSite\OldNewsLtrs\1993\SEP.ABS --> helloworldblue.net /MonroeCoOhPeopleandHistory/OldNewsLtrs/1993 SEP.ABS
2004.09.15 14:48 B C:\AAAAA-MonroeCoSite\OldNewsLtrs\1993\SEPCONTE --> helloworldblue.net /MonroeCoOhPeopleandHistory/OldNewsLtrs/1993 SEPCONTE
2004.09.15 14:48 B C:\AAAAA-MonroeCoSite\OldNewsLtrs\1993\SEPPG1.DOC --> helloworldblue.net /MonroeCoOhPeopleandHistory/OldNewsLtrs/1993 SEPPG1.DOC
2004.09.15 14:48 B C:\AAAAA-MonroeCoSite\OldNewsLtrs\1993\SEPTNOTE --> helloworldblue.net /MonroeCoOhPeopleandHistory/OldNewsLtrs/1993 SEPTNOTE
2004.09.15 14:48 B C:\AAAAA-MonroeCoSite\OldNewsLtrs\1993\SLOAN.DOC --> helloworldblue.net /MonroeCoOhPeopleandHistory/OldNewsLtrs/1993 SLOAN.DOC
2004.09.15 14:48 B C:\AAAAA-MonroeCoSite\OldNewsLtrs\1993\SOLDIERB --> helloworldblue.net /MonroeCoOhPeopleandHistory/OldNewsLtrs/1993 SOLDIERB
2004.09.15 14:48 B C:\AAAAA-MonroeCoSite\OldNewsLtrs\1993\STOCK.DOC --> helloworldblue.net /MonroeCoOhPeopleandHistory/OldNewsLtrs/1993 STOCK.DOC
2004.09.15 14:48 B C:\AAAAA-MonroeCoSite\OldNewsLtrs\1993\SURNAMES --> helloworldblue.net /MonroeCoOhPeopleandHistory/OldNewsLtrs/1993 SURNAMES
2004.09.15 14:48 B C:\AAAAA-MonroeCoSite\OldNewsLtrs\1993\SURVEY.DOC --> helloworldblue.net /MonroeCoOhPeopleandHistory/OldNewsLtrs/1993 SURVEY.DOC
2004.09.15 14:48 B C:\AAAAA-MonroeCoSite\OldNewsLtrs\1993\UGRR --> helloworldblue.net /MonroeCoOhPeopleandHistory/OldNewsLtrs/1993 UGRR
2004.09.15 14:48 B C:\AAAAA-MonroeCoSite\OldNewsLtrs\1993\WETZEL.DOC --> helloworldblue.net /MonroeCoOhPeopleandHistory/OldNewsLtrs/1993 WETZEL.DOC
2004.09.15 14:48 B C:\AAAAA-MonroeCoSite\OldNewsLtrs\1993\WETZMARR --> helloworldblue.net /MonroeCoOhPeopleandHistory/OldNewsLtrs/1993 WETZMARR
2004.09.15 14:48 B C:\AAAAA-MonroeCoSite\OldNewsLtrs\1993\WS_FTP.LOG --> helloworldblue.net /MonroeCoOhPeopleandHistory/OldNewsLtrs/1993 WS_FTP.LOG
2004.10.10 00:51 B C:\AAAAA-MonCoHist_Gen\OldNewsLtrs\1993\1833-docOK.doc --> users.freepages.rootsweb.com /history_html/OldNewsLtrs/1993 1833-docOK.doc
2004.10.10 00:51 B C:\AAAAA-MonCoHist_Gen\OldNewsLtrs\1993\1833.DOC --> users.freepages.rootsweb.com /history_html/OldNewsLtrs/1993 1833.DOC
2004.10.10 00:51 B C:\AAAAA-MonCoHist_Gen\OldNewsLtrs\1993\ALLOVER.DOC --> users.freepages.rootsweb.com /history_html/OldNewsLtrs/1993 ALLOVER.DOC
2004.10.10 00:51 B C:\AAAAA-MonCoHist_Gen\OldNewsLtrs\1993\BIRTH --> users.freepages.rootsweb.com /history_html/OldNewsLtrs/1993 BIRTH
2004.10.10 00:51 B C:\AAAAA-MonCoHist_Gen\OldNewsLtrs\1993\birthsOK.doc --> users.freepages.rootsweb.com /history_html/OldNewsLtrs/1993 birthsOK.doc
2004.10.10 00:51 B C:\AAAAA-MonCoHist_Gen\OldNewsLtrs\1993\BOOK.DOC --> users.freepages.rootsweb.com /history_html/OldNewsLtrs/1993 BOOK.DOC
2004.10.10 00:51 B C:\AAAAA-MonCoHist_Gen\OldNewsLtrs\1993\CEM --> users.freepages.rootsweb.com /history_html/OldNewsLtrs/1993 CEM
2004.10.10 00:51 B C:\AAAAA-MonCoHist_Gen\OldNewsLtrs\1993\CemSardisOK.doc --> users.freepages.rootsweb.com /history_html/OldNewsLtrs/1993 CemSardisOK.doc
2004.10.10 00:51 B C:\AAAAA-MonCoHist_Gen\OldNewsLtrs\1993\CIVILWAR --> users.freepages.rootsweb.com /history_html/OldNewsLtrs/1993 CIVILWAR
2004.10.10 00:51 B C:\AAAAA-MonCoHist_Gen\OldNewsLtrs\1993\COX.DOC --> users.freepages.rootsweb.com /history_html/OldNewsLtrs/1993 COX.DOC
2004.10.10 00:51 B C:\AAAAA-MonCoHist_Gen\OldNewsLtrs\1993\DEC93.DOC --> users.freepages.rootsweb.com /history_html/OldNewsLtrs/1993 DEC93.DOC
2004.10.10 00:51 B C:\AAAAA-MonCoHist_Gen\OldNewsLtrs\1993\DEED --> users.freepages.rootsweb.com /history_html/OldNewsLtrs/1993 DEED
2004.10.10 00:51 B C:\AAAAA-MonCoHist_Gen\OldNewsLtrs\1993\DUNN.TUB --> users.freepages.rootsweb.com /history_html/OldNewsLtrs/1993 DUNN.TUB
2004.10.10 00:51 B C:\AAAAA-MonCoHist_Gen\OldNewsLtrs\1993\ENOCHS.DOC --> users.freepages.rootsweb.com /history_html/OldNewsLtrs/1993 ENOCHS.DOC
2004.10.10 00:51 B C:\AAAAA-MonCoHist_Gen\OldNewsLtrs\1993\ENVELOPE.DOC --> users.freepages.rootsweb.com /history_html/OldNewsLtrs/1993 ENVELOPE.DOC
2004.10.10 00:51 B C:\AAAAA-MonCoHist_Gen\OldNewsLtrs\1993\FIRST.DOC --> users.freepages.rootsweb.com /history_html/OldNewsLtrs/1993 FIRST.DOC
2004.10.10 00:51 B C:\AAAAA-MonCoHist_Gen\OldNewsLtrs\1993\FORSALE.DOC --> users.freepages.rootsweb.com /history_html/OldNewsLtrs/1993 FORSALE.DOC
2004.10.10 00:51 B C:\AAAAA-MonCoHist_Gen\OldNewsLtrs\1993\FRONT.DOC --> users.freepages.rootsweb.com /history_html/OldNewsLtrs/1993 FRONT.DOC
2004.10.10 00:51 B C:\AAAAA-MonCoHist_Gen\OldNewsLtrs\1993\INDEX.DOC --> users.freepages.rootsweb.com /history_html/OldNewsLtrs/1993 INDEX.DOC
2004.10.10 00:51 B C:\AAAAA-MonCoHist_Gen\OldNewsLtrs\1993\JUNBIRTH --> users.freepages.rootsweb.com /history_html/OldNewsLtrs/1993 JUNBIRTH
2004.10.10 00:51 B C:\AAAAA-MonCoHist_Gen\OldNewsLtrs\1993\KNIGHT --> users.freepages.rootsweb.com /history_html/OldNewsLtrs/1993 KNIGHT
2004.10.10 00:51 B C:\AAAAA-MonCoHist_Gen\OldNewsLtrs\1993\MARTIN --> users.freepages.rootsweb.com /history_html/OldNewsLtrs/1993 MARTIN
2004.10.10 00:51 B C:\AAAAA-MonCoHist_Gen\OldNewsLtrs\1993\MCELDOWN.DOC --> users.freepages.rootsweb.com /history_html/OldNewsLtrs/1993 MCELDOWN.DOC
2004.10.10 00:51 B C:\AAAAA-MonCoHist_Gen\OldNewsLtrs\1993\MERRINER --> users.freepages.rootsweb.com /history_html/OldNewsLtrs/1993 MERRINER
2004.10.10 00:51 B C:\AAAAA-MonCoHist_Gen\OldNewsLtrs\1993\MYERS --> users.freepages.rootsweb.com /history_html/OldNewsLtrs/1993 MYERS
2004.10.10 00:51 B C:\AAAAA-MonCoHist_Gen\OldNewsLtrs\1993\NATURAL.DOC --> users.freepages.rootsweb.com /history_html/OldNewsLtrs/1993 NATURAL.DOC
2004.10.10 00:51 B C:\AAAAA-MonCoHist_Gen\OldNewsLtrs\1993\NEWS.DOC --> users.freepages.rootsweb.com /history_html/OldNewsLtrs/1993 NEWS.DOC
2004.10.10 00:51 B C:\AAAAA-MonCoHist_Gen\OldNewsLtrs\1993\NOTES.DOC --> users.freepages.rootsweb.com /history_html/OldNewsLtrs/1993 NOTES.DOC
2004.10.10 00:51 B C:\AAAAA-MonCoHist_Gen\OldNewsLtrs\1993\PATTON --> users.freepages.rootsweb.com /history_html/OldNewsLtrs/1993 PATTON
2004.10.10 00:51 B C:\AAAAA-MonCoHist_Gen\OldNewsLtrs\1993\PFS.DIR --> users.freepages.rootsweb.com /history_html/OldNewsLtrs/1993 PFS.DIR
2004.10.10 00:51 B C:\AAAAA-MonCoHist_Gen\OldNewsLtrs\1993\PUB.DOC --> users.freepages.rootsweb.com /history_html/OldNewsLtrs/1993 PUB.DOC
2004.10.10 00:51 B C:\AAAAA-MonCoHist_Gen\OldNewsLtrs\1993\QUERY --> users.freepages.rootsweb.com /history_html/OldNewsLtrs/1993 QUERY
2004.10.10 00:51 B C:\AAAAA-MonCoHist_Gen\OldNewsLtrs\1993\REJ --> users.freepages.rootsweb.com /history_html/OldNewsLtrs/1993 REJ
2004.10.10 00:51 B C:\AAAAA-MonCoHist_Gen\OldNewsLtrs\1993\RESULTS.DOC --> users.freepages.rootsweb.com /history_html/OldNewsLtrs/1993 RESULTS.DOC
2004.10.10 00:51 B C:\AAAAA-MonCoHist_Gen\OldNewsLtrs\1993\SARDIS --> users.freepages.rootsweb.com /history_html/OldNewsLtrs/1993 SARDIS
2004.10.10 00:51 B C:\AAAAA-MonCoHist_Gen\OldNewsLtrs\1993\SEP.ABS --> users.freepages.rootsweb.com /history_html/OldNewsLtrs/1993 SEP.ABS
2004.10.10 00:51 B C:\AAAAA-MonCoHist_Gen\OldNewsLtrs\1993\SEPCONTE --> users.freepages.rootsweb.com /history_html/OldNewsLtrs/1993 SEPCONTE
2004.10.10 00:51 B C:\AAAAA-MonCoHist_Gen\OldNewsLtrs\1993\SEPPG1.DOC --> users.freepages.rootsweb.com /history_html/OldNewsLtrs/1993 SEPPG1.DOC
2004.10.10 00:51 B C:\AAAAA-MonCoHist_Gen\OldNewsLtrs\1993\SEPTNOTE --> users.freepages.rootsweb.com /history_html/OldNewsLtrs/1993 SEPTNOTE
2004.10.10 00:51 B C:\AAAAA-MonCoHist_Gen\OldNewsLtrs\1993\SLOAN.DOC --> users.freepages.rootsweb.com /history_html/OldNewsLtrs/1993 SLOAN.DOC
2004.10.10 00:51 B C:\AAAAA-MonCoHist_Gen\OldNewsLtrs\1993\SOLDIERB --> users.freepages.rootsweb.com /history_html/OldNewsLtrs/1993 SOLDIERB
2004.10.10 00:51 B C:\AAAAA-MonCoHist_Gen\OldNewsLtrs\1993\STOCK.DOC --> users.freepages.rootsweb.com /history_html/OldNewsLtrs/1993 STOCK.DOC
2004.10.10 00:51 B C:\AAAAA-MonCoHist_Gen\OldNewsLtrs\1993\SURNAMES --> users.freepages.rootsweb.com /history_html/OldNewsLtrs/1993 SURNAMES
2004.10.10 00:51 B C:\AAAAA-MonCoHist_Gen\OldNewsLtrs\1993\SURVEY.DOC --> users.freepages.rootsweb.com /history_html/OldNewsLtrs/1993 SURVEY.DOC
2004.10.10 00:51 B C:\AAAAA-MonCoHist_Gen\OldNewsLtrs\1993\UGRR --> users.freepages.rootsweb.com /history_html/OldNewsLtrs/1993 UGRR
2004.10.10 00:51 B C:\AAAAA-MonCoHist_Gen\OldNewsLtrs\1993\WETZEL.DOC --> users.freepages.rootsweb.com /history_html/OldNewsLtrs/1993 WETZEL.DOC
2004.10.10 00:51 B C:\AAAAA-MonCoHist_Gen\OldNewsLtrs\1993\WETZMARR --> users.freepages.rootsweb.com /history_html/OldNewsLtrs/1993 WETZMARR
