2003.03.14 17:08 B C:\AAAAA-MonroeCoSite\BandO_RRBr1_files\filelist.xml --> users.rootsweb.com /home0023/ohmccogs/public_html/BandO_RRBr1_files filelist.xml
2003.03.14 17:08 B C:\AAAAA-MonroeCoSite\BandO_RRBr1_files\image001.gif --> users.rootsweb.com /home0023/ohmccogs/public_html/BandO_RRBr1_files image001.gif
2003.03.14 17:08 B C:\AAAAA-MonroeCoSite\BandO_RRBr1_files\image001.jpg --> users.rootsweb.com /home0023/ohmccogs/public_html/BandO_RRBr1_files image001.jpg
2003.03.14 17:08 B C:\AAAAA-MonroeCoSite\BandO_RRBr1_files\image002.gif --> users.rootsweb.com /home0023/ohmccogs/public_html/BandO_RRBr1_files image002.gif
2003.03.14 17:08 B C:\AAAAA-MonroeCoSite\BandO_RRBr1_files\image002.jpg --> users.rootsweb.com /home0023/ohmccogs/public_html/BandO_RRBr1_files image002.jpg
2003.03.19 21:33 B C:\AAAAA-MonroeCoSite\BandO_RRBr1_files\filelist.xml --> helloworldblue.net /web/MCCofOGS/BandO_RRBr1_files filelist.xml
2003.03.19 21:33 B C:\AAAAA-MonroeCoSite\BandO_RRBr1_files\image001.gif --> helloworldblue.net /web/MCCofOGS/BandO_RRBr1_files image001.gif
2003.03.19 21:34 B C:\AAAAA-MonroeCoSite\BandO_RRBr1_files\image001.jpg --> helloworldblue.net /web/MCCofOGS/BandO_RRBr1_files image001.jpg
2003.03.19 21:34 B C:\AAAAA-MonroeCoSite\BandO_RRBr1_files\image002.gif --> helloworldblue.net /web/MCCofOGS/BandO_RRBr1_files image002.gif
2003.03.19 21:34 B C:\AAAAA-MonroeCoSite\BandO_RRBr1_files\image002.jpg --> helloworldblue.net /web/MCCofOGS/BandO_RRBr1_files image002.jpg
2003.03.19 21:34 B C:\AAAAA-MonroeCoSite\BandO_RRBr1_files\WS_FTP.LOG --> helloworldblue.net /web/MCCofOGS/BandO_RRBr1_files WS_FTP.LOG
2004.09.15 16:14 B C:\AAAAA-MonroeCoSite\BandO_RRBr1_files\filelist.xml --> helloworldblue.net /BandO_RRBr1_files filelist.xml
2004.09.15 16:14 B C:\AAAAA-MonroeCoSite\BandO_RRBr1_files\image001.gif --> helloworldblue.net /BandO_RRBr1_files image001.gif
2004.09.15 16:14 B C:\AAAAA-MonroeCoSite\BandO_RRBr1_files\image001.jpg --> helloworldblue.net /BandO_RRBr1_files image001.jpg
2004.09.15 16:14 B C:\AAAAA-MonroeCoSite\BandO_RRBr1_files\image002.gif --> helloworldblue.net /BandO_RRBr1_files image002.gif
2004.09.15 16:14 B C:\AAAAA-MonroeCoSite\BandO_RRBr1_files\image002.jpg --> helloworldblue.net /BandO_RRBr1_files image002.jpg
2004.09.15 16:14 B C:\AAAAA-MonroeCoSite\BandO_RRBr1_files\WS_FTP.LOG --> helloworldblue.net /BandO_RRBr1_files WS_FTP.LOG
2004.09.16 01:14 A C:\AAAAA-MonroeCoSite\BandO_RRBr1_files\filelist.xml --> helloworldblue.net /MonroeCoOhPeopleandHistory/BandO_RRBr1_files filelist.xml
2004.09.16 01:14 A C:\AAAAA-MonroeCoSite\BandO_RRBr1_files\image001.gif --> helloworldblue.net /MonroeCoOhPeopleandHistory/BandO_RRBr1_files image001.gif
2004.09.16 01:14 A C:\AAAAA-MonroeCoSite\BandO_RRBr1_files\image001.jpg --> helloworldblue.net /MonroeCoOhPeopleandHistory/BandO_RRBr1_files image001.jpg
2004.09.16 01:14 A C:\AAAAA-MonroeCoSite\BandO_RRBr1_files\image002.gif --> helloworldblue.net /MonroeCoOhPeopleandHistory/BandO_RRBr1_files image002.gif
2004.09.16 01:14 A C:\AAAAA-MonroeCoSite\BandO_RRBr1_files\image002.jpg --> helloworldblue.net /MonroeCoOhPeopleandHistory/BandO_RRBr1_files image002.jpg
2004.09.16 01:14 A C:\AAAAA-MonroeCoSite\BandO_RRBr1_files\WS_FTP.LOG --> helloworldblue.net /MonroeCoOhPeopleandHistory/BandO_RRBr1_files WS_FTP.LOG
2004.10.09 23:27 B C:\AAAAA-MonCoHist_Gen\BandO_RRBr1_files\filelist.xml --> users.freepages.rootsweb.com /history_html/BandO_RRBr1_files filelist.xml
2004.10.09 23:27 B C:\AAAAA-MonCoHist_Gen\BandO_RRBr1_files\image001.gif --> users.freepages.rootsweb.com /history_html/BandO_RRBr1_files image001.gif
2004.10.09 23:27 B C:\AAAAA-MonCoHist_Gen\BandO_RRBr1_files\image001.jpg --> users.freepages.rootsweb.com /history_html/BandO_RRBr1_files image001.jpg
2004.10.09 23:27 B C:\AAAAA-MonCoHist_Gen\BandO_RRBr1_files\image002.gif --> users.freepages.rootsweb.com /history_html/BandO_RRBr1_files image002.gif
2004.10.09 23:27 B C:\AAAAA-MonCoHist_Gen\BandO_RRBr1_files\image002.jpg --> users.freepages.rootsweb.com /history_html/BandO_RRBr1_files image002.jpg
