2003.06.21 08:47 B C:\AAAAA-MonroeCoSite\StellaBelleMorris_files\filelist.xml --> users.rootsweb.com /home0023/ohmccogs/public_html/StellaBelleMorris_files filelist.xml
2003.06.21 08:47 B C:\AAAAA-MonroeCoSite\StellaBelleMorris_files\image001.jpg --> users.rootsweb.com /home0023/ohmccogs/public_html/StellaBelleMorris_files image001.jpg
2003.06.21 08:47 B C:\AAAAA-MonroeCoSite\StellaBelleMorris_files\image002.jpg --> users.rootsweb.com /home0023/ohmccogs/public_html/StellaBelleMorris_files image002.jpg
2003.06.21 10:49 B C:\AAAAA-MonroeCoSite\StellaBelleMorris_files\filelist.xml --> users.rootsweb.com /home0023/ohmccogs/public_html/StellaBelleMorris_files filelist.xml
2003.06.21 10:49 B C:\AAAAA-MonroeCoSite\StellaBelleMorris_files\image001.jpg --> users.rootsweb.com /home0023/ohmccogs/public_html/StellaBelleMorris_files image001.jpg
2003.06.21 10:49 B C:\AAAAA-MonroeCoSite\StellaBelleMorris_files\image002.jpg --> users.rootsweb.com /home0023/ohmccogs/public_html/StellaBelleMorris_files image002.jpg
2003.06.21 10:49 B C:\AAAAA-MonroeCoSite\StellaBelleMorris_files\WS_FTP.LOG --> users.rootsweb.com /home0023/ohmccogs/public_html/StellaBelleMorris_files WS_FTP.LOG
2003.06.21 20:24 B C:\AAAAA-MonroeCoSite\StellaBelleMorris_files\filelist.xml --> users.rootsweb.com /home0023/ohmccogs/public_html/StellaBelleMorris_files filelist.xml
2003.06.21 20:24 B C:\AAAAA-MonroeCoSite\StellaBelleMorris_files\image001.jpg --> users.rootsweb.com /home0023/ohmccogs/public_html/StellaBelleMorris_files image001.jpg
2003.06.21 20:24 B C:\AAAAA-MonroeCoSite\StellaBelleMorris_files\image002.jpg --> users.rootsweb.com /home0023/ohmccogs/public_html/StellaBelleMorris_files image002.jpg
2003.06.21 20:24 B C:\AAAAA-MonroeCoSite\StellaBelleMorris_files\WS_FTP.LOG --> users.rootsweb.com /home0023/ohmccogs/public_html/StellaBelleMorris_files WS_FTP.LOG
2004.09.15 17:50 B C:\AAAAA-MonroeCoSite\StellaBelleMorris_files\filelist.xml --> helloworldblue.net /StellaBelleMorris_files filelist.xml
2004.09.15 17:50 B C:\AAAAA-MonroeCoSite\StellaBelleMorris_files\image001.jpg --> helloworldblue.net /StellaBelleMorris_files image001.jpg
2004.09.15 17:50 B C:\AAAAA-MonroeCoSite\StellaBelleMorris_files\image002.jpg --> helloworldblue.net /StellaBelleMorris_files image002.jpg
2004.09.15 17:50 B C:\AAAAA-MonroeCoSite\StellaBelleMorris_files\WS_FTP.LOG --> helloworldblue.net /StellaBelleMorris_files WS_FTP.LOG
2004.09.16 02:09 A C:\AAAAA-MonroeCoSite\StellaBelleMorris_files\filelist.xml --> helloworldblue.net /MonroeCoOhPeopleandHistory/StellaBelleMorris_files filelist.xml
2004.09.16 02:09 A C:\AAAAA-MonroeCoSite\StellaBelleMorris_files\image001.jpg --> helloworldblue.net /MonroeCoOhPeopleandHistory/StellaBelleMorris_files image001.jpg
2004.09.16 02:09 A C:\AAAAA-MonroeCoSite\StellaBelleMorris_files\image002.jpg --> helloworldblue.net /MonroeCoOhPeopleandHistory/StellaBelleMorris_files image002.jpg
2004.09.16 02:09 A C:\AAAAA-MonroeCoSite\StellaBelleMorris_files\WS_FTP.LOG --> helloworldblue.net /MonroeCoOhPeopleandHistory/StellaBelleMorris_files WS_FTP.LOG
2004.10.10 01:18 B C:\AAAAA-MonCoHist_Gen\StellaBelleMorris_files\filelist.xml --> users.freepages.rootsweb.com /history_html/StellaBelleMorris_files filelist.xml
2004.10.10 01:18 B C:\AAAAA-MonCoHist_Gen\StellaBelleMorris_files\image001.jpg --> users.freepages.rootsweb.com /history_html/StellaBelleMorris_files image001.jpg
2004.10.10 01:18 B C:\AAAAA-MonCoHist_Gen\StellaBelleMorris_files\image002.jpg --> users.freepages.rootsweb.com /history_html/StellaBelleMorris_files image002.jpg
