2003.11.30 14:43 B C:\AAAAA-MonroeCoSite\WestUnionSch2_files\filelist.xml --> users.rootsweb.com /home0023/ohmccogs/public_html/WestUnionSch2_files filelist.xml
2003.11.30 14:43 B C:\AAAAA-MonroeCoSite\WestUnionSch2_files\image001.jpg --> users.rootsweb.com /home0023/ohmccogs/public_html/WestUnionSch2_files image001.jpg
2003.11.30 14:43 B C:\AAAAA-MonroeCoSite\WestUnionSch2_files\image002.jpg --> users.rootsweb.com /home0023/ohmccogs/public_html/WestUnionSch2_files image002.jpg
2003.11.30 16:40 B C:\AAAAA-MonroeCoSite\WestUnionSch2_files\filelist.xml --> users.rootsweb.com /home0023/ohmccogs/public_html/WestUnionSch2_files filelist.xml
2003.11.30 16:40 B C:\AAAAA-MonroeCoSite\WestUnionSch2_files\image001.jpg --> users.rootsweb.com /home0023/ohmccogs/public_html/WestUnionSch2_files image001.jpg
2003.11.30 16:40 B C:\AAAAA-MonroeCoSite\WestUnionSch2_files\image002.jpg --> users.rootsweb.com /home0023/ohmccogs/public_html/WestUnionSch2_files image002.jpg
2003.11.30 16:40 B C:\AAAAA-MonroeCoSite\WestUnionSch2_files\WS_FTP.LOG --> users.rootsweb.com /home0023/ohmccogs/public_html/WestUnionSch2_files WS_FTP.LOG
2004.03.30 20:18 B C:\AAAAA-MonroeCoSite\WestUnionSch2_files\filelist.xml --> users.rootsweb.com /home0023/ohmccogs/public_html/WestUnionSch2_files filelist.xml
2004.03.30 20:18 B C:\AAAAA-MonroeCoSite\WestUnionSch2_files\image001.jpg --> users.rootsweb.com /home0023/ohmccogs/public_html/WestUnionSch2_files image001.jpg
2004.03.30 20:18 B C:\AAAAA-MonroeCoSite\WestUnionSch2_files\image002.jpg --> users.rootsweb.com /home0023/ohmccogs/public_html/WestUnionSch2_files image002.jpg
2004.03.30 20:18 B C:\AAAAA-MonroeCoSite\WestUnionSch2_files\WS_FTP.LOG --> users.rootsweb.com /home0023/ohmccogs/public_html/WestUnionSch2_files WS_FTP.LOG
2004.04.07 23:50 B C:\AAAAA-MonroeCoSite\WestUnionSch2_files\filelist.xml --> users.rootsweb.com /home0023/ohmccogs/public_html/WestUnionSch2_files filelist.xml
2004.04.07 23:50 B C:\AAAAA-MonroeCoSite\WestUnionSch2_files\image001.jpg --> users.rootsweb.com /home0023/ohmccogs/public_html/WestUnionSch2_files image001.jpg
2004.04.07 23:50 B C:\AAAAA-MonroeCoSite\WestUnionSch2_files\image002.jpg --> users.rootsweb.com /home0023/ohmccogs/public_html/WestUnionSch2_files image002.jpg
2004.04.07 23:50 B C:\AAAAA-MonroeCoSite\WestUnionSch2_files\WS_FTP.LOG --> users.rootsweb.com /home0023/ohmccogs/public_html/WestUnionSch2_files WS_FTP.LOG
2004.04.29 15:04 B C:\AAAAA-MonroeCoSite\WestUnionSch2_files\filelist.xml --> users.rootsweb.com /home0023/ohmccogs/public_html/WestUnionSch2_files filelist.xml
2004.04.29 15:04 B C:\AAAAA-MonroeCoSite\WestUnionSch2_files\image001.jpg --> users.rootsweb.com /home0023/ohmccogs/public_html/WestUnionSch2_files image001.jpg
2004.04.29 15:04 B C:\AAAAA-MonroeCoSite\WestUnionSch2_files\image002.jpg --> users.rootsweb.com /home0023/ohmccogs/public_html/WestUnionSch2_files image002.jpg
2004.04.29 15:04 B C:\AAAAA-MonroeCoSite\WestUnionSch2_files\WS_FTP.LOG --> users.rootsweb.com /home0023/ohmccogs/public_html/WestUnionSch2_files WS_FTP.LOG
2004.09.15 15:01 B C:\AAAAA-MonroeCoSite\WestUnionSch2_files\filelist.xml --> helloworldblue.net /MonroeCoOhPeopleandHistory/WestUnionSch2_files filelist.xml
2004.09.15 15:01 B C:\AAAAA-MonroeCoSite\WestUnionSch2_files\image001.jpg --> helloworldblue.net /MonroeCoOhPeopleandHistory/WestUnionSch2_files image001.jpg
2004.09.15 15:01 B C:\AAAAA-MonroeCoSite\WestUnionSch2_files\image002.jpg --> helloworldblue.net /MonroeCoOhPeopleandHistory/WestUnionSch2_files image002.jpg
2004.09.15 15:01 B C:\AAAAA-MonroeCoSite\WestUnionSch2_files\WS_FTP.LOG --> helloworldblue.net /MonroeCoOhPeopleandHistory/WestUnionSch2_files WS_FTP.LOG
2004.10.10 01:30 B C:\AAAAA-MonCoHist_Gen\WestUnionSch2_files\filelist.xml --> users.freepages.rootsweb.com /history_html/WestUnionSch2_files filelist.xml
2004.10.10 01:30 B C:\AAAAA-MonCoHist_Gen\WestUnionSch2_files\image001.jpg --> users.freepages.rootsweb.com /history_html/WestUnionSch2_files image001.jpg
2004.10.10 01:30 B C:\AAAAA-MonCoHist_Gen\WestUnionSch2_files\image002.jpg --> users.freepages.rootsweb.com /history_html/WestUnionSch2_files image002.jpg
