2003.02.12 00:09 B C:\AAAAA-MonroeCoSite\MaryJane1_files\filelist.xml --> users.rootsweb.com /home0023/ohmccogs/MaryJane1_files filelist.xml
2003.02.12 00:09 B C:\AAAAA-MonroeCoSite\MaryJane1_files\image001.jpg --> users.rootsweb.com /home0023/ohmccogs/MaryJane1_files image001.jpg
2003.02.12 00:09 B C:\AAAAA-MonroeCoSite\MaryJane1_files\image002.jpg --> users.rootsweb.com /home0023/ohmccogs/MaryJane1_files image002.jpg
2003.02.12 00:22 B C:\AAAAA-MonroeCoSite\MaryJane1_files\filelist.xml --> users.rootsweb.com /home0023/ohmccogs/public_html/MaryJane1_files filelist.xml
2003.02.12 00:22 B C:\AAAAA-MonroeCoSite\MaryJane1_files\image001.jpg --> users.rootsweb.com /home0023/ohmccogs/public_html/MaryJane1_files image001.jpg
2003.02.12 00:22 B C:\AAAAA-MonroeCoSite\MaryJane1_files\image002.jpg --> users.rootsweb.com /home0023/ohmccogs/public_html/MaryJane1_files image002.jpg
2003.02.12 00:22 B C:\AAAAA-MonroeCoSite\MaryJane1_files\WS_FTP.LOG --> users.rootsweb.com /home0023/ohmccogs/public_html/MaryJane1_files WS_FTP.LOG
2003.03.05 16:40 B C:\AAAAA-MonroeCoSite\MaryJane1_files\filelist.xml --> users.rootsweb.com /home0023/ohmccogs/public_html/MaryJane1_files filelist.xml
2003.03.05 16:40 B C:\AAAAA-MonroeCoSite\MaryJane1_files\image001.jpg --> users.rootsweb.com /home0023/ohmccogs/public_html/MaryJane1_files image001.jpg
2003.03.05 16:40 B C:\AAAAA-MonroeCoSite\MaryJane1_files\image002.jpg --> users.rootsweb.com /home0023/ohmccogs/public_html/MaryJane1_files image002.jpg
2003.03.05 16:40 B C:\AAAAA-MonroeCoSite\MaryJane1_files\WS_FTP.LOG --> users.rootsweb.com /home0023/ohmccogs/public_html/MaryJane1_files WS_FTP.LOG
2003.03.05 20:34 B C:\AAAAA-MonroeCoSite\MaryJane1_files\filelist.xml --> users.rootsweb.com /home0023/ohmccogs/public_html/MaryJane1_files filelist.xml
2003.03.05 20:34 B C:\AAAAA-MonroeCoSite\MaryJane1_files\image001.jpg --> users.rootsweb.com /home0023/ohmccogs/public_html/MaryJane1_files image001.jpg
2003.03.05 20:34 B C:\AAAAA-MonroeCoSite\MaryJane1_files\image002.jpg --> users.rootsweb.com /home0023/ohmccogs/public_html/MaryJane1_files image002.jpg
2003.03.05 20:34 B C:\AAAAA-MonroeCoSite\MaryJane1_files\WS_FTP.LOG --> users.rootsweb.com /home0023/ohmccogs/public_html/MaryJane1_files WS_FTP.LOG
2003.03.19 22:01 B C:\AAAAA-MonroeCoSite\MaryJane1_files\filelist.xml --> helloworldblue.net /web/MCCofOGS/MaryJane1_files filelist.xml
2003.03.19 22:01 B C:\AAAAA-MonroeCoSite\MaryJane1_files\image001.jpg --> helloworldblue.net /web/MCCofOGS/MaryJane1_files image001.jpg
2003.03.19 22:01 B C:\AAAAA-MonroeCoSite\MaryJane1_files\image002.jpg --> helloworldblue.net /web/MCCofOGS/MaryJane1_files image002.jpg
2003.03.19 22:01 B C:\AAAAA-MonroeCoSite\MaryJane1_files\WS_FTP.LOG --> helloworldblue.net /web/MCCofOGS/MaryJane1_files WS_FTP.LOG
2003.05.18 23:47 B C:\AAAAA-MonroeCoSite\MaryJane1_files\image001.jpg --> users.rootsweb.com /home0023/ohmccogs/public_html/MaryJane1_files image001.jpg
2003.05.18 23:48 B C:\AAAAA-MonroeCoSite\MaryJane1_files\image002.jpg --> users.rootsweb.com /home0023/ohmccogs/public_html/MaryJane1_files image002.jpg
2003.05.18 23:48 B C:\AAAAA-MonroeCoSite\MaryJane1_files\WS_FTP.LOG --> users.rootsweb.com /home0023/ohmccogs/public_html/MaryJane1_files WS_FTP.LOG
2004.09.15 14:43 B C:\AAAAA-MonroeCoSite\MaryJane1_files\filelist.xml --> helloworldblue.net /MonroeCoOhPeopleandHistory/MaryJane1_files filelist.xml
2004.09.15 14:43 B C:\AAAAA-MonroeCoSite\MaryJane1_files\image001.jpg --> helloworldblue.net /MonroeCoOhPeopleandHistory/MaryJane1_files image001.jpg
2004.09.15 14:43 B C:\AAAAA-MonroeCoSite\MaryJane1_files\image002.jpg --> helloworldblue.net /MonroeCoOhPeopleandHistory/MaryJane1_files image002.jpg
2004.09.15 14:43 B C:\AAAAA-MonroeCoSite\MaryJane1_files\WS_FTP.LOG --> helloworldblue.net /MonroeCoOhPeopleandHistory/MaryJane1_files WS_FTP.LOG
2004.10.10 00:32 B C:\AAAAA-MonCoHist_Gen\MaryJane1_files\filelist.xml --> users.freepages.rootsweb.com /history_html/MaryJane1_files filelist.xml
2004.10.10 00:32 B C:\AAAAA-MonCoHist_Gen\MaryJane1_files\image001.jpg --> users.freepages.rootsweb.com /history_html/MaryJane1_files image001.jpg
2004.10.10 00:32 B C:\AAAAA-MonCoHist_Gen\MaryJane1_files\image002.jpg --> users.freepages.rootsweb.com /history_html/MaryJane1_files image002.jpg
