2003.04.23 16:49 B C:\AAAAA-MonroeCoSite\MorrisLattaFarm2_files\filelist.xml --> users.rootsweb.com /home0023/ohmccogs/public_html/MorrisLattaFarm2_files filelist.xml
2003.04.23 16:49 B C:\AAAAA-MonroeCoSite\MorrisLattaFarm2_files\image001.jpg --> users.rootsweb.com /home0023/ohmccogs/public_html/MorrisLattaFarm2_files image001.jpg
2003.04.23 16:49 B C:\AAAAA-MonroeCoSite\MorrisLattaFarm2_files\image002.jpg --> users.rootsweb.com /home0023/ohmccogs/public_html/MorrisLattaFarm2_files image002.jpg
2003.05.19 00:43 B C:\AAAAA-MonroeCoSite\MorrisLattaFarm2_files\filelist.xml --> users.rootsweb.com /home0023/ohmccogs/public_html/MorrisLattaFarm2_files filelist.xml
2003.05.19 00:43 B C:\AAAAA-MonroeCoSite\MorrisLattaFarm2_files\image001.jpg --> users.rootsweb.com /home0023/ohmccogs/public_html/MorrisLattaFarm2_files image001.jpg
2003.05.19 00:43 B C:\AAAAA-MonroeCoSite\MorrisLattaFarm2_files\image002.jpg --> users.rootsweb.com /home0023/ohmccogs/public_html/MorrisLattaFarm2_files image002.jpg
2003.05.19 00:43 B C:\AAAAA-MonroeCoSite\MorrisLattaFarm2_files\WS_FTP.LOG --> users.rootsweb.com /home0023/ohmccogs/public_html/MorrisLattaFarm2_files WS_FTP.LOG
2003.05.19 00:44 B C:\AAAAA-MonroeCoSite\MorrisLattaFarm2_files\filelist.xml --> users.rootsweb.com /home0023/ohmccogs/public_html/MorrisLattaFarm2_files filelist.xml
2003.05.19 00:44 B C:\AAAAA-MonroeCoSite\MorrisLattaFarm2_files\image001.jpg --> users.rootsweb.com /home0023/ohmccogs/public_html/MorrisLattaFarm2_files image001.jpg
2003.05.19 00:45 B C:\AAAAA-MonroeCoSite\MorrisLattaFarm2_files\image002.jpg --> users.rootsweb.com /home0023/ohmccogs/public_html/MorrisLattaFarm2_files image002.jpg
2003.05.19 00:45 B C:\AAAAA-MonroeCoSite\MorrisLattaFarm2_files\WS_FTP.LOG --> users.rootsweb.com /home0023/ohmccogs/public_html/MorrisLattaFarm2_files WS_FTP.LOG
2004.09.15 17:21 B C:\AAAAA-MonroeCoSite\MorrisLattaFarm2_files\filelist.xml --> helloworldblue.net /MorrisLattaFarm2_files filelist.xml
2004.09.15 17:21 B C:\AAAAA-MonroeCoSite\MorrisLattaFarm2_files\image001.jpg --> helloworldblue.net /MorrisLattaFarm2_files image001.jpg
2004.09.15 17:21 B C:\AAAAA-MonroeCoSite\MorrisLattaFarm2_files\image002.jpg --> helloworldblue.net /MorrisLattaFarm2_files image002.jpg
2004.09.15 17:21 B C:\AAAAA-MonroeCoSite\MorrisLattaFarm2_files\WS_FTP.LOG --> helloworldblue.net /MorrisLattaFarm2_files WS_FTP.LOG
2004.09.16 01:54 A C:\AAAAA-MonroeCoSite\MorrisLattaFarm2_files\filelist.xml --> helloworldblue.net /MonroeCoOhPeopleandHistory/MorrisLattaFarm2_files filelist.xml
2004.09.16 01:54 A C:\AAAAA-MonroeCoSite\MorrisLattaFarm2_files\image001.jpg --> helloworldblue.net /MonroeCoOhPeopleandHistory/MorrisLattaFarm2_files image001.jpg
2004.09.16 01:54 A C:\AAAAA-MonroeCoSite\MorrisLattaFarm2_files\image002.jpg --> helloworldblue.net /MonroeCoOhPeopleandHistory/MorrisLattaFarm2_files image002.jpg
2004.09.16 01:54 A C:\AAAAA-MonroeCoSite\MorrisLattaFarm2_files\WS_FTP.LOG --> helloworldblue.net /MonroeCoOhPeopleandHistory/MorrisLattaFarm2_files WS_FTP.LOG
2004.10.10 00:44 B C:\AAAAA-MonCoHist_Gen\MorrisLattaFarm2_files\filelist.xml --> users.freepages.rootsweb.com /history_html/MorrisLattaFarm2_files filelist.xml
2004.10.10 00:44 B C:\AAAAA-MonCoHist_Gen\MorrisLattaFarm2_files\image001.jpg --> users.freepages.rootsweb.com /history_html/MorrisLattaFarm2_files image001.jpg
2004.10.10 00:44 B C:\AAAAA-MonCoHist_Gen\MorrisLattaFarm2_files\image002.jpg --> users.freepages.rootsweb.com /history_html/MorrisLattaFarm2_files image002.jpg
