2003.12.01 17:27 B C:\AAAAA-MonroeCoSite\Cameron1_files\filelist.xml --> users.rootsweb.com /home0023/ohmccogs/public_html/Cameron1_files filelist.xml
2003.12.01 17:27 B C:\AAAAA-MonroeCoSite\Cameron1_files\image001.jpg --> users.rootsweb.com /home0023/ohmccogs/public_html/Cameron1_files image001.jpg
2003.12.01 17:28 B C:\AAAAA-MonroeCoSite\Cameron1_files\image002.jpg --> users.rootsweb.com /home0023/ohmccogs/public_html/Cameron1_files image002.jpg
2003.12.01 17:28 B C:\AAAAA-MonroeCoSite\Cameron1_files\image003.jpg --> users.rootsweb.com /home0023/ohmccogs/public_html/Cameron1_files image003.jpg
2003.12.01 17:28 B C:\AAAAA-MonroeCoSite\Cameron1_files\image004.jpg --> users.rootsweb.com /home0023/ohmccogs/public_html/Cameron1_files image004.jpg
2004.09.15 16:24 B C:\AAAAA-MonroeCoSite\Cameron1_files\filelist.xml --> helloworldblue.net /Cameron1_files filelist.xml
2004.09.15 16:24 B C:\AAAAA-MonroeCoSite\Cameron1_files\image001.jpg --> helloworldblue.net /Cameron1_files image001.jpg
2004.09.15 16:24 B C:\AAAAA-MonroeCoSite\Cameron1_files\image002.jpg --> helloworldblue.net /Cameron1_files image002.jpg
2004.09.15 16:24 B C:\AAAAA-MonroeCoSite\Cameron1_files\image003.jpg --> helloworldblue.net /Cameron1_files image003.jpg
2004.09.15 16:24 B C:\AAAAA-MonroeCoSite\Cameron1_files\image004.jpg --> helloworldblue.net /Cameron1_files image004.jpg
2004.09.15 16:24 B C:\AAAAA-MonroeCoSite\Cameron1_files\WS_FTP.LOG --> helloworldblue.net /Cameron1_files WS_FTP.LOG
2004.09.16 01:21 A C:\AAAAA-MonroeCoSite\Cameron1_files\filelist.xml --> helloworldblue.net /MonroeCoOhPeopleandHistory/Cameron1_files filelist.xml
2004.09.16 01:21 A C:\AAAAA-MonroeCoSite\Cameron1_files\image001.jpg --> helloworldblue.net /MonroeCoOhPeopleandHistory/Cameron1_files image001.jpg
2004.09.16 01:21 A C:\AAAAA-MonroeCoSite\Cameron1_files\image002.jpg --> helloworldblue.net /MonroeCoOhPeopleandHistory/Cameron1_files image002.jpg
2004.09.16 01:21 A C:\AAAAA-MonroeCoSite\Cameron1_files\image003.jpg --> helloworldblue.net /MonroeCoOhPeopleandHistory/Cameron1_files image003.jpg
2004.09.16 01:21 A C:\AAAAA-MonroeCoSite\Cameron1_files\image004.jpg --> helloworldblue.net /MonroeCoOhPeopleandHistory/Cameron1_files image004.jpg
2004.09.16 01:21 A C:\AAAAA-MonroeCoSite\Cameron1_files\WS_FTP.LOG --> helloworldblue.net /MonroeCoOhPeopleandHistory/Cameron1_files WS_FTP.LOG
2004.10.09 23:39 B C:\AAAAA-MonCoHist_Gen\Cameron1_files\filelist.xml --> users.freepages.rootsweb.com /history_html/Cameron1_files filelist.xml
2004.10.09 23:39 B C:\AAAAA-MonCoHist_Gen\Cameron1_files\image001.jpg --> users.freepages.rootsweb.com /history_html/Cameron1_files image001.jpg
2004.10.09 23:39 B C:\AAAAA-MonCoHist_Gen\Cameron1_files\image002.jpg --> users.freepages.rootsweb.com /history_html/Cameron1_files image002.jpg
2004.10.09 23:39 B C:\AAAAA-MonCoHist_Gen\Cameron1_files\image003.jpg --> users.freepages.rootsweb.com /history_html/Cameron1_files image003.jpg
2004.10.09 23:39 B C:\AAAAA-MonCoHist_Gen\Cameron1_files\image004.jpg --> users.freepages.rootsweb.com /history_html/Cameron1_files image004.jpg
