2003.02.02 23:30 B C:\AAAAA-MonroeCoSite\milt_gen_store2_files\filelist.xml --> users.rootsweb.com /home0023/ohmccogs/public_html/milt_gen_store2_files filelist.xml
2003.02.02 23:30 B C:\AAAAA-MonroeCoSite\milt_gen_store2_files\image001.png --> users.rootsweb.com /home0023/ohmccogs/public_html/milt_gen_store2_files image001.png
2003.02.02 23:30 B C:\AAAAA-MonroeCoSite\milt_gen_store2_files\image002.jpg --> users.rootsweb.com /home0023/ohmccogs/public_html/milt_gen_store2_files image002.jpg
2003.03.19 23:01 B C:\AAAAA-MonroeCoSite_Overflow\milt_gen_store2_files\filelist.xml --> helloworldblue.net /web/MCCofOGS/milt_gen_store2_files filelist.xml
2003.03.19 23:02 B C:\AAAAA-MonroeCoSite_Overflow\milt_gen_store2_files\image001.png --> helloworldblue.net /web/MCCofOGS/milt_gen_store2_files image001.png
2003.03.19 23:02 B C:\AAAAA-MonroeCoSite_Overflow\milt_gen_store2_files\image002.jpg --> helloworldblue.net /web/MCCofOGS/milt_gen_store2_files image002.jpg
2003.03.19 23:02 B C:\AAAAA-MonroeCoSite_Overflow\milt_gen_store2_files\Thumbs.db --> helloworldblue.net /web/MCCofOGS/milt_gen_store2_files Thumbs.db
2003.03.19 23:02 B C:\AAAAA-MonroeCoSite_Overflow\milt_gen_store2_files\WS_FTP.LOG --> helloworldblue.net /web/MCCofOGS/milt_gen_store2_files WS_FTP.LOG
2004.09.15 17:14 B C:\AAAAA-MonroeCoSite\milt_gen_store2_files\filelist.xml --> helloworldblue.net /milt_gen_store2_files filelist.xml
2004.09.15 17:14 B C:\AAAAA-MonroeCoSite\milt_gen_store2_files\image001.png --> helloworldblue.net /milt_gen_store2_files image001.png
2004.09.15 17:14 B C:\AAAAA-MonroeCoSite\milt_gen_store2_files\image002.jpg --> helloworldblue.net /milt_gen_store2_files image002.jpg
2004.09.15 17:14 B C:\AAAAA-MonroeCoSite\milt_gen_store2_files\Thumbs.db --> helloworldblue.net /milt_gen_store2_files Thumbs.db
2004.09.15 17:14 B C:\AAAAA-MonroeCoSite\milt_gen_store2_files\WS_FTP.LOG --> helloworldblue.net /milt_gen_store2_files WS_FTP.LOG
2004.09.16 01:50 A C:\AAAAA-MonroeCoSite\milt_gen_store2_files\filelist.xml --> helloworldblue.net /MonroeCoOhPeopleandHistory/milt_gen_store2_files filelist.xml
2004.09.16 01:50 A C:\AAAAA-MonroeCoSite\milt_gen_store2_files\image001.png --> helloworldblue.net /MonroeCoOhPeopleandHistory/milt_gen_store2_files image001.png
2004.09.16 01:50 A C:\AAAAA-MonroeCoSite\milt_gen_store2_files\image002.jpg --> helloworldblue.net /MonroeCoOhPeopleandHistory/milt_gen_store2_files image002.jpg
2004.09.16 01:50 A C:\AAAAA-MonroeCoSite\milt_gen_store2_files\Thumbs.db --> helloworldblue.net /MonroeCoOhPeopleandHistory/milt_gen_store2_files Thumbs.db
2004.09.16 01:50 A C:\AAAAA-MonroeCoSite\milt_gen_store2_files\WS_FTP.LOG --> helloworldblue.net /MonroeCoOhPeopleandHistory/milt_gen_store2_files WS_FTP.LOG
2004.10.10 00:38 B C:\AAAAA-MonCoHist_Gen\milt_gen_store2_files\filelist.xml --> users.freepages.rootsweb.com /history_html/milt_gen_store2_files filelist.xml
2004.10.10 00:39 B C:\AAAAA-MonCoHist_Gen\milt_gen_store2_files\image001.png --> users.freepages.rootsweb.com /history_html/milt_gen_store2_files image001.png
2004.10.10 00:39 B C:\AAAAA-MonCoHist_Gen\milt_gen_store2_files\image002.jpg --> users.freepages.rootsweb.com /history_html/milt_gen_store2_files image002.jpg
2004.10.10 00:39 B C:\AAAAA-MonCoHist_Gen\milt_gen_store2_files\Thumbs.db --> users.freepages.rootsweb.com /history_html/milt_gen_store2_files Thumbs.db
