2003.03.15 21:29 B C:\AAAAA-MonroeCoSite\grocery_files\filelist.xml --> users.rootsweb.com /home0023/ohmccogs/public_html/grocery_files filelist.xml
2003.03.15 21:29 B C:\AAAAA-MonroeCoSite\grocery_files\image001.jpg --> users.rootsweb.com /home0023/ohmccogs/public_html/grocery_files image001.jpg
2003.03.15 21:29 B C:\AAAAA-MonroeCoSite\grocery_files\image002.jpg --> users.rootsweb.com /home0023/ohmccogs/public_html/grocery_files image002.jpg
2003.03.17 17:59 B C:\AAAAA-MonroeCoSite\grocery_files\filelist.xml --> users.rootsweb.com /home0023/ohmccogs/public_html/grocery_files filelist.xml
2003.03.17 17:59 B C:\AAAAA-MonroeCoSite\grocery_files\image001.jpg --> users.rootsweb.com /home0023/ohmccogs/public_html/grocery_files image001.jpg
2003.03.17 17:59 B C:\AAAAA-MonroeCoSite\grocery_files\image002.jpg --> users.rootsweb.com /home0023/ohmccogs/public_html/grocery_files image002.jpg
2003.03.17 17:59 B C:\AAAAA-MonroeCoSite\grocery_files\WS_FTP.LOG --> users.rootsweb.com /home0023/ohmccogs/public_html/grocery_files WS_FTP.LOG
2003.03.19 21:51 B C:\AAAAA-MonroeCoSite\grocery_files\filelist.xml --> helloworldblue.net /web/MCCofOGS/grocery_files filelist.xml
2003.03.19 21:51 B C:\AAAAA-MonroeCoSite\grocery_files\image001.jpg --> helloworldblue.net /web/MCCofOGS/grocery_files image001.jpg
2003.03.19 21:51 B C:\AAAAA-MonroeCoSite\grocery_files\image002.jpg --> helloworldblue.net /web/MCCofOGS/grocery_files image002.jpg
2003.03.19 21:51 B C:\AAAAA-MonroeCoSite\grocery_files\WS_FTP.LOG --> helloworldblue.net /web/MCCofOGS/grocery_files WS_FTP.LOG
2004.09.15 16:40 B C:\AAAAA-MonroeCoSite\grocery_files\filelist.xml --> helloworldblue.net /grocery_files filelist.xml
2004.09.15 16:40 B C:\AAAAA-MonroeCoSite\grocery_files\image001.jpg --> helloworldblue.net /grocery_files image001.jpg
2004.09.15 16:40 B C:\AAAAA-MonroeCoSite\grocery_files\image002.jpg --> helloworldblue.net /grocery_files image002.jpg
2004.09.15 16:40 B C:\AAAAA-MonroeCoSite\grocery_files\WS_FTP.LOG --> helloworldblue.net /grocery_files WS_FTP.LOG
2004.09.16 01:31 A C:\AAAAA-MonroeCoSite\grocery_files\filelist.xml --> helloworldblue.net /MonroeCoOhPeopleandHistory/grocery_files filelist.xml
2004.09.16 01:31 A C:\AAAAA-MonroeCoSite\grocery_files\image001.jpg --> helloworldblue.net /MonroeCoOhPeopleandHistory/grocery_files image001.jpg
2004.09.16 01:31 A C:\AAAAA-MonroeCoSite\grocery_files\image002.jpg --> helloworldblue.net /MonroeCoOhPeopleandHistory/grocery_files image002.jpg
2004.09.16 01:31 A C:\AAAAA-MonroeCoSite\grocery_files\WS_FTP.LOG --> helloworldblue.net /MonroeCoOhPeopleandHistory/grocery_files WS_FTP.LOG
2004.10.10 00:03 B C:\AAAAA-MonCoHist_Gen\grocery_files\filelist.xml --> users.freepages.rootsweb.com /history_html/grocery_files filelist.xml
2004.10.10 00:03 B C:\AAAAA-MonCoHist_Gen\grocery_files\image001.jpg --> users.freepages.rootsweb.com /history_html/grocery_files image001.jpg
2004.10.10 00:03 B C:\AAAAA-MonCoHist_Gen\grocery_files\image002.jpg --> users.freepages.rootsweb.com /history_html/grocery_files image002.jpg
