2003.02.12 00:11 B C:\AAAAA-MonroeCoSite\WillYoung1_files\filelist.xml --> users.rootsweb.com /home0023/ohmccogs/WillYoung1_files filelist.xml
2003.02.12 00:12 B C:\AAAAA-MonroeCoSite\WillYoung1_files\image001.jpg --> users.rootsweb.com /home0023/ohmccogs/WillYoung1_files image001.jpg
2003.02.12 00:12 B C:\AAAAA-MonroeCoSite\WillYoung1_files\image002.jpg --> users.rootsweb.com /home0023/ohmccogs/WillYoung1_files image002.jpg
2003.02.12 00:24 B C:\AAAAA-MonroeCoSite\WillYoung1_files\filelist.xml --> users.rootsweb.com /home0023/ohmccogs/public_html/WillYoung1_files filelist.xml
2003.02.12 00:25 B C:\AAAAA-MonroeCoSite\WillYoung1_files\image001.jpg --> users.rootsweb.com /home0023/ohmccogs/public_html/WillYoung1_files image001.jpg
2003.02.12 00:25 B C:\AAAAA-MonroeCoSite\WillYoung1_files\image002.jpg --> users.rootsweb.com /home0023/ohmccogs/public_html/WillYoung1_files image002.jpg
2003.02.12 00:25 B C:\AAAAA-MonroeCoSite\WillYoung1_files\WS_FTP.LOG --> users.rootsweb.com /home0023/ohmccogs/public_html/WillYoung1_files WS_FTP.LOG
2003.03.05 16:29 B C:\AAAAA-MonroeCoSite\WillYoung1_files\image001.jpg --> users.rootsweb.com /home0023/ohmccogs/public_html/WillYoung1_files image001.jpg
2003.03.05 16:29 B C:\AAAAA-MonroeCoSite\WillYoung1_files\image002.jpg --> users.rootsweb.com /home0023/ohmccogs/public_html/WillYoung1_files image002.jpg
2003.03.05 16:29 B C:\AAAAA-MonroeCoSite\WillYoung1_files\WS_FTP.LOG --> users.rootsweb.com /home0023/ohmccogs/public_html/WillYoung1_files WS_FTP.LOG
2003.03.19 22:39 B C:\AAAAA-MonroeCoSite\WillYoung1_files\filelist.xml --> helloworldblue.net /web/MCCofOGS/WillYoung1_files filelist.xml
2003.03.19 22:39 B C:\AAAAA-MonroeCoSite\WillYoung1_files\image001.jpg --> helloworldblue.net /web/MCCofOGS/WillYoung1_files image001.jpg
2003.03.19 22:39 B C:\AAAAA-MonroeCoSite\WillYoung1_files\image002.jpg --> helloworldblue.net /web/MCCofOGS/WillYoung1_files image002.jpg
2003.03.19 22:39 B C:\AAAAA-MonroeCoSite\WillYoung1_files\WS_FTP.LOG --> helloworldblue.net /web/MCCofOGS/WillYoung1_files WS_FTP.LOG
2004.09.15 18:01 B C:\AAAAA-MonroeCoSite\WillYoung1_files\filelist.xml --> helloworldblue.net /WillYoung1_files filelist.xml
2004.09.15 18:01 B C:\AAAAA-MonroeCoSite\WillYoung1_files\image001.jpg --> helloworldblue.net /WillYoung1_files image001.jpg
2004.09.15 18:01 B C:\AAAAA-MonroeCoSite\WillYoung1_files\image002.jpg --> helloworldblue.net /WillYoung1_files image002.jpg
2004.09.15 18:01 B C:\AAAAA-MonroeCoSite\WillYoung1_files\WS_FTP.LOG --> helloworldblue.net /WillYoung1_files WS_FTP.LOG
2004.09.16 02:14 A C:\AAAAA-MonroeCoSite\WillYoung1_files\filelist.xml --> helloworldblue.net /MonroeCoOhPeopleandHistory/WillYoung1_files filelist.xml
2004.09.16 02:14 A C:\AAAAA-MonroeCoSite\WillYoung1_files\image001.jpg --> helloworldblue.net /MonroeCoOhPeopleandHistory/WillYoung1_files image001.jpg
2004.09.16 02:14 A C:\AAAAA-MonroeCoSite\WillYoung1_files\image002.jpg --> helloworldblue.net /MonroeCoOhPeopleandHistory/WillYoung1_files image002.jpg
2004.09.16 02:14 A C:\AAAAA-MonroeCoSite\WillYoung1_files\WS_FTP.LOG --> helloworldblue.net /MonroeCoOhPeopleandHistory/WillYoung1_files WS_FTP.LOG
2004.10.10 01:31 B C:\AAAAA-MonCoHist_Gen\WillYoung1_files\filelist.xml --> users.freepages.rootsweb.com /history_html/WillYoung1_files filelist.xml
2004.10.10 01:31 B C:\AAAAA-MonCoHist_Gen\WillYoung1_files\image001.jpg --> users.freepages.rootsweb.com /history_html/WillYoung1_files image001.jpg
2004.10.10 01:31 B C:\AAAAA-MonCoHist_Gen\WillYoung1_files\image002.jpg --> users.freepages.rootsweb.com /history_html/WillYoung1_files image002.jpg
