2003.03.19 22:52 B C:\AAAAA-MonroeCoSite_Overflow\GrizzleRidSch1986_files\AAAAA-MonroeCoSite --> helloworldblue.net /web/MCCofOGS/GrizzleRidSch1986_files AAAAA-MonroeCoSite
2003.03.19 22:52 B C:\AAAAA-MonroeCoSite_Overflow\GrizzleRidSch1986_files\filelist.xml --> helloworldblue.net /web/MCCofOGS/GrizzleRidSch1986_files filelist.xml
2003.03.19 22:53 B C:\AAAAA-MonroeCoSite_Overflow\GrizzleRidSch1986_files\image001.jpg --> helloworldblue.net /web/MCCofOGS/GrizzleRidSch1986_files image001.jpg
2003.03.19 22:53 B C:\AAAAA-MonroeCoSite_Overflow\GrizzleRidSch1986_files\image002.jpg --> helloworldblue.net /web/MCCofOGS/GrizzleRidSch1986_files image002.jpg
2003.03.19 22:53 B C:\AAAAA-MonroeCoSite_Overflow\GrizzleRidSch1986_files\Thumbs.db --> helloworldblue.net /web/MCCofOGS/GrizzleRidSch1986_files Thumbs.db
2004.09.15 16:40 B C:\AAAAA-MonroeCoSite\GrizzleRidSch1986_files\AAAAA-MonroeCoSite --> helloworldblue.net /GrizzleRidSch1986_files AAAAA-MonroeCoSite
2004.09.15 16:40 B C:\AAAAA-MonroeCoSite\GrizzleRidSch1986_files\filelist.xml --> helloworldblue.net /GrizzleRidSch1986_files filelist.xml
2004.09.15 16:40 B C:\AAAAA-MonroeCoSite\GrizzleRidSch1986_files\image001.jpg --> helloworldblue.net /GrizzleRidSch1986_files image001.jpg
2004.09.15 16:40 B C:\AAAAA-MonroeCoSite\GrizzleRidSch1986_files\image002.jpg --> helloworldblue.net /GrizzleRidSch1986_files image002.jpg
2004.09.15 16:40 B C:\AAAAA-MonroeCoSite\GrizzleRidSch1986_files\Thumbs.db --> helloworldblue.net /GrizzleRidSch1986_files Thumbs.db
2004.09.15 16:40 B C:\AAAAA-MonroeCoSite\GrizzleRidSch1986_files\WS_FTP.LOG --> helloworldblue.net /GrizzleRidSch1986_files WS_FTP.LOG
2004.09.16 01:31 A C:\AAAAA-MonroeCoSite\GrizzleRidSch1986_files\AAAAA-MonroeCoSite --> helloworldblue.net /MonroeCoOhPeopleandHistory/GrizzleRidSch1986_files AAAAA-MonroeCoSite
2004.09.16 01:31 A C:\AAAAA-MonroeCoSite\GrizzleRidSch1986_files\filelist.xml --> helloworldblue.net /MonroeCoOhPeopleandHistory/GrizzleRidSch1986_files filelist.xml
2004.09.16 01:31 A C:\AAAAA-MonroeCoSite\GrizzleRidSch1986_files\image001.jpg --> helloworldblue.net /MonroeCoOhPeopleandHistory/GrizzleRidSch1986_files image001.jpg
2004.09.16 01:31 A C:\AAAAA-MonroeCoSite\GrizzleRidSch1986_files\image002.jpg --> helloworldblue.net /MonroeCoOhPeopleandHistory/GrizzleRidSch1986_files image002.jpg
2004.09.16 01:31 A C:\AAAAA-MonroeCoSite\GrizzleRidSch1986_files\Thumbs.db --> helloworldblue.net /MonroeCoOhPeopleandHistory/GrizzleRidSch1986_files Thumbs.db
2004.09.16 01:31 A C:\AAAAA-MonroeCoSite\GrizzleRidSch1986_files\WS_FTP.LOG --> helloworldblue.net /MonroeCoOhPeopleandHistory/GrizzleRidSch1986_files WS_FTP.LOG
2004.10.10 00:03 B C:\AAAAA-MonCoHist_Gen\GrizzleRidSch1986_files\AAAAA-MonroeCoSite --> users.freepages.rootsweb.com /history_html/GrizzleRidSch1986_files AAAAA-MonroeCoSite
2004.10.10 00:03 B C:\AAAAA-MonCoHist_Gen\GrizzleRidSch1986_files\filelist.xml --> users.freepages.rootsweb.com /history_html/GrizzleRidSch1986_files filelist.xml
2004.10.10 00:03 B C:\AAAAA-MonCoHist_Gen\GrizzleRidSch1986_files\image001.jpg --> users.freepages.rootsweb.com /history_html/GrizzleRidSch1986_files image001.jpg
2004.10.10 00:03 B C:\AAAAA-MonCoHist_Gen\GrizzleRidSch1986_files\image002.jpg --> users.freepages.rootsweb.com /history_html/GrizzleRidSch1986_files image002.jpg
2004.10.10 00:03 B C:\AAAAA-MonCoHist_Gen\GrizzleRidSch1986_files\Thumbs.db --> users.freepages.rootsweb.com /history_html/GrizzleRidSch1986_files Thumbs.db
