2003.10.22 19:25 B C:\AAAAA-MonroeCoSite\HerlanBible_files\filelist.xml --> users.rootsweb.com /home0023/ohmccogs/public_html/HerlanBible_files filelist.xml
2003.10.22 19:25 B C:\AAAAA-MonroeCoSite\HerlanBible_files\image001.jpg --> users.rootsweb.com /home0023/ohmccogs/public_html/HerlanBible_files image001.jpg
2003.10.22 19:25 B C:\AAAAA-MonroeCoSite\HerlanBible_files\image002.jpg --> users.rootsweb.com /home0023/ohmccogs/public_html/HerlanBible_files image002.jpg
2003.10.22 19:25 B C:\AAAAA-MonroeCoSite\HerlanBible_files\image003.jpg --> users.rootsweb.com /home0023/ohmccogs/public_html/HerlanBible_files image003.jpg
2003.10.22 19:25 B C:\AAAAA-MonroeCoSite\HerlanBible_files\image004.jpg --> users.rootsweb.com /home0023/ohmccogs/public_html/HerlanBible_files image004.jpg
2003.10.22 19:25 B C:\AAAAA-MonroeCoSite\HerlanBible_files\image005.jpg --> users.rootsweb.com /home0023/ohmccogs/public_html/HerlanBible_files image005.jpg
2003.10.22 19:25 B C:\AAAAA-MonroeCoSite\HerlanBible_files\image006.jpg --> users.rootsweb.com /home0023/ohmccogs/public_html/HerlanBible_files image006.jpg
2004.09.15 16:43 B C:\AAAAA-MonroeCoSite\HerlanBible_files\filelist.xml --> helloworldblue.net /HerlanBible_files filelist.xml
2004.09.15 16:43 B C:\AAAAA-MonroeCoSite\HerlanBible_files\image001.jpg --> helloworldblue.net /HerlanBible_files image001.jpg
2004.09.15 16:43 B C:\AAAAA-MonroeCoSite\HerlanBible_files\image002.jpg --> helloworldblue.net /HerlanBible_files image002.jpg
2004.09.15 16:43 B C:\AAAAA-MonroeCoSite\HerlanBible_files\image003.jpg --> helloworldblue.net /HerlanBible_files image003.jpg
2004.09.15 16:43 B C:\AAAAA-MonroeCoSite\HerlanBible_files\image004.jpg --> helloworldblue.net /HerlanBible_files image004.jpg
2004.09.15 16:43 B C:\AAAAA-MonroeCoSite\HerlanBible_files\image005.jpg --> helloworldblue.net /HerlanBible_files image005.jpg
2004.09.15 16:43 B C:\AAAAA-MonroeCoSite\HerlanBible_files\image006.jpg --> helloworldblue.net /HerlanBible_files image006.jpg
2004.09.15 16:43 B C:\AAAAA-MonroeCoSite\HerlanBible_files\WS_FTP.LOG --> helloworldblue.net /HerlanBible_files WS_FTP.LOG
2004.09.16 01:32 A C:\AAAAA-MonroeCoSite\HerlanBible_files\filelist.xml --> helloworldblue.net /MonroeCoOhPeopleandHistory/HerlanBible_files filelist.xml
2004.09.16 01:32 A C:\AAAAA-MonroeCoSite\HerlanBible_files\image001.jpg --> helloworldblue.net /MonroeCoOhPeopleandHistory/HerlanBible_files image001.jpg
2004.09.16 01:32 A C:\AAAAA-MonroeCoSite\HerlanBible_files\image002.jpg --> helloworldblue.net /MonroeCoOhPeopleandHistory/HerlanBible_files image002.jpg
2004.09.16 01:32 A C:\AAAAA-MonroeCoSite\HerlanBible_files\image003.jpg --> helloworldblue.net /MonroeCoOhPeopleandHistory/HerlanBible_files image003.jpg
2004.09.16 01:32 A C:\AAAAA-MonroeCoSite\HerlanBible_files\image004.jpg --> helloworldblue.net /MonroeCoOhPeopleandHistory/HerlanBible_files image004.jpg
2004.09.16 01:32 A C:\AAAAA-MonroeCoSite\HerlanBible_files\image005.jpg --> helloworldblue.net /MonroeCoOhPeopleandHistory/HerlanBible_files image005.jpg
2004.09.16 01:32 A C:\AAAAA-MonroeCoSite\HerlanBible_files\image006.jpg --> helloworldblue.net /MonroeCoOhPeopleandHistory/HerlanBible_files image006.jpg
2004.09.16 01:32 A C:\AAAAA-MonroeCoSite\HerlanBible_files\WS_FTP.LOG --> helloworldblue.net /MonroeCoOhPeopleandHistory/HerlanBible_files WS_FTP.LOG
2004.10.10 00:06 B C:\AAAAA-MonCoHist_Gen\HerlanBible_files\filelist.xml --> users.freepages.rootsweb.com /history_html/HerlanBible_files filelist.xml
2004.10.10 00:06 B C:\AAAAA-MonCoHist_Gen\HerlanBible_files\image001.jpg --> users.freepages.rootsweb.com /history_html/HerlanBible_files image001.jpg
2004.10.10 00:06 B C:\AAAAA-MonCoHist_Gen\HerlanBible_files\image002.jpg --> users.freepages.rootsweb.com /history_html/HerlanBible_files image002.jpg
2004.10.10 00:06 B C:\AAAAA-MonCoHist_Gen\HerlanBible_files\image003.jpg --> users.freepages.rootsweb.com /history_html/HerlanBible_files image003.jpg
2004.10.10 00:06 B C:\AAAAA-MonCoHist_Gen\HerlanBible_files\image004.jpg --> users.freepages.rootsweb.com /history_html/HerlanBible_files image004.jpg
2004.10.10 00:06 B C:\AAAAA-MonCoHist_Gen\HerlanBible_files\image005.jpg --> users.freepages.rootsweb.com /history_html/HerlanBible_files image005.jpg
2004.10.10 00:06 B C:\AAAAA-MonCoHist_Gen\HerlanBible_files\image006.jpg --> users.freepages.rootsweb.com /history_html/HerlanBible_files image006.jpg
