2003.07.26 18:11 B C:\AAAAA-MonroeCoSite\1_RmSch_MC_files\filelist.xml --> users.rootsweb.com /home0023/ohmccogs/public_html/1_RmSch_MC_files filelist.xml
2003.07.26 18:12 B C:\AAAAA-MonroeCoSite\1_RmSch_MC_files\image001.jpg --> users.rootsweb.com /home0023/ohmccogs/public_html/1_RmSch_MC_files image001.jpg
2003.07.26 18:12 B C:\AAAAA-MonroeCoSite\1_RmSch_MC_files\image002.jpg --> users.rootsweb.com /home0023/ohmccogs/public_html/1_RmSch_MC_files image002.jpg
2003.07.26 18:12 B C:\AAAAA-MonroeCoSite\1_RmSch_MC_files\image003.jpg --> users.rootsweb.com /home0023/ohmccogs/public_html/1_RmSch_MC_files image003.jpg
2003.07.26 18:12 B C:\AAAAA-MonroeCoSite\1_RmSch_MC_files\image004.jpg --> users.rootsweb.com /home0023/ohmccogs/public_html/1_RmSch_MC_files image004.jpg
2003.07.26 18:12 B C:\AAAAA-MonroeCoSite\1_RmSch_MC_files\image005.jpg --> users.rootsweb.com /home0023/ohmccogs/public_html/1_RmSch_MC_files image005.jpg
2003.07.26 18:12 B C:\AAAAA-MonroeCoSite\1_RmSch_MC_files\image006.jpg --> users.rootsweb.com /home0023/ohmccogs/public_html/1_RmSch_MC_files image006.jpg
2003.07.26 18:12 B C:\AAAAA-MonroeCoSite\1_RmSch_MC_files\image007.jpg --> users.rootsweb.com /home0023/ohmccogs/public_html/1_RmSch_MC_files image007.jpg
2003.07.26 18:12 B C:\AAAAA-MonroeCoSite\1_RmSch_MC_files\image008.jpg --> users.rootsweb.com /home0023/ohmccogs/public_html/1_RmSch_MC_files image008.jpg
2003.07.26 18:12 B C:\AAAAA-MonroeCoSite\1_RmSch_MC_files\image009.jpg --> users.rootsweb.com /home0023/ohmccogs/public_html/1_RmSch_MC_files image009.jpg
2003.07.26 18:12 B C:\AAAAA-MonroeCoSite\1_RmSch_MC_files\image010.jpg --> users.rootsweb.com /home0023/ohmccogs/public_html/1_RmSch_MC_files image010.jpg
2003.07.26 18:12 B C:\AAAAA-MonroeCoSite\1_RmSch_MC_files\image011.jpg --> users.rootsweb.com /home0023/ohmccogs/public_html/1_RmSch_MC_files image011.jpg
2003.07.26 18:13 B C:\AAAAA-MonroeCoSite\1_RmSch_MC_files\image012.jpg --> users.rootsweb.com /home0023/ohmccogs/public_html/1_RmSch_MC_files image012.jpg
2003.07.26 18:13 B C:\AAAAA-MonroeCoSite\1_RmSch_MC_files\image013.jpg --> users.rootsweb.com /home0023/ohmccogs/public_html/1_RmSch_MC_files image013.jpg
2003.07.26 18:13 B C:\AAAAA-MonroeCoSite\1_RmSch_MC_files\image014.jpg --> users.rootsweb.com /home0023/ohmccogs/public_html/1_RmSch_MC_files image014.jpg
2003.07.26 18:13 B C:\AAAAA-MonroeCoSite\1_RmSch_MC_files\image015.jpg --> users.rootsweb.com /home0023/ohmccogs/public_html/1_RmSch_MC_files image015.jpg
2003.07.26 18:13 B C:\AAAAA-MonroeCoSite\1_RmSch_MC_files\image016.jpg --> users.rootsweb.com /home0023/ohmccogs/public_html/1_RmSch_MC_files image016.jpg
2003.07.26 18:13 B C:\AAAAA-MonroeCoSite\1_RmSch_MC_files\image017.jpg --> users.rootsweb.com /home0023/ohmccogs/public_html/1_RmSch_MC_files image017.jpg
2003.07.26 18:13 B C:\AAAAA-MonroeCoSite\1_RmSch_MC_files\image018.jpg --> users.rootsweb.com /home0023/ohmccogs/public_html/1_RmSch_MC_files image018.jpg
2003.07.26 18:13 B C:\AAAAA-MonroeCoSite\1_RmSch_MC_files\image019.jpg --> users.rootsweb.com /home0023/ohmccogs/public_html/1_RmSch_MC_files image019.jpg
2003.07.26 18:13 B C:\AAAAA-MonroeCoSite\1_RmSch_MC_files\image020.jpg --> users.rootsweb.com /home0023/ohmccogs/public_html/1_RmSch_MC_files image020.jpg
2003.07.26 18:13 B C:\AAAAA-MonroeCoSite\1_RmSch_MC_files\image021.jpg --> users.rootsweb.com /home0023/ohmccogs/public_html/1_RmSch_MC_files image021.jpg
2003.07.26 18:13 B C:\AAAAA-MonroeCoSite\1_RmSch_MC_files\image022.jpg --> users.rootsweb.com /home0023/ohmccogs/public_html/1_RmSch_MC_files image022.jpg
2003.07.28 19:07 B C:\AAAAA-MonroeCoSite\1_RmSch_MC_files\image022.jpg --> users.rootsweb.com /home0023/ohmccogs/public_html/1_RmSch_MC_files image022.jpg
2003.07.28 19:07 B C:\AAAAA-MonroeCoSite\1_RmSch_MC_files\image021.jpg --> users.rootsweb.com /home0023/ohmccogs/public_html/1_RmSch_MC_files image021.jpg
2003.07.28 19:07 B C:\AAAAA-MonroeCoSite\1_RmSch_MC_files\image020.jpg --> users.rootsweb.com /home0023/ohmccogs/public_html/1_RmSch_MC_files image020.jpg
2003.07.28 19:07 B C:\AAAAA-MonroeCoSite\1_RmSch_MC_files\image019.jpg --> users.rootsweb.com /home0023/ohmccogs/public_html/1_RmSch_MC_files image019.jpg
2003.07.28 19:07 B C:\AAAAA-MonroeCoSite\1_RmSch_MC_files\image018.jpg --> users.rootsweb.com /home0023/ohmccogs/public_html/1_RmSch_MC_files image018.jpg
2003.07.28 19:07 B C:\AAAAA-MonroeCoSite\1_RmSch_MC_files\image017.jpg --> users.rootsweb.com /home0023/ohmccogs/public_html/1_RmSch_MC_files image017.jpg
2003.07.28 19:07 B C:\AAAAA-MonroeCoSite\1_RmSch_MC_files\image016.jpg --> users.rootsweb.com /home0023/ohmccogs/public_html/1_RmSch_MC_files image016.jpg
2003.07.28 19:07 B C:\AAAAA-MonroeCoSite\1_RmSch_MC_files\image015.jpg --> users.rootsweb.com /home0023/ohmccogs/public_html/1_RmSch_MC_files image015.jpg
2003.07.28 19:07 B C:\AAAAA-MonroeCoSite\1_RmSch_MC_files\image014.jpg --> users.rootsweb.com /home0023/ohmccogs/public_html/1_RmSch_MC_files image014.jpg
2003.07.28 19:07 B C:\AAAAA-MonroeCoSite\1_RmSch_MC_files\image013.jpg --> users.rootsweb.com /home0023/ohmccogs/public_html/1_RmSch_MC_files image013.jpg
2003.07.28 19:07 B C:\AAAAA-MonroeCoSite\1_RmSch_MC_files\image012.jpg --> users.rootsweb.com /home0023/ohmccogs/public_html/1_RmSch_MC_files image012.jpg
2003.07.28 19:08 B C:\AAAAA-MonroeCoSite\1_RmSch_MC_files\image011.jpg --> users.rootsweb.com /home0023/ohmccogs/public_html/1_RmSch_MC_files image011.jpg
2003.07.28 19:08 B C:\AAAAA-MonroeCoSite\1_RmSch_MC_files\image010.jpg --> users.rootsweb.com /home0023/ohmccogs/public_html/1_RmSch_MC_files image010.jpg
2003.07.28 19:08 B C:\AAAAA-MonroeCoSite\1_RmSch_MC_files\image009.jpg --> users.rootsweb.com /home0023/ohmccogs/public_html/1_RmSch_MC_files image009.jpg
2003.07.28 19:08 B C:\AAAAA-MonroeCoSite\1_RmSch_MC_files\image008.jpg --> users.rootsweb.com /home0023/ohmccogs/public_html/1_RmSch_MC_files image008.jpg
2003.07.28 19:08 B C:\AAAAA-MonroeCoSite\1_RmSch_MC_files\image007.jpg --> users.rootsweb.com /home0023/ohmccogs/public_html/1_RmSch_MC_files image007.jpg
2003.07.28 19:08 B C:\AAAAA-MonroeCoSite\1_RmSch_MC_files\image006.jpg --> users.rootsweb.com /home0023/ohmccogs/public_html/1_RmSch_MC_files image006.jpg
2003.07.28 19:08 B C:\AAAAA-MonroeCoSite\1_RmSch_MC_files\image005.jpg --> users.rootsweb.com /home0023/ohmccogs/public_html/1_RmSch_MC_files image005.jpg
2003.07.28 19:08 B C:\AAAAA-MonroeCoSite\1_RmSch_MC_files\image004.jpg --> users.rootsweb.com /home0023/ohmccogs/public_html/1_RmSch_MC_files image004.jpg
2003.07.28 19:08 B C:\AAAAA-MonroeCoSite\1_RmSch_MC_files\image003.jpg --> users.rootsweb.com /home0023/ohmccogs/public_html/1_RmSch_MC_files image003.jpg
2003.07.28 19:08 B C:\AAAAA-MonroeCoSite\1_RmSch_MC_files\image002.jpg --> users.rootsweb.com /home0023/ohmccogs/public_html/1_RmSch_MC_files image002.jpg
2003.07.28 19:08 B C:\AAAAA-MonroeCoSite\1_RmSch_MC_files\image001.jpg --> users.rootsweb.com /home0023/ohmccogs/public_html/1_RmSch_MC_files image001.jpg
2003.07.28 19:08 B C:\AAAAA-MonroeCoSite\1_RmSch_MC_files\filelist.xml --> users.rootsweb.com /home0023/ohmccogs/public_html/1_RmSch_MC_files filelist.xml
2003.07.28 19:08 B C:\AAAAA-MonroeCoSite\1_RmSch_MC_files\WS_FTP.LOG --> users.rootsweb.com /home0023/ohmccogs/public_html/1_RmSch_MC_files WS_FTP.LOG
2004.09.15 14:26 B C:\AAAAA-MonroeCoSite\1_RmSch_MC_files\filelist.xml --> helloworldblue.net /MonroeCoOhPeopleandHistory/1_RmSch_MC_files filelist.xml
2004.09.15 14:26 B C:\AAAAA-MonroeCoSite\1_RmSch_MC_files\image001.jpg --> helloworldblue.net /MonroeCoOhPeopleandHistory/1_RmSch_MC_files image001.jpg
2004.09.15 14:26 B C:\AAAAA-MonroeCoSite\1_RmSch_MC_files\image002.jpg --> helloworldblue.net /MonroeCoOhPeopleandHistory/1_RmSch_MC_files image002.jpg
2004.09.15 14:26 B C:\AAAAA-MonroeCoSite\1_RmSch_MC_files\image003.jpg --> helloworldblue.net /MonroeCoOhPeopleandHistory/1_RmSch_MC_files image003.jpg
2004.09.15 14:26 B C:\AAAAA-MonroeCoSite\1_RmSch_MC_files\image004.jpg --> helloworldblue.net /MonroeCoOhPeopleandHistory/1_RmSch_MC_files image004.jpg
2004.09.15 14:26 B C:\AAAAA-MonroeCoSite\1_RmSch_MC_files\image005.jpg --> helloworldblue.net /MonroeCoOhPeopleandHistory/1_RmSch_MC_files image005.jpg
2004.09.15 14:26 B C:\AAAAA-MonroeCoSite\1_RmSch_MC_files\image006.jpg --> helloworldblue.net /MonroeCoOhPeopleandHistory/1_RmSch_MC_files image006.jpg
2004.09.15 14:26 B C:\AAAAA-MonroeCoSite\1_RmSch_MC_files\image007.jpg --> helloworldblue.net /MonroeCoOhPeopleandHistory/1_RmSch_MC_files image007.jpg
2004.09.15 14:26 B C:\AAAAA-MonroeCoSite\1_RmSch_MC_files\image008.jpg --> helloworldblue.net /MonroeCoOhPeopleandHistory/1_RmSch_MC_files image008.jpg
2004.09.15 14:26 B C:\AAAAA-MonroeCoSite\1_RmSch_MC_files\image009.jpg --> helloworldblue.net /MonroeCoOhPeopleandHistory/1_RmSch_MC_files image009.jpg
2004.09.15 14:26 B C:\AAAAA-MonroeCoSite\1_RmSch_MC_files\image010.jpg --> helloworldblue.net /MonroeCoOhPeopleandHistory/1_RmSch_MC_files image010.jpg
2004.09.15 14:26 B C:\AAAAA-MonroeCoSite\1_RmSch_MC_files\image011.jpg --> helloworldblue.net /MonroeCoOhPeopleandHistory/1_RmSch_MC_files image011.jpg
2004.09.15 14:26 B C:\AAAAA-MonroeCoSite\1_RmSch_MC_files\image012.jpg --> helloworldblue.net /MonroeCoOhPeopleandHistory/1_RmSch_MC_files image012.jpg
2004.09.15 14:26 B C:\AAAAA-MonroeCoSite\1_RmSch_MC_files\image013.jpg --> helloworldblue.net /MonroeCoOhPeopleandHistory/1_RmSch_MC_files image013.jpg
2004.09.15 14:26 B C:\AAAAA-MonroeCoSite\1_RmSch_MC_files\image014.jpg --> helloworldblue.net /MonroeCoOhPeopleandHistory/1_RmSch_MC_files image014.jpg
2004.09.15 14:26 B C:\AAAAA-MonroeCoSite\1_RmSch_MC_files\image015.jpg --> helloworldblue.net /MonroeCoOhPeopleandHistory/1_RmSch_MC_files image015.jpg
2004.09.15 14:26 B C:\AAAAA-MonroeCoSite\1_RmSch_MC_files\image016.jpg --> helloworldblue.net /MonroeCoOhPeopleandHistory/1_RmSch_MC_files image016.jpg
2004.09.15 14:26 B C:\AAAAA-MonroeCoSite\1_RmSch_MC_files\image017.jpg --> helloworldblue.net /MonroeCoOhPeopleandHistory/1_RmSch_MC_files image017.jpg
2004.09.15 14:26 B C:\AAAAA-MonroeCoSite\1_RmSch_MC_files\image018.jpg --> helloworldblue.net /MonroeCoOhPeopleandHistory/1_RmSch_MC_files image018.jpg
2004.09.15 14:26 B C:\AAAAA-MonroeCoSite\1_RmSch_MC_files\image019.jpg --> helloworldblue.net /MonroeCoOhPeopleandHistory/1_RmSch_MC_files image019.jpg
2004.09.15 14:26 B C:\AAAAA-MonroeCoSite\1_RmSch_MC_files\image020.jpg --> helloworldblue.net /MonroeCoOhPeopleandHistory/1_RmSch_MC_files image020.jpg
2004.09.15 14:26 B C:\AAAAA-MonroeCoSite\1_RmSch_MC_files\image021.jpg --> helloworldblue.net /MonroeCoOhPeopleandHistory/1_RmSch_MC_files image021.jpg
2004.09.15 14:26 B C:\AAAAA-MonroeCoSite\1_RmSch_MC_files\image022.jpg --> helloworldblue.net /MonroeCoOhPeopleandHistory/1_RmSch_MC_files image022.jpg
2004.09.15 14:26 B C:\AAAAA-MonroeCoSite\1_RmSch_MC_files\WS_FTP.LOG --> helloworldblue.net /MonroeCoOhPeopleandHistory/1_RmSch_MC_files WS_FTP.LOG
2004.10.09 23:19 B C:\AAAAA-MonCoHist_Gen\1_RmSch_MC_files\filelist.xml --> users.freepages.rootsweb.com /history_html/1_RmSch_MC_files filelist.xml
2004.10.09 23:19 B C:\AAAAA-MonCoHist_Gen\1_RmSch_MC_files\image001.jpg --> users.freepages.rootsweb.com /history_html/1_RmSch_MC_files image001.jpg
2004.10.09 23:19 B C:\AAAAA-MonCoHist_Gen\1_RmSch_MC_files\image002.jpg --> users.freepages.rootsweb.com /history_html/1_RmSch_MC_files image002.jpg
2004.10.09 23:19 B C:\AAAAA-MonCoHist_Gen\1_RmSch_MC_files\image003.jpg --> users.freepages.rootsweb.com /history_html/1_RmSch_MC_files image003.jpg
2004.10.09 23:19 B C:\AAAAA-MonCoHist_Gen\1_RmSch_MC_files\image004.jpg --> users.freepages.rootsweb.com /history_html/1_RmSch_MC_files image004.jpg
2004.10.09 23:19 B C:\AAAAA-MonCoHist_Gen\1_RmSch_MC_files\image005.jpg --> users.freepages.rootsweb.com /history_html/1_RmSch_MC_files image005.jpg
2004.10.09 23:19 B C:\AAAAA-MonCoHist_Gen\1_RmSch_MC_files\image006.jpg --> users.freepages.rootsweb.com /history_html/1_RmSch_MC_files image006.jpg
2004.10.09 23:19 B C:\AAAAA-MonCoHist_Gen\1_RmSch_MC_files\image007.jpg --> users.freepages.rootsweb.com /history_html/1_RmSch_MC_files image007.jpg
2004.10.09 23:19 B C:\AAAAA-MonCoHist_Gen\1_RmSch_MC_files\image008.jpg --> users.freepages.rootsweb.com /history_html/1_RmSch_MC_files image008.jpg
2004.10.09 23:19 B C:\AAAAA-MonCoHist_Gen\1_RmSch_MC_files\image009.jpg --> users.freepages.rootsweb.com /history_html/1_RmSch_MC_files image009.jpg
2004.10.09 23:19 B C:\AAAAA-MonCoHist_Gen\1_RmSch_MC_files\image010.jpg --> users.freepages.rootsweb.com /history_html/1_RmSch_MC_files image010.jpg
2004.10.09 23:19 B C:\AAAAA-MonCoHist_Gen\1_RmSch_MC_files\image011.jpg --> users.freepages.rootsweb.com /history_html/1_RmSch_MC_files image011.jpg
2004.10.09 23:19 B C:\AAAAA-MonCoHist_Gen\1_RmSch_MC_files\image012.jpg --> users.freepages.rootsweb.com /history_html/1_RmSch_MC_files image012.jpg
2004.10.09 23:19 B C:\AAAAA-MonCoHist_Gen\1_RmSch_MC_files\image013.jpg --> users.freepages.rootsweb.com /history_html/1_RmSch_MC_files image013.jpg
2004.10.09 23:19 B C:\AAAAA-MonCoHist_Gen\1_RmSch_MC_files\image014.jpg --> users.freepages.rootsweb.com /history_html/1_RmSch_MC_files image014.jpg
2004.10.09 23:19 B C:\AAAAA-MonCoHist_Gen\1_RmSch_MC_files\image015.jpg --> users.freepages.rootsweb.com /history_html/1_RmSch_MC_files image015.jpg
2004.10.09 23:19 B C:\AAAAA-MonCoHist_Gen\1_RmSch_MC_files\image016.jpg --> users.freepages.rootsweb.com /history_html/1_RmSch_MC_files image016.jpg
2004.10.09 23:19 B C:\AAAAA-MonCoHist_Gen\1_RmSch_MC_files\image017.jpg --> users.freepages.rootsweb.com /history_html/1_RmSch_MC_files image017.jpg
2004.10.09 23:19 B C:\AAAAA-MonCoHist_Gen\1_RmSch_MC_files\image018.jpg --> users.freepages.rootsweb.com /history_html/1_RmSch_MC_files image018.jpg
2004.10.09 23:19 B C:\AAAAA-MonCoHist_Gen\1_RmSch_MC_files\image019.jpg --> users.freepages.rootsweb.com /history_html/1_RmSch_MC_files image019.jpg
2004.10.09 23:19 B C:\AAAAA-MonCoHist_Gen\1_RmSch_MC_files\image020.jpg --> users.freepages.rootsweb.com /history_html/1_RmSch_MC_files image020.jpg
2004.10.09 23:19 B C:\AAAAA-MonCoHist_Gen\1_RmSch_MC_files\image021.jpg --> users.freepages.rootsweb.com /history_html/1_RmSch_MC_files image021.jpg
2004.10.09 23:19 B C:\AAAAA-MonCoHist_Gen\1_RmSch_MC_files\image022.jpg --> users.freepages.rootsweb.com /history_html/1_RmSch_MC_files image022.jpg
