2003.11.04 14:45 B C:\Dick_graphics\Tombstones\JohnCLatta_stone_files\filelist.xml --> helloworldblue.net /Tombstones/JohnCLatta_stone_files filelist.xml
2003.11.04 14:45 B C:\Dick_graphics\Tombstones\JohnCLatta_stone_files\image001.jpg --> helloworldblue.net /Tombstones/JohnCLatta_stone_files image001.jpg
2003.11.04 14:46 B C:\Dick_graphics\Tombstones\JohnCLatta_stone_files\image002.jpg --> helloworldblue.net /Tombstones/JohnCLatta_stone_files image002.jpg
2003.11.04 14:46 B C:\Dick_graphics\Tombstones\JohnCLatta_stone_files\image003.jpg --> helloworldblue.net /Tombstones/JohnCLatta_stone_files image003.jpg
2003.11.04 14:46 B C:\Dick_graphics\Tombstones\JohnCLatta_stone_files\image004.jpg --> helloworldblue.net /Tombstones/JohnCLatta_stone_files image004.jpg
2003.11.04 14:46 B C:\Dick_graphics\Tombstones\JohnCLatta_stone_files\image005.jpg --> helloworldblue.net /Tombstones/JohnCLatta_stone_files image005.jpg
2003.11.04 14:46 B C:\Dick_graphics\Tombstones\JohnCLatta_stone_files\image006.jpg --> helloworldblue.net /Tombstones/JohnCLatta_stone_files image006.jpg
2004.09.15 16:50 B C:\AAAAA-MonroeCoSite\JohnCLatta_stone_files\filelist.xml --> helloworldblue.net /JohnCLatta_stone_files filelist.xml
2004.09.15 16:50 B C:\AAAAA-MonroeCoSite\JohnCLatta_stone_files\image001.jpg --> helloworldblue.net /JohnCLatta_stone_files image001.jpg
2004.09.15 16:50 B C:\AAAAA-MonroeCoSite\JohnCLatta_stone_files\image002.jpg --> helloworldblue.net /JohnCLatta_stone_files image002.jpg
2004.09.15 16:50 B C:\AAAAA-MonroeCoSite\JohnCLatta_stone_files\image003.jpg --> helloworldblue.net /JohnCLatta_stone_files image003.jpg
2004.09.15 16:50 B C:\AAAAA-MonroeCoSite\JohnCLatta_stone_files\image004.jpg --> helloworldblue.net /JohnCLatta_stone_files image004.jpg
2004.09.15 16:50 B C:\AAAAA-MonroeCoSite\JohnCLatta_stone_files\image005.jpg --> helloworldblue.net /JohnCLatta_stone_files image005.jpg
2004.09.15 16:50 B C:\AAAAA-MonroeCoSite\JohnCLatta_stone_files\image006.jpg --> helloworldblue.net /JohnCLatta_stone_files image006.jpg
2004.09.15 16:50 B C:\AAAAA-MonroeCoSite\JohnCLatta_stone_files\WS_FTP.LOG --> helloworldblue.net /JohnCLatta_stone_files WS_FTP.LOG
2004.09.16 01:36 A C:\AAAAA-MonroeCoSite\JohnCLatta_stone_files\filelist.xml --> helloworldblue.net /MonroeCoOhPeopleandHistory/JohnCLatta_stone_files filelist.xml
2004.09.16 01:36 A C:\AAAAA-MonroeCoSite\JohnCLatta_stone_files\image001.jpg --> helloworldblue.net /MonroeCoOhPeopleandHistory/JohnCLatta_stone_files image001.jpg
2004.09.16 01:37 A C:\AAAAA-MonroeCoSite\JohnCLatta_stone_files\image002.jpg --> helloworldblue.net /MonroeCoOhPeopleandHistory/JohnCLatta_stone_files image002.jpg
2004.09.16 01:37 A C:\AAAAA-MonroeCoSite\JohnCLatta_stone_files\image003.jpg --> helloworldblue.net /MonroeCoOhPeopleandHistory/JohnCLatta_stone_files image003.jpg
2004.09.16 01:37 A C:\AAAAA-MonroeCoSite\JohnCLatta_stone_files\image004.jpg --> helloworldblue.net /MonroeCoOhPeopleandHistory/JohnCLatta_stone_files image004.jpg
2004.09.16 01:37 A C:\AAAAA-MonroeCoSite\JohnCLatta_stone_files\image005.jpg --> helloworldblue.net /MonroeCoOhPeopleandHistory/JohnCLatta_stone_files image005.jpg
2004.09.16 01:37 A C:\AAAAA-MonroeCoSite\JohnCLatta_stone_files\image006.jpg --> helloworldblue.net /MonroeCoOhPeopleandHistory/JohnCLatta_stone_files image006.jpg
2004.09.16 01:37 A C:\AAAAA-MonroeCoSite\JohnCLatta_stone_files\WS_FTP.LOG --> helloworldblue.net /MonroeCoOhPeopleandHistory/JohnCLatta_stone_files WS_FTP.LOG
2004.10.10 00:14 B C:\AAAAA-MonCoHist_Gen\JohnCLatta_stone_files\filelist.xml --> users.freepages.rootsweb.com /history_html/JohnCLatta_stone_files filelist.xml
2004.10.10 00:14 B C:\AAAAA-MonCoHist_Gen\JohnCLatta_stone_files\image001.jpg --> users.freepages.rootsweb.com /history_html/JohnCLatta_stone_files image001.jpg
2004.10.10 00:14 B C:\AAAAA-MonCoHist_Gen\JohnCLatta_stone_files\image002.jpg --> users.freepages.rootsweb.com /history_html/JohnCLatta_stone_files image002.jpg
2004.10.10 00:14 B C:\AAAAA-MonCoHist_Gen\JohnCLatta_stone_files\image003.jpg --> users.freepages.rootsweb.com /history_html/JohnCLatta_stone_files image003.jpg
2004.10.10 00:14 B C:\AAAAA-MonCoHist_Gen\JohnCLatta_stone_files\image004.jpg --> users.freepages.rootsweb.com /history_html/JohnCLatta_stone_files image004.jpg
2004.10.10 00:14 B C:\AAAAA-MonCoHist_Gen\JohnCLatta_stone_files\image005.jpg --> users.freepages.rootsweb.com /history_html/JohnCLatta_stone_files image005.jpg
2004.10.10 00:14 B C:\AAAAA-MonCoHist_Gen\JohnCLatta_stone_files\image006.jpg --> users.freepages.rootsweb.com /history_html/JohnCLatta_stone_files image006.jpg
