2003.02.11 15:54 B C:\AAAAA-MonroeCoSite\Lewisville_Band_files\filelist.xml --> users.rootsweb.com /home0023/ohmccogs/public_html/Lewisville_Band_files filelist.xml
2003.02.11 15:55 B C:\AAAAA-MonroeCoSite\Lewisville_Band_files\image001.jpg --> users.rootsweb.com /home0023/ohmccogs/public_html/Lewisville_Band_files image001.jpg
2003.02.11 15:55 B C:\AAAAA-MonroeCoSite\Lewisville_Band_files\image002.jpg --> users.rootsweb.com /home0023/ohmccogs/public_html/Lewisville_Band_files image002.jpg
2003.02.12 00:07 B C:\AAAAA-MonroeCoSite\Lewisville_Band_files\filelist.xml --> users.rootsweb.com /home0023/ohmccogs/Lewisville_Band_files filelist.xml
2003.02.12 00:08 B C:\AAAAA-MonroeCoSite\Lewisville_Band_files\image001.jpg --> users.rootsweb.com /home0023/ohmccogs/Lewisville_Band_files image001.jpg
2003.02.12 00:08 B C:\AAAAA-MonroeCoSite\Lewisville_Band_files\image002.jpg --> users.rootsweb.com /home0023/ohmccogs/Lewisville_Band_files image002.jpg
2003.02.12 00:08 B C:\AAAAA-MonroeCoSite\Lewisville_Band_files\WS_FTP.LOG --> users.rootsweb.com /home0023/ohmccogs/Lewisville_Band_files WS_FTP.LOG
2003.02.12 00:21 B C:\AAAAA-MonroeCoSite\Lewisville_Band_files\filelist.xml --> users.rootsweb.com /home0023/ohmccogs/public_html/Lewisville_Band_files filelist.xml
2003.02.12 00:22 B C:\AAAAA-MonroeCoSite\Lewisville_Band_files\image001.jpg --> users.rootsweb.com /home0023/ohmccogs/public_html/Lewisville_Band_files image001.jpg
2003.02.12 00:22 B C:\AAAAA-MonroeCoSite\Lewisville_Band_files\image002.jpg --> users.rootsweb.com /home0023/ohmccogs/public_html/Lewisville_Band_files image002.jpg
2003.02.12 00:22 B C:\AAAAA-MonroeCoSite\Lewisville_Band_files\WS_FTP.LOG --> users.rootsweb.com /home0023/ohmccogs/public_html/Lewisville_Band_files WS_FTP.LOG
2003.03.05 20:06 B C:\AAAAA-MonroeCoSite\Lewisville_Band_files\filelist.xml --> users.rootsweb.com /home0023/ohmccogs/public_html/Lewisville_Band_files filelist.xml
2003.03.05 20:06 B C:\AAAAA-MonroeCoSite\Lewisville_Band_files\image001.jpg --> users.rootsweb.com /home0023/ohmccogs/public_html/Lewisville_Band_files image001.jpg
2003.03.05 20:06 B C:\AAAAA-MonroeCoSite\Lewisville_Band_files\image002.jpg --> users.rootsweb.com /home0023/ohmccogs/public_html/Lewisville_Band_files image002.jpg
2003.03.05 20:06 B C:\AAAAA-MonroeCoSite\Lewisville_Band_files\WS_FTP.LOG --> users.rootsweb.com /home0023/ohmccogs/public_html/Lewisville_Band_files WS_FTP.LOG
2003.03.19 22:57 B C:\AAAAA-MonroeCoSite_Overflow\Lewisville_Band_files\filelist.xml --> helloworldblue.net /web/MCCofOGS/Lewisville_Band_files filelist.xml
2003.03.19 22:57 B C:\AAAAA-MonroeCoSite_Overflow\Lewisville_Band_files\image001.jpg --> helloworldblue.net /web/MCCofOGS/Lewisville_Band_files image001.jpg
2003.03.19 22:57 B C:\AAAAA-MonroeCoSite_Overflow\Lewisville_Band_files\image002.jpg --> helloworldblue.net /web/MCCofOGS/Lewisville_Band_files image002.jpg
2003.03.19 22:57 B C:\AAAAA-MonroeCoSite_Overflow\Lewisville_Band_files\WS_FTP.LOG --> helloworldblue.net /web/MCCofOGS/Lewisville_Band_files WS_FTP.LOG
2004.09.15 17:00 B C:\AAAAA-MonroeCoSite\Lewisville_Band_files\filelist.xml --> helloworldblue.net /Lewisville_Band_files filelist.xml
2004.09.15 17:01 B C:\AAAAA-MonroeCoSite\Lewisville_Band_files\image001.jpg --> helloworldblue.net /Lewisville_Band_files image001.jpg
2004.09.15 17:01 B C:\AAAAA-MonroeCoSite\Lewisville_Band_files\image002.jpg --> helloworldblue.net /Lewisville_Band_files image002.jpg
2004.09.15 17:01 B C:\AAAAA-MonroeCoSite\Lewisville_Band_files\WS_FTP.LOG --> helloworldblue.net /Lewisville_Band_files WS_FTP.LOG
2004.09.16 01:42 A C:\AAAAA-MonroeCoSite\Lewisville_Band_files\filelist.xml --> helloworldblue.net /MonroeCoOhPeopleandHistory/Lewisville_Band_files filelist.xml
2004.09.16 01:42 A C:\AAAAA-MonroeCoSite\Lewisville_Band_files\image001.jpg --> helloworldblue.net /MonroeCoOhPeopleandHistory/Lewisville_Band_files image001.jpg
2004.09.16 01:42 A C:\AAAAA-MonroeCoSite\Lewisville_Band_files\image002.jpg --> helloworldblue.net /MonroeCoOhPeopleandHistory/Lewisville_Band_files image002.jpg
2004.09.16 01:42 A C:\AAAAA-MonroeCoSite\Lewisville_Band_files\WS_FTP.LOG --> helloworldblue.net /MonroeCoOhPeopleandHistory/Lewisville_Band_files WS_FTP.LOG
2004.10.10 00:24 B C:\AAAAA-MonCoHist_Gen\Lewisville_Band_files\filelist.xml --> users.freepages.rootsweb.com /history_html/Lewisville_Band_files filelist.xml
2004.10.10 00:24 B C:\AAAAA-MonCoHist_Gen\Lewisville_Band_files\image001.jpg --> users.freepages.rootsweb.com /history_html/Lewisville_Band_files image001.jpg
2004.10.10 00:24 B C:\AAAAA-MonCoHist_Gen\Lewisville_Band_files\image002.jpg --> users.freepages.rootsweb.com /history_html/Lewisville_Band_files image002.jpg
