2003.11.05 22:26 B C:\Dick_graphics\Atkinson-Pioneer_Cemetery\AtkinsonPCem_stones_files\filelist.xml --> helloworldblue.net /AtkinsonPioneer Cemetery/AtkinsonPCem_stones_files filelist.xml
2003.11.05 22:26 B C:\Dick_graphics\Atkinson-Pioneer_Cemetery\AtkinsonPCem_stones_files\image001.jpg --> helloworldblue.net /AtkinsonPioneer Cemetery/AtkinsonPCem_stones_files image001.jpg
2003.11.05 22:26 B C:\Dick_graphics\Atkinson-Pioneer_Cemetery\AtkinsonPCem_stones_files\image002.jpg --> helloworldblue.net /AtkinsonPioneer Cemetery/AtkinsonPCem_stones_files image002.jpg
2003.11.05 22:49 B C:\Dick_graphics\Atkinson-Pioneer_Cemetery\AtkinsonPCem_stones_files\filelist.xml --> helloworldblue.net /Atkinson-Pioneer_Cemetery/AtkinsonPCem_stones_files filelist.xml
2003.11.05 22:49 B C:\Dick_graphics\Atkinson-Pioneer_Cemetery\AtkinsonPCem_stones_files\image001.jpg --> helloworldblue.net /Atkinson-Pioneer_Cemetery/AtkinsonPCem_stones_files image001.jpg
2003.11.05 22:50 B C:\Dick_graphics\Atkinson-Pioneer_Cemetery\AtkinsonPCem_stones_files\image002.jpg --> helloworldblue.net /Atkinson-Pioneer_Cemetery/AtkinsonPCem_stones_files image002.jpg
2003.11.05 22:50 B C:\Dick_graphics\Atkinson-Pioneer_Cemetery\AtkinsonPCem_stones_files\WS_FTP.LOG --> helloworldblue.net /Atkinson-Pioneer_Cemetery/AtkinsonPCem_stones_files WS_FTP.LOG
2004.12.03 21:20 B c:\Dick_graphics\Atkinson-Pioneer_Cemetery\AtkinsonPCem_stones_files\filelist.xml --> helloworldblue.net /Atkinson-Pioneer Cemetery/AtkinsonPCem_stones_files filelist.xml
2004.12.03 21:20 B c:\Dick_graphics\Atkinson-Pioneer_Cemetery\AtkinsonPCem_stones_files\image001.jpg --> helloworldblue.net /Atkinson-Pioneer Cemetery/AtkinsonPCem_stones_files image001.jpg
2004.12.03 21:20 B c:\Dick_graphics\Atkinson-Pioneer_Cemetery\AtkinsonPCem_stones_files\image002.jpg --> helloworldblue.net /Atkinson-Pioneer Cemetery/AtkinsonPCem_stones_files image002.jpg
2004.12.03 21:20 B c:\Dick_graphics\Atkinson-Pioneer_Cemetery\AtkinsonPCem_stones_files\Thumbs.db --> helloworldblue.net /Atkinson-Pioneer Cemetery/AtkinsonPCem_stones_files Thumbs.db
2004.12.03 21:20 B c:\Dick_graphics\Atkinson-Pioneer_Cemetery\AtkinsonPCem_stones_files\WS_FTP.LOG --> helloworldblue.net /Atkinson-Pioneer Cemetery/AtkinsonPCem_stones_files WS_FTP.LOG
2004.12.03 21:30 B c:\Dick_graphics\Atkinson-Pioneer_Cemetery\AtkinsonPCem_stones_files\filelist.xml --> helloworldblue.net /AtkinsonPioneerCemetery/AtkinsonPCem_stones_files filelist.xml
2004.12.03 21:30 B c:\Dick_graphics\Atkinson-Pioneer_Cemetery\AtkinsonPCem_stones_files\image001.jpg --> helloworldblue.net /AtkinsonPioneerCemetery/AtkinsonPCem_stones_files image001.jpg
2004.12.03 21:31 B c:\Dick_graphics\Atkinson-Pioneer_Cemetery\AtkinsonPCem_stones_files\image002.jpg --> helloworldblue.net /AtkinsonPioneerCemetery/AtkinsonPCem_stones_files image002.jpg
2004.12.03 21:31 B c:\Dick_graphics\Atkinson-Pioneer_Cemetery\AtkinsonPCem_stones_files\Thumbs.db --> helloworldblue.net /AtkinsonPioneerCemetery/AtkinsonPCem_stones_files Thumbs.db
2004.12.03 21:31 B c:\Dick_graphics\Atkinson-Pioneer_Cemetery\AtkinsonPCem_stones_files\WS_FTP.LOG --> helloworldblue.net /AtkinsonPioneerCemetery/AtkinsonPCem_stones_files WS_FTP.LOG
2004.12.03 22:00 B C:\AAAAA-MonCoHist_Gen\AtkinsonPCem_stones_files\filelist.xml --> users.freepages.rootsweb.com /history_html/AtkinsonPCem_stones_files filelist.xml
2004.12.03 22:00 B C:\AAAAA-MonCoHist_Gen\AtkinsonPCem_stones_files\image001.jpg --> users.freepages.rootsweb.com /history_html/AtkinsonPCem_stones_files image001.jpg
2004.12.03 22:00 B C:\AAAAA-MonCoHist_Gen\AtkinsonPCem_stones_files\image002.jpg --> users.freepages.rootsweb.com /history_html/AtkinsonPCem_stones_files image002.jpg
2004.12.03 22:00 B C:\AAAAA-MonCoHist_Gen\AtkinsonPCem_stones_files\Thumbs.db --> users.freepages.rootsweb.com /history_html/AtkinsonPCem_stones_files Thumbs.db
2004.12.03 22:00 B C:\AAAAA-MonCoHist_Gen\AtkinsonPCem_stones_files\WS_FTP.LOG --> users.freepages.rootsweb.com /history_html/AtkinsonPCem_stones_files WS_FTP.LOG
