2003.03.09 23:05 B C:\AAAAA-MonroeCoSite\AnnaWeberKids1946_files\filelist.xml --> users.rootsweb.com /home0023/ohmccogs/public_html/AnnaWeberKids1946_files filelist.xml
2003.03.09 23:05 B C:\AAAAA-MonroeCoSite\AnnaWeberKids1946_files\image001.jpg --> users.rootsweb.com /home0023/ohmccogs/public_html/AnnaWeberKids1946_files image001.jpg
2003.03.09 23:05 B C:\AAAAA-MonroeCoSite\AnnaWeberKids1946_files\image002.jpg --> users.rootsweb.com /home0023/ohmccogs/public_html/AnnaWeberKids1946_files image002.jpg
2003.03.11 08:46 B C:\AAAAA-MonroeCoSite\AnnaWeberKids1946_files\filelist.xml --> users.rootsweb.com /home0023/ohmccogs/public_html/AnnaWeberKids1946_files filelist.xml
2003.03.11 08:46 B C:\AAAAA-MonroeCoSite\AnnaWeberKids1946_files\image001.jpg --> users.rootsweb.com /home0023/ohmccogs/public_html/AnnaWeberKids1946_files image001.jpg
2003.03.11 08:46 B C:\AAAAA-MonroeCoSite\AnnaWeberKids1946_files\image002.jpg --> users.rootsweb.com /home0023/ohmccogs/public_html/AnnaWeberKids1946_files image002.jpg
2003.03.11 08:46 B C:\AAAAA-MonroeCoSite\AnnaWeberKids1946_files\WS_FTP.LOG --> users.rootsweb.com /home0023/ohmccogs/public_html/AnnaWeberKids1946_files WS_FTP.LOG
2003.03.19 21:33 B C:\AAAAA-MonroeCoSite\AnnaWeberKids1946_files\filelist.xml --> helloworldblue.net /web/MCCofOGS/AnnaWeberKids1946_files filelist.xml
2003.03.19 21:33 B C:\AAAAA-MonroeCoSite\AnnaWeberKids1946_files\image001.jpg --> helloworldblue.net /web/MCCofOGS/AnnaWeberKids1946_files image001.jpg
2003.03.19 21:33 B C:\AAAAA-MonroeCoSite\AnnaWeberKids1946_files\image002.jpg --> helloworldblue.net /web/MCCofOGS/AnnaWeberKids1946_files image002.jpg
2003.03.19 21:33 B C:\AAAAA-MonroeCoSite\AnnaWeberKids1946_files\WS_FTP.LOG --> helloworldblue.net /web/MCCofOGS/AnnaWeberKids1946_files WS_FTP.LOG
2004.09.15 16:13 B C:\AAAAA-MonroeCoSite\AnnaWeberKids1946_files\filelist.xml --> helloworldblue.net /AnnaWeberKids1946_files filelist.xml
2004.09.15 16:13 B C:\AAAAA-MonroeCoSite\AnnaWeberKids1946_files\image001.jpg --> helloworldblue.net /AnnaWeberKids1946_files image001.jpg
2004.09.15 16:13 B C:\AAAAA-MonroeCoSite\AnnaWeberKids1946_files\image002.jpg --> helloworldblue.net /AnnaWeberKids1946_files image002.jpg
2004.09.15 16:13 B C:\AAAAA-MonroeCoSite\AnnaWeberKids1946_files\WS_FTP.LOG --> helloworldblue.net /AnnaWeberKids1946_files WS_FTP.LOG
2004.09.16 01:13 A C:\AAAAA-MonroeCoSite\AnnaWeberKids1946_files\filelist.xml --> helloworldblue.net /MonroeCoOhPeopleandHistory/AnnaWeberKids1946_files filelist.xml
2004.09.16 01:13 A C:\AAAAA-MonroeCoSite\AnnaWeberKids1946_files\image001.jpg --> helloworldblue.net /MonroeCoOhPeopleandHistory/AnnaWeberKids1946_files image001.jpg
2004.09.16 01:13 A C:\AAAAA-MonroeCoSite\AnnaWeberKids1946_files\image002.jpg --> helloworldblue.net /MonroeCoOhPeopleandHistory/AnnaWeberKids1946_files image002.jpg
2004.09.16 01:13 A C:\AAAAA-MonroeCoSite\AnnaWeberKids1946_files\WS_FTP.LOG --> helloworldblue.net /MonroeCoOhPeopleandHistory/AnnaWeberKids1946_files WS_FTP.LOG
2004.10.09 23:24 B C:\AAAAA-MonCoHist_Gen\AnnaWeberKids1946_files\filelist.xml --> users.freepages.rootsweb.com /history_html/AnnaWeberKids1946_files filelist.xml
2004.10.09 23:24 B C:\AAAAA-MonCoHist_Gen\AnnaWeberKids1946_files\image001.jpg --> users.freepages.rootsweb.com /history_html/AnnaWeberKids1946_files image001.jpg
2004.10.09 23:24 B C:\AAAAA-MonCoHist_Gen\AnnaWeberKids1946_files\image002.jpg --> users.freepages.rootsweb.com /history_html/AnnaWeberKids1946_files image002.jpg
