2003.05.24 22:11 B C:\AAAAA-MonroeCoSite\DWLatta_Drawing_L_files\filelist.xml --> users.rootsweb.com /home0023/ohmccogs/DWLatta_Drawing_L_files filelist.xml
2003.05.24 22:11 B C:\AAAAA-MonroeCoSite\DWLatta_Drawing_L_files\image001.jpg --> users.rootsweb.com /home0023/ohmccogs/DWLatta_Drawing_L_files image001.jpg
2003.05.24 22:11 B C:\AAAAA-MonroeCoSite\DWLatta_Drawing_L_files\image002.jpg --> users.rootsweb.com /home0023/ohmccogs/DWLatta_Drawing_L_files image002.jpg
2003.05.24 22:16 B C:\AAAAA-MonroeCoSite\DWLatta_Drawing_L_files\filelist.xml --> users.rootsweb.com /home0023/ohmccogs/public_html/DWLatta_Drawing_L_files filelist.xml
2003.05.24 22:16 B C:\AAAAA-MonroeCoSite\DWLatta_Drawing_L_files\image001.jpg --> users.rootsweb.com /home0023/ohmccogs/public_html/DWLatta_Drawing_L_files image001.jpg
2003.05.24 22:16 B C:\AAAAA-MonroeCoSite\DWLatta_Drawing_L_files\image002.jpg --> users.rootsweb.com /home0023/ohmccogs/public_html/DWLatta_Drawing_L_files image002.jpg
2003.05.24 22:16 B C:\AAAAA-MonroeCoSite\DWLatta_Drawing_L_files\WS_FTP.LOG --> users.rootsweb.com /home0023/ohmccogs/public_html/DWLatta_Drawing_L_files WS_FTP.LOG
2003.05.25 17:48 B C:\AAAAA-MonroeCoSite\DWLatta_Drawing_L_files\filelist.xml --> users.rootsweb.com /home0023/ohmccogs/public_html/DWLatta_Drawing_L_files filelist.xml
2003.05.25 17:49 B C:\AAAAA-MonroeCoSite\DWLatta_Drawing_L_files\image001.jpg --> users.rootsweb.com /home0023/ohmccogs/public_html/DWLatta_Drawing_L_files image001.jpg
2003.05.25 17:49 B C:\AAAAA-MonroeCoSite\DWLatta_Drawing_L_files\image002.jpg --> users.rootsweb.com /home0023/ohmccogs/public_html/DWLatta_Drawing_L_files image002.jpg
2003.05.25 17:49 B C:\AAAAA-MonroeCoSite\DWLatta_Drawing_L_files\WS_FTP.LOG --> users.rootsweb.com /home0023/ohmccogs/public_html/DWLatta_Drawing_L_files WS_FTP.LOG
2004.09.15 16:33 B C:\AAAAA-MonroeCoSite\DWLatta_Drawing_L_files\filelist.xml --> helloworldblue.net /DWLatta_Drawing_L_files filelist.xml
2004.09.15 16:33 B C:\AAAAA-MonroeCoSite\DWLatta_Drawing_L_files\image001.jpg --> helloworldblue.net /DWLatta_Drawing_L_files image001.jpg
2004.09.15 16:33 B C:\AAAAA-MonroeCoSite\DWLatta_Drawing_L_files\image002.jpg --> helloworldblue.net /DWLatta_Drawing_L_files image002.jpg
2004.09.15 16:33 B C:\AAAAA-MonroeCoSite\DWLatta_Drawing_L_files\WS_FTP.LOG --> helloworldblue.net /DWLatta_Drawing_L_files WS_FTP.LOG
2004.09.16 01:26 A C:\AAAAA-MonroeCoSite\DWLatta_Drawing_L_files\filelist.xml --> helloworldblue.net /MonroeCoOhPeopleandHistory/DWLatta_Drawing_L_files filelist.xml
2004.09.16 01:26 A C:\AAAAA-MonroeCoSite\DWLatta_Drawing_L_files\image001.jpg --> helloworldblue.net /MonroeCoOhPeopleandHistory/DWLatta_Drawing_L_files image001.jpg
2004.09.16 01:26 A C:\AAAAA-MonroeCoSite\DWLatta_Drawing_L_files\image002.jpg --> helloworldblue.net /MonroeCoOhPeopleandHistory/DWLatta_Drawing_L_files image002.jpg
2004.09.16 01:26 A C:\AAAAA-MonroeCoSite\DWLatta_Drawing_L_files\WS_FTP.LOG --> helloworldblue.net /MonroeCoOhPeopleandHistory/DWLatta_Drawing_L_files WS_FTP.LOG
2004.10.09 23:48 B C:\AAAAA-MonCoHist_Gen\DWLatta_Drawing_L_files\filelist.xml --> users.freepages.rootsweb.com /history_html/DWLatta_Drawing_L_files filelist.xml
2004.10.09 23:48 B C:\AAAAA-MonCoHist_Gen\DWLatta_Drawing_L_files\image001.jpg --> users.freepages.rootsweb.com /history_html/DWLatta_Drawing_L_files image001.jpg
2004.10.09 23:48 B C:\AAAAA-MonCoHist_Gen\DWLatta_Drawing_L_files\image002.jpg --> users.freepages.rootsweb.com /history_html/DWLatta_Drawing_L_files image002.jpg
