2003.03.09 22:46 B C:\AAAAA-MonroeCoSite\ViolaWeber1922_files\filelist.xml --> users.rootsweb.com /home0023/ohmccogs/public_html/ViolaWeber1922_files filelist.xml
2003.03.09 22:46 B C:\AAAAA-MonroeCoSite\ViolaWeber1922_files\image001.jpg --> users.rootsweb.com /home0023/ohmccogs/public_html/ViolaWeber1922_files image001.jpg
2003.03.09 22:46 B C:\AAAAA-MonroeCoSite\ViolaWeber1922_files\image002.jpg --> users.rootsweb.com /home0023/ohmccogs/public_html/ViolaWeber1922_files image002.jpg
2003.03.11 08:53 B C:\AAAAA-MonroeCoSite\ViolaWeber1922_files\filelist.xml --> users.rootsweb.com /home0023/ohmccogs/public_html/ViolaWeber1922_files filelist.xml
2003.03.11 08:53 B C:\AAAAA-MonroeCoSite\ViolaWeber1922_files\image001.jpg --> users.rootsweb.com /home0023/ohmccogs/public_html/ViolaWeber1922_files image001.jpg
2003.03.11 08:53 B C:\AAAAA-MonroeCoSite\ViolaWeber1922_files\image002.jpg --> users.rootsweb.com /home0023/ohmccogs/public_html/ViolaWeber1922_files image002.jpg
2003.03.11 08:53 B C:\AAAAA-MonroeCoSite\ViolaWeber1922_files\WS_FTP.LOG --> users.rootsweb.com /home0023/ohmccogs/public_html/ViolaWeber1922_files WS_FTP.LOG
2003.03.19 22:38 B C:\AAAAA-MonroeCoSite\ViolaWeber1922_files\filelist.xml --> helloworldblue.net /web/MCCofOGS/ViolaWeber1922_files filelist.xml
2003.03.19 22:38 B C:\AAAAA-MonroeCoSite\ViolaWeber1922_files\image001.jpg --> helloworldblue.net /web/MCCofOGS/ViolaWeber1922_files image001.jpg
2003.03.19 22:38 B C:\AAAAA-MonroeCoSite\ViolaWeber1922_files\image002.jpg --> helloworldblue.net /web/MCCofOGS/ViolaWeber1922_files image002.jpg
2003.03.19 22:38 B C:\AAAAA-MonroeCoSite\ViolaWeber1922_files\WS_FTP.LOG --> helloworldblue.net /web/MCCofOGS/ViolaWeber1922_files WS_FTP.LOG
2004.09.15 17:58 B C:\AAAAA-MonroeCoSite\ViolaWeber1922_files\filelist.xml --> helloworldblue.net /ViolaWeber1922_files filelist.xml
2004.09.15 17:58 B C:\AAAAA-MonroeCoSite\ViolaWeber1922_files\image001.jpg --> helloworldblue.net /ViolaWeber1922_files image001.jpg
2004.09.15 17:58 B C:\AAAAA-MonroeCoSite\ViolaWeber1922_files\image002.jpg --> helloworldblue.net /ViolaWeber1922_files image002.jpg
2004.09.15 17:58 B C:\AAAAA-MonroeCoSite\ViolaWeber1922_files\WS_FTP.LOG --> helloworldblue.net /ViolaWeber1922_files WS_FTP.LOG
2004.09.16 02:13 A C:\AAAAA-MonroeCoSite\ViolaWeber1922_files\filelist.xml --> helloworldblue.net /MonroeCoOhPeopleandHistory/ViolaWeber1922_files filelist.xml
2004.09.16 02:13 A C:\AAAAA-MonroeCoSite\ViolaWeber1922_files\image001.jpg --> helloworldblue.net /MonroeCoOhPeopleandHistory/ViolaWeber1922_files image001.jpg
2004.09.16 02:13 A C:\AAAAA-MonroeCoSite\ViolaWeber1922_files\image002.jpg --> helloworldblue.net /MonroeCoOhPeopleandHistory/ViolaWeber1922_files image002.jpg
2004.09.16 02:13 A C:\AAAAA-MonroeCoSite\ViolaWeber1922_files\WS_FTP.LOG --> helloworldblue.net /MonroeCoOhPeopleandHistory/ViolaWeber1922_files WS_FTP.LOG
2004.10.10 01:27 B C:\AAAAA-MonCoHist_Gen\ViolaWeber1922_files\filelist.xml --> users.freepages.rootsweb.com /history_html/ViolaWeber1922_files filelist.xml
2004.10.10 01:27 B C:\AAAAA-MonCoHist_Gen\ViolaWeber1922_files\image001.jpg --> users.freepages.rootsweb.com /history_html/ViolaWeber1922_files image001.jpg
2004.10.10 01:27 B C:\AAAAA-MonCoHist_Gen\ViolaWeber1922_files\image002.jpg --> users.freepages.rootsweb.com /history_html/ViolaWeber1922_files image002.jpg
