2003.04.09 10:05 B C:\AAAAA-MonroeCoSite\GeoLChristman_files\filelist.xml --> users.rootsweb.com /home0023/ohmccogs/public_html/GeoLChristman_files filelist.xml
2003.04.09 10:06 B C:\AAAAA-MonroeCoSite\GeoLChristman_files\image001.jpg --> users.rootsweb.com /home0023/ohmccogs/public_html/GeoLChristman_files image001.jpg
2003.04.09 10:06 B C:\AAAAA-MonroeCoSite\GeoLChristman_files\image002.jpg --> users.rootsweb.com /home0023/ohmccogs/public_html/GeoLChristman_files image002.jpg
2003.04.09 17:09 B C:\AAAAA-MonroeCoSite\GeoLChristman_files\filelist.xml --> users.rootsweb.com /home0023/ohmccogs/public_html/GeoLChristman_files filelist.xml
2003.04.09 17:09 B C:\AAAAA-MonroeCoSite\GeoLChristman_files\image001.jpg --> users.rootsweb.com /home0023/ohmccogs/public_html/GeoLChristman_files image001.jpg
2003.04.09 17:10 B C:\AAAAA-MonroeCoSite\GeoLChristman_files\image002.jpg --> users.rootsweb.com /home0023/ohmccogs/public_html/GeoLChristman_files image002.jpg
2003.04.09 17:10 B C:\AAAAA-MonroeCoSite\GeoLChristman_files\WS_FTP.LOG --> users.rootsweb.com /home0023/ohmccogs/public_html/GeoLChristman_files WS_FTP.LOG
2003.04.09 23:11 B C:\AAAAA-MonroeCoSite\GeoLChristman_files\WS_FTP.LOG --> users.rootsweb.com /home0023/ohmccogs/public_html/GeoLChristman_files WS_FTP.LOG
2004.09.15 16:39 B C:\AAAAA-MonroeCoSite\GeoLChristman_files\filelist.xml --> helloworldblue.net /GeoLChristman_files filelist.xml
2004.09.15 16:39 B C:\AAAAA-MonroeCoSite\GeoLChristman_files\image001.jpg --> helloworldblue.net /GeoLChristman_files image001.jpg
2004.09.15 16:39 B C:\AAAAA-MonroeCoSite\GeoLChristman_files\image002.jpg --> helloworldblue.net /GeoLChristman_files image002.jpg
2004.09.15 16:39 B C:\AAAAA-MonroeCoSite\GeoLChristman_files\WS_FTP.LOG --> helloworldblue.net /GeoLChristman_files WS_FTP.LOG
2004.09.16 01:30 A C:\AAAAA-MonroeCoSite\GeoLChristman_files\filelist.xml --> helloworldblue.net /MonroeCoOhPeopleandHistory/GeoLChristman_files filelist.xml
2004.09.16 01:30 A C:\AAAAA-MonroeCoSite\GeoLChristman_files\image001.jpg --> helloworldblue.net /MonroeCoOhPeopleandHistory/GeoLChristman_files image001.jpg
2004.09.16 01:30 A C:\AAAAA-MonroeCoSite\GeoLChristman_files\image002.jpg --> helloworldblue.net /MonroeCoOhPeopleandHistory/GeoLChristman_files image002.jpg
2004.09.16 01:30 A C:\AAAAA-MonroeCoSite\GeoLChristman_files\WS_FTP.LOG --> helloworldblue.net /MonroeCoOhPeopleandHistory/GeoLChristman_files WS_FTP.LOG
2004.10.10 00:01 B C:\AAAAA-MonCoHist_Gen\GeoLChristman_files\filelist.xml --> users.freepages.rootsweb.com /history_html/GeoLChristman_files filelist.xml
2004.10.10 00:01 B C:\AAAAA-MonCoHist_Gen\GeoLChristman_files\image001.jpg --> users.freepages.rootsweb.com /history_html/GeoLChristman_files image001.jpg
2004.10.10 00:01 B C:\AAAAA-MonCoHist_Gen\GeoLChristman_files\image002.jpg --> users.freepages.rootsweb.com /history_html/GeoLChristman_files image002.jpg
2004.10.10 00:01 B C:\AAAAA-MonCoHist_Gen\GeoLChristman_files\WS_FTP.LOG --> users.freepages.rootsweb.com /history_html/GeoLChristman_files WS_FTP.LOG
2004.11.30 16:19 B C:\AAAAA-MonCoHist_Gen\GeoLChristman_files\filelist.xml --> users.freepages.rootsweb.com /history_html/GeoLChristman_files filelist.xml
2004.11.30 16:19 B C:\AAAAA-MonCoHist_Gen\GeoLChristman_files\image001.jpg --> users.freepages.rootsweb.com /history_html/GeoLChristman_files image001.jpg
2004.11.30 16:19 B C:\AAAAA-MonCoHist_Gen\GeoLChristman_files\image002.jpg --> users.freepages.rootsweb.com /history_html/GeoLChristman_files image002.jpg
