2003.03.19 22:13 B C:\AAAAA-MonroeCoSite\OldNewsLtrs\1998\FRONT.EVP --> helloworldblue.net /web/MCCofOGS/OldNewsLtrs/1998 FRONT.EVP
2003.03.19 22:13 B C:\AAAAA-MonroeCoSite\OldNewsLtrs\1998\GIVCEN --> helloworldblue.net /web/MCCofOGS/OldNewsLtrs/1998 GIVCEN
2003.03.19 22:13 B C:\AAAAA-MonroeCoSite\OldNewsLtrs\1998\Index back.doc --> helloworldblue.net /web/MCCofOGS/OldNewsLtrs/1998 Index back.doc
2003.03.19 22:13 B C:\AAAAA-MonroeCoSite\OldNewsLtrs\1998\Index front.doc --> helloworldblue.net /web/MCCofOGS/OldNewsLtrs/1998 Index front.doc
2003.03.19 22:13 B C:\AAAAA-MonroeCoSite\OldNewsLtrs\1998\JANABST.DOC --> helloworldblue.net /web/MCCofOGS/OldNewsLtrs/1998 JANABST.DOC
2003.03.19 22:13 B C:\AAAAA-MonroeCoSite\OldNewsLtrs\1998\JANFED.DOC --> helloworldblue.net /web/MCCofOGS/OldNewsLtrs/1998 JANFED.DOC
2003.03.19 22:13 B C:\AAAAA-MonroeCoSite\OldNewsLtrs\1998\JANFRONT.DOC --> helloworldblue.net /web/MCCofOGS/OldNewsLtrs/1998 JANFRONT.DOC
2003.03.19 22:13 B C:\AAAAA-MonroeCoSite\OldNewsLtrs\1998\JANGOUDY.DOC --> helloworldblue.net /web/MCCofOGS/OldNewsLtrs/1998 JANGOUDY.DOC
2003.03.19 22:13 B C:\AAAAA-MonroeCoSite\OldNewsLtrs\1998\JANLAND.DOC --> helloworldblue.net /web/MCCofOGS/OldNewsLtrs/1998 JANLAND.DOC
2003.03.19 22:13 B C:\AAAAA-MonroeCoSite\OldNewsLtrs\1998\JANLIB.DOC --> helloworldblue.net /web/MCCofOGS/OldNewsLtrs/1998 JANLIB.DOC
2003.03.19 22:13 B C:\AAAAA-MonroeCoSite\OldNewsLtrs\1998\JANMNR.DOC --> helloworldblue.net /web/MCCofOGS/OldNewsLtrs/1998 JANMNR.DOC
2003.03.19 22:13 B C:\AAAAA-MonroeCoSite\OldNewsLtrs\1998\JANNAME.DOC --> helloworldblue.net /web/MCCofOGS/OldNewsLtrs/1998 JANNAME.DOC
2003.03.19 22:13 B C:\AAAAA-MonroeCoSite\OldNewsLtrs\1998\JANNOTES.DOC --> helloworldblue.net /web/MCCofOGS/OldNewsLtrs/1998 JANNOTES.DOC
2003.03.19 22:13 B C:\AAAAA-MonroeCoSite\OldNewsLtrs\1998\JANQUER.DOC --> helloworldblue.net /web/MCCofOGS/OldNewsLtrs/1998 JANQUER.DOC
2003.03.19 22:14 B C:\AAAAA-MonroeCoSite\OldNewsLtrs\1998\JANRW.DOC --> helloworldblue.net /web/MCCofOGS/OldNewsLtrs/1998 JANRW.DOC
2003.03.19 22:14 B C:\AAAAA-MonroeCoSite\OldNewsLtrs\1998\JANSUR.DOC --> helloworldblue.net /web/MCCofOGS/OldNewsLtrs/1998 JANSUR.DOC
2003.03.19 22:14 B C:\AAAAA-MonroeCoSite\OldNewsLtrs\1998\JEFF --> helloworldblue.net /web/MCCofOGS/OldNewsLtrs/1998 JEFF
2003.03.19 22:14 B C:\AAAAA-MonroeCoSite\OldNewsLtrs\1998\JOBSKILL --> helloworldblue.net /web/MCCofOGS/OldNewsLtrs/1998 JOBSKILL
2003.03.19 22:14 B C:\AAAAA-MonroeCoSite\OldNewsLtrs\1998\JULACK.DOC --> helloworldblue.net /web/MCCofOGS/OldNewsLtrs/1998 JULACK.DOC
2003.03.19 22:14 B C:\AAAAA-MonroeCoSite\OldNewsLtrs\1998\JULBUCKO.DOC --> helloworldblue.net /web/MCCofOGS/OldNewsLtrs/1998 JULBUCKO.DOC
2003.03.19 22:14 B C:\AAAAA-MonroeCoSite\OldNewsLtrs\1998\JULCONG.DOC --> helloworldblue.net /web/MCCofOGS/OldNewsLtrs/1998 JULCONG.DOC
2003.03.19 22:14 B C:\AAAAA-MonroeCoSite\OldNewsLtrs\1998\JULDEATH.DOC --> helloworldblue.net /web/MCCofOGS/OldNewsLtrs/1998 JULDEATH.DOC
2003.03.19 22:14 B C:\AAAAA-MonroeCoSite\OldNewsLtrs\1998\JULFED.DOC --> helloworldblue.net /web/MCCofOGS/OldNewsLtrs/1998 JULFED.DOC
2003.03.19 22:14 B C:\AAAAA-MonroeCoSite\OldNewsLtrs\1998\JULFRONT.DOC --> helloworldblue.net /web/MCCofOGS/OldNewsLtrs/1998 JULFRONT.DOC
2003.03.19 22:14 B C:\AAAAA-MonroeCoSite\OldNewsLtrs\1998\JULNOTE.DOC --> helloworldblue.net /web/MCCofOGS/OldNewsLtrs/1998 JULNOTE.DOC
2003.03.19 22:14 B C:\AAAAA-MonroeCoSite\OldNewsLtrs\1998\JULOTHER.DOC --> helloworldblue.net /web/MCCofOGS/OldNewsLtrs/1998 JULOTHER.DOC
2003.03.19 22:14 B C:\AAAAA-MonroeCoSite\OldNewsLtrs\1998\JULQUER.DOC --> helloworldblue.net /web/MCCofOGS/OldNewsLtrs/1998 JULQUER.DOC
2003.03.19 22:14 B C:\AAAAA-MonroeCoSite\OldNewsLtrs\1998\JULRW.DOC --> helloworldblue.net /web/MCCofOGS/OldNewsLtrs/1998 JULRW.DOC
2003.03.19 22:14 B C:\AAAAA-MonroeCoSite\OldNewsLtrs\1998\JULSUR.DOC --> helloworldblue.net /web/MCCofOGS/OldNewsLtrs/1998 JULSUR.DOC
2003.03.19 22:14 B C:\AAAAA-MonroeCoSite\OldNewsLtrs\1998\LEAH --> helloworldblue.net /web/MCCofOGS/OldNewsLtrs/1998 LEAH
2003.03.19 22:14 B C:\AAAAA-MonroeCoSite\OldNewsLtrs\1998\OCTCEN.DOC --> helloworldblue.net /web/MCCofOGS/OldNewsLtrs/1998 OCTCEN.DOC
2003.03.19 22:14 B C:\AAAAA-MonroeCoSite\OldNewsLtrs\1998\OCTNOTE.DOC --> helloworldblue.net /web/MCCofOGS/OldNewsLtrs/1998 OCTNOTE.DOC
2003.03.19 22:14 B C:\AAAAA-MonroeCoSite\OldNewsLtrs\1998\OCTSUR.DOC --> helloworldblue.net /web/MCCofOGS/OldNewsLtrs/1998 OCTSUR.DOC
2003.03.19 22:14 B C:\AAAAA-MonroeCoSite\OldNewsLtrs\1998\PUB.EVP --> helloworldblue.net /web/MCCofOGS/OldNewsLtrs/1998 PUB.EVP
2003.03.19 22:14 B C:\AAAAA-MonroeCoSite\OldNewsLtrs\1998\REFLECTI --> helloworldblue.net /web/MCCofOGS/OldNewsLtrs/1998 REFLECTI
2003.03.19 22:14 B C:\AAAAA-MonroeCoSite\OldNewsLtrs\1998\STJOHN.DOC --> helloworldblue.net /web/MCCofOGS/OldNewsLtrs/1998 STJOHN.DOC
2003.03.19 22:14 B C:\AAAAA-MonroeCoSite\OldNewsLtrs\1998\TERMPAPE --> helloworldblue.net /web/MCCofOGS/OldNewsLtrs/1998 TERMPAPE
2004.09.15 14:50 B C:\AAAAA-MonroeCoSite\OldNewsLtrs\1998\FRONT.EVP --> helloworldblue.net /MonroeCoOhPeopleandHistory/OldNewsLtrs/1998 FRONT.EVP
2004.09.15 14:50 B C:\AAAAA-MonroeCoSite\OldNewsLtrs\1998\GIVCEN --> helloworldblue.net /MonroeCoOhPeopleandHistory/OldNewsLtrs/1998 GIVCEN
2004.09.15 14:50 B C:\AAAAA-MonroeCoSite\OldNewsLtrs\1998\Index back.doc --> helloworldblue.net /MonroeCoOhPeopleandHistory/OldNewsLtrs/1998 Index back.doc
2004.09.15 14:50 B C:\AAAAA-MonroeCoSite\OldNewsLtrs\1998\Index front.doc --> helloworldblue.net /MonroeCoOhPeopleandHistory/OldNewsLtrs/1998 Index front.doc
2004.09.15 14:50 B C:\AAAAA-MonroeCoSite\OldNewsLtrs\1998\JANABST.DOC --> helloworldblue.net /MonroeCoOhPeopleandHistory/OldNewsLtrs/1998 JANABST.DOC
2004.09.15 14:50 B C:\AAAAA-MonroeCoSite\OldNewsLtrs\1998\JANFED.DOC --> helloworldblue.net /MonroeCoOhPeopleandHistory/OldNewsLtrs/1998 JANFED.DOC
2004.09.15 14:50 B C:\AAAAA-MonroeCoSite\OldNewsLtrs\1998\JANFRONT.DOC --> helloworldblue.net /MonroeCoOhPeopleandHistory/OldNewsLtrs/1998 JANFRONT.DOC
2004.09.15 14:50 B C:\AAAAA-MonroeCoSite\OldNewsLtrs\1998\JANGOUDY.DOC --> helloworldblue.net /MonroeCoOhPeopleandHistory/OldNewsLtrs/1998 JANGOUDY.DOC
2004.09.15 14:50 B C:\AAAAA-MonroeCoSite\OldNewsLtrs\1998\JANLAND.DOC --> helloworldblue.net /MonroeCoOhPeopleandHistory/OldNewsLtrs/1998 JANLAND.DOC
2004.09.15 14:50 B C:\AAAAA-MonroeCoSite\OldNewsLtrs\1998\JANLIB.DOC --> helloworldblue.net /MonroeCoOhPeopleandHistory/OldNewsLtrs/1998 JANLIB.DOC
2004.09.15 14:50 B C:\AAAAA-MonroeCoSite\OldNewsLtrs\1998\JANMNR.DOC --> helloworldblue.net /MonroeCoOhPeopleandHistory/OldNewsLtrs/1998 JANMNR.DOC
2004.09.15 14:50 B C:\AAAAA-MonroeCoSite\OldNewsLtrs\1998\JANNAME.DOC --> helloworldblue.net /MonroeCoOhPeopleandHistory/OldNewsLtrs/1998 JANNAME.DOC
2004.09.15 14:50 B C:\AAAAA-MonroeCoSite\OldNewsLtrs\1998\JANNOTES.DOC --> helloworldblue.net /MonroeCoOhPeopleandHistory/OldNewsLtrs/1998 JANNOTES.DOC
2004.09.15 14:50 B C:\AAAAA-MonroeCoSite\OldNewsLtrs\1998\JANQUER.DOC --> helloworldblue.net /MonroeCoOhPeopleandHistory/OldNewsLtrs/1998 JANQUER.DOC
2004.09.15 14:50 B C:\AAAAA-MonroeCoSite\OldNewsLtrs\1998\JANRW.DOC --> helloworldblue.net /MonroeCoOhPeopleandHistory/OldNewsLtrs/1998 JANRW.DOC
2004.09.15 14:50 B C:\AAAAA-MonroeCoSite\OldNewsLtrs\1998\JANSUR.DOC --> helloworldblue.net /MonroeCoOhPeopleandHistory/OldNewsLtrs/1998 JANSUR.DOC
2004.09.15 14:50 B C:\AAAAA-MonroeCoSite\OldNewsLtrs\1998\JEFF --> helloworldblue.net /MonroeCoOhPeopleandHistory/OldNewsLtrs/1998 JEFF
2004.09.15 14:50 B C:\AAAAA-MonroeCoSite\OldNewsLtrs\1998\JOBSKILL --> helloworldblue.net /MonroeCoOhPeopleandHistory/OldNewsLtrs/1998 JOBSKILL
2004.09.15 14:50 B C:\AAAAA-MonroeCoSite\OldNewsLtrs\1998\JULACK.DOC --> helloworldblue.net /MonroeCoOhPeopleandHistory/OldNewsLtrs/1998 JULACK.DOC
2004.09.15 14:50 B C:\AAAAA-MonroeCoSite\OldNewsLtrs\1998\JULBUCKO.DOC --> helloworldblue.net /MonroeCoOhPeopleandHistory/OldNewsLtrs/1998 JULBUCKO.DOC
2004.09.15 14:50 B C:\AAAAA-MonroeCoSite\OldNewsLtrs\1998\JULCONG.DOC --> helloworldblue.net /MonroeCoOhPeopleandHistory/OldNewsLtrs/1998 JULCONG.DOC
2004.09.15 14:50 B C:\AAAAA-MonroeCoSite\OldNewsLtrs\1998\JULDEATH.DOC --> helloworldblue.net /MonroeCoOhPeopleandHistory/OldNewsLtrs/1998 JULDEATH.DOC
2004.09.15 14:50 B C:\AAAAA-MonroeCoSite\OldNewsLtrs\1998\JULFED.DOC --> helloworldblue.net /MonroeCoOhPeopleandHistory/OldNewsLtrs/1998 JULFED.DOC
2004.09.15 14:50 B C:\AAAAA-MonroeCoSite\OldNewsLtrs\1998\JULFRONT.DOC --> helloworldblue.net /MonroeCoOhPeopleandHistory/OldNewsLtrs/1998 JULFRONT.DOC
2004.09.15 14:50 B C:\AAAAA-MonroeCoSite\OldNewsLtrs\1998\JULNOTE.DOC --> helloworldblue.net /MonroeCoOhPeopleandHistory/OldNewsLtrs/1998 JULNOTE.DOC
2004.09.15 14:50 B C:\AAAAA-MonroeCoSite\OldNewsLtrs\1998\JULOTHER.DOC --> helloworldblue.net /MonroeCoOhPeopleandHistory/OldNewsLtrs/1998 JULOTHER.DOC
2004.09.15 14:50 B C:\AAAAA-MonroeCoSite\OldNewsLtrs\1998\JULQUER.DOC --> helloworldblue.net /MonroeCoOhPeopleandHistory/OldNewsLtrs/1998 JULQUER.DOC
2004.09.15 14:50 B C:\AAAAA-MonroeCoSite\OldNewsLtrs\1998\JULRW.DOC --> helloworldblue.net /MonroeCoOhPeopleandHistory/OldNewsLtrs/1998 JULRW.DOC
2004.09.15 14:50 B C:\AAAAA-MonroeCoSite\OldNewsLtrs\1998\JULSUR.DOC --> helloworldblue.net /MonroeCoOhPeopleandHistory/OldNewsLtrs/1998 JULSUR.DOC
2004.09.15 14:50 B C:\AAAAA-MonroeCoSite\OldNewsLtrs\1998\LEAH --> helloworldblue.net /MonroeCoOhPeopleandHistory/OldNewsLtrs/1998 LEAH
2004.09.15 14:50 B C:\AAAAA-MonroeCoSite\OldNewsLtrs\1998\OCTCEN.DOC --> helloworldblue.net /MonroeCoOhPeopleandHistory/OldNewsLtrs/1998 OCTCEN.DOC
2004.09.15 14:50 B C:\AAAAA-MonroeCoSite\OldNewsLtrs\1998\OCTNOTE.DOC --> helloworldblue.net /MonroeCoOhPeopleandHistory/OldNewsLtrs/1998 OCTNOTE.DOC
2004.09.15 14:50 B C:\AAAAA-MonroeCoSite\OldNewsLtrs\1998\OCTSUR.DOC --> helloworldblue.net /MonroeCoOhPeopleandHistory/OldNewsLtrs/1998 OCTSUR.DOC
2004.09.15 14:50 B C:\AAAAA-MonroeCoSite\OldNewsLtrs\1998\PUB.EVP --> helloworldblue.net /MonroeCoOhPeopleandHistory/OldNewsLtrs/1998 PUB.EVP
2004.09.15 14:50 B C:\AAAAA-MonroeCoSite\OldNewsLtrs\1998\REFLECTI --> helloworldblue.net /MonroeCoOhPeopleandHistory/OldNewsLtrs/1998 REFLECTI
2004.09.15 14:50 B C:\AAAAA-MonroeCoSite\OldNewsLtrs\1998\STJOHN.DOC --> helloworldblue.net /MonroeCoOhPeopleandHistory/OldNewsLtrs/1998 STJOHN.DOC
2004.09.15 14:50 B C:\AAAAA-MonroeCoSite\OldNewsLtrs\1998\TERMPAPE --> helloworldblue.net /MonroeCoOhPeopleandHistory/OldNewsLtrs/1998 TERMPAPE
2004.09.15 14:50 B C:\AAAAA-MonroeCoSite\OldNewsLtrs\1998\WS_FTP.LOG --> helloworldblue.net /MonroeCoOhPeopleandHistory/OldNewsLtrs/1998 WS_FTP.LOG
2004.10.10 00:54 B C:\AAAAA-MonCoHist_Gen\OldNewsLtrs\1998\FRONT.EVP --> users.freepages.rootsweb.com /history_html/OldNewsLtrs/1998 FRONT.EVP
2004.10.10 00:54 B C:\AAAAA-MonCoHist_Gen\OldNewsLtrs\1998\GIVCEN --> users.freepages.rootsweb.com /history_html/OldNewsLtrs/1998 GIVCEN
2004.10.10 00:54 B C:\AAAAA-MonCoHist_Gen\OldNewsLtrs\1998\Index back.doc --> users.freepages.rootsweb.com /history_html/OldNewsLtrs/1998 Index back.doc
2004.10.10 00:54 B C:\AAAAA-MonCoHist_Gen\OldNewsLtrs\1998\Index front.doc --> users.freepages.rootsweb.com /history_html/OldNewsLtrs/1998 Index front.doc
2004.10.10 00:54 B C:\AAAAA-MonCoHist_Gen\OldNewsLtrs\1998\JANABST.DOC --> users.freepages.rootsweb.com /history_html/OldNewsLtrs/1998 JANABST.DOC
2004.10.10 00:54 B C:\AAAAA-MonCoHist_Gen\OldNewsLtrs\1998\JANFED.DOC --> users.freepages.rootsweb.com /history_html/OldNewsLtrs/1998 JANFED.DOC
2004.10.10 00:54 B C:\AAAAA-MonCoHist_Gen\OldNewsLtrs\1998\JANFRONT.DOC --> users.freepages.rootsweb.com /history_html/OldNewsLtrs/1998 JANFRONT.DOC
2004.10.10 00:54 B C:\AAAAA-MonCoHist_Gen\OldNewsLtrs\1998\JANGOUDY.DOC --> users.freepages.rootsweb.com /history_html/OldNewsLtrs/1998 JANGOUDY.DOC
2004.10.10 00:54 B C:\AAAAA-MonCoHist_Gen\OldNewsLtrs\1998\JANLAND.DOC --> users.freepages.rootsweb.com /history_html/OldNewsLtrs/1998 JANLAND.DOC
2004.10.10 00:54 B C:\AAAAA-MonCoHist_Gen\OldNewsLtrs\1998\JANLIB.DOC --> users.freepages.rootsweb.com /history_html/OldNewsLtrs/1998 JANLIB.DOC
2004.10.10 00:54 B C:\AAAAA-MonCoHist_Gen\OldNewsLtrs\1998\JANMNR.DOC --> users.freepages.rootsweb.com /history_html/OldNewsLtrs/1998 JANMNR.DOC
2004.10.10 00:54 B C:\AAAAA-MonCoHist_Gen\OldNewsLtrs\1998\JANNAME.DOC --> users.freepages.rootsweb.com /history_html/OldNewsLtrs/1998 JANNAME.DOC
2004.10.10 00:54 B C:\AAAAA-MonCoHist_Gen\OldNewsLtrs\1998\JANNOTES.DOC --> users.freepages.rootsweb.com /history_html/OldNewsLtrs/1998 JANNOTES.DOC
2004.10.10 00:54 B C:\AAAAA-MonCoHist_Gen\OldNewsLtrs\1998\JANQUER.DOC --> users.freepages.rootsweb.com /history_html/OldNewsLtrs/1998 JANQUER.DOC
2004.10.10 00:54 B C:\AAAAA-MonCoHist_Gen\OldNewsLtrs\1998\JANRW.DOC --> users.freepages.rootsweb.com /history_html/OldNewsLtrs/1998 JANRW.DOC
2004.10.10 00:54 B C:\AAAAA-MonCoHist_Gen\OldNewsLtrs\1998\JANSUR.DOC --> users.freepages.rootsweb.com /history_html/OldNewsLtrs/1998 JANSUR.DOC
2004.10.10 00:54 B C:\AAAAA-MonCoHist_Gen\OldNewsLtrs\1998\JEFF --> users.freepages.rootsweb.com /history_html/OldNewsLtrs/1998 JEFF
2004.10.10 00:54 B C:\AAAAA-MonCoHist_Gen\OldNewsLtrs\1998\JOBSKILL --> users.freepages.rootsweb.com /history_html/OldNewsLtrs/1998 JOBSKILL
2004.10.10 00:54 B C:\AAAAA-MonCoHist_Gen\OldNewsLtrs\1998\JULACK.DOC --> users.freepages.rootsweb.com /history_html/OldNewsLtrs/1998 JULACK.DOC
2004.10.10 00:54 B C:\AAAAA-MonCoHist_Gen\OldNewsLtrs\1998\JULBUCKO.DOC --> users.freepages.rootsweb.com /history_html/OldNewsLtrs/1998 JULBUCKO.DOC
2004.10.10 00:54 B C:\AAAAA-MonCoHist_Gen\OldNewsLtrs\1998\JULCONG.DOC --> users.freepages.rootsweb.com /history_html/OldNewsLtrs/1998 JULCONG.DOC
2004.10.10 00:54 B C:\AAAAA-MonCoHist_Gen\OldNewsLtrs\1998\JULDEATH.DOC --> users.freepages.rootsweb.com /history_html/OldNewsLtrs/1998 JULDEATH.DOC
2004.10.10 00:54 B C:\AAAAA-MonCoHist_Gen\OldNewsLtrs\1998\JULFED.DOC --> users.freepages.rootsweb.com /history_html/OldNewsLtrs/1998 JULFED.DOC
2004.10.10 00:54 B C:\AAAAA-MonCoHist_Gen\OldNewsLtrs\1998\JULFRONT.DOC --> users.freepages.rootsweb.com /history_html/OldNewsLtrs/1998 JULFRONT.DOC
2004.10.10 00:54 B C:\AAAAA-MonCoHist_Gen\OldNewsLtrs\1998\JULNOTE.DOC --> users.freepages.rootsweb.com /history_html/OldNewsLtrs/1998 JULNOTE.DOC
2004.10.10 00:54 B C:\AAAAA-MonCoHist_Gen\OldNewsLtrs\1998\JULOTHER.DOC --> users.freepages.rootsweb.com /history_html/OldNewsLtrs/1998 JULOTHER.DOC
2004.10.10 00:54 B C:\AAAAA-MonCoHist_Gen\OldNewsLtrs\1998\JULQUER.DOC --> users.freepages.rootsweb.com /history_html/OldNewsLtrs/1998 JULQUER.DOC
2004.10.10 00:54 B C:\AAAAA-MonCoHist_Gen\OldNewsLtrs\1998\JULRW.DOC --> users.freepages.rootsweb.com /history_html/OldNewsLtrs/1998 JULRW.DOC
2004.10.10 00:54 B C:\AAAAA-MonCoHist_Gen\OldNewsLtrs\1998\JULSUR.DOC --> users.freepages.rootsweb.com /history_html/OldNewsLtrs/1998 JULSUR.DOC
2004.10.10 00:54 B C:\AAAAA-MonCoHist_Gen\OldNewsLtrs\1998\LEAH --> users.freepages.rootsweb.com /history_html/OldNewsLtrs/1998 LEAH
2004.10.10 00:54 B C:\AAAAA-MonCoHist_Gen\OldNewsLtrs\1998\OCTCEN.DOC --> users.freepages.rootsweb.com /history_html/OldNewsLtrs/1998 OCTCEN.DOC
2004.10.10 00:54 B C:\AAAAA-MonCoHist_Gen\OldNewsLtrs\1998\OCTNOTE.DOC --> users.freepages.rootsweb.com /history_html/OldNewsLtrs/1998 OCTNOTE.DOC
2004.10.10 00:54 B C:\AAAAA-MonCoHist_Gen\OldNewsLtrs\1998\OCTSUR.DOC --> users.freepages.rootsweb.com /history_html/OldNewsLtrs/1998 OCTSUR.DOC
2004.10.10 00:54 B C:\AAAAA-MonCoHist_Gen\OldNewsLtrs\1998\PUB.EVP --> users.freepages.rootsweb.com /history_html/OldNewsLtrs/1998 PUB.EVP
2004.10.10 00:54 B C:\AAAAA-MonCoHist_Gen\OldNewsLtrs\1998\REFLECTI --> users.freepages.rootsweb.com /history_html/OldNewsLtrs/1998 REFLECTI
2004.10.10 00:54 B C:\AAAAA-MonCoHist_Gen\OldNewsLtrs\1998\STJOHN.DOC --> users.freepages.rootsweb.com /history_html/OldNewsLtrs/1998 STJOHN.DOC
2004.10.10 00:54 B C:\AAAAA-MonCoHist_Gen\OldNewsLtrs\1998\TERMPAPE --> users.freepages.rootsweb.com /history_html/OldNewsLtrs/1998 TERMPAPE
