2003.03.19 22:50 B C:\AAAAA-MonroeCoSite_Overflow\bridgek_files\AAAAA-MonroeCoSite --> helloworldblue.net /web/MCCofOGS/bridgek_files AAAAA-MonroeCoSite
2003.03.19 22:50 B C:\AAAAA-MonroeCoSite_Overflow\bridgek_files\filelist.xml --> helloworldblue.net /web/MCCofOGS/bridgek_files filelist.xml
2003.03.19 22:50 B C:\AAAAA-MonroeCoSite_Overflow\bridgek_files\image001.jpg --> helloworldblue.net /web/MCCofOGS/bridgek_files image001.jpg
2003.03.19 22:50 B C:\AAAAA-MonroeCoSite_Overflow\bridgek_files\image002.jpg --> helloworldblue.net /web/MCCofOGS/bridgek_files image002.jpg
2003.03.19 22:50 B C:\AAAAA-MonroeCoSite_Overflow\bridgek_files\Thumbs.db --> helloworldblue.net /web/MCCofOGS/bridgek_files Thumbs.db
2004.09.15 16:19 B C:\AAAAA-MonroeCoSite\bridgek_files\AAAAA-MonroeCoSite --> helloworldblue.net /bridgek_files AAAAA-MonroeCoSite
2004.09.15 16:19 B C:\AAAAA-MonroeCoSite\bridgek_files\filelist.xml --> helloworldblue.net /bridgek_files filelist.xml
2004.09.15 16:19 B C:\AAAAA-MonroeCoSite\bridgek_files\image001.jpg --> helloworldblue.net /bridgek_files image001.jpg
2004.09.15 16:19 B C:\AAAAA-MonroeCoSite\bridgek_files\image002.jpg --> helloworldblue.net /bridgek_files image002.jpg
2004.09.15 16:19 B C:\AAAAA-MonroeCoSite\bridgek_files\Thumbs.db --> helloworldblue.net /bridgek_files Thumbs.db
2004.09.15 16:19 B C:\AAAAA-MonroeCoSite\bridgek_files\WS_FTP.LOG --> helloworldblue.net /bridgek_files WS_FTP.LOG
2004.09.16 01:18 A C:\AAAAA-MonroeCoSite\bridgek_files\AAAAA-MonroeCoSite --> helloworldblue.net /MonroeCoOhPeopleandHistory/bridgek_files AAAAA-MonroeCoSite
2004.09.16 01:18 A C:\AAAAA-MonroeCoSite\bridgek_files\filelist.xml --> helloworldblue.net /MonroeCoOhPeopleandHistory/bridgek_files filelist.xml
2004.09.16 01:18 A C:\AAAAA-MonroeCoSite\bridgek_files\image001.jpg --> helloworldblue.net /MonroeCoOhPeopleandHistory/bridgek_files image001.jpg
2004.09.16 01:18 A C:\AAAAA-MonroeCoSite\bridgek_files\image002.jpg --> helloworldblue.net /MonroeCoOhPeopleandHistory/bridgek_files image002.jpg
2004.09.16 01:18 A C:\AAAAA-MonroeCoSite\bridgek_files\Thumbs.db --> helloworldblue.net /MonroeCoOhPeopleandHistory/bridgek_files Thumbs.db
2004.09.16 01:18 A C:\AAAAA-MonroeCoSite\bridgek_files\WS_FTP.LOG --> helloworldblue.net /MonroeCoOhPeopleandHistory/bridgek_files WS_FTP.LOG
2004.10.09 23:35 B C:\AAAAA-MonCoHist_Gen\bridgek_files\AAAAA-MonroeCoSite --> users.freepages.rootsweb.com /history_html/bridgek_files AAAAA-MonroeCoSite
2004.10.09 23:35 B C:\AAAAA-MonCoHist_Gen\bridgek_files\filelist.xml --> users.freepages.rootsweb.com /history_html/bridgek_files filelist.xml
2004.10.09 23:35 B C:\AAAAA-MonCoHist_Gen\bridgek_files\image001.jpg --> users.freepages.rootsweb.com /history_html/bridgek_files image001.jpg
2004.10.09 23:35 B C:\AAAAA-MonCoHist_Gen\bridgek_files\image002.jpg --> users.freepages.rootsweb.com /history_html/bridgek_files image002.jpg
2004.10.09 23:35 B C:\AAAAA-MonCoHist_Gen\bridgek_files\Thumbs.db --> users.freepages.rootsweb.com /history_html/bridgek_files Thumbs.db
