2003.02.08 16:41 B C:\AAAAA-MonroeCoSite\obituaries2_files\AAAAA-MonroeCoSite --> users.rootsweb.com /home0023/ohmccogs/public_html/obituaries2_files AAAAA-MonroeCoSite
2003.02.08 16:41 B C:\AAAAA-MonroeCoSite\obituaries2_files\filelist.xml --> users.rootsweb.com /home0023/ohmccogs/public_html/obituaries2_files filelist.xml
2003.02.08 16:41 B C:\AAAAA-MonroeCoSite\obituaries2_files\image001.jpg --> users.rootsweb.com /home0023/ohmccogs/public_html/obituaries2_files image001.jpg
2003.02.08 16:41 B C:\AAAAA-MonroeCoSite\obituaries2_files\image002.jpg --> users.rootsweb.com /home0023/ohmccogs/public_html/obituaries2_files image002.jpg
2003.02.08 16:41 B C:\AAAAA-MonroeCoSite\obituaries2_files\image003.jpg --> users.rootsweb.com /home0023/ohmccogs/public_html/obituaries2_files image003.jpg
2003.02.08 16:41 B C:\AAAAA-MonroeCoSite\obituaries2_files\image004.jpg --> users.rootsweb.com /home0023/ohmccogs/public_html/obituaries2_files image004.jpg
2003.02.08 16:41 B C:\AAAAA-MonroeCoSite\obituaries2_files\image005.jpg --> users.rootsweb.com /home0023/ohmccogs/public_html/obituaries2_files image005.jpg
2003.02.08 16:41 B C:\AAAAA-MonroeCoSite\obituaries2_files\image006.jpg --> users.rootsweb.com /home0023/ohmccogs/public_html/obituaries2_files image006.jpg
2003.02.08 16:41 B C:\AAAAA-MonroeCoSite\obituaries2_files\image007.jpg --> users.rootsweb.com /home0023/ohmccogs/public_html/obituaries2_files image007.jpg
2003.02.08 16:42 B C:\AAAAA-MonroeCoSite\obituaries2_files\image008.jpg --> users.rootsweb.com /home0023/ohmccogs/public_html/obituaries2_files image008.jpg
2003.02.08 16:42 B C:\AAAAA-MonroeCoSite\obituaries2_files\image009.jpg --> users.rootsweb.com /home0023/ohmccogs/public_html/obituaries2_files image009.jpg
2003.02.08 16:42 B C:\AAAAA-MonroeCoSite\obituaries2_files\image010.jpg --> users.rootsweb.com /home0023/ohmccogs/public_html/obituaries2_files image010.jpg
2003.02.08 16:42 B C:\AAAAA-MonroeCoSite\obituaries2_files\image011.jpg --> users.rootsweb.com /home0023/ohmccogs/public_html/obituaries2_files image011.jpg
2003.02.08 16:42 B C:\AAAAA-MonroeCoSite\obituaries2_files\image012.jpg --> users.rootsweb.com /home0023/ohmccogs/public_html/obituaries2_files image012.jpg
2003.02.08 16:42 B C:\AAAAA-MonroeCoSite\obituaries2_files\image013.jpg --> users.rootsweb.com /home0023/ohmccogs/public_html/obituaries2_files image013.jpg
2003.02.08 16:42 B C:\AAAAA-MonroeCoSite\obituaries2_files\image014.jpg --> users.rootsweb.com /home0023/ohmccogs/public_html/obituaries2_files image014.jpg
2003.02.08 16:42 B C:\AAAAA-MonroeCoSite\obituaries2_files\image015.jpg --> users.rootsweb.com /home0023/ohmccogs/public_html/obituaries2_files image015.jpg
2003.02.08 16:42 B C:\AAAAA-MonroeCoSite\obituaries2_files\image016.jpg --> users.rootsweb.com /home0023/ohmccogs/public_html/obituaries2_files image016.jpg
2003.02.08 16:42 B C:\AAAAA-MonroeCoSite\obituaries2_files\image017.jpg --> users.rootsweb.com /home0023/ohmccogs/public_html/obituaries2_files image017.jpg
2003.02.08 16:42 B C:\AAAAA-MonroeCoSite\obituaries2_files\image018.jpg --> users.rootsweb.com /home0023/ohmccogs/public_html/obituaries2_files image018.jpg
2003.02.08 16:42 B C:\AAAAA-MonroeCoSite\obituaries2_files\image019.jpg --> users.rootsweb.com /home0023/ohmccogs/public_html/obituaries2_files image019.jpg
2003.02.08 16:42 B C:\AAAAA-MonroeCoSite\obituaries2_files\image020.jpg --> users.rootsweb.com /home0023/ohmccogs/public_html/obituaries2_files image020.jpg
2003.02.08 16:43 B C:\AAAAA-MonroeCoSite\obituaries2_files\image021.jpg --> users.rootsweb.com /home0023/ohmccogs/public_html/obituaries2_files image021.jpg
2003.02.08 16:43 B C:\AAAAA-MonroeCoSite\obituaries2_files\image022.jpg --> users.rootsweb.com /home0023/ohmccogs/public_html/obituaries2_files image022.jpg
2003.02.08 16:43 B C:\AAAAA-MonroeCoSite\obituaries2_files\image023.jpg --> users.rootsweb.com /home0023/ohmccogs/public_html/obituaries2_files image023.jpg
2003.02.08 16:43 B C:\AAAAA-MonroeCoSite\obituaries2_files\image024.jpg --> users.rootsweb.com /home0023/ohmccogs/public_html/obituaries2_files image024.jpg
2003.02.08 16:43 B C:\AAAAA-MonroeCoSite\obituaries2_files\image025.jpg --> users.rootsweb.com /home0023/ohmccogs/public_html/obituaries2_files image025.jpg
2003.02.08 16:43 B C:\AAAAA-MonroeCoSite\obituaries2_files\image026.jpg --> users.rootsweb.com /home0023/ohmccogs/public_html/obituaries2_files image026.jpg
2003.02.08 16:43 B C:\AAAAA-MonroeCoSite\obituaries2_files\image027.jpg --> users.rootsweb.com /home0023/ohmccogs/public_html/obituaries2_files image027.jpg
2003.02.08 16:43 B C:\AAAAA-MonroeCoSite\obituaries2_files\image028.jpg --> users.rootsweb.com /home0023/ohmccogs/public_html/obituaries2_files image028.jpg
2003.02.08 16:43 B C:\AAAAA-MonroeCoSite\obituaries2_files\image029.jpg --> users.rootsweb.com /home0023/ohmccogs/public_html/obituaries2_files image029.jpg
2003.02.08 16:43 B C:\AAAAA-MonroeCoSite\obituaries2_files\image030.jpg --> users.rootsweb.com /home0023/ohmccogs/public_html/obituaries2_files image030.jpg
2003.02.08 16:43 B C:\AAAAA-MonroeCoSite\obituaries2_files\image031.jpg --> users.rootsweb.com /home0023/ohmccogs/public_html/obituaries2_files image031.jpg
2003.02.08 16:43 B C:\AAAAA-MonroeCoSite\obituaries2_files\image032.jpg --> users.rootsweb.com /home0023/ohmccogs/public_html/obituaries2_files image032.jpg
2003.02.08 16:43 B C:\AAAAA-MonroeCoSite\obituaries2_files\image033.jpg --> users.rootsweb.com /home0023/ohmccogs/public_html/obituaries2_files image033.jpg
2003.02.08 16:43 B C:\AAAAA-MonroeCoSite\obituaries2_files\image034.jpg --> users.rootsweb.com /home0023/ohmccogs/public_html/obituaries2_files image034.jpg
2003.02.08 16:43 B C:\AAAAA-MonroeCoSite\obituaries2_files\image035.jpg --> users.rootsweb.com /home0023/ohmccogs/public_html/obituaries2_files image035.jpg
2003.02.08 16:44 B C:\AAAAA-MonroeCoSite\obituaries2_files\image036.jpg --> users.rootsweb.com /home0023/ohmccogs/public_html/obituaries2_files image036.jpg
2003.02.08 16:44 B C:\AAAAA-MonroeCoSite\obituaries2_files\image037.jpg --> users.rootsweb.com /home0023/ohmccogs/public_html/obituaries2_files image037.jpg
2003.02.08 16:44 B C:\AAAAA-MonroeCoSite\obituaries2_files\image038.jpg --> users.rootsweb.com /home0023/ohmccogs/public_html/obituaries2_files image038.jpg
2003.02.08 16:44 B C:\AAAAA-MonroeCoSite\obituaries2_files\image039.jpg --> users.rootsweb.com /home0023/ohmccogs/public_html/obituaries2_files image039.jpg
2003.02.08 16:44 B C:\AAAAA-MonroeCoSite\obituaries2_files\image040.jpg --> users.rootsweb.com /home0023/ohmccogs/public_html/obituaries2_files image040.jpg
2003.02.08 16:44 B C:\AAAAA-MonroeCoSite\obituaries2_files\image041.jpg --> users.rootsweb.com /home0023/ohmccogs/public_html/obituaries2_files image041.jpg
2003.02.08 16:44 B C:\AAAAA-MonroeCoSite\obituaries2_files\image042.jpg --> users.rootsweb.com /home0023/ohmccogs/public_html/obituaries2_files image042.jpg
2003.02.08 16:44 B C:\AAAAA-MonroeCoSite\obituaries2_files\image043.jpg --> users.rootsweb.com /home0023/ohmccogs/public_html/obituaries2_files image043.jpg
2003.02.08 16:44 B C:\AAAAA-MonroeCoSite\obituaries2_files\image044.jpg --> users.rootsweb.com /home0023/ohmccogs/public_html/obituaries2_files image044.jpg
2003.02.08 16:44 B C:\AAAAA-MonroeCoSite\obituaries2_files\image045.jpg --> users.rootsweb.com /home0023/ohmccogs/public_html/obituaries2_files image045.jpg
2003.02.08 16:44 B C:\AAAAA-MonroeCoSite\obituaries2_files\image046.jpg --> users.rootsweb.com /home0023/ohmccogs/public_html/obituaries2_files image046.jpg
2003.02.08 16:44 B C:\AAAAA-MonroeCoSite\obituaries2_files\image047.jpg --> users.rootsweb.com /home0023/ohmccogs/public_html/obituaries2_files image047.jpg
2003.02.08 16:44 B C:\AAAAA-MonroeCoSite\obituaries2_files\image048.jpg --> users.rootsweb.com /home0023/ohmccogs/public_html/obituaries2_files image048.jpg
2003.02.08 16:44 B C:\AAAAA-MonroeCoSite\obituaries2_files\image049.jpg --> users.rootsweb.com /home0023/ohmccogs/public_html/obituaries2_files image049.jpg
2003.02.08 16:44 B C:\AAAAA-MonroeCoSite\obituaries2_files\image050.jpg --> users.rootsweb.com /home0023/ohmccogs/public_html/obituaries2_files image050.jpg
2003.02.08 16:45 B C:\AAAAA-MonroeCoSite\obituaries2_files\image051.jpg --> users.rootsweb.com /home0023/ohmccogs/public_html/obituaries2_files image051.jpg
2003.02.08 16:45 B C:\AAAAA-MonroeCoSite\obituaries2_files\image052.jpg --> users.rootsweb.com /home0023/ohmccogs/public_html/obituaries2_files image052.jpg
2003.02.08 16:45 B C:\AAAAA-MonroeCoSite\obituaries2_files\image053.jpg --> users.rootsweb.com /home0023/ohmccogs/public_html/obituaries2_files image053.jpg
2003.02.08 16:45 B C:\AAAAA-MonroeCoSite\obituaries2_files\image054.jpg --> users.rootsweb.com /home0023/ohmccogs/public_html/obituaries2_files image054.jpg
2003.02.08 16:45 B C:\AAAAA-MonroeCoSite\obituaries2_files\image055.jpg --> users.rootsweb.com /home0023/ohmccogs/public_html/obituaries2_files image055.jpg
2003.02.08 16:45 B C:\AAAAA-MonroeCoSite\obituaries2_files\image056.jpg --> users.rootsweb.com /home0023/ohmccogs/public_html/obituaries2_files image056.jpg
2003.02.08 16:45 B C:\AAAAA-MonroeCoSite\obituaries2_files\image057.jpg --> users.rootsweb.com /home0023/ohmccogs/public_html/obituaries2_files image057.jpg
2003.02.08 16:45 B C:\AAAAA-MonroeCoSite\obituaries2_files\image058.jpg --> users.rootsweb.com /home0023/ohmccogs/public_html/obituaries2_files image058.jpg
2003.02.08 16:45 B C:\AAAAA-MonroeCoSite\obituaries2_files\image059.jpg --> users.rootsweb.com /home0023/ohmccogs/public_html/obituaries2_files image059.jpg
2003.02.08 16:45 B C:\AAAAA-MonroeCoSite\obituaries2_files\image060.jpg --> users.rootsweb.com /home0023/ohmccogs/public_html/obituaries2_files image060.jpg
2003.02.08 16:45 B C:\AAAAA-MonroeCoSite\obituaries2_files\image061.jpg --> users.rootsweb.com /home0023/ohmccogs/public_html/obituaries2_files image061.jpg
2003.02.08 16:45 B C:\AAAAA-MonroeCoSite\obituaries2_files\image062.jpg --> users.rootsweb.com /home0023/ohmccogs/public_html/obituaries2_files image062.jpg
2003.02.08 16:45 B C:\AAAAA-MonroeCoSite\obituaries2_files\image063.jpg --> users.rootsweb.com /home0023/ohmccogs/public_html/obituaries2_files image063.jpg
2003.02.08 16:45 B C:\AAAAA-MonroeCoSite\obituaries2_files\image064.jpg --> users.rootsweb.com /home0023/ohmccogs/public_html/obituaries2_files image064.jpg
2003.02.08 16:45 B C:\AAAAA-MonroeCoSite\obituaries2_files\image065.jpg --> users.rootsweb.com /home0023/ohmccogs/public_html/obituaries2_files image065.jpg
2003.02.08 16:45 B C:\AAAAA-MonroeCoSite\obituaries2_files\image066.jpg --> users.rootsweb.com /home0023/ohmccogs/public_html/obituaries2_files image066.jpg
2003.02.08 16:45 B C:\AAAAA-MonroeCoSite\obituaries2_files\image067.jpg --> users.rootsweb.com /home0023/ohmccogs/public_html/obituaries2_files image067.jpg
2003.02.08 16:45 B C:\AAAAA-MonroeCoSite\obituaries2_files\image068.jpg --> users.rootsweb.com /home0023/ohmccogs/public_html/obituaries2_files image068.jpg
2003.02.08 16:46 B C:\AAAAA-MonroeCoSite\obituaries2_files\image069.jpg --> users.rootsweb.com /home0023/ohmccogs/public_html/obituaries2_files image069.jpg
2003.02.08 16:46 B C:\AAAAA-MonroeCoSite\obituaries2_files\image070.jpg --> users.rootsweb.com /home0023/ohmccogs/public_html/obituaries2_files image070.jpg
2003.02.08 16:46 B C:\AAAAA-MonroeCoSite\obituaries2_files\image071.jpg --> users.rootsweb.com /home0023/ohmccogs/public_html/obituaries2_files image071.jpg
2003.02.08 16:46 B C:\AAAAA-MonroeCoSite\obituaries2_files\image072.jpg --> users.rootsweb.com /home0023/ohmccogs/public_html/obituaries2_files image072.jpg
2003.03.19 22:04 B C:\AAAAA-MonroeCoSite\obituaries2_files\AAAAA-MonroeCoSite --> helloworldblue.net /web/MCCofOGS/obituaries2_files AAAAA-MonroeCoSite
2003.03.19 22:04 B C:\AAAAA-MonroeCoSite\obituaries2_files\filelist.xml --> helloworldblue.net /web/MCCofOGS/obituaries2_files filelist.xml
2003.03.19 22:05 B C:\AAAAA-MonroeCoSite\obituaries2_files\image001.jpg --> helloworldblue.net /web/MCCofOGS/obituaries2_files image001.jpg
2003.03.19 22:05 B C:\AAAAA-MonroeCoSite\obituaries2_files\image002.jpg --> helloworldblue.net /web/MCCofOGS/obituaries2_files image002.jpg
2003.03.19 22:05 B C:\AAAAA-MonroeCoSite\obituaries2_files\image003.jpg --> helloworldblue.net /web/MCCofOGS/obituaries2_files image003.jpg
2003.03.19 22:05 B C:\AAAAA-MonroeCoSite\obituaries2_files\image004.jpg --> helloworldblue.net /web/MCCofOGS/obituaries2_files image004.jpg
2003.03.19 22:05 B C:\AAAAA-MonroeCoSite\obituaries2_files\image005.jpg --> helloworldblue.net /web/MCCofOGS/obituaries2_files image005.jpg
2003.03.19 22:05 B C:\AAAAA-MonroeCoSite\obituaries2_files\image006.jpg --> helloworldblue.net /web/MCCofOGS/obituaries2_files image006.jpg
2003.03.19 22:05 B C:\AAAAA-MonroeCoSite\obituaries2_files\image007.jpg --> helloworldblue.net /web/MCCofOGS/obituaries2_files image007.jpg
2003.03.19 22:05 B C:\AAAAA-MonroeCoSite\obituaries2_files\image008.jpg --> helloworldblue.net /web/MCCofOGS/obituaries2_files image008.jpg
2003.03.19 22:05 B C:\AAAAA-MonroeCoSite\obituaries2_files\image009.jpg --> helloworldblue.net /web/MCCofOGS/obituaries2_files image009.jpg
2003.03.19 22:05 B C:\AAAAA-MonroeCoSite\obituaries2_files\image010.jpg --> helloworldblue.net /web/MCCofOGS/obituaries2_files image010.jpg
2003.03.19 22:05 B C:\AAAAA-MonroeCoSite\obituaries2_files\image011.jpg --> helloworldblue.net /web/MCCofOGS/obituaries2_files image011.jpg
2003.03.19 22:05 B C:\AAAAA-MonroeCoSite\obituaries2_files\image012.jpg --> helloworldblue.net /web/MCCofOGS/obituaries2_files image012.jpg
2003.03.19 22:05 B C:\AAAAA-MonroeCoSite\obituaries2_files\image013.jpg --> helloworldblue.net /web/MCCofOGS/obituaries2_files image013.jpg
2003.03.19 22:05 B C:\AAAAA-MonroeCoSite\obituaries2_files\image014.jpg --> helloworldblue.net /web/MCCofOGS/obituaries2_files image014.jpg
2003.03.19 22:05 B C:\AAAAA-MonroeCoSite\obituaries2_files\image015.jpg --> helloworldblue.net /web/MCCofOGS/obituaries2_files image015.jpg
2003.03.19 22:05 B C:\AAAAA-MonroeCoSite\obituaries2_files\image016.jpg --> helloworldblue.net /web/MCCofOGS/obituaries2_files image016.jpg
2003.03.19 22:05 B C:\AAAAA-MonroeCoSite\obituaries2_files\image017.jpg --> helloworldblue.net /web/MCCofOGS/obituaries2_files image017.jpg
2003.03.19 22:05 B C:\AAAAA-MonroeCoSite\obituaries2_files\image018.jpg --> helloworldblue.net /web/MCCofOGS/obituaries2_files image018.jpg
2003.03.19 22:05 B C:\AAAAA-MonroeCoSite\obituaries2_files\image019.jpg --> helloworldblue.net /web/MCCofOGS/obituaries2_files image019.jpg
2003.03.19 22:05 B C:\AAAAA-MonroeCoSite\obituaries2_files\image020.jpg --> helloworldblue.net /web/MCCofOGS/obituaries2_files image020.jpg
2003.03.19 22:06 B C:\AAAAA-MonroeCoSite\obituaries2_files\image021.jpg --> helloworldblue.net /web/MCCofOGS/obituaries2_files image021.jpg
2003.03.19 22:06 B C:\AAAAA-MonroeCoSite\obituaries2_files\image022.jpg --> helloworldblue.net /web/MCCofOGS/obituaries2_files image022.jpg
2003.03.19 22:06 B C:\AAAAA-MonroeCoSite\obituaries2_files\image023.jpg --> helloworldblue.net /web/MCCofOGS/obituaries2_files image023.jpg
2003.03.19 22:06 B C:\AAAAA-MonroeCoSite\obituaries2_files\image024.jpg --> helloworldblue.net /web/MCCofOGS/obituaries2_files image024.jpg
2003.03.19 22:06 B C:\AAAAA-MonroeCoSite\obituaries2_files\image025.jpg --> helloworldblue.net /web/MCCofOGS/obituaries2_files image025.jpg
2003.03.19 22:06 B C:\AAAAA-MonroeCoSite\obituaries2_files\image026.jpg --> helloworldblue.net /web/MCCofOGS/obituaries2_files image026.jpg
2003.03.19 22:06 B C:\AAAAA-MonroeCoSite\obituaries2_files\image027.jpg --> helloworldblue.net /web/MCCofOGS/obituaries2_files image027.jpg
2003.03.19 22:06 B C:\AAAAA-MonroeCoSite\obituaries2_files\image028.jpg --> helloworldblue.net /web/MCCofOGS/obituaries2_files image028.jpg
2003.03.19 22:06 B C:\AAAAA-MonroeCoSite\obituaries2_files\image029.jpg --> helloworldblue.net /web/MCCofOGS/obituaries2_files image029.jpg
2003.03.19 22:06 B C:\AAAAA-MonroeCoSite\obituaries2_files\image030.jpg --> helloworldblue.net /web/MCCofOGS/obituaries2_files image030.jpg
2003.03.19 22:06 B C:\AAAAA-MonroeCoSite\obituaries2_files\image031.jpg --> helloworldblue.net /web/MCCofOGS/obituaries2_files image031.jpg
2003.03.19 22:06 B C:\AAAAA-MonroeCoSite\obituaries2_files\image032.jpg --> helloworldblue.net /web/MCCofOGS/obituaries2_files image032.jpg
2003.03.19 22:06 B C:\AAAAA-MonroeCoSite\obituaries2_files\image033.jpg --> helloworldblue.net /web/MCCofOGS/obituaries2_files image033.jpg
2003.03.19 22:06 B C:\AAAAA-MonroeCoSite\obituaries2_files\image034.jpg --> helloworldblue.net /web/MCCofOGS/obituaries2_files image034.jpg
2003.03.19 22:06 B C:\AAAAA-MonroeCoSite\obituaries2_files\image035.jpg --> helloworldblue.net /web/MCCofOGS/obituaries2_files image035.jpg
2003.03.19 22:06 B C:\AAAAA-MonroeCoSite\obituaries2_files\image036.jpg --> helloworldblue.net /web/MCCofOGS/obituaries2_files image036.jpg
2003.03.19 22:06 B C:\AAAAA-MonroeCoSite\obituaries2_files\image037.jpg --> helloworldblue.net /web/MCCofOGS/obituaries2_files image037.jpg
2003.03.19 22:06 B C:\AAAAA-MonroeCoSite\obituaries2_files\image038.jpg --> helloworldblue.net /web/MCCofOGS/obituaries2_files image038.jpg
2003.03.19 22:06 B C:\AAAAA-MonroeCoSite\obituaries2_files\image039.jpg --> helloworldblue.net /web/MCCofOGS/obituaries2_files image039.jpg
2003.03.19 22:06 B C:\AAAAA-MonroeCoSite\obituaries2_files\image040.jpg --> helloworldblue.net /web/MCCofOGS/obituaries2_files image040.jpg
2003.03.19 22:07 B C:\AAAAA-MonroeCoSite\obituaries2_files\image041.jpg --> helloworldblue.net /web/MCCofOGS/obituaries2_files image041.jpg
2003.03.19 22:07 B C:\AAAAA-MonroeCoSite\obituaries2_files\image042.jpg --> helloworldblue.net /web/MCCofOGS/obituaries2_files image042.jpg
2003.03.19 22:07 B C:\AAAAA-MonroeCoSite\obituaries2_files\image043.jpg --> helloworldblue.net /web/MCCofOGS/obituaries2_files image043.jpg
2003.03.19 22:07 B C:\AAAAA-MonroeCoSite\obituaries2_files\image044.jpg --> helloworldblue.net /web/MCCofOGS/obituaries2_files image044.jpg
2003.03.19 22:07 B C:\AAAAA-MonroeCoSite\obituaries2_files\image045.jpg --> helloworldblue.net /web/MCCofOGS/obituaries2_files image045.jpg
2003.03.19 22:07 B C:\AAAAA-MonroeCoSite\obituaries2_files\image046.jpg --> helloworldblue.net /web/MCCofOGS/obituaries2_files image046.jpg
2003.03.19 22:07 B C:\AAAAA-MonroeCoSite\obituaries2_files\image047.jpg --> helloworldblue.net /web/MCCofOGS/obituaries2_files image047.jpg
2003.03.19 22:07 B C:\AAAAA-MonroeCoSite\obituaries2_files\image048.jpg --> helloworldblue.net /web/MCCofOGS/obituaries2_files image048.jpg
2003.03.19 22:07 B C:\AAAAA-MonroeCoSite\obituaries2_files\image049.jpg --> helloworldblue.net /web/MCCofOGS/obituaries2_files image049.jpg
2003.03.19 22:07 B C:\AAAAA-MonroeCoSite\obituaries2_files\image050.jpg --> helloworldblue.net /web/MCCofOGS/obituaries2_files image050.jpg
2003.03.19 22:07 B C:\AAAAA-MonroeCoSite\obituaries2_files\image051.jpg --> helloworldblue.net /web/MCCofOGS/obituaries2_files image051.jpg
2003.03.19 22:07 B C:\AAAAA-MonroeCoSite\obituaries2_files\image052.jpg --> helloworldblue.net /web/MCCofOGS/obituaries2_files image052.jpg
2003.03.19 22:07 B C:\AAAAA-MonroeCoSite\obituaries2_files\image053.jpg --> helloworldblue.net /web/MCCofOGS/obituaries2_files image053.jpg
2003.03.19 22:07 B C:\AAAAA-MonroeCoSite\obituaries2_files\image054.jpg --> helloworldblue.net /web/MCCofOGS/obituaries2_files image054.jpg
2003.03.19 22:07 B C:\AAAAA-MonroeCoSite\obituaries2_files\image055.jpg --> helloworldblue.net /web/MCCofOGS/obituaries2_files image055.jpg
2003.03.19 22:07 B C:\AAAAA-MonroeCoSite\obituaries2_files\image056.jpg --> helloworldblue.net /web/MCCofOGS/obituaries2_files image056.jpg
2003.03.19 22:07 B C:\AAAAA-MonroeCoSite\obituaries2_files\image057.jpg --> helloworldblue.net /web/MCCofOGS/obituaries2_files image057.jpg
2003.03.19 22:07 B C:\AAAAA-MonroeCoSite\obituaries2_files\image058.jpg --> helloworldblue.net /web/MCCofOGS/obituaries2_files image058.jpg
2003.03.19 22:07 B C:\AAAAA-MonroeCoSite\obituaries2_files\image059.jpg --> helloworldblue.net /web/MCCofOGS/obituaries2_files image059.jpg
2003.03.19 22:07 B C:\AAAAA-MonroeCoSite\obituaries2_files\image060.jpg --> helloworldblue.net /web/MCCofOGS/obituaries2_files image060.jpg
2003.03.19 22:07 B C:\AAAAA-MonroeCoSite\obituaries2_files\image061.jpg --> helloworldblue.net /web/MCCofOGS/obituaries2_files image061.jpg
2003.03.19 22:08 B C:\AAAAA-MonroeCoSite\obituaries2_files\image062.jpg --> helloworldblue.net /web/MCCofOGS/obituaries2_files image062.jpg
2003.03.19 22:08 B C:\AAAAA-MonroeCoSite\obituaries2_files\image063.jpg --> helloworldblue.net /web/MCCofOGS/obituaries2_files image063.jpg
2003.03.19 22:08 B C:\AAAAA-MonroeCoSite\obituaries2_files\image064.jpg --> helloworldblue.net /web/MCCofOGS/obituaries2_files image064.jpg
2003.03.19 22:08 B C:\AAAAA-MonroeCoSite\obituaries2_files\image065.jpg --> helloworldblue.net /web/MCCofOGS/obituaries2_files image065.jpg
2003.03.19 22:08 B C:\AAAAA-MonroeCoSite\obituaries2_files\image066.jpg --> helloworldblue.net /web/MCCofOGS/obituaries2_files image066.jpg
2003.03.19 22:08 B C:\AAAAA-MonroeCoSite\obituaries2_files\image067.jpg --> helloworldblue.net /web/MCCofOGS/obituaries2_files image067.jpg
2003.03.19 22:08 B C:\AAAAA-MonroeCoSite\obituaries2_files\image068.jpg --> helloworldblue.net /web/MCCofOGS/obituaries2_files image068.jpg
2003.03.19 22:08 B C:\AAAAA-MonroeCoSite\obituaries2_files\image069.jpg --> helloworldblue.net /web/MCCofOGS/obituaries2_files image069.jpg
2003.03.19 22:08 B C:\AAAAA-MonroeCoSite\obituaries2_files\image070.jpg --> helloworldblue.net /web/MCCofOGS/obituaries2_files image070.jpg
2003.03.19 22:08 B C:\AAAAA-MonroeCoSite\obituaries2_files\image071.jpg --> helloworldblue.net /web/MCCofOGS/obituaries2_files image071.jpg
2003.03.19 22:08 B C:\AAAAA-MonroeCoSite\obituaries2_files\image072.jpg --> helloworldblue.net /web/MCCofOGS/obituaries2_files image072.jpg
2003.03.19 22:08 B C:\AAAAA-MonroeCoSite\obituaries2_files\image073.jpg --> helloworldblue.net /web/MCCofOGS/obituaries2_files image073.jpg
2003.03.19 22:08 B C:\AAAAA-MonroeCoSite\obituaries2_files\image074.jpg --> helloworldblue.net /web/MCCofOGS/obituaries2_files image074.jpg
2003.03.19 22:08 B C:\AAAAA-MonroeCoSite\obituaries2_files\image075.jpg --> helloworldblue.net /web/MCCofOGS/obituaries2_files image075.jpg
2003.03.19 22:08 B C:\AAAAA-MonroeCoSite\obituaries2_files\image076.jpg --> helloworldblue.net /web/MCCofOGS/obituaries2_files image076.jpg
2003.03.19 22:08 B C:\AAAAA-MonroeCoSite\obituaries2_files\image077.jpg --> helloworldblue.net /web/MCCofOGS/obituaries2_files image077.jpg
2003.03.19 22:08 B C:\AAAAA-MonroeCoSite\obituaries2_files\image078.jpg --> helloworldblue.net /web/MCCofOGS/obituaries2_files image078.jpg
2003.03.19 22:08 B C:\AAAAA-MonroeCoSite\obituaries2_files\image079.jpg --> helloworldblue.net /web/MCCofOGS/obituaries2_files image079.jpg
2003.03.19 22:08 B C:\AAAAA-MonroeCoSite\obituaries2_files\image080.jpg --> helloworldblue.net /web/MCCofOGS/obituaries2_files image080.jpg
2003.03.19 22:09 B C:\AAAAA-MonroeCoSite\obituaries2_files\image081.jpg --> helloworldblue.net /web/MCCofOGS/obituaries2_files image081.jpg
2003.03.19 22:09 B C:\AAAAA-MonroeCoSite\obituaries2_files\image082.jpg --> helloworldblue.net /web/MCCofOGS/obituaries2_files image082.jpg
2003.03.19 22:09 B C:\AAAAA-MonroeCoSite\obituaries2_files\image083.jpg --> helloworldblue.net /web/MCCofOGS/obituaries2_files image083.jpg
2003.03.19 22:09 B C:\AAAAA-MonroeCoSite\obituaries2_files\image084.jpg --> helloworldblue.net /web/MCCofOGS/obituaries2_files image084.jpg
2003.03.19 22:09 B C:\AAAAA-MonroeCoSite\obituaries2_files\image085.jpg --> helloworldblue.net /web/MCCofOGS/obituaries2_files image085.jpg
2003.03.19 22:09 B C:\AAAAA-MonroeCoSite\obituaries2_files\image086.jpg --> helloworldblue.net /web/MCCofOGS/obituaries2_files image086.jpg
2003.03.19 22:09 B C:\AAAAA-MonroeCoSite\obituaries2_files\image087.jpg --> helloworldblue.net /web/MCCofOGS/obituaries2_files image087.jpg
2003.03.19 22:09 B C:\AAAAA-MonroeCoSite\obituaries2_files\image088.jpg --> helloworldblue.net /web/MCCofOGS/obituaries2_files image088.jpg
2003.03.19 22:09 B C:\AAAAA-MonroeCoSite\obituaries2_files\image089.jpg --> helloworldblue.net /web/MCCofOGS/obituaries2_files image089.jpg
2003.03.19 22:09 B C:\AAAAA-MonroeCoSite\obituaries2_files\image090.jpg --> helloworldblue.net /web/MCCofOGS/obituaries2_files image090.jpg
2003.03.19 22:09 B C:\AAAAA-MonroeCoSite\obituaries2_files\image091.jpg --> helloworldblue.net /web/MCCofOGS/obituaries2_files image091.jpg
2003.03.19 22:09 B C:\AAAAA-MonroeCoSite\obituaries2_files\image092.jpg --> helloworldblue.net /web/MCCofOGS/obituaries2_files image092.jpg
2003.03.19 22:09 B C:\AAAAA-MonroeCoSite\obituaries2_files\image093.jpg --> helloworldblue.net /web/MCCofOGS/obituaries2_files image093.jpg
2003.03.19 22:09 B C:\AAAAA-MonroeCoSite\obituaries2_files\image094.jpg --> helloworldblue.net /web/MCCofOGS/obituaries2_files image094.jpg
2003.03.19 22:09 B C:\AAAAA-MonroeCoSite\obituaries2_files\image095.jpg --> helloworldblue.net /web/MCCofOGS/obituaries2_files image095.jpg
2003.03.19 22:09 B C:\AAAAA-MonroeCoSite\obituaries2_files\image096.jpg --> helloworldblue.net /web/MCCofOGS/obituaries2_files image096.jpg
2003.03.19 22:09 B C:\AAAAA-MonroeCoSite\obituaries2_files\image097.jpg --> helloworldblue.net /web/MCCofOGS/obituaries2_files image097.jpg
2003.03.19 22:09 B C:\AAAAA-MonroeCoSite\obituaries2_files\image098.jpg --> helloworldblue.net /web/MCCofOGS/obituaries2_files image098.jpg
2003.03.19 22:09 B C:\AAAAA-MonroeCoSite\obituaries2_files\image099.jpg --> helloworldblue.net /web/MCCofOGS/obituaries2_files image099.jpg
2003.03.19 22:09 B C:\AAAAA-MonroeCoSite\obituaries2_files\image100.jpg --> helloworldblue.net /web/MCCofOGS/obituaries2_files image100.jpg
2003.03.19 22:09 B C:\AAAAA-MonroeCoSite\obituaries2_files\image101.jpg --> helloworldblue.net /web/MCCofOGS/obituaries2_files image101.jpg
2003.03.19 22:10 B C:\AAAAA-MonroeCoSite\obituaries2_files\image102.jpg --> helloworldblue.net /web/MCCofOGS/obituaries2_files image102.jpg
2003.03.19 22:10 B C:\AAAAA-MonroeCoSite\obituaries2_files\image103.jpg --> helloworldblue.net /web/MCCofOGS/obituaries2_files image103.jpg
2003.03.19 22:10 B C:\AAAAA-MonroeCoSite\obituaries2_files\image104.jpg --> helloworldblue.net /web/MCCofOGS/obituaries2_files image104.jpg
2003.03.19 22:10 B C:\AAAAA-MonroeCoSite\obituaries2_files\image105.jpg --> helloworldblue.net /web/MCCofOGS/obituaries2_files image105.jpg
2003.03.19 22:10 B C:\AAAAA-MonroeCoSite\obituaries2_files\image106.jpg --> helloworldblue.net /web/MCCofOGS/obituaries2_files image106.jpg
2003.03.19 22:10 B C:\AAAAA-MonroeCoSite\obituaries2_files\WS_FTP.LOG --> helloworldblue.net /web/MCCofOGS/obituaries2_files WS_FTP.LOG
2003.06.24 11:24 B C:\AAAAA-MonroeCoSite\obituaries2_files\filelist.xml --> users.rootsweb.com /home0023/ohmccogs/public_html/obituaries2_files filelist.xml
2003.06.24 11:24 B C:\AAAAA-MonroeCoSite\obituaries2_files\image001.jpg --> users.rootsweb.com /home0023/ohmccogs/public_html/obituaries2_files image001.jpg
2003.06.24 11:25 B C:\AAAAA-MonroeCoSite\obituaries2_files\image002.jpg --> users.rootsweb.com /home0023/ohmccogs/public_html/obituaries2_files image002.jpg
2003.06.24 11:25 B C:\AAAAA-MonroeCoSite\obituaries2_files\image003.jpg --> users.rootsweb.com /home0023/ohmccogs/public_html/obituaries2_files image003.jpg
2003.06.24 11:25 B C:\AAAAA-MonroeCoSite\obituaries2_files\image004.jpg --> users.rootsweb.com /home0023/ohmccogs/public_html/obituaries2_files image004.jpg
2003.06.24 11:25 B C:\AAAAA-MonroeCoSite\obituaries2_files\image005.jpg --> users.rootsweb.com /home0023/ohmccogs/public_html/obituaries2_files image005.jpg
2003.06.24 11:25 B C:\AAAAA-MonroeCoSite\obituaries2_files\image006.jpg --> users.rootsweb.com /home0023/ohmccogs/public_html/obituaries2_files image006.jpg
2003.06.24 11:25 B C:\AAAAA-MonroeCoSite\obituaries2_files\image007.jpg --> users.rootsweb.com /home0023/ohmccogs/public_html/obituaries2_files image007.jpg
2003.06.24 11:25 B C:\AAAAA-MonroeCoSite\obituaries2_files\image008.jpg --> users.rootsweb.com /home0023/ohmccogs/public_html/obituaries2_files image008.jpg
2003.06.24 11:25 B C:\AAAAA-MonroeCoSite\obituaries2_files\image009.jpg --> users.rootsweb.com /home0023/ohmccogs/public_html/obituaries2_files image009.jpg
2003.06.24 11:25 B C:\AAAAA-MonroeCoSite\obituaries2_files\image010.jpg --> users.rootsweb.com /home0023/ohmccogs/public_html/obituaries2_files image010.jpg
2003.06.24 11:25 B C:\AAAAA-MonroeCoSite\obituaries2_files\image011.jpg --> users.rootsweb.com /home0023/ohmccogs/public_html/obituaries2_files image011.jpg
2003.06.24 11:25 B C:\AAAAA-MonroeCoSite\obituaries2_files\image012.jpg --> users.rootsweb.com /home0023/ohmccogs/public_html/obituaries2_files image012.jpg
2003.06.24 11:25 B C:\AAAAA-MonroeCoSite\obituaries2_files\image013.jpg --> users.rootsweb.com /home0023/ohmccogs/public_html/obituaries2_files image013.jpg
2003.06.24 11:25 B C:\AAAAA-MonroeCoSite\obituaries2_files\image014.jpg --> users.rootsweb.com /home0023/ohmccogs/public_html/obituaries2_files image014.jpg
2003.06.24 11:25 B C:\AAAAA-MonroeCoSite\obituaries2_files\image015.jpg --> users.rootsweb.com /home0023/ohmccogs/public_html/obituaries2_files image015.jpg
2003.06.24 11:25 B C:\AAAAA-MonroeCoSite\obituaries2_files\image016.jpg --> users.rootsweb.com /home0023/ohmccogs/public_html/obituaries2_files image016.jpg
2003.06.24 11:25 B C:\AAAAA-MonroeCoSite\obituaries2_files\image017.jpg --> users.rootsweb.com /home0023/ohmccogs/public_html/obituaries2_files image017.jpg
2003.06.24 11:25 B C:\AAAAA-MonroeCoSite\obituaries2_files\image018.jpg --> users.rootsweb.com /home0023/ohmccogs/public_html/obituaries2_files image018.jpg
2003.06.24 11:25 B C:\AAAAA-MonroeCoSite\obituaries2_files\image019.jpg --> users.rootsweb.com /home0023/ohmccogs/public_html/obituaries2_files image019.jpg
2003.06.24 11:25 B C:\AAAAA-MonroeCoSite\obituaries2_files\image020.jpg --> users.rootsweb.com /home0023/ohmccogs/public_html/obituaries2_files image020.jpg
2003.06.24 11:26 B C:\AAAAA-MonroeCoSite\obituaries2_files\image021.jpg --> users.rootsweb.com /home0023/ohmccogs/public_html/obituaries2_files image021.jpg
2003.06.24 11:26 B C:\AAAAA-MonroeCoSite\obituaries2_files\image022.jpg --> users.rootsweb.com /home0023/ohmccogs/public_html/obituaries2_files image022.jpg
2003.06.24 11:26 B C:\AAAAA-MonroeCoSite\obituaries2_files\image023.jpg --> users.rootsweb.com /home0023/ohmccogs/public_html/obituaries2_files image023.jpg
2003.06.24 11:26 B C:\AAAAA-MonroeCoSite\obituaries2_files\image024.jpg --> users.rootsweb.com /home0023/ohmccogs/public_html/obituaries2_files image024.jpg
2003.06.24 11:26 B C:\AAAAA-MonroeCoSite\obituaries2_files\image025.jpg --> users.rootsweb.com /home0023/ohmccogs/public_html/obituaries2_files image025.jpg
2003.06.24 11:26 B C:\AAAAA-MonroeCoSite\obituaries2_files\image026.jpg --> users.rootsweb.com /home0023/ohmccogs/public_html/obituaries2_files image026.jpg
2003.06.24 11:26 B C:\AAAAA-MonroeCoSite\obituaries2_files\image027.jpg --> users.rootsweb.com /home0023/ohmccogs/public_html/obituaries2_files image027.jpg
2003.06.24 11:26 B C:\AAAAA-MonroeCoSite\obituaries2_files\image028.jpg --> users.rootsweb.com /home0023/ohmccogs/public_html/obituaries2_files image028.jpg
2003.06.24 11:26 B C:\AAAAA-MonroeCoSite\obituaries2_files\image029.jpg --> users.rootsweb.com /home0023/ohmccogs/public_html/obituaries2_files image029.jpg
2003.06.24 11:26 B C:\AAAAA-MonroeCoSite\obituaries2_files\image030.jpg --> users.rootsweb.com /home0023/ohmccogs/public_html/obituaries2_files image030.jpg
2003.06.24 11:26 B C:\AAAAA-MonroeCoSite\obituaries2_files\image031.jpg --> users.rootsweb.com /home0023/ohmccogs/public_html/obituaries2_files image031.jpg
2003.06.24 11:26 B C:\AAAAA-MonroeCoSite\obituaries2_files\image032.jpg --> users.rootsweb.com /home0023/ohmccogs/public_html/obituaries2_files image032.jpg
2003.06.24 11:26 B C:\AAAAA-MonroeCoSite\obituaries2_files\image033.jpg --> users.rootsweb.com /home0023/ohmccogs/public_html/obituaries2_files image033.jpg
2003.06.24 11:26 B C:\AAAAA-MonroeCoSite\obituaries2_files\image034.jpg --> users.rootsweb.com /home0023/ohmccogs/public_html/obituaries2_files image034.jpg
2003.06.24 11:26 B C:\AAAAA-MonroeCoSite\obituaries2_files\image035.jpg --> users.rootsweb.com /home0023/ohmccogs/public_html/obituaries2_files image035.jpg
2003.06.24 11:26 B C:\AAAAA-MonroeCoSite\obituaries2_files\image036.jpg --> users.rootsweb.com /home0023/ohmccogs/public_html/obituaries2_files image036.jpg
2003.06.24 11:26 B C:\AAAAA-MonroeCoSite\obituaries2_files\image037.jpg --> users.rootsweb.com /home0023/ohmccogs/public_html/obituaries2_files image037.jpg
2003.06.24 11:26 B C:\AAAAA-MonroeCoSite\obituaries2_files\image038.jpg --> users.rootsweb.com /home0023/ohmccogs/public_html/obituaries2_files image038.jpg
2003.06.24 11:27 B C:\AAAAA-MonroeCoSite\obituaries2_files\image039.jpg --> users.rootsweb.com /home0023/ohmccogs/public_html/obituaries2_files image039.jpg
2003.06.24 11:27 B C:\AAAAA-MonroeCoSite\obituaries2_files\image040.jpg --> users.rootsweb.com /home0023/ohmccogs/public_html/obituaries2_files image040.jpg
2003.06.24 11:27 B C:\AAAAA-MonroeCoSite\obituaries2_files\image041.jpg --> users.rootsweb.com /home0023/ohmccogs/public_html/obituaries2_files image041.jpg
2003.06.24 11:27 B C:\AAAAA-MonroeCoSite\obituaries2_files\image042.jpg --> users.rootsweb.com /home0023/ohmccogs/public_html/obituaries2_files image042.jpg
2003.06.24 11:27 B C:\AAAAA-MonroeCoSite\obituaries2_files\image043.jpg --> users.rootsweb.com /home0023/ohmccogs/public_html/obituaries2_files image043.jpg
2003.06.24 11:27 B C:\AAAAA-MonroeCoSite\obituaries2_files\image044.jpg --> users.rootsweb.com /home0023/ohmccogs/public_html/obituaries2_files image044.jpg
2003.06.24 11:27 B C:\AAAAA-MonroeCoSite\obituaries2_files\image045.jpg --> users.rootsweb.com /home0023/ohmccogs/public_html/obituaries2_files image045.jpg
2003.06.24 11:27 B C:\AAAAA-MonroeCoSite\obituaries2_files\image046.jpg --> users.rootsweb.com /home0023/ohmccogs/public_html/obituaries2_files image046.jpg
2003.06.24 11:27 B C:\AAAAA-MonroeCoSite\obituaries2_files\image047.jpg --> users.rootsweb.com /home0023/ohmccogs/public_html/obituaries2_files image047.jpg
2003.06.24 11:27 B C:\AAAAA-MonroeCoSite\obituaries2_files\image048.jpg --> users.rootsweb.com /home0023/ohmccogs/public_html/obituaries2_files image048.jpg
2003.06.24 11:27 B C:\AAAAA-MonroeCoSite\obituaries2_files\image049.jpg --> users.rootsweb.com /home0023/ohmccogs/public_html/obituaries2_files image049.jpg
2003.06.24 11:27 B C:\AAAAA-MonroeCoSite\obituaries2_files\image050.jpg --> users.rootsweb.com /home0023/ohmccogs/public_html/obituaries2_files image050.jpg
2003.06.24 11:27 B C:\AAAAA-MonroeCoSite\obituaries2_files\image051.jpg --> users.rootsweb.com /home0023/ohmccogs/public_html/obituaries2_files image051.jpg
2003.06.24 11:27 B C:\AAAAA-MonroeCoSite\obituaries2_files\image052.jpg --> users.rootsweb.com /home0023/ohmccogs/public_html/obituaries2_files image052.jpg
2003.06.24 11:27 B C:\AAAAA-MonroeCoSite\obituaries2_files\image053.jpg --> users.rootsweb.com /home0023/ohmccogs/public_html/obituaries2_files image053.jpg
2003.06.24 11:27 B C:\AAAAA-MonroeCoSite\obituaries2_files\image054.jpg --> users.rootsweb.com /home0023/ohmccogs/public_html/obituaries2_files image054.jpg
2003.06.24 11:28 B C:\AAAAA-MonroeCoSite\obituaries2_files\image055.jpg --> users.rootsweb.com /home0023/ohmccogs/public_html/obituaries2_files image055.jpg
2003.06.24 11:28 B C:\AAAAA-MonroeCoSite\obituaries2_files\image056.jpg --> users.rootsweb.com /home0023/ohmccogs/public_html/obituaries2_files image056.jpg
2003.06.24 11:28 B C:\AAAAA-MonroeCoSite\obituaries2_files\image057.jpg --> users.rootsweb.com /home0023/ohmccogs/public_html/obituaries2_files image057.jpg
2003.06.24 11:28 B C:\AAAAA-MonroeCoSite\obituaries2_files\image058.jpg --> users.rootsweb.com /home0023/ohmccogs/public_html/obituaries2_files image058.jpg
2003.06.24 11:28 B C:\AAAAA-MonroeCoSite\obituaries2_files\image059.jpg --> users.rootsweb.com /home0023/ohmccogs/public_html/obituaries2_files image059.jpg
2003.06.24 11:28 B C:\AAAAA-MonroeCoSite\obituaries2_files\image060.jpg --> users.rootsweb.com /home0023/ohmccogs/public_html/obituaries2_files image060.jpg
2003.06.24 11:28 B C:\AAAAA-MonroeCoSite\obituaries2_files\image061.jpg --> users.rootsweb.com /home0023/ohmccogs/public_html/obituaries2_files image061.jpg
2003.06.24 11:28 B C:\AAAAA-MonroeCoSite\obituaries2_files\image062.jpg --> users.rootsweb.com /home0023/ohmccogs/public_html/obituaries2_files image062.jpg
2003.06.24 11:28 B C:\AAAAA-MonroeCoSite\obituaries2_files\image063.jpg --> users.rootsweb.com /home0023/ohmccogs/public_html/obituaries2_files image063.jpg
2003.06.24 11:28 B C:\AAAAA-MonroeCoSite\obituaries2_files\image064.jpg --> users.rootsweb.com /home0023/ohmccogs/public_html/obituaries2_files image064.jpg
2003.06.24 11:28 B C:\AAAAA-MonroeCoSite\obituaries2_files\image065.jpg --> users.rootsweb.com /home0023/ohmccogs/public_html/obituaries2_files image065.jpg
2003.06.24 11:28 B C:\AAAAA-MonroeCoSite\obituaries2_files\image066.jpg --> users.rootsweb.com /home0023/ohmccogs/public_html/obituaries2_files image066.jpg
2003.06.24 11:28 B C:\AAAAA-MonroeCoSite\obituaries2_files\image067.jpg --> users.rootsweb.com /home0023/ohmccogs/public_html/obituaries2_files image067.jpg
2003.06.24 11:28 B C:\AAAAA-MonroeCoSite\obituaries2_files\image068.jpg --> users.rootsweb.com /home0023/ohmccogs/public_html/obituaries2_files image068.jpg
2003.06.24 11:28 B C:\AAAAA-MonroeCoSite\obituaries2_files\image069.jpg --> users.rootsweb.com /home0023/ohmccogs/public_html/obituaries2_files image069.jpg
2003.06.24 11:29 B C:\AAAAA-MonroeCoSite\obituaries2_files\image070.jpg --> users.rootsweb.com /home0023/ohmccogs/public_html/obituaries2_files image070.jpg
2003.06.24 11:29 B C:\AAAAA-MonroeCoSite\obituaries2_files\image071.jpg --> users.rootsweb.com /home0023/ohmccogs/public_html/obituaries2_files image071.jpg
2003.06.24 11:29 B C:\AAAAA-MonroeCoSite\obituaries2_files\image072.jpg --> users.rootsweb.com /home0023/ohmccogs/public_html/obituaries2_files image072.jpg
2003.06.24 11:29 B C:\AAAAA-MonroeCoSite\obituaries2_files\image073.jpg --> users.rootsweb.com /home0023/ohmccogs/public_html/obituaries2_files image073.jpg
2003.06.24 11:29 B C:\AAAAA-MonroeCoSite\obituaries2_files\image074.jpg --> users.rootsweb.com /home0023/ohmccogs/public_html/obituaries2_files image074.jpg
2003.06.24 11:29 B C:\AAAAA-MonroeCoSite\obituaries2_files\image075.jpg --> users.rootsweb.com /home0023/ohmccogs/public_html/obituaries2_files image075.jpg
2003.06.24 11:29 B C:\AAAAA-MonroeCoSite\obituaries2_files\image076.jpg --> users.rootsweb.com /home0023/ohmccogs/public_html/obituaries2_files image076.jpg
2003.06.24 11:29 B C:\AAAAA-MonroeCoSite\obituaries2_files\image077.jpg --> users.rootsweb.com /home0023/ohmccogs/public_html/obituaries2_files image077.jpg
2003.06.24 11:29 B C:\AAAAA-MonroeCoSite\obituaries2_files\image078.jpg --> users.rootsweb.com /home0023/ohmccogs/public_html/obituaries2_files image078.jpg
2003.06.24 11:29 B C:\AAAAA-MonroeCoSite\obituaries2_files\image079.jpg --> users.rootsweb.com /home0023/ohmccogs/public_html/obituaries2_files image079.jpg
2003.06.24 11:29 B C:\AAAAA-MonroeCoSite\obituaries2_files\image080.jpg --> users.rootsweb.com /home0023/ohmccogs/public_html/obituaries2_files image080.jpg
2003.06.24 11:29 B C:\AAAAA-MonroeCoSite\obituaries2_files\image081.jpg --> users.rootsweb.com /home0023/ohmccogs/public_html/obituaries2_files image081.jpg
2003.06.24 11:29 B C:\AAAAA-MonroeCoSite\obituaries2_files\image082.jpg --> users.rootsweb.com /home0023/ohmccogs/public_html/obituaries2_files image082.jpg
2003.06.24 11:30 B C:\AAAAA-MonroeCoSite\obituaries2_files\image083.jpg --> users.rootsweb.com /home0023/ohmccogs/public_html/obituaries2_files image083.jpg
2003.06.24 11:30 B C:\AAAAA-MonroeCoSite\obituaries2_files\image084.jpg --> users.rootsweb.com /home0023/ohmccogs/public_html/obituaries2_files image084.jpg
2003.06.24 11:30 B C:\AAAAA-MonroeCoSite\obituaries2_files\image085.jpg --> users.rootsweb.com /home0023/ohmccogs/public_html/obituaries2_files image085.jpg
2003.06.24 11:30 B C:\AAAAA-MonroeCoSite\obituaries2_files\image086.jpg --> users.rootsweb.com /home0023/ohmccogs/public_html/obituaries2_files image086.jpg
2003.06.24 11:30 B C:\AAAAA-MonroeCoSite\obituaries2_files\image087.jpg --> users.rootsweb.com /home0023/ohmccogs/public_html/obituaries2_files image087.jpg
2003.06.24 11:30 B C:\AAAAA-MonroeCoSite\obituaries2_files\image088.jpg --> users.rootsweb.com /home0023/ohmccogs/public_html/obituaries2_files image088.jpg
2003.06.24 11:30 B C:\AAAAA-MonroeCoSite\obituaries2_files\image089.jpg --> users.rootsweb.com /home0023/ohmccogs/public_html/obituaries2_files image089.jpg
2003.06.24 11:30 B C:\AAAAA-MonroeCoSite\obituaries2_files\image090.jpg --> users.rootsweb.com /home0023/ohmccogs/public_html/obituaries2_files image090.jpg
2003.06.24 11:30 B C:\AAAAA-MonroeCoSite\obituaries2_files\image091.jpg --> users.rootsweb.com /home0023/ohmccogs/public_html/obituaries2_files image091.jpg
2003.06.24 11:30 B C:\AAAAA-MonroeCoSite\obituaries2_files\image092.jpg --> users.rootsweb.com /home0023/ohmccogs/public_html/obituaries2_files image092.jpg
2003.06.24 11:30 B C:\AAAAA-MonroeCoSite\obituaries2_files\image093.jpg --> users.rootsweb.com /home0023/ohmccogs/public_html/obituaries2_files image093.jpg
2003.06.24 11:30 B C:\AAAAA-MonroeCoSite\obituaries2_files\image094.jpg --> users.rootsweb.com /home0023/ohmccogs/public_html/obituaries2_files image094.jpg
2003.06.24 11:30 B C:\AAAAA-MonroeCoSite\obituaries2_files\image095.jpg --> users.rootsweb.com /home0023/ohmccogs/public_html/obituaries2_files image095.jpg
2003.06.24 11:30 B C:\AAAAA-MonroeCoSite\obituaries2_files\image096.jpg --> users.rootsweb.com /home0023/ohmccogs/public_html/obituaries2_files image096.jpg
2003.06.24 11:30 B C:\AAAAA-MonroeCoSite\obituaries2_files\image097.jpg --> users.rootsweb.com /home0023/ohmccogs/public_html/obituaries2_files image097.jpg
2003.06.24 11:30 B C:\AAAAA-MonroeCoSite\obituaries2_files\image098.jpg --> users.rootsweb.com /home0023/ohmccogs/public_html/obituaries2_files image098.jpg
2003.06.24 11:30 B C:\AAAAA-MonroeCoSite\obituaries2_files\image099.jpg --> users.rootsweb.com /home0023/ohmccogs/public_html/obituaries2_files image099.jpg
2003.06.24 11:31 B C:\AAAAA-MonroeCoSite\obituaries2_files\image100.jpg --> users.rootsweb.com /home0023/ohmccogs/public_html/obituaries2_files image100.jpg
2003.06.24 11:31 B C:\AAAAA-MonroeCoSite\obituaries2_files\image101.jpg --> users.rootsweb.com /home0023/ohmccogs/public_html/obituaries2_files image101.jpg
2003.06.24 11:31 B C:\AAAAA-MonroeCoSite\obituaries2_files\image102.jpg --> users.rootsweb.com /home0023/ohmccogs/public_html/obituaries2_files image102.jpg
2003.06.24 11:31 B C:\AAAAA-MonroeCoSite\obituaries2_files\image103.jpg --> users.rootsweb.com /home0023/ohmccogs/public_html/obituaries2_files image103.jpg
2003.06.24 11:31 B C:\AAAAA-MonroeCoSite\obituaries2_files\image104.jpg --> users.rootsweb.com /home0023/ohmccogs/public_html/obituaries2_files image104.jpg
2003.06.24 11:31 B C:\AAAAA-MonroeCoSite\obituaries2_files\image105.jpg --> users.rootsweb.com /home0023/ohmccogs/public_html/obituaries2_files image105.jpg
2003.06.24 11:31 B C:\AAAAA-MonroeCoSite\obituaries2_files\image106.jpg --> users.rootsweb.com /home0023/ohmccogs/public_html/obituaries2_files image106.jpg
2003.06.24 11:31 B C:\AAAAA-MonroeCoSite\obituaries2_files\WS_FTP.LOG --> users.rootsweb.com /home0023/ohmccogs/public_html/obituaries2_files WS_FTP.LOG
2004.09.15 14:44 B C:\AAAAA-MonroeCoSite\obituaries2_files\AAAAA-MonroeCoSite --> helloworldblue.net /MonroeCoOhPeopleandHistory/obituaries2_files AAAAA-MonroeCoSite
2004.09.15 14:44 B C:\AAAAA-MonroeCoSite\obituaries2_files\filelist.xml --> helloworldblue.net /MonroeCoOhPeopleandHistory/obituaries2_files filelist.xml
2004.09.15 14:44 B C:\AAAAA-MonroeCoSite\obituaries2_files\image001.jpg --> helloworldblue.net /MonroeCoOhPeopleandHistory/obituaries2_files image001.jpg
2004.09.15 14:44 B C:\AAAAA-MonroeCoSite\obituaries2_files\image002.jpg --> helloworldblue.net /MonroeCoOhPeopleandHistory/obituaries2_files image002.jpg
2004.09.15 14:44 B C:\AAAAA-MonroeCoSite\obituaries2_files\image003.jpg --> helloworldblue.net /MonroeCoOhPeopleandHistory/obituaries2_files image003.jpg
2004.09.15 14:44 B C:\AAAAA-MonroeCoSite\obituaries2_files\image004.jpg --> helloworldblue.net /MonroeCoOhPeopleandHistory/obituaries2_files image004.jpg
2004.09.15 14:44 B C:\AAAAA-MonroeCoSite\obituaries2_files\image005.jpg --> helloworldblue.net /MonroeCoOhPeopleandHistory/obituaries2_files image005.jpg
2004.09.15 14:44 B C:\AAAAA-MonroeCoSite\obituaries2_files\image006.jpg --> helloworldblue.net /MonroeCoOhPeopleandHistory/obituaries2_files image006.jpg
2004.09.15 14:44 B C:\AAAAA-MonroeCoSite\obituaries2_files\image007.jpg --> helloworldblue.net /MonroeCoOhPeopleandHistory/obituaries2_files image007.jpg
2004.09.15 14:44 B C:\AAAAA-MonroeCoSite\obituaries2_files\image008.jpg --> helloworldblue.net /MonroeCoOhPeopleandHistory/obituaries2_files image008.jpg
2004.09.15 14:44 B C:\AAAAA-MonroeCoSite\obituaries2_files\image009.jpg --> helloworldblue.net /MonroeCoOhPeopleandHistory/obituaries2_files image009.jpg
2004.09.15 14:44 B C:\AAAAA-MonroeCoSite\obituaries2_files\image010.jpg --> helloworldblue.net /MonroeCoOhPeopleandHistory/obituaries2_files image010.jpg
2004.09.15 14:44 B C:\AAAAA-MonroeCoSite\obituaries2_files\image011.jpg --> helloworldblue.net /MonroeCoOhPeopleandHistory/obituaries2_files image011.jpg
2004.09.15 14:44 B C:\AAAAA-MonroeCoSite\obituaries2_files\image012.jpg --> helloworldblue.net /MonroeCoOhPeopleandHistory/obituaries2_files image012.jpg
2004.09.15 14:44 B C:\AAAAA-MonroeCoSite\obituaries2_files\image013.jpg --> helloworldblue.net /MonroeCoOhPeopleandHistory/obituaries2_files image013.jpg
2004.09.15 14:44 B C:\AAAAA-MonroeCoSite\obituaries2_files\image014.jpg --> helloworldblue.net /MonroeCoOhPeopleandHistory/obituaries2_files image014.jpg
2004.09.15 14:44 B C:\AAAAA-MonroeCoSite\obituaries2_files\image015.jpg --> helloworldblue.net /MonroeCoOhPeopleandHistory/obituaries2_files image015.jpg
2004.09.15 14:44 B C:\AAAAA-MonroeCoSite\obituaries2_files\image016.jpg --> helloworldblue.net /MonroeCoOhPeopleandHistory/obituaries2_files image016.jpg
2004.09.15 14:44 B C:\AAAAA-MonroeCoSite\obituaries2_files\image017.jpg --> helloworldblue.net /MonroeCoOhPeopleandHistory/obituaries2_files image017.jpg
2004.09.15 14:44 B C:\AAAAA-MonroeCoSite\obituaries2_files\image018.jpg --> helloworldblue.net /MonroeCoOhPeopleandHistory/obituaries2_files image018.jpg
2004.09.15 14:44 B C:\AAAAA-MonroeCoSite\obituaries2_files\image019.jpg --> helloworldblue.net /MonroeCoOhPeopleandHistory/obituaries2_files image019.jpg
2004.09.15 14:44 B C:\AAAAA-MonroeCoSite\obituaries2_files\image020.jpg --> helloworldblue.net /MonroeCoOhPeopleandHistory/obituaries2_files image020.jpg
2004.09.15 14:44 B C:\AAAAA-MonroeCoSite\obituaries2_files\image021.jpg --> helloworldblue.net /MonroeCoOhPeopleandHistory/obituaries2_files image021.jpg
2004.09.15 14:44 B C:\AAAAA-MonroeCoSite\obituaries2_files\image022.jpg --> helloworldblue.net /MonroeCoOhPeopleandHistory/obituaries2_files image022.jpg
2004.09.15 14:44 B C:\AAAAA-MonroeCoSite\obituaries2_files\image023.jpg --> helloworldblue.net /MonroeCoOhPeopleandHistory/obituaries2_files image023.jpg
2004.09.15 14:44 B C:\AAAAA-MonroeCoSite\obituaries2_files\image024.jpg --> helloworldblue.net /MonroeCoOhPeopleandHistory/obituaries2_files image024.jpg
2004.09.15 14:44 B C:\AAAAA-MonroeCoSite\obituaries2_files\image025.jpg --> helloworldblue.net /MonroeCoOhPeopleandHistory/obituaries2_files image025.jpg
2004.09.15 14:44 B C:\AAAAA-MonroeCoSite\obituaries2_files\image026.jpg --> helloworldblue.net /MonroeCoOhPeopleandHistory/obituaries2_files image026.jpg
2004.09.15 14:44 B C:\AAAAA-MonroeCoSite\obituaries2_files\image027.jpg --> helloworldblue.net /MonroeCoOhPeopleandHistory/obituaries2_files image027.jpg
2004.09.15 14:44 B C:\AAAAA-MonroeCoSite\obituaries2_files\image028.jpg --> helloworldblue.net /MonroeCoOhPeopleandHistory/obituaries2_files image028.jpg
2004.09.15 14:44 B C:\AAAAA-MonroeCoSite\obituaries2_files\image029.jpg --> helloworldblue.net /MonroeCoOhPeopleandHistory/obituaries2_files image029.jpg
2004.09.15 14:44 B C:\AAAAA-MonroeCoSite\obituaries2_files\image030.jpg --> helloworldblue.net /MonroeCoOhPeopleandHistory/obituaries2_files image030.jpg
2004.09.15 14:44 B C:\AAAAA-MonroeCoSite\obituaries2_files\image031.jpg --> helloworldblue.net /MonroeCoOhPeopleandHistory/obituaries2_files image031.jpg
2004.09.15 14:44 B C:\AAAAA-MonroeCoSite\obituaries2_files\image032.jpg --> helloworldblue.net /MonroeCoOhPeopleandHistory/obituaries2_files image032.jpg
2004.09.15 14:44 B C:\AAAAA-MonroeCoSite\obituaries2_files\image033.jpg --> helloworldblue.net /MonroeCoOhPeopleandHistory/obituaries2_files image033.jpg
2004.09.15 14:44 B C:\AAAAA-MonroeCoSite\obituaries2_files\image034.jpg --> helloworldblue.net /MonroeCoOhPeopleandHistory/obituaries2_files image034.jpg
2004.09.15 14:44 B C:\AAAAA-MonroeCoSite\obituaries2_files\image035.jpg --> helloworldblue.net /MonroeCoOhPeopleandHistory/obituaries2_files image035.jpg
2004.09.15 14:44 B C:\AAAAA-MonroeCoSite\obituaries2_files\image036.jpg --> helloworldblue.net /MonroeCoOhPeopleandHistory/obituaries2_files image036.jpg
2004.09.15 14:44 B C:\AAAAA-MonroeCoSite\obituaries2_files\image037.jpg --> helloworldblue.net /MonroeCoOhPeopleandHistory/obituaries2_files image037.jpg
2004.09.15 14:44 B C:\AAAAA-MonroeCoSite\obituaries2_files\image038.jpg --> helloworldblue.net /MonroeCoOhPeopleandHistory/obituaries2_files image038.jpg
2004.09.15 14:44 B C:\AAAAA-MonroeCoSite\obituaries2_files\image039.jpg --> helloworldblue.net /MonroeCoOhPeopleandHistory/obituaries2_files image039.jpg
2004.09.15 14:44 B C:\AAAAA-MonroeCoSite\obituaries2_files\image040.jpg --> helloworldblue.net /MonroeCoOhPeopleandHistory/obituaries2_files image040.jpg
2004.09.15 14:44 B C:\AAAAA-MonroeCoSite\obituaries2_files\image041.jpg --> helloworldblue.net /MonroeCoOhPeopleandHistory/obituaries2_files image041.jpg
2004.09.15 14:44 B C:\AAAAA-MonroeCoSite\obituaries2_files\image042.jpg --> helloworldblue.net /MonroeCoOhPeopleandHistory/obituaries2_files image042.jpg
2004.09.15 14:44 B C:\AAAAA-MonroeCoSite\obituaries2_files\image043.jpg --> helloworldblue.net /MonroeCoOhPeopleandHistory/obituaries2_files image043.jpg
2004.09.15 14:44 B C:\AAAAA-MonroeCoSite\obituaries2_files\image044.jpg --> helloworldblue.net /MonroeCoOhPeopleandHistory/obituaries2_files image044.jpg
2004.09.15 14:44 B C:\AAAAA-MonroeCoSite\obituaries2_files\image045.jpg --> helloworldblue.net /MonroeCoOhPeopleandHistory/obituaries2_files image045.jpg
2004.09.15 14:44 B C:\AAAAA-MonroeCoSite\obituaries2_files\image046.jpg --> helloworldblue.net /MonroeCoOhPeopleandHistory/obituaries2_files image046.jpg
2004.09.15 14:44 B C:\AAAAA-MonroeCoSite\obituaries2_files\image047.jpg --> helloworldblue.net /MonroeCoOhPeopleandHistory/obituaries2_files image047.jpg
2004.09.15 14:44 B C:\AAAAA-MonroeCoSite\obituaries2_files\image048.jpg --> helloworldblue.net /MonroeCoOhPeopleandHistory/obituaries2_files image048.jpg
2004.09.15 14:44 B C:\AAAAA-MonroeCoSite\obituaries2_files\image049.jpg --> helloworldblue.net /MonroeCoOhPeopleandHistory/obituaries2_files image049.jpg
2004.09.15 14:44 B C:\AAAAA-MonroeCoSite\obituaries2_files\image050.jpg --> helloworldblue.net /MonroeCoOhPeopleandHistory/obituaries2_files image050.jpg
2004.09.15 14:44 B C:\AAAAA-MonroeCoSite\obituaries2_files\image051.jpg --> helloworldblue.net /MonroeCoOhPeopleandHistory/obituaries2_files image051.jpg
2004.09.15 14:44 B C:\AAAAA-MonroeCoSite\obituaries2_files\image052.jpg --> helloworldblue.net /MonroeCoOhPeopleandHistory/obituaries2_files image052.jpg
2004.09.15 14:44 B C:\AAAAA-MonroeCoSite\obituaries2_files\image053.jpg --> helloworldblue.net /MonroeCoOhPeopleandHistory/obituaries2_files image053.jpg
2004.09.15 14:44 B C:\AAAAA-MonroeCoSite\obituaries2_files\image054.jpg --> helloworldblue.net /MonroeCoOhPeopleandHistory/obituaries2_files image054.jpg
2004.09.15 14:44 B C:\AAAAA-MonroeCoSite\obituaries2_files\image055.jpg --> helloworldblue.net /MonroeCoOhPeopleandHistory/obituaries2_files image055.jpg
2004.09.15 14:44 B C:\AAAAA-MonroeCoSite\obituaries2_files\image056.jpg --> helloworldblue.net /MonroeCoOhPeopleandHistory/obituaries2_files image056.jpg
2004.09.15 14:45 B C:\AAAAA-MonroeCoSite\obituaries2_files\image057.jpg --> helloworldblue.net /MonroeCoOhPeopleandHistory/obituaries2_files image057.jpg
2004.09.15 14:45 B C:\AAAAA-MonroeCoSite\obituaries2_files\image058.jpg --> helloworldblue.net /MonroeCoOhPeopleandHistory/obituaries2_files image058.jpg
2004.09.15 14:45 B C:\AAAAA-MonroeCoSite\obituaries2_files\image059.jpg --> helloworldblue.net /MonroeCoOhPeopleandHistory/obituaries2_files image059.jpg
2004.09.15 14:45 B C:\AAAAA-MonroeCoSite\obituaries2_files\image060.jpg --> helloworldblue.net /MonroeCoOhPeopleandHistory/obituaries2_files image060.jpg
2004.09.15 14:45 B C:\AAAAA-MonroeCoSite\obituaries2_files\image061.jpg --> helloworldblue.net /MonroeCoOhPeopleandHistory/obituaries2_files image061.jpg
2004.09.15 14:45 B C:\AAAAA-MonroeCoSite\obituaries2_files\image062.jpg --> helloworldblue.net /MonroeCoOhPeopleandHistory/obituaries2_files image062.jpg
2004.09.15 14:45 B C:\AAAAA-MonroeCoSite\obituaries2_files\image063.jpg --> helloworldblue.net /MonroeCoOhPeopleandHistory/obituaries2_files image063.jpg
2004.09.15 14:45 B C:\AAAAA-MonroeCoSite\obituaries2_files\image064.jpg --> helloworldblue.net /MonroeCoOhPeopleandHistory/obituaries2_files image064.jpg
2004.09.15 14:45 B C:\AAAAA-MonroeCoSite\obituaries2_files\image065.jpg --> helloworldblue.net /MonroeCoOhPeopleandHistory/obituaries2_files image065.jpg
2004.09.15 14:45 B C:\AAAAA-MonroeCoSite\obituaries2_files\image066.jpg --> helloworldblue.net /MonroeCoOhPeopleandHistory/obituaries2_files image066.jpg
2004.09.15 14:45 B C:\AAAAA-MonroeCoSite\obituaries2_files\image067.jpg --> helloworldblue.net /MonroeCoOhPeopleandHistory/obituaries2_files image067.jpg
2004.09.15 14:45 B C:\AAAAA-MonroeCoSite\obituaries2_files\image068.jpg --> helloworldblue.net /MonroeCoOhPeopleandHistory/obituaries2_files image068.jpg
2004.09.15 14:45 B C:\AAAAA-MonroeCoSite\obituaries2_files\image069.jpg --> helloworldblue.net /MonroeCoOhPeopleandHistory/obituaries2_files image069.jpg
2004.09.15 14:45 B C:\AAAAA-MonroeCoSite\obituaries2_files\image070.jpg --> helloworldblue.net /MonroeCoOhPeopleandHistory/obituaries2_files image070.jpg
2004.09.15 14:45 B C:\AAAAA-MonroeCoSite\obituaries2_files\image071.jpg --> helloworldblue.net /MonroeCoOhPeopleandHistory/obituaries2_files image071.jpg
2004.09.15 14:45 B C:\AAAAA-MonroeCoSite\obituaries2_files\image072.jpg --> helloworldblue.net /MonroeCoOhPeopleandHistory/obituaries2_files image072.jpg
2004.09.15 14:45 B C:\AAAAA-MonroeCoSite\obituaries2_files\image073.jpg --> helloworldblue.net /MonroeCoOhPeopleandHistory/obituaries2_files image073.jpg
2004.09.15 14:45 B C:\AAAAA-MonroeCoSite\obituaries2_files\image074.jpg --> helloworldblue.net /MonroeCoOhPeopleandHistory/obituaries2_files image074.jpg
2004.09.15 14:45 B C:\AAAAA-MonroeCoSite\obituaries2_files\image075.jpg --> helloworldblue.net /MonroeCoOhPeopleandHistory/obituaries2_files image075.jpg
2004.09.15 14:45 B C:\AAAAA-MonroeCoSite\obituaries2_files\image076.jpg --> helloworldblue.net /MonroeCoOhPeopleandHistory/obituaries2_files image076.jpg
2004.09.15 14:45 B C:\AAAAA-MonroeCoSite\obituaries2_files\image077.jpg --> helloworldblue.net /MonroeCoOhPeopleandHistory/obituaries2_files image077.jpg
2004.09.15 14:45 B C:\AAAAA-MonroeCoSite\obituaries2_files\image078.jpg --> helloworldblue.net /MonroeCoOhPeopleandHistory/obituaries2_files image078.jpg
2004.09.15 14:45 B C:\AAAAA-MonroeCoSite\obituaries2_files\image079.jpg --> helloworldblue.net /MonroeCoOhPeopleandHistory/obituaries2_files image079.jpg
2004.09.15 14:45 B C:\AAAAA-MonroeCoSite\obituaries2_files\image080.jpg --> helloworldblue.net /MonroeCoOhPeopleandHistory/obituaries2_files image080.jpg
2004.09.15 14:45 B C:\AAAAA-MonroeCoSite\obituaries2_files\image081.jpg --> helloworldblue.net /MonroeCoOhPeopleandHistory/obituaries2_files image081.jpg
2004.09.15 14:45 B C:\AAAAA-MonroeCoSite\obituaries2_files\image082.jpg --> helloworldblue.net /MonroeCoOhPeopleandHistory/obituaries2_files image082.jpg
2004.09.15 14:45 B C:\AAAAA-MonroeCoSite\obituaries2_files\image083.jpg --> helloworldblue.net /MonroeCoOhPeopleandHistory/obituaries2_files image083.jpg
2004.09.15 14:45 B C:\AAAAA-MonroeCoSite\obituaries2_files\image084.jpg --> helloworldblue.net /MonroeCoOhPeopleandHistory/obituaries2_files image084.jpg
2004.09.15 14:45 B C:\AAAAA-MonroeCoSite\obituaries2_files\image085.jpg --> helloworldblue.net /MonroeCoOhPeopleandHistory/obituaries2_files image085.jpg
2004.09.15 14:45 B C:\AAAAA-MonroeCoSite\obituaries2_files\image086.jpg --> helloworldblue.net /MonroeCoOhPeopleandHistory/obituaries2_files image086.jpg
2004.09.15 14:45 B C:\AAAAA-MonroeCoSite\obituaries2_files\image087.jpg --> helloworldblue.net /MonroeCoOhPeopleandHistory/obituaries2_files image087.jpg
2004.09.15 14:45 B C:\AAAAA-MonroeCoSite\obituaries2_files\image088.jpg --> helloworldblue.net /MonroeCoOhPeopleandHistory/obituaries2_files image088.jpg
2004.09.15 14:45 B C:\AAAAA-MonroeCoSite\obituaries2_files\image089.jpg --> helloworldblue.net /MonroeCoOhPeopleandHistory/obituaries2_files image089.jpg
2004.09.15 14:45 B C:\AAAAA-MonroeCoSite\obituaries2_files\image090.jpg --> helloworldblue.net /MonroeCoOhPeopleandHistory/obituaries2_files image090.jpg
2004.09.15 14:45 B C:\AAAAA-MonroeCoSite\obituaries2_files\image091.jpg --> helloworldblue.net /MonroeCoOhPeopleandHistory/obituaries2_files image091.jpg
2004.09.15 14:45 B C:\AAAAA-MonroeCoSite\obituaries2_files\image092.jpg --> helloworldblue.net /MonroeCoOhPeopleandHistory/obituaries2_files image092.jpg
2004.09.15 14:45 B C:\AAAAA-MonroeCoSite\obituaries2_files\image093.jpg --> helloworldblue.net /MonroeCoOhPeopleandHistory/obituaries2_files image093.jpg
2004.09.15 14:45 B C:\AAAAA-MonroeCoSite\obituaries2_files\image094.jpg --> helloworldblue.net /MonroeCoOhPeopleandHistory/obituaries2_files image094.jpg
2004.09.15 14:45 B C:\AAAAA-MonroeCoSite\obituaries2_files\image095.jpg --> helloworldblue.net /MonroeCoOhPeopleandHistory/obituaries2_files image095.jpg
2004.09.15 14:45 B C:\AAAAA-MonroeCoSite\obituaries2_files\image096.jpg --> helloworldblue.net /MonroeCoOhPeopleandHistory/obituaries2_files image096.jpg
2004.09.15 14:45 B C:\AAAAA-MonroeCoSite\obituaries2_files\image097.jpg --> helloworldblue.net /MonroeCoOhPeopleandHistory/obituaries2_files image097.jpg
2004.09.15 14:45 B C:\AAAAA-MonroeCoSite\obituaries2_files\image098.jpg --> helloworldblue.net /MonroeCoOhPeopleandHistory/obituaries2_files image098.jpg
2004.09.15 14:45 B C:\AAAAA-MonroeCoSite\obituaries2_files\image099.jpg --> helloworldblue.net /MonroeCoOhPeopleandHistory/obituaries2_files image099.jpg
2004.09.15 14:45 B C:\AAAAA-MonroeCoSite\obituaries2_files\image100.jpg --> helloworldblue.net /MonroeCoOhPeopleandHistory/obituaries2_files image100.jpg
2004.09.15 14:45 B C:\AAAAA-MonroeCoSite\obituaries2_files\image101.jpg --> helloworldblue.net /MonroeCoOhPeopleandHistory/obituaries2_files image101.jpg
2004.09.15 14:45 B C:\AAAAA-MonroeCoSite\obituaries2_files\image102.jpg --> helloworldblue.net /MonroeCoOhPeopleandHistory/obituaries2_files image102.jpg
2004.09.15 14:45 B C:\AAAAA-MonroeCoSite\obituaries2_files\image103.jpg --> helloworldblue.net /MonroeCoOhPeopleandHistory/obituaries2_files image103.jpg
2004.09.15 14:45 B C:\AAAAA-MonroeCoSite\obituaries2_files\image104.jpg --> helloworldblue.net /MonroeCoOhPeopleandHistory/obituaries2_files image104.jpg
2004.09.15 14:45 B C:\AAAAA-MonroeCoSite\obituaries2_files\image105.jpg --> helloworldblue.net /MonroeCoOhPeopleandHistory/obituaries2_files image105.jpg
2004.09.15 14:45 B C:\AAAAA-MonroeCoSite\obituaries2_files\image106.jpg --> helloworldblue.net /MonroeCoOhPeopleandHistory/obituaries2_files image106.jpg
2004.09.15 14:45 B C:\AAAAA-MonroeCoSite\obituaries2_files\image107.jpg --> helloworldblue.net /MonroeCoOhPeopleandHistory/obituaries2_files image107.jpg
2004.09.15 14:45 B C:\AAAAA-MonroeCoSite\obituaries2_files\image108.jpg --> helloworldblue.net /MonroeCoOhPeopleandHistory/obituaries2_files image108.jpg
2004.09.15 14:45 B C:\AAAAA-MonroeCoSite\obituaries2_files\image109.jpg --> helloworldblue.net /MonroeCoOhPeopleandHistory/obituaries2_files image109.jpg
2004.09.15 14:45 B C:\AAAAA-MonroeCoSite\obituaries2_files\image110.jpg --> helloworldblue.net /MonroeCoOhPeopleandHistory/obituaries2_files image110.jpg
2004.09.15 14:45 B C:\AAAAA-MonroeCoSite\obituaries2_files\image111.jpg --> helloworldblue.net /MonroeCoOhPeopleandHistory/obituaries2_files image111.jpg
2004.09.15 14:45 B C:\AAAAA-MonroeCoSite\obituaries2_files\image112.jpg --> helloworldblue.net /MonroeCoOhPeopleandHistory/obituaries2_files image112.jpg
2004.09.15 14:45 B C:\AAAAA-MonroeCoSite\obituaries2_files\image113.jpg --> helloworldblue.net /MonroeCoOhPeopleandHistory/obituaries2_files image113.jpg
2004.09.15 14:45 B C:\AAAAA-MonroeCoSite\obituaries2_files\image114.jpg --> helloworldblue.net /MonroeCoOhPeopleandHistory/obituaries2_files image114.jpg
2004.09.15 14:46 B C:\AAAAA-MonroeCoSite\obituaries2_files\image115.jpg --> helloworldblue.net /MonroeCoOhPeopleandHistory/obituaries2_files image115.jpg
2004.09.15 14:46 B C:\AAAAA-MonroeCoSite\obituaries2_files\image116.jpg --> helloworldblue.net /MonroeCoOhPeopleandHistory/obituaries2_files image116.jpg
2004.09.15 14:46 B C:\AAAAA-MonroeCoSite\obituaries2_files\image117.jpg --> helloworldblue.net /MonroeCoOhPeopleandHistory/obituaries2_files image117.jpg
2004.09.15 14:46 B C:\AAAAA-MonroeCoSite\obituaries2_files\image118.jpg --> helloworldblue.net /MonroeCoOhPeopleandHistory/obituaries2_files image118.jpg
2004.09.15 14:46 B C:\AAAAA-MonroeCoSite\obituaries2_files\image119.jpg --> helloworldblue.net /MonroeCoOhPeopleandHistory/obituaries2_files image119.jpg
2004.09.15 14:46 B C:\AAAAA-MonroeCoSite\obituaries2_files\image120.jpg --> helloworldblue.net /MonroeCoOhPeopleandHistory/obituaries2_files image120.jpg
2004.09.15 14:46 B C:\AAAAA-MonroeCoSite\obituaries2_files\image121.jpg --> helloworldblue.net /MonroeCoOhPeopleandHistory/obituaries2_files image121.jpg
2004.09.15 14:46 B C:\AAAAA-MonroeCoSite\obituaries2_files\image122.jpg --> helloworldblue.net /MonroeCoOhPeopleandHistory/obituaries2_files image122.jpg
2004.09.15 14:46 B C:\AAAAA-MonroeCoSite\obituaries2_files\image123.jpg --> helloworldblue.net /MonroeCoOhPeopleandHistory/obituaries2_files image123.jpg
2004.09.15 14:46 B C:\AAAAA-MonroeCoSite\obituaries2_files\image124.jpg --> helloworldblue.net /MonroeCoOhPeopleandHistory/obituaries2_files image124.jpg
2004.09.15 14:46 B C:\AAAAA-MonroeCoSite\obituaries2_files\WS_FTP.LOG --> helloworldblue.net /MonroeCoOhPeopleandHistory/obituaries2_files WS_FTP.LOG
2004.10.10 00:47 B C:\AAAAA-MonCoHist_Gen\obituaries2_files\AAAAA-MonroeCoSite --> users.freepages.rootsweb.com /history_html/obituaries2_files AAAAA-MonroeCoSite
2004.10.10 00:47 B C:\AAAAA-MonCoHist_Gen\obituaries2_files\filelist.xml --> users.freepages.rootsweb.com /history_html/obituaries2_files filelist.xml
2004.10.10 00:47 B C:\AAAAA-MonCoHist_Gen\obituaries2_files\image001.jpg --> users.freepages.rootsweb.com /history_html/obituaries2_files image001.jpg
2004.10.10 00:47 B C:\AAAAA-MonCoHist_Gen\obituaries2_files\image002.jpg --> users.freepages.rootsweb.com /history_html/obituaries2_files image002.jpg
2004.10.10 00:47 B C:\AAAAA-MonCoHist_Gen\obituaries2_files\image003.jpg --> users.freepages.rootsweb.com /history_html/obituaries2_files image003.jpg
2004.10.10 00:47 B C:\AAAAA-MonCoHist_Gen\obituaries2_files\image004.jpg --> users.freepages.rootsweb.com /history_html/obituaries2_files image004.jpg
2004.10.10 00:47 B C:\AAAAA-MonCoHist_Gen\obituaries2_files\image005.jpg --> users.freepages.rootsweb.com /history_html/obituaries2_files image005.jpg
2004.10.10 00:47 B C:\AAAAA-MonCoHist_Gen\obituaries2_files\image006.jpg --> users.freepages.rootsweb.com /history_html/obituaries2_files image006.jpg
2004.10.10 00:47 B C:\AAAAA-MonCoHist_Gen\obituaries2_files\image007.jpg --> users.freepages.rootsweb.com /history_html/obituaries2_files image007.jpg
2004.10.10 00:47 B C:\AAAAA-MonCoHist_Gen\obituaries2_files\image008.jpg --> users.freepages.rootsweb.com /history_html/obituaries2_files image008.jpg
2004.10.10 00:47 B C:\AAAAA-MonCoHist_Gen\obituaries2_files\image009.jpg --> users.freepages.rootsweb.com /history_html/obituaries2_files image009.jpg
2004.10.10 00:47 B C:\AAAAA-MonCoHist_Gen\obituaries2_files\image010.jpg --> users.freepages.rootsweb.com /history_html/obituaries2_files image010.jpg
2004.10.10 00:47 B C:\AAAAA-MonCoHist_Gen\obituaries2_files\image011.jpg --> users.freepages.rootsweb.com /history_html/obituaries2_files image011.jpg
2004.10.10 00:47 B C:\AAAAA-MonCoHist_Gen\obituaries2_files\image012.jpg --> users.freepages.rootsweb.com /history_html/obituaries2_files image012.jpg
2004.10.10 00:47 B C:\AAAAA-MonCoHist_Gen\obituaries2_files\image013.jpg --> users.freepages.rootsweb.com /history_html/obituaries2_files image013.jpg
2004.10.10 00:47 B C:\AAAAA-MonCoHist_Gen\obituaries2_files\image014.jpg --> users.freepages.rootsweb.com /history_html/obituaries2_files image014.jpg
2004.10.10 00:47 B C:\AAAAA-MonCoHist_Gen\obituaries2_files\image015.jpg --> users.freepages.rootsweb.com /history_html/obituaries2_files image015.jpg
2004.10.10 00:47 B C:\AAAAA-MonCoHist_Gen\obituaries2_files\image016.jpg --> users.freepages.rootsweb.com /history_html/obituaries2_files image016.jpg
2004.10.10 00:47 B C:\AAAAA-MonCoHist_Gen\obituaries2_files\image017.jpg --> users.freepages.rootsweb.com /history_html/obituaries2_files image017.jpg
2004.10.10 00:47 B C:\AAAAA-MonCoHist_Gen\obituaries2_files\image018.jpg --> users.freepages.rootsweb.com /history_html/obituaries2_files image018.jpg
2004.10.10 00:47 B C:\AAAAA-MonCoHist_Gen\obituaries2_files\image019.jpg --> users.freepages.rootsweb.com /history_html/obituaries2_files image019.jpg
2004.10.10 00:47 B C:\AAAAA-MonCoHist_Gen\obituaries2_files\image020.jpg --> users.freepages.rootsweb.com /history_html/obituaries2_files image020.jpg
2004.10.10 00:47 B C:\AAAAA-MonCoHist_Gen\obituaries2_files\image021.jpg --> users.freepages.rootsweb.com /history_html/obituaries2_files image021.jpg
2004.10.10 00:47 B C:\AAAAA-MonCoHist_Gen\obituaries2_files\image022.jpg --> users.freepages.rootsweb.com /history_html/obituaries2_files image022.jpg
2004.10.10 00:47 B C:\AAAAA-MonCoHist_Gen\obituaries2_files\image023.jpg --> users.freepages.rootsweb.com /history_html/obituaries2_files image023.jpg
2004.10.10 00:47 B C:\AAAAA-MonCoHist_Gen\obituaries2_files\image024.jpg --> users.freepages.rootsweb.com /history_html/obituaries2_files image024.jpg
2004.10.10 00:47 B C:\AAAAA-MonCoHist_Gen\obituaries2_files\image025.jpg --> users.freepages.rootsweb.com /history_html/obituaries2_files image025.jpg
2004.10.10 00:47 B C:\AAAAA-MonCoHist_Gen\obituaries2_files\image026.jpg --> users.freepages.rootsweb.com /history_html/obituaries2_files image026.jpg
2004.10.10 00:47 B C:\AAAAA-MonCoHist_Gen\obituaries2_files\image027.jpg --> users.freepages.rootsweb.com /history_html/obituaries2_files image027.jpg
2004.10.10 00:47 B C:\AAAAA-MonCoHist_Gen\obituaries2_files\image028.jpg --> users.freepages.rootsweb.com /history_html/obituaries2_files image028.jpg
2004.10.10 00:47 B C:\AAAAA-MonCoHist_Gen\obituaries2_files\image029.jpg --> users.freepages.rootsweb.com /history_html/obituaries2_files image029.jpg
2004.10.10 00:47 B C:\AAAAA-MonCoHist_Gen\obituaries2_files\image030.jpg --> users.freepages.rootsweb.com /history_html/obituaries2_files image030.jpg
2004.10.10 00:47 B C:\AAAAA-MonCoHist_Gen\obituaries2_files\image031.jpg --> users.freepages.rootsweb.com /history_html/obituaries2_files image031.jpg
2004.10.10 00:47 B C:\AAAAA-MonCoHist_Gen\obituaries2_files\image032.jpg --> users.freepages.rootsweb.com /history_html/obituaries2_files image032.jpg
2004.10.10 00:47 B C:\AAAAA-MonCoHist_Gen\obituaries2_files\image033.jpg --> users.freepages.rootsweb.com /history_html/obituaries2_files image033.jpg
2004.10.10 00:47 B C:\AAAAA-MonCoHist_Gen\obituaries2_files\image034.jpg --> users.freepages.rootsweb.com /history_html/obituaries2_files image034.jpg
2004.10.10 00:47 B C:\AAAAA-MonCoHist_Gen\obituaries2_files\image035.jpg --> users.freepages.rootsweb.com /history_html/obituaries2_files image035.jpg
2004.10.10 00:47 B C:\AAAAA-MonCoHist_Gen\obituaries2_files\image036.jpg --> users.freepages.rootsweb.com /history_html/obituaries2_files image036.jpg
2004.10.10 00:47 B C:\AAAAA-MonCoHist_Gen\obituaries2_files\image037.jpg --> users.freepages.rootsweb.com /history_html/obituaries2_files image037.jpg
2004.10.10 00:47 B C:\AAAAA-MonCoHist_Gen\obituaries2_files\image038.jpg --> users.freepages.rootsweb.com /history_html/obituaries2_files image038.jpg
2004.10.10 00:47 B C:\AAAAA-MonCoHist_Gen\obituaries2_files\image039.jpg --> users.freepages.rootsweb.com /history_html/obituaries2_files image039.jpg
2004.10.10 00:47 B C:\AAAAA-MonCoHist_Gen\obituaries2_files\image040.jpg --> users.freepages.rootsweb.com /history_html/obituaries2_files image040.jpg
2004.10.10 00:47 B C:\AAAAA-MonCoHist_Gen\obituaries2_files\image041.jpg --> users.freepages.rootsweb.com /history_html/obituaries2_files image041.jpg
2004.10.10 00:47 B C:\AAAAA-MonCoHist_Gen\obituaries2_files\image042.jpg --> users.freepages.rootsweb.com /history_html/obituaries2_files image042.jpg
2004.10.10 00:47 B C:\AAAAA-MonCoHist_Gen\obituaries2_files\image043.jpg --> users.freepages.rootsweb.com /history_html/obituaries2_files image043.jpg
2004.10.10 00:47 B C:\AAAAA-MonCoHist_Gen\obituaries2_files\image044.jpg --> users.freepages.rootsweb.com /history_html/obituaries2_files image044.jpg
2004.10.10 00:47 B C:\AAAAA-MonCoHist_Gen\obituaries2_files\image045.jpg --> users.freepages.rootsweb.com /history_html/obituaries2_files image045.jpg
2004.10.10 00:47 B C:\AAAAA-MonCoHist_Gen\obituaries2_files\image046.jpg --> users.freepages.rootsweb.com /history_html/obituaries2_files image046.jpg
2004.10.10 00:47 B C:\AAAAA-MonCoHist_Gen\obituaries2_files\image047.jpg --> users.freepages.rootsweb.com /history_html/obituaries2_files image047.jpg
2004.10.10 00:47 B C:\AAAAA-MonCoHist_Gen\obituaries2_files\image048.jpg --> users.freepages.rootsweb.com /history_html/obituaries2_files image048.jpg
2004.10.10 00:47 B C:\AAAAA-MonCoHist_Gen\obituaries2_files\image049.jpg --> users.freepages.rootsweb.com /history_html/obituaries2_files image049.jpg
2004.10.10 00:47 B C:\AAAAA-MonCoHist_Gen\obituaries2_files\image050.jpg --> users.freepages.rootsweb.com /history_html/obituaries2_files image050.jpg
2004.10.10 00:47 B C:\AAAAA-MonCoHist_Gen\obituaries2_files\image051.jpg --> users.freepages.rootsweb.com /history_html/obituaries2_files image051.jpg
2004.10.10 00:47 B C:\AAAAA-MonCoHist_Gen\obituaries2_files\image052.jpg --> users.freepages.rootsweb.com /history_html/obituaries2_files image052.jpg
2004.10.10 00:47 B C:\AAAAA-MonCoHist_Gen\obituaries2_files\image053.jpg --> users.freepages.rootsweb.com /history_html/obituaries2_files image053.jpg
2004.10.10 00:47 B C:\AAAAA-MonCoHist_Gen\obituaries2_files\image054.jpg --> users.freepages.rootsweb.com /history_html/obituaries2_files image054.jpg
2004.10.10 00:47 B C:\AAAAA-MonCoHist_Gen\obituaries2_files\image055.jpg --> users.freepages.rootsweb.com /history_html/obituaries2_files image055.jpg
2004.10.10 00:47 B C:\AAAAA-MonCoHist_Gen\obituaries2_files\image056.jpg --> users.freepages.rootsweb.com /history_html/obituaries2_files image056.jpg
2004.10.10 00:47 B C:\AAAAA-MonCoHist_Gen\obituaries2_files\image057.jpg --> users.freepages.rootsweb.com /history_html/obituaries2_files image057.jpg
2004.10.10 00:47 B C:\AAAAA-MonCoHist_Gen\obituaries2_files\image058.jpg --> users.freepages.rootsweb.com /history_html/obituaries2_files image058.jpg
2004.10.10 00:47 B C:\AAAAA-MonCoHist_Gen\obituaries2_files\image059.jpg --> users.freepages.rootsweb.com /history_html/obituaries2_files image059.jpg
2004.10.10 00:48 B C:\AAAAA-MonCoHist_Gen\obituaries2_files\image060.jpg --> users.freepages.rootsweb.com /history_html/obituaries2_files image060.jpg
2004.10.10 00:48 B C:\AAAAA-MonCoHist_Gen\obituaries2_files\image061.jpg --> users.freepages.rootsweb.com /history_html/obituaries2_files image061.jpg
2004.10.10 00:48 B C:\AAAAA-MonCoHist_Gen\obituaries2_files\image062.jpg --> users.freepages.rootsweb.com /history_html/obituaries2_files image062.jpg
2004.10.10 00:48 B C:\AAAAA-MonCoHist_Gen\obituaries2_files\image063.jpg --> users.freepages.rootsweb.com /history_html/obituaries2_files image063.jpg
2004.10.10 00:48 B C:\AAAAA-MonCoHist_Gen\obituaries2_files\image064.jpg --> users.freepages.rootsweb.com /history_html/obituaries2_files image064.jpg
2004.10.10 00:48 B C:\AAAAA-MonCoHist_Gen\obituaries2_files\image065.jpg --> users.freepages.rootsweb.com /history_html/obituaries2_files image065.jpg
2004.10.10 00:48 B C:\AAAAA-MonCoHist_Gen\obituaries2_files\image066.jpg --> users.freepages.rootsweb.com /history_html/obituaries2_files image066.jpg
2004.10.10 00:48 B C:\AAAAA-MonCoHist_Gen\obituaries2_files\image067.jpg --> users.freepages.rootsweb.com /history_html/obituaries2_files image067.jpg
2004.10.10 00:48 B C:\AAAAA-MonCoHist_Gen\obituaries2_files\image068.jpg --> users.freepages.rootsweb.com /history_html/obituaries2_files image068.jpg
2004.10.10 00:48 B C:\AAAAA-MonCoHist_Gen\obituaries2_files\image069.jpg --> users.freepages.rootsweb.com /history_html/obituaries2_files image069.jpg
2004.10.10 00:48 B C:\AAAAA-MonCoHist_Gen\obituaries2_files\image070.jpg --> users.freepages.rootsweb.com /history_html/obituaries2_files image070.jpg
2004.10.10 00:48 B C:\AAAAA-MonCoHist_Gen\obituaries2_files\image071.jpg --> users.freepages.rootsweb.com /history_html/obituaries2_files image071.jpg
2004.10.10 00:48 B C:\AAAAA-MonCoHist_Gen\obituaries2_files\image072.jpg --> users.freepages.rootsweb.com /history_html/obituaries2_files image072.jpg
2004.10.10 00:48 B C:\AAAAA-MonCoHist_Gen\obituaries2_files\image073.jpg --> users.freepages.rootsweb.com /history_html/obituaries2_files image073.jpg
2004.10.10 00:48 B C:\AAAAA-MonCoHist_Gen\obituaries2_files\image074.jpg --> users.freepages.rootsweb.com /history_html/obituaries2_files image074.jpg
2004.10.10 00:48 B C:\AAAAA-MonCoHist_Gen\obituaries2_files\image075.jpg --> users.freepages.rootsweb.com /history_html/obituaries2_files image075.jpg
2004.10.10 00:48 B C:\AAAAA-MonCoHist_Gen\obituaries2_files\image076.jpg --> users.freepages.rootsweb.com /history_html/obituaries2_files image076.jpg
2004.10.10 00:48 B C:\AAAAA-MonCoHist_Gen\obituaries2_files\image077.jpg --> users.freepages.rootsweb.com /history_html/obituaries2_files image077.jpg
2004.10.10 00:48 B C:\AAAAA-MonCoHist_Gen\obituaries2_files\image078.jpg --> users.freepages.rootsweb.com /history_html/obituaries2_files image078.jpg
2004.10.10 00:48 B C:\AAAAA-MonCoHist_Gen\obituaries2_files\image079.jpg --> users.freepages.rootsweb.com /history_html/obituaries2_files image079.jpg
2004.10.10 00:48 B C:\AAAAA-MonCoHist_Gen\obituaries2_files\image080.jpg --> users.freepages.rootsweb.com /history_html/obituaries2_files image080.jpg
2004.10.10 00:48 B C:\AAAAA-MonCoHist_Gen\obituaries2_files\image081.jpg --> users.freepages.rootsweb.com /history_html/obituaries2_files image081.jpg
2004.10.10 00:48 B C:\AAAAA-MonCoHist_Gen\obituaries2_files\image082.jpg --> users.freepages.rootsweb.com /history_html/obituaries2_files image082.jpg
2004.10.10 00:48 B C:\AAAAA-MonCoHist_Gen\obituaries2_files\image083.jpg --> users.freepages.rootsweb.com /history_html/obituaries2_files image083.jpg
2004.10.10 00:48 B C:\AAAAA-MonCoHist_Gen\obituaries2_files\image084.jpg --> users.freepages.rootsweb.com /history_html/obituaries2_files image084.jpg
2004.10.10 00:48 B C:\AAAAA-MonCoHist_Gen\obituaries2_files\image085.jpg --> users.freepages.rootsweb.com /history_html/obituaries2_files image085.jpg
2004.10.10 00:48 B C:\AAAAA-MonCoHist_Gen\obituaries2_files\image086.jpg --> users.freepages.rootsweb.com /history_html/obituaries2_files image086.jpg
2004.10.10 00:48 B C:\AAAAA-MonCoHist_Gen\obituaries2_files\image087.jpg --> users.freepages.rootsweb.com /history_html/obituaries2_files image087.jpg
2004.10.10 00:48 B C:\AAAAA-MonCoHist_Gen\obituaries2_files\image088.jpg --> users.freepages.rootsweb.com /history_html/obituaries2_files image088.jpg
2004.10.10 00:48 B C:\AAAAA-MonCoHist_Gen\obituaries2_files\image089.jpg --> users.freepages.rootsweb.com /history_html/obituaries2_files image089.jpg
2004.10.10 00:48 B C:\AAAAA-MonCoHist_Gen\obituaries2_files\image090.jpg --> users.freepages.rootsweb.com /history_html/obituaries2_files image090.jpg
2004.10.10 00:48 B C:\AAAAA-MonCoHist_Gen\obituaries2_files\image091.jpg --> users.freepages.rootsweb.com /history_html/obituaries2_files image091.jpg
2004.10.10 00:48 B C:\AAAAA-MonCoHist_Gen\obituaries2_files\image092.jpg --> users.freepages.rootsweb.com /history_html/obituaries2_files image092.jpg
2004.10.10 00:48 B C:\AAAAA-MonCoHist_Gen\obituaries2_files\image093.jpg --> users.freepages.rootsweb.com /history_html/obituaries2_files image093.jpg
2004.10.10 00:48 B C:\AAAAA-MonCoHist_Gen\obituaries2_files\image094.jpg --> users.freepages.rootsweb.com /history_html/obituaries2_files image094.jpg
2004.10.10 00:48 B C:\AAAAA-MonCoHist_Gen\obituaries2_files\image095.jpg --> users.freepages.rootsweb.com /history_html/obituaries2_files image095.jpg
2004.10.10 00:48 B C:\AAAAA-MonCoHist_Gen\obituaries2_files\image096.jpg --> users.freepages.rootsweb.com /history_html/obituaries2_files image096.jpg
2004.10.10 00:48 B C:\AAAAA-MonCoHist_Gen\obituaries2_files\image097.jpg --> users.freepages.rootsweb.com /history_html/obituaries2_files image097.jpg
2004.10.10 00:48 B C:\AAAAA-MonCoHist_Gen\obituaries2_files\image098.jpg --> users.freepages.rootsweb.com /history_html/obituaries2_files image098.jpg
2004.10.10 00:48 B C:\AAAAA-MonCoHist_Gen\obituaries2_files\image099.jpg --> users.freepages.rootsweb.com /history_html/obituaries2_files image099.jpg
2004.10.10 00:48 B C:\AAAAA-MonCoHist_Gen\obituaries2_files\image100.jpg --> users.freepages.rootsweb.com /history_html/obituaries2_files image100.jpg
2004.10.10 00:48 B C:\AAAAA-MonCoHist_Gen\obituaries2_files\image101.jpg --> users.freepages.rootsweb.com /history_html/obituaries2_files image101.jpg
2004.10.10 00:48 B C:\AAAAA-MonCoHist_Gen\obituaries2_files\image102.jpg --> users.freepages.rootsweb.com /history_html/obituaries2_files image102.jpg
2004.10.10 00:48 B C:\AAAAA-MonCoHist_Gen\obituaries2_files\image103.jpg --> users.freepages.rootsweb.com /history_html/obituaries2_files image103.jpg
2004.10.10 00:48 B C:\AAAAA-MonCoHist_Gen\obituaries2_files\image104.jpg --> users.freepages.rootsweb.com /history_html/obituaries2_files image104.jpg
2004.10.10 00:48 B C:\AAAAA-MonCoHist_Gen\obituaries2_files\image105.jpg --> users.freepages.rootsweb.com /history_html/obituaries2_files image105.jpg
2004.10.10 00:48 B C:\AAAAA-MonCoHist_Gen\obituaries2_files\image106.jpg --> users.freepages.rootsweb.com /history_html/obituaries2_files image106.jpg
2004.10.10 00:48 B C:\AAAAA-MonCoHist_Gen\obituaries2_files\image107.jpg --> users.freepages.rootsweb.com /history_html/obituaries2_files image107.jpg
2004.10.10 00:48 B C:\AAAAA-MonCoHist_Gen\obituaries2_files\image108.jpg --> users.freepages.rootsweb.com /history_html/obituaries2_files image108.jpg
2004.10.10 00:48 B C:\AAAAA-MonCoHist_Gen\obituaries2_files\image109.jpg --> users.freepages.rootsweb.com /history_html/obituaries2_files image109.jpg
2004.10.10 00:48 B C:\AAAAA-MonCoHist_Gen\obituaries2_files\image110.jpg --> users.freepages.rootsweb.com /history_html/obituaries2_files image110.jpg
2004.10.10 00:48 B C:\AAAAA-MonCoHist_Gen\obituaries2_files\image111.jpg --> users.freepages.rootsweb.com /history_html/obituaries2_files image111.jpg
2004.10.10 00:48 B C:\AAAAA-MonCoHist_Gen\obituaries2_files\image112.jpg --> users.freepages.rootsweb.com /history_html/obituaries2_files image112.jpg
2004.10.10 00:48 B C:\AAAAA-MonCoHist_Gen\obituaries2_files\image113.jpg --> users.freepages.rootsweb.com /history_html/obituaries2_files image113.jpg
2004.10.10 00:48 B C:\AAAAA-MonCoHist_Gen\obituaries2_files\image114.jpg --> users.freepages.rootsweb.com /history_html/obituaries2_files image114.jpg
2004.10.10 00:48 B C:\AAAAA-MonCoHist_Gen\obituaries2_files\image115.jpg --> users.freepages.rootsweb.com /history_html/obituaries2_files image115.jpg
2004.10.10 00:49 B C:\AAAAA-MonCoHist_Gen\obituaries2_files\image116.jpg --> users.freepages.rootsweb.com /history_html/obituaries2_files image116.jpg
2004.10.10 00:49 B C:\AAAAA-MonCoHist_Gen\obituaries2_files\image117.jpg --> users.freepages.rootsweb.com /history_html/obituaries2_files image117.jpg
2004.10.10 00:49 B C:\AAAAA-MonCoHist_Gen\obituaries2_files\image118.jpg --> users.freepages.rootsweb.com /history_html/obituaries2_files image118.jpg
2004.10.10 00:49 B C:\AAAAA-MonCoHist_Gen\obituaries2_files\image119.jpg --> users.freepages.rootsweb.com /history_html/obituaries2_files image119.jpg
2004.10.10 00:49 B C:\AAAAA-MonCoHist_Gen\obituaries2_files\image120.jpg --> users.freepages.rootsweb.com /history_html/obituaries2_files image120.jpg
2004.10.10 00:49 B C:\AAAAA-MonCoHist_Gen\obituaries2_files\image121.jpg --> users.freepages.rootsweb.com /history_html/obituaries2_files image121.jpg
2004.10.10 00:49 B C:\AAAAA-MonCoHist_Gen\obituaries2_files\image122.jpg --> users.freepages.rootsweb.com /history_html/obituaries2_files image122.jpg
2004.10.10 00:49 B C:\AAAAA-MonCoHist_Gen\obituaries2_files\image123.jpg --> users.freepages.rootsweb.com /history_html/obituaries2_files image123.jpg
2004.10.10 00:49 B C:\AAAAA-MonCoHist_Gen\obituaries2_files\image124.jpg --> users.freepages.rootsweb.com /history_html/obituaries2_files image124.jpg
