2003.02.12 00:12 B C:\AAAAA-MonroeCoSite\WillYoung2_files\filelist.xml --> users.rootsweb.com /home0023/ohmccogs/WillYoung2_files filelist.xml
2003.02.12 00:12 B C:\AAAAA-MonroeCoSite\WillYoung2_files\image001.jpg --> users.rootsweb.com /home0023/ohmccogs/WillYoung2_files image001.jpg
2003.02.12 00:12 B C:\AAAAA-MonroeCoSite\WillYoung2_files\image002.jpg --> users.rootsweb.com /home0023/ohmccogs/WillYoung2_files image002.jpg
2003.02.12 00:25 B C:\AAAAA-MonroeCoSite\WillYoung2_files\filelist.xml --> users.rootsweb.com /home0023/ohmccogs/public_html/WillYoung2_files filelist.xml
2003.02.12 00:26 B C:\AAAAA-MonroeCoSite\WillYoung2_files\image001.jpg --> users.rootsweb.com /home0023/ohmccogs/public_html/WillYoung2_files image001.jpg
2003.02.12 00:26 B C:\AAAAA-MonroeCoSite\WillYoung2_files\image002.jpg --> users.rootsweb.com /home0023/ohmccogs/public_html/WillYoung2_files image002.jpg
2003.02.12 00:26 B C:\AAAAA-MonroeCoSite\WillYoung2_files\WS_FTP.LOG --> users.rootsweb.com /home0023/ohmccogs/public_html/WillYoung2_files WS_FTP.LOG
2003.03.19 22:39 B C:\AAAAA-MonroeCoSite\WillYoung2_files\filelist.xml --> helloworldblue.net /web/MCCofOGS/WillYoung2_files filelist.xml
2003.03.19 22:40 B C:\AAAAA-MonroeCoSite\WillYoung2_files\image001.jpg --> helloworldblue.net /web/MCCofOGS/WillYoung2_files image001.jpg
2003.03.19 22:40 B C:\AAAAA-MonroeCoSite\WillYoung2_files\image002.jpg --> helloworldblue.net /web/MCCofOGS/WillYoung2_files image002.jpg
2003.03.19 22:40 B C:\AAAAA-MonroeCoSite\WillYoung2_files\WS_FTP.LOG --> helloworldblue.net /web/MCCofOGS/WillYoung2_files WS_FTP.LOG
2004.09.15 18:01 B C:\AAAAA-MonroeCoSite\WillYoung2_files\filelist.xml --> helloworldblue.net /WillYoung2_files filelist.xml
2004.09.15 18:01 B C:\AAAAA-MonroeCoSite\WillYoung2_files\image001.jpg --> helloworldblue.net /WillYoung2_files image001.jpg
2004.09.15 18:01 B C:\AAAAA-MonroeCoSite\WillYoung2_files\image002.jpg --> helloworldblue.net /WillYoung2_files image002.jpg
2004.09.15 18:01 B C:\AAAAA-MonroeCoSite\WillYoung2_files\WS_FTP.LOG --> helloworldblue.net /WillYoung2_files WS_FTP.LOG
2004.09.16 02:14 A C:\AAAAA-MonroeCoSite\WillYoung2_files\filelist.xml --> helloworldblue.net /MonroeCoOhPeopleandHistory/WillYoung2_files filelist.xml
2004.09.16 02:14 A C:\AAAAA-MonroeCoSite\WillYoung2_files\image001.jpg --> helloworldblue.net /MonroeCoOhPeopleandHistory/WillYoung2_files image001.jpg
2004.09.16 02:14 A C:\AAAAA-MonroeCoSite\WillYoung2_files\image002.jpg --> helloworldblue.net /MonroeCoOhPeopleandHistory/WillYoung2_files image002.jpg
2004.09.16 02:14 A C:\AAAAA-MonroeCoSite\WillYoung2_files\WS_FTP.LOG --> helloworldblue.net /MonroeCoOhPeopleandHistory/WillYoung2_files WS_FTP.LOG
2004.10.10 01:31 B C:\AAAAA-MonCoHist_Gen\WillYoung2_files\filelist.xml --> users.freepages.rootsweb.com /history_html/WillYoung2_files filelist.xml
2004.10.10 01:31 B C:\AAAAA-MonCoHist_Gen\WillYoung2_files\image001.jpg --> users.freepages.rootsweb.com /history_html/WillYoung2_files image001.jpg
2004.10.10 01:31 B C:\AAAAA-MonCoHist_Gen\WillYoung2_files\image002.jpg --> users.freepages.rootsweb.com /history_html/WillYoung2_files image002.jpg
