2003.03.19 22:32 B C:\AAAAA-MonroeCoSite\smallpox_files\AAAAA-MonroeCoSite --> helloworldblue.net /web/MCCofOGS/smallpox_files AAAAA-MonroeCoSite
2003.03.19 22:32 B C:\AAAAA-MonroeCoSite\smallpox_files\filelist.xml --> helloworldblue.net /web/MCCofOGS/smallpox_files filelist.xml
2003.03.19 22:33 B C:\AAAAA-MonroeCoSite\smallpox_files\image001.jpg --> helloworldblue.net /web/MCCofOGS/smallpox_files image001.jpg
2003.03.19 22:33 B C:\AAAAA-MonroeCoSite\smallpox_files\image002.jpg --> helloworldblue.net /web/MCCofOGS/smallpox_files image002.jpg
2003.03.19 22:33 B C:\AAAAA-MonroeCoSite\smallpox_files\image003.png --> helloworldblue.net /web/MCCofOGS/smallpox_files image003.png
2003.03.19 22:33 B C:\AAAAA-MonroeCoSite\smallpox_files\image004.jpg --> helloworldblue.net /web/MCCofOGS/smallpox_files image004.jpg
2003.03.19 22:33 B C:\AAAAA-MonroeCoSite\smallpox_files\image005.png --> helloworldblue.net /web/MCCofOGS/smallpox_files image005.png
2003.03.19 22:33 B C:\AAAAA-MonroeCoSite\smallpox_files\image006.jpg --> helloworldblue.net /web/MCCofOGS/smallpox_files image006.jpg
2003.03.19 22:33 B C:\AAAAA-MonroeCoSite\smallpox_files\image007.png --> helloworldblue.net /web/MCCofOGS/smallpox_files image007.png
2003.03.19 22:33 B C:\AAAAA-MonroeCoSite\smallpox_files\image008.jpg --> helloworldblue.net /web/MCCofOGS/smallpox_files image008.jpg
2003.03.19 22:33 B C:\AAAAA-MonroeCoSite\smallpox_files\image009.png --> helloworldblue.net /web/MCCofOGS/smallpox_files image009.png
2003.03.19 22:33 B C:\AAAAA-MonroeCoSite\smallpox_files\image010.jpg --> helloworldblue.net /web/MCCofOGS/smallpox_files image010.jpg
2003.03.19 22:34 B C:\AAAAA-MonroeCoSite\smallpox_files\image011.png --> helloworldblue.net /web/MCCofOGS/smallpox_files image011.png
2003.03.19 22:34 B C:\AAAAA-MonroeCoSite\smallpox_files\image012.jpg --> helloworldblue.net /web/MCCofOGS/smallpox_files image012.jpg
2003.03.19 22:34 B C:\AAAAA-MonroeCoSite\smallpox_files\image013.png --> helloworldblue.net /web/MCCofOGS/smallpox_files image013.png
2003.03.19 22:34 B C:\AAAAA-MonroeCoSite\smallpox_files\image014.jpg --> helloworldblue.net /web/MCCofOGS/smallpox_files image014.jpg
2003.03.19 22:34 B C:\AAAAA-MonroeCoSite\smallpox_files\image015.png --> helloworldblue.net /web/MCCofOGS/smallpox_files image015.png
2003.03.19 22:34 B C:\AAAAA-MonroeCoSite\smallpox_files\image016.jpg --> helloworldblue.net /web/MCCofOGS/smallpox_files image016.jpg
2003.03.19 22:34 B C:\AAAAA-MonroeCoSite\smallpox_files\image017.png --> helloworldblue.net /web/MCCofOGS/smallpox_files image017.png
2003.03.19 22:34 B C:\AAAAA-MonroeCoSite\smallpox_files\image018.jpg --> helloworldblue.net /web/MCCofOGS/smallpox_files image018.jpg
2003.03.19 22:34 B C:\AAAAA-MonroeCoSite\smallpox_files\image019.jpg --> helloworldblue.net /web/MCCofOGS/smallpox_files image019.jpg
2003.03.19 22:34 B C:\AAAAA-MonroeCoSite\smallpox_files\image020.jpg --> helloworldblue.net /web/MCCofOGS/smallpox_files image020.jpg
2003.03.19 22:35 B C:\AAAAA-MonroeCoSite\smallpox_files\image021.png --> helloworldblue.net /web/MCCofOGS/smallpox_files image021.png
2003.03.19 22:35 B C:\AAAAA-MonroeCoSite\smallpox_files\image022.jpg --> helloworldblue.net /web/MCCofOGS/smallpox_files image022.jpg
2003.03.19 22:35 B C:\AAAAA-MonroeCoSite\smallpox_files\image023.png --> helloworldblue.net /web/MCCofOGS/smallpox_files image023.png
2003.03.19 22:35 B C:\AAAAA-MonroeCoSite\smallpox_files\image024.jpg --> helloworldblue.net /web/MCCofOGS/smallpox_files image024.jpg
2003.03.19 22:35 B C:\AAAAA-MonroeCoSite\smallpox_files\image025.png --> helloworldblue.net /web/MCCofOGS/smallpox_files image025.png
2003.03.19 22:35 B C:\AAAAA-MonroeCoSite\smallpox_files\image026.jpg --> helloworldblue.net /web/MCCofOGS/smallpox_files image026.jpg
2003.03.19 22:35 B C:\AAAAA-MonroeCoSite\smallpox_files\image027.png --> helloworldblue.net /web/MCCofOGS/smallpox_files image027.png
2003.03.19 22:35 B C:\AAAAA-MonroeCoSite\smallpox_files\image028.jpg --> helloworldblue.net /web/MCCofOGS/smallpox_files image028.jpg
2003.03.19 22:35 B C:\AAAAA-MonroeCoSite\smallpox_files\image029.png --> helloworldblue.net /web/MCCofOGS/smallpox_files image029.png
2003.03.19 22:35 B C:\AAAAA-MonroeCoSite\smallpox_files\image030.jpg --> helloworldblue.net /web/MCCofOGS/smallpox_files image030.jpg
2004.09.15 17:46 B C:\AAAAA-MonroeCoSite\smallpox_files\AAAAA-MonroeCoSite --> helloworldblue.net /smallpox_files AAAAA-MonroeCoSite
2004.09.15 17:46 B C:\AAAAA-MonroeCoSite\smallpox_files\filelist.xml --> helloworldblue.net /smallpox_files filelist.xml
2004.09.15 17:46 B C:\AAAAA-MonroeCoSite\smallpox_files\image001.jpg --> helloworldblue.net /smallpox_files image001.jpg
2004.09.15 17:46 B C:\AAAAA-MonroeCoSite\smallpox_files\image002.jpg --> helloworldblue.net /smallpox_files image002.jpg
2004.09.15 17:46 B C:\AAAAA-MonroeCoSite\smallpox_files\image003.png --> helloworldblue.net /smallpox_files image003.png
2004.09.15 17:46 B C:\AAAAA-MonroeCoSite\smallpox_files\image004.jpg --> helloworldblue.net /smallpox_files image004.jpg
2004.09.15 17:46 B C:\AAAAA-MonroeCoSite\smallpox_files\image005.png --> helloworldblue.net /smallpox_files image005.png
2004.09.15 17:46 B C:\AAAAA-MonroeCoSite\smallpox_files\image006.jpg --> helloworldblue.net /smallpox_files image006.jpg
2004.09.15 17:46 B C:\AAAAA-MonroeCoSite\smallpox_files\image007.png --> helloworldblue.net /smallpox_files image007.png
2004.09.15 17:46 B C:\AAAAA-MonroeCoSite\smallpox_files\image008.jpg --> helloworldblue.net /smallpox_files image008.jpg
2004.09.15 17:46 B C:\AAAAA-MonroeCoSite\smallpox_files\image009.png --> helloworldblue.net /smallpox_files image009.png
2004.09.15 17:46 B C:\AAAAA-MonroeCoSite\smallpox_files\image010.jpg --> helloworldblue.net /smallpox_files image010.jpg
2004.09.15 17:47 B C:\AAAAA-MonroeCoSite\smallpox_files\image011.png --> helloworldblue.net /smallpox_files image011.png
2004.09.15 17:47 B C:\AAAAA-MonroeCoSite\smallpox_files\image012.jpg --> helloworldblue.net /smallpox_files image012.jpg
2004.09.15 17:47 B C:\AAAAA-MonroeCoSite\smallpox_files\image013.png --> helloworldblue.net /smallpox_files image013.png
2004.09.15 17:47 B C:\AAAAA-MonroeCoSite\smallpox_files\image014.jpg --> helloworldblue.net /smallpox_files image014.jpg
2004.09.15 17:47 B C:\AAAAA-MonroeCoSite\smallpox_files\image015.png --> helloworldblue.net /smallpox_files image015.png
2004.09.15 17:47 B C:\AAAAA-MonroeCoSite\smallpox_files\image016.jpg --> helloworldblue.net /smallpox_files image016.jpg
2004.09.15 17:47 B C:\AAAAA-MonroeCoSite\smallpox_files\image017.png --> helloworldblue.net /smallpox_files image017.png
2004.09.15 17:47 B C:\AAAAA-MonroeCoSite\smallpox_files\image018.jpg --> helloworldblue.net /smallpox_files image018.jpg
2004.09.15 17:47 B C:\AAAAA-MonroeCoSite\smallpox_files\image019.jpg --> helloworldblue.net /smallpox_files image019.jpg
2004.09.15 17:47 B C:\AAAAA-MonroeCoSite\smallpox_files\image020.jpg --> helloworldblue.net /smallpox_files image020.jpg
2004.09.15 17:47 B C:\AAAAA-MonroeCoSite\smallpox_files\image021.png --> helloworldblue.net /smallpox_files image021.png
2004.09.15 17:47 B C:\AAAAA-MonroeCoSite\smallpox_files\image022.jpg --> helloworldblue.net /smallpox_files image022.jpg
2004.09.15 17:47 B C:\AAAAA-MonroeCoSite\smallpox_files\image023.png --> helloworldblue.net /smallpox_files image023.png
2004.09.15 17:47 B C:\AAAAA-MonroeCoSite\smallpox_files\image024.jpg --> helloworldblue.net /smallpox_files image024.jpg
2004.09.15 17:47 B C:\AAAAA-MonroeCoSite\smallpox_files\image025.png --> helloworldblue.net /smallpox_files image025.png
2004.09.15 17:47 B C:\AAAAA-MonroeCoSite\smallpox_files\image026.jpg --> helloworldblue.net /smallpox_files image026.jpg
2004.09.15 17:47 B C:\AAAAA-MonroeCoSite\smallpox_files\image027.png --> helloworldblue.net /smallpox_files image027.png
2004.09.15 17:47 B C:\AAAAA-MonroeCoSite\smallpox_files\image028.jpg --> helloworldblue.net /smallpox_files image028.jpg
2004.09.15 17:47 B C:\AAAAA-MonroeCoSite\smallpox_files\image029.png --> helloworldblue.net /smallpox_files image029.png
2004.09.15 17:47 B C:\AAAAA-MonroeCoSite\smallpox_files\image030.jpg --> helloworldblue.net /smallpox_files image030.jpg
2004.09.15 17:47 B C:\AAAAA-MonroeCoSite\smallpox_files\WS_FTP.LOG --> helloworldblue.net /smallpox_files WS_FTP.LOG
2004.09.16 02:07 A C:\AAAAA-MonroeCoSite\smallpox_files\AAAAA-MonroeCoSite --> helloworldblue.net /MonroeCoOhPeopleandHistory/smallpox_files AAAAA-MonroeCoSite
2004.09.16 02:07 A C:\AAAAA-MonroeCoSite\smallpox_files\filelist.xml --> helloworldblue.net /MonroeCoOhPeopleandHistory/smallpox_files filelist.xml
2004.09.16 02:07 A C:\AAAAA-MonroeCoSite\smallpox_files\image001.jpg --> helloworldblue.net /MonroeCoOhPeopleandHistory/smallpox_files image001.jpg
2004.09.16 02:07 A C:\AAAAA-MonroeCoSite\smallpox_files\image002.jpg --> helloworldblue.net /MonroeCoOhPeopleandHistory/smallpox_files image002.jpg
2004.09.16 02:07 A C:\AAAAA-MonroeCoSite\smallpox_files\image003.png --> helloworldblue.net /MonroeCoOhPeopleandHistory/smallpox_files image003.png
2004.09.16 02:07 A C:\AAAAA-MonroeCoSite\smallpox_files\image004.jpg --> helloworldblue.net /MonroeCoOhPeopleandHistory/smallpox_files image004.jpg
2004.09.16 02:07 A C:\AAAAA-MonroeCoSite\smallpox_files\image005.png --> helloworldblue.net /MonroeCoOhPeopleandHistory/smallpox_files image005.png
2004.09.16 02:07 A C:\AAAAA-MonroeCoSite\smallpox_files\image006.jpg --> helloworldblue.net /MonroeCoOhPeopleandHistory/smallpox_files image006.jpg
2004.09.16 02:07 A C:\AAAAA-MonroeCoSite\smallpox_files\image007.png --> helloworldblue.net /MonroeCoOhPeopleandHistory/smallpox_files image007.png
2004.09.16 02:07 A C:\AAAAA-MonroeCoSite\smallpox_files\image008.jpg --> helloworldblue.net /MonroeCoOhPeopleandHistory/smallpox_files image008.jpg
2004.09.16 02:07 A C:\AAAAA-MonroeCoSite\smallpox_files\image009.png --> helloworldblue.net /MonroeCoOhPeopleandHistory/smallpox_files image009.png
2004.09.16 02:07 A C:\AAAAA-MonroeCoSite\smallpox_files\image010.jpg --> helloworldblue.net /MonroeCoOhPeopleandHistory/smallpox_files image010.jpg
2004.09.16 02:07 A C:\AAAAA-MonroeCoSite\smallpox_files\image011.png --> helloworldblue.net /MonroeCoOhPeopleandHistory/smallpox_files image011.png
2004.09.16 02:07 A C:\AAAAA-MonroeCoSite\smallpox_files\image012.jpg --> helloworldblue.net /MonroeCoOhPeopleandHistory/smallpox_files image012.jpg
2004.09.16 02:07 A C:\AAAAA-MonroeCoSite\smallpox_files\image013.png --> helloworldblue.net /MonroeCoOhPeopleandHistory/smallpox_files image013.png
2004.09.16 02:07 A C:\AAAAA-MonroeCoSite\smallpox_files\image014.jpg --> helloworldblue.net /MonroeCoOhPeopleandHistory/smallpox_files image014.jpg
2004.09.16 02:07 A C:\AAAAA-MonroeCoSite\smallpox_files\image015.png --> helloworldblue.net /MonroeCoOhPeopleandHistory/smallpox_files image015.png
2004.09.16 02:07 A C:\AAAAA-MonroeCoSite\smallpox_files\image016.jpg --> helloworldblue.net /MonroeCoOhPeopleandHistory/smallpox_files image016.jpg
2004.09.16 02:07 A C:\AAAAA-MonroeCoSite\smallpox_files\image017.png --> helloworldblue.net /MonroeCoOhPeopleandHistory/smallpox_files image017.png
2004.09.16 02:07 A C:\AAAAA-MonroeCoSite\smallpox_files\image018.jpg --> helloworldblue.net /MonroeCoOhPeopleandHistory/smallpox_files image018.jpg
2004.09.16 02:07 A C:\AAAAA-MonroeCoSite\smallpox_files\image019.jpg --> helloworldblue.net /MonroeCoOhPeopleandHistory/smallpox_files image019.jpg
2004.09.16 02:07 A C:\AAAAA-MonroeCoSite\smallpox_files\image020.jpg --> helloworldblue.net /MonroeCoOhPeopleandHistory/smallpox_files image020.jpg
2004.09.16 02:08 A C:\AAAAA-MonroeCoSite\smallpox_files\image021.png --> helloworldblue.net /MonroeCoOhPeopleandHistory/smallpox_files image021.png
2004.09.16 02:08 A C:\AAAAA-MonroeCoSite\smallpox_files\image022.jpg --> helloworldblue.net /MonroeCoOhPeopleandHistory/smallpox_files image022.jpg
2004.09.16 02:08 A C:\AAAAA-MonroeCoSite\smallpox_files\image023.png --> helloworldblue.net /MonroeCoOhPeopleandHistory/smallpox_files image023.png
2004.09.16 02:08 A C:\AAAAA-MonroeCoSite\smallpox_files\image024.jpg --> helloworldblue.net /MonroeCoOhPeopleandHistory/smallpox_files image024.jpg
2004.09.16 02:08 A C:\AAAAA-MonroeCoSite\smallpox_files\image025.png --> helloworldblue.net /MonroeCoOhPeopleandHistory/smallpox_files image025.png
2004.09.16 02:08 A C:\AAAAA-MonroeCoSite\smallpox_files\image026.jpg --> helloworldblue.net /MonroeCoOhPeopleandHistory/smallpox_files image026.jpg
2004.09.16 02:08 A C:\AAAAA-MonroeCoSite\smallpox_files\image027.png --> helloworldblue.net /MonroeCoOhPeopleandHistory/smallpox_files image027.png
2004.09.16 02:08 A C:\AAAAA-MonroeCoSite\smallpox_files\image028.jpg --> helloworldblue.net /MonroeCoOhPeopleandHistory/smallpox_files image028.jpg
2004.09.16 02:08 A C:\AAAAA-MonroeCoSite\smallpox_files\image029.png --> helloworldblue.net /MonroeCoOhPeopleandHistory/smallpox_files image029.png
2004.09.16 02:08 A C:\AAAAA-MonroeCoSite\smallpox_files\image030.jpg --> helloworldblue.net /MonroeCoOhPeopleandHistory/smallpox_files image030.jpg
2004.09.16 02:08 A C:\AAAAA-MonroeCoSite\smallpox_files\WS_FTP.LOG --> helloworldblue.net /MonroeCoOhPeopleandHistory/smallpox_files WS_FTP.LOG
2004.10.10 01:15 B C:\AAAAA-MonCoHist_Gen\smallpox_files\AAAAA-MonroeCoSite --> users.freepages.rootsweb.com /history_html/smallpox_files AAAAA-MonroeCoSite
2004.10.10 01:15 B C:\AAAAA-MonCoHist_Gen\smallpox_files\filelist.xml --> users.freepages.rootsweb.com /history_html/smallpox_files filelist.xml
2004.10.10 01:15 B C:\AAAAA-MonCoHist_Gen\smallpox_files\image001.jpg --> users.freepages.rootsweb.com /history_html/smallpox_files image001.jpg
2004.10.10 01:15 B C:\AAAAA-MonCoHist_Gen\smallpox_files\image002.jpg --> users.freepages.rootsweb.com /history_html/smallpox_files image002.jpg
2004.10.10 01:15 B C:\AAAAA-MonCoHist_Gen\smallpox_files\image003.png --> users.freepages.rootsweb.com /history_html/smallpox_files image003.png
2004.10.10 01:15 B C:\AAAAA-MonCoHist_Gen\smallpox_files\image004.jpg --> users.freepages.rootsweb.com /history_html/smallpox_files image004.jpg
2004.10.10 01:15 B C:\AAAAA-MonCoHist_Gen\smallpox_files\image005.png --> users.freepages.rootsweb.com /history_html/smallpox_files image005.png
2004.10.10 01:15 B C:\AAAAA-MonCoHist_Gen\smallpox_files\image006.jpg --> users.freepages.rootsweb.com /history_html/smallpox_files image006.jpg
2004.10.10 01:15 B C:\AAAAA-MonCoHist_Gen\smallpox_files\image007.png --> users.freepages.rootsweb.com /history_html/smallpox_files image007.png
2004.10.10 01:15 B C:\AAAAA-MonCoHist_Gen\smallpox_files\image008.jpg --> users.freepages.rootsweb.com /history_html/smallpox_files image008.jpg
2004.10.10 01:15 B C:\AAAAA-MonCoHist_Gen\smallpox_files\image009.png --> users.freepages.rootsweb.com /history_html/smallpox_files image009.png
2004.10.10 01:16 B C:\AAAAA-MonCoHist_Gen\smallpox_files\image010.jpg --> users.freepages.rootsweb.com /history_html/smallpox_files image010.jpg
2004.10.10 01:16 B C:\AAAAA-MonCoHist_Gen\smallpox_files\image011.png --> users.freepages.rootsweb.com /history_html/smallpox_files image011.png
2004.10.10 01:16 B C:\AAAAA-MonCoHist_Gen\smallpox_files\image012.jpg --> users.freepages.rootsweb.com /history_html/smallpox_files image012.jpg
2004.10.10 01:16 B C:\AAAAA-MonCoHist_Gen\smallpox_files\image013.png --> users.freepages.rootsweb.com /history_html/smallpox_files image013.png
2004.10.10 01:16 B C:\AAAAA-MonCoHist_Gen\smallpox_files\image014.jpg --> users.freepages.rootsweb.com /history_html/smallpox_files image014.jpg
2004.10.10 01:16 B C:\AAAAA-MonCoHist_Gen\smallpox_files\image015.png --> users.freepages.rootsweb.com /history_html/smallpox_files image015.png
2004.10.10 01:16 B C:\AAAAA-MonCoHist_Gen\smallpox_files\image016.jpg --> users.freepages.rootsweb.com /history_html/smallpox_files image016.jpg
2004.10.10 01:16 B C:\AAAAA-MonCoHist_Gen\smallpox_files\image017.png --> users.freepages.rootsweb.com /history_html/smallpox_files image017.png
2004.10.10 01:16 B C:\AAAAA-MonCoHist_Gen\smallpox_files\image018.jpg --> users.freepages.rootsweb.com /history_html/smallpox_files image018.jpg
2004.10.10 01:16 B C:\AAAAA-MonCoHist_Gen\smallpox_files\image019.jpg --> users.freepages.rootsweb.com /history_html/smallpox_files image019.jpg
2004.10.10 01:16 B C:\AAAAA-MonCoHist_Gen\smallpox_files\image020.jpg --> users.freepages.rootsweb.com /history_html/smallpox_files image020.jpg
2004.10.10 01:16 B C:\AAAAA-MonCoHist_Gen\smallpox_files\image021.png --> users.freepages.rootsweb.com /history_html/smallpox_files image021.png
2004.10.10 01:16 B C:\AAAAA-MonCoHist_Gen\smallpox_files\image022.jpg --> users.freepages.rootsweb.com /history_html/smallpox_files image022.jpg
2004.10.10 01:16 B C:\AAAAA-MonCoHist_Gen\smallpox_files\image023.png --> users.freepages.rootsweb.com /history_html/smallpox_files image023.png
2004.10.10 01:16 B C:\AAAAA-MonCoHist_Gen\smallpox_files\image024.jpg --> users.freepages.rootsweb.com /history_html/smallpox_files image024.jpg
2004.10.10 01:16 B C:\AAAAA-MonCoHist_Gen\smallpox_files\image025.png --> users.freepages.rootsweb.com /history_html/smallpox_files image025.png
2004.10.10 01:16 B C:\AAAAA-MonCoHist_Gen\smallpox_files\image026.jpg --> users.freepages.rootsweb.com /history_html/smallpox_files image026.jpg
2004.10.10 01:16 B C:\AAAAA-MonCoHist_Gen\smallpox_files\image027.png --> users.freepages.rootsweb.com /history_html/smallpox_files image027.png
2004.10.10 01:16 B C:\AAAAA-MonCoHist_Gen\smallpox_files\image028.jpg --> users.freepages.rootsweb.com /history_html/smallpox_files image028.jpg
2004.10.10 01:16 B C:\AAAAA-MonCoHist_Gen\smallpox_files\image029.png --> users.freepages.rootsweb.com /history_html/smallpox_files image029.png
2004.10.10 01:16 B C:\AAAAA-MonCoHist_Gen\smallpox_files\image030.jpg --> users.freepages.rootsweb.com /history_html/smallpox_files image030.jpg
