2003.03.19 22:15 B C:\AAAAA-MonroeCoSite\owl_hollow_sch_files\AAAAA-MonroeCoSite --> helloworldblue.net /web/MCCofOGS/owl_hollow_sch_files AAAAA-MonroeCoSite
2003.03.19 22:15 B C:\AAAAA-MonroeCoSite\owl_hollow_sch_files\filelist.xml --> helloworldblue.net /web/MCCofOGS/owl_hollow_sch_files filelist.xml
2003.03.19 22:15 B C:\AAAAA-MonroeCoSite\owl_hollow_sch_files\image001.jpg --> helloworldblue.net /web/MCCofOGS/owl_hollow_sch_files image001.jpg
2003.03.19 22:15 B C:\AAAAA-MonroeCoSite\owl_hollow_sch_files\image002.jpg --> helloworldblue.net /web/MCCofOGS/owl_hollow_sch_files image002.jpg
2003.04.01 21:28 B C:\AAAAA-MonroeCoSite\owl_hollow_sch_files\AAAAA-MonroeCoSite --> users.rootsweb.com /home0023/ohmccogs/public_html/owl_hollow_sch_files AAAAA-MonroeCoSite
2003.04.01 21:28 B C:\AAAAA-MonroeCoSite\owl_hollow_sch_files\filelist.xml --> users.rootsweb.com /home0023/ohmccogs/public_html/owl_hollow_sch_files filelist.xml
2003.04.01 21:28 B C:\AAAAA-MonroeCoSite\owl_hollow_sch_files\image001.jpg --> users.rootsweb.com /home0023/ohmccogs/public_html/owl_hollow_sch_files image001.jpg
2003.04.01 21:28 B C:\AAAAA-MonroeCoSite\owl_hollow_sch_files\image002.jpg --> users.rootsweb.com /home0023/ohmccogs/public_html/owl_hollow_sch_files image002.jpg
2003.04.01 21:28 B C:\AAAAA-MonroeCoSite\owl_hollow_sch_files\WS_FTP.LOG --> users.rootsweb.com /home0023/ohmccogs/public_html/owl_hollow_sch_files WS_FTP.LOG
2004.09.15 17:25 B C:\AAAAA-MonroeCoSite\owl_hollow_sch_files\AAAAA-MonroeCoSite --> helloworldblue.net /owl_hollow_sch_files AAAAA-MonroeCoSite
2004.09.15 17:25 B C:\AAAAA-MonroeCoSite\owl_hollow_sch_files\filelist.xml --> helloworldblue.net /owl_hollow_sch_files filelist.xml
2004.09.15 17:25 B C:\AAAAA-MonroeCoSite\owl_hollow_sch_files\image001.jpg --> helloworldblue.net /owl_hollow_sch_files image001.jpg
2004.09.15 17:25 B C:\AAAAA-MonroeCoSite\owl_hollow_sch_files\image002.jpg --> helloworldblue.net /owl_hollow_sch_files image002.jpg
2004.09.15 17:25 B C:\AAAAA-MonroeCoSite\owl_hollow_sch_files\WS_FTP.LOG --> helloworldblue.net /owl_hollow_sch_files WS_FTP.LOG
2004.09.16 01:56 A C:\AAAAA-MonroeCoSite\owl_hollow_sch_files\AAAAA-MonroeCoSite --> helloworldblue.net /MonroeCoOhPeopleandHistory/owl_hollow_sch_files AAAAA-MonroeCoSite
2004.09.16 01:56 A C:\AAAAA-MonroeCoSite\owl_hollow_sch_files\filelist.xml --> helloworldblue.net /MonroeCoOhPeopleandHistory/owl_hollow_sch_files filelist.xml
2004.09.16 01:56 A C:\AAAAA-MonroeCoSite\owl_hollow_sch_files\image001.jpg --> helloworldblue.net /MonroeCoOhPeopleandHistory/owl_hollow_sch_files image001.jpg
2004.09.16 01:56 A C:\AAAAA-MonroeCoSite\owl_hollow_sch_files\image002.jpg --> helloworldblue.net /MonroeCoOhPeopleandHistory/owl_hollow_sch_files image002.jpg
2004.09.16 01:56 A C:\AAAAA-MonroeCoSite\owl_hollow_sch_files\WS_FTP.LOG --> helloworldblue.net /MonroeCoOhPeopleandHistory/owl_hollow_sch_files WS_FTP.LOG
2004.10.10 00:55 B C:\AAAAA-MonCoHist_Gen\owl_hollow_sch_files\AAAAA-MonroeCoSite --> users.freepages.rootsweb.com /history_html/owl_hollow_sch_files AAAAA-MonroeCoSite
2004.10.10 00:55 B C:\AAAAA-MonCoHist_Gen\owl_hollow_sch_files\filelist.xml --> users.freepages.rootsweb.com /history_html/owl_hollow_sch_files filelist.xml
2004.10.10 00:55 B C:\AAAAA-MonCoHist_Gen\owl_hollow_sch_files\image001.jpg --> users.freepages.rootsweb.com /history_html/owl_hollow_sch_files image001.jpg
2004.10.10 00:55 B C:\AAAAA-MonCoHist_Gen\owl_hollow_sch_files\image002.jpg --> users.freepages.rootsweb.com /history_html/owl_hollow_sch_files image002.jpg
