2004.03.15 21:41 B C:\AAAAA-MonroeCoSite\FankReuben_Nellie_files\filelist.xml --> users.rootsweb.com /home0023/ohmccogs/public_html/FankReuben_Nellie_files filelist.xml
2004.03.15 21:43 B C:\AAAAA-MonroeCoSite\FankReuben_Nellie_files\image001.jpg --> users.rootsweb.com /home0023/ohmccogs/public_html/FankReuben_Nellie_files image001.jpg
2004.03.15 22:00 B C:\AAAAA-MonroeCoSite\FankReuben_Nellie_files\filelist.xml --> users.rootsweb.com /home0023/ohmccogs/public_html/FankReuben_Nellie_files filelist.xml
2004.03.15 22:00 B C:\AAAAA-MonroeCoSite\FankReuben_Nellie_files\image001.wmz --> users.rootsweb.com /home0023/ohmccogs/public_html/FankReuben_Nellie_files image001.wmz
2004.03.15 22:04 B C:\AAAAA-MonroeCoSite\FankReuben_Nellie_files\filelist.xml --> users.rootsweb.com /home0023/ohmccogs/public_html/FankReuben_Nellie_files filelist.xml
2004.03.15 22:05 B C:\AAAAA-MonroeCoSite\FankReuben_Nellie_files\image001.wmz --> users.rootsweb.com /home0023/ohmccogs/public_html/FankReuben_Nellie_files image001.wmz
2004.03.15 22:20 B C:\AAAAA-MonroeCoSite\FankReuben_Nellie_files\filelist.xml --> users.rootsweb.com /home0023/ohmccogs/public_html/FankReuben_Nellie_files filelist.xml
2004.03.15 22:20 B C:\AAAAA-MonroeCoSite\FankReuben_Nellie_files\image001.jpg --> users.rootsweb.com /home0023/ohmccogs/public_html/FankReuben_Nellie_files image001.jpg
2004.03.15 22:21 B C:\AAAAA-MonroeCoSite\FankReuben_Nellie_files\image002.jpg --> users.rootsweb.com /home0023/ohmccogs/public_html/FankReuben_Nellie_files image002.jpg
2004.03.15 22:21 B C:\AAAAA-MonroeCoSite\FankReuben_Nellie_files\WS_FTP.LOG --> users.rootsweb.com /home0023/ohmccogs/public_html/FankReuben_Nellie_files WS_FTP.LOG
2004.03.17 15:20 B C:\AAAAA-MonroeCoSite\FankReuben_Nellie_files\filelist.xml --> users.rootsweb.com /home0023/ohmccogs/public_html/FankReuben_Nellie_files filelist.xml
2004.03.17 15:20 B C:\AAAAA-MonroeCoSite\FankReuben_Nellie_files\image001.jpg --> users.rootsweb.com /home0023/ohmccogs/public_html/FankReuben_Nellie_files image001.jpg
2004.03.17 15:20 B C:\AAAAA-MonroeCoSite\FankReuben_Nellie_files\image002.jpg --> users.rootsweb.com /home0023/ohmccogs/public_html/FankReuben_Nellie_files image002.jpg
2004.03.17 15:20 B C:\AAAAA-MonroeCoSite\FankReuben_Nellie_files\WS_FTP.LOG --> users.rootsweb.com /home0023/ohmccogs/public_html/FankReuben_Nellie_files WS_FTP.LOG
2004.09.15 14:34 B C:\AAAAA-MonroeCoSite\FankReuben_Nellie_files\filelist.xml --> helloworldblue.net /MonroeCoOhPeopleandHistory/FankReuben_Nellie_files filelist.xml
2004.09.15 14:34 B C:\AAAAA-MonroeCoSite\FankReuben_Nellie_files\image001.jpg --> helloworldblue.net /MonroeCoOhPeopleandHistory/FankReuben_Nellie_files image001.jpg
2004.09.15 14:34 B C:\AAAAA-MonroeCoSite\FankReuben_Nellie_files\image002.jpg --> helloworldblue.net /MonroeCoOhPeopleandHistory/FankReuben_Nellie_files image002.jpg
2004.09.15 14:34 B C:\AAAAA-MonroeCoSite\FankReuben_Nellie_files\WS_FTP.LOG --> helloworldblue.net /MonroeCoOhPeopleandHistory/FankReuben_Nellie_files WS_FTP.LOG
2004.10.09 23:56 B C:\AAAAA-MonCoHist_Gen\FankReuben_Nellie_files\filelist.xml --> users.freepages.rootsweb.com /history_html/FankReuben_Nellie_files filelist.xml
2004.10.09 23:56 B C:\AAAAA-MonCoHist_Gen\FankReuben_Nellie_files\image001.jpg --> users.freepages.rootsweb.com /history_html/FankReuben_Nellie_files image001.jpg
2004.10.09 23:56 B C:\AAAAA-MonCoHist_Gen\FankReuben_Nellie_files\image002.jpg --> users.freepages.rootsweb.com /history_html/FankReuben_Nellie_files image002.jpg
