2003.03.19 22:13 B C:\AAAAA-MonroeCoSite\OldNewsLtrs\1996\FFMC.FOL --> helloworldblue.net /web/MCCofOGS/OldNewsLtrs/1996 FFMC.FOL
2003.03.19 22:13 B C:\AAAAA-MonroeCoSite\OldNewsLtrs\1996\FIRSTFAM.DOC --> helloworldblue.net /web/MCCofOGS/OldNewsLtrs/1996 FIRSTFAM.DOC
2003.03.19 22:13 B C:\AAAAA-MonroeCoSite\OldNewsLtrs\1996\FRONT.BAK --> helloworldblue.net /web/MCCofOGS/OldNewsLtrs/1996 FRONT.BAK
2003.03.19 22:13 B C:\AAAAA-MonroeCoSite\OldNewsLtrs\1996\FRONT.EVP --> helloworldblue.net /web/MCCofOGS/OldNewsLtrs/1996 FRONT.EVP
2003.03.19 22:13 B C:\AAAAA-MonroeCoSite\OldNewsLtrs\1996\IDXNOTE.DOC --> helloworldblue.net /web/MCCofOGS/OldNewsLtrs/1996 IDXNOTE.DOC
2003.03.19 22:13 B C:\AAAAA-MonroeCoSite\OldNewsLtrs\1996\INDXPUB --> helloworldblue.net /web/MCCofOGS/OldNewsLtrs/1996 INDXPUB
2003.03.19 22:13 B C:\AAAAA-MonroeCoSite\OldNewsLtrs\1996\IOWA.DOC --> helloworldblue.net /web/MCCofOGS/OldNewsLtrs/1996 IOWA.DOC
2003.03.19 22:13 B C:\AAAAA-MonroeCoSite\OldNewsLtrs\1996\JAN1833.DOC --> helloworldblue.net /web/MCCofOGS/OldNewsLtrs/1996 JAN1833.DOC
2003.03.19 22:13 B C:\AAAAA-MonroeCoSite\OldNewsLtrs\1996\JANBIRTH.DOC --> helloworldblue.net /web/MCCofOGS/OldNewsLtrs/1996 JANBIRTH.DOC
2003.03.19 22:13 B C:\AAAAA-MonroeCoSite\OldNewsLtrs\1996\JANDEATH.DOC --> helloworldblue.net /web/MCCofOGS/OldNewsLtrs/1996 JANDEATH.DOC
2003.03.19 22:13 B C:\AAAAA-MonroeCoSite\OldNewsLtrs\1996\JANNEWS.DOC --> helloworldblue.net /web/MCCofOGS/OldNewsLtrs/1996 JANNEWS.DOC
2003.03.19 22:13 B C:\AAAAA-MonroeCoSite\OldNewsLtrs\1996\JANQUER.DOC --> helloworldblue.net /web/MCCofOGS/OldNewsLtrs/1996 JANQUER.DOC
2003.03.19 22:13 B C:\AAAAA-MonroeCoSite\OldNewsLtrs\1996\JANSUR.DOC --> helloworldblue.net /web/MCCofOGS/OldNewsLtrs/1996 JANSUR.DOC
2003.03.19 22:13 B C:\AAAAA-MonroeCoSite\OldNewsLtrs\1996\JUL1833.DOC --> helloworldblue.net /web/MCCofOGS/OldNewsLtrs/1996 JUL1833.DOC
2003.03.19 22:13 B C:\AAAAA-MonroeCoSite\OldNewsLtrs\1996\JULABST.DOC --> helloworldblue.net /web/MCCofOGS/OldNewsLtrs/1996 JULABST.DOC
2003.03.19 22:13 B C:\AAAAA-MonroeCoSite\OldNewsLtrs\1996\JULBACK.DOC --> helloworldblue.net /web/MCCofOGS/OldNewsLtrs/1996 JULBACK.DOC
2003.03.19 22:13 B C:\AAAAA-MonroeCoSite\OldNewsLtrs\1996\JULBIRTH.DOC --> helloworldblue.net /web/MCCofOGS/OldNewsLtrs/1996 JULBIRTH.DOC
2003.03.19 22:13 B C:\AAAAA-MonroeCoSite\OldNewsLtrs\1996\JULCEM.DOC --> helloworldblue.net /web/MCCofOGS/OldNewsLtrs/1996 JULCEM.DOC
2003.03.19 22:13 B C:\AAAAA-MonroeCoSite\OldNewsLtrs\1996\JULFED.DOC --> helloworldblue.net /web/MCCofOGS/OldNewsLtrs/1996 JULFED.DOC
2003.03.19 22:13 B C:\AAAAA-MonroeCoSite\OldNewsLtrs\1996\JULFRONT.DOC --> helloworldblue.net /web/MCCofOGS/OldNewsLtrs/1996 JULFRONT.DOC
2003.03.19 22:13 B C:\AAAAA-MonroeCoSite\OldNewsLtrs\1996\JULLIB.DOC --> helloworldblue.net /web/MCCofOGS/OldNewsLtrs/1996 JULLIB.DOC
2003.03.19 22:13 B C:\AAAAA-MonroeCoSite\OldNewsLtrs\1996\JULNOTES.DOC --> helloworldblue.net /web/MCCofOGS/OldNewsLtrs/1996 JULNOTES.DOC
2003.03.19 22:13 B C:\AAAAA-MonroeCoSite\OldNewsLtrs\1996\JULQUER.DOC --> helloworldblue.net /web/MCCofOGS/OldNewsLtrs/1996 JULQUER.DOC
2003.03.19 22:13 B C:\AAAAA-MonroeCoSite\OldNewsLtrs\1996\JULSUR.DOC --> helloworldblue.net /web/MCCofOGS/OldNewsLtrs/1996 JULSUR.DOC
2003.03.19 22:13 B C:\AAAAA-MonroeCoSite\OldNewsLtrs\1996\LABFFMC.DOC --> helloworldblue.net /web/MCCofOGS/OldNewsLtrs/1996 LABFFMC.DOC
2003.03.19 22:13 B C:\AAAAA-MonroeCoSite\OldNewsLtrs\1996\MARFED.DOC --> helloworldblue.net /web/MCCofOGS/OldNewsLtrs/1996 MARFED.DOC
2003.03.19 22:13 B C:\AAAAA-MonroeCoSite\OldNewsLtrs\1996\MARQUER.DOC --> helloworldblue.net /web/MCCofOGS/OldNewsLtrs/1996 MARQUER.DOC
2003.03.19 22:13 B C:\AAAAA-MonroeCoSite\OldNewsLtrs\1996\MCMAHON.DOC --> helloworldblue.net /web/MCCofOGS/OldNewsLtrs/1996 MCMAHON.DOC
2003.03.19 22:13 B C:\AAAAA-MonroeCoSite\OldNewsLtrs\1996\OCT1833.DOC --> helloworldblue.net /web/MCCofOGS/OldNewsLtrs/1996 OCT1833.DOC
2003.03.19 22:13 B C:\AAAAA-MonroeCoSite\OldNewsLtrs\1996\OCTABSTR.DOC --> helloworldblue.net /web/MCCofOGS/OldNewsLtrs/1996 OCTABSTR.DOC
2003.03.19 22:13 B C:\AAAAA-MonroeCoSite\OldNewsLtrs\1996\OCTFED.DOC --> helloworldblue.net /web/MCCofOGS/OldNewsLtrs/1996 OCTFED.DOC
2003.03.19 22:13 B C:\AAAAA-MonroeCoSite\OldNewsLtrs\1996\OCTFRONT.DOC --> helloworldblue.net /web/MCCofOGS/OldNewsLtrs/1996 OCTFRONT.DOC
2003.03.19 22:13 B C:\AAAAA-MonroeCoSite\OldNewsLtrs\1996\OCTMCELF.DOC --> helloworldblue.net /web/MCCofOGS/OldNewsLtrs/1996 OCTMCELF.DOC
2003.03.19 22:13 B C:\AAAAA-MonroeCoSite\OldNewsLtrs\1996\OCTNOTES.DOC --> helloworldblue.net /web/MCCofOGS/OldNewsLtrs/1996 OCTNOTES.DOC
2003.03.19 22:13 B C:\AAAAA-MonroeCoSite\OldNewsLtrs\1996\OCTPARK.DOC --> helloworldblue.net /web/MCCofOGS/OldNewsLtrs/1996 OCTPARK.DOC
2003.03.19 22:13 B C:\AAAAA-MonroeCoSite\OldNewsLtrs\1996\OCTQUER.DOC --> helloworldblue.net /web/MCCofOGS/OldNewsLtrs/1996 OCTQUER.DOC
2003.03.19 22:13 B C:\AAAAA-MonroeCoSite\OldNewsLtrs\1996\OCTSUPRM.DOC --> helloworldblue.net /web/MCCofOGS/OldNewsLtrs/1996 OCTSUPRM.DOC
2003.03.19 22:13 B C:\AAAAA-MonroeCoSite\OldNewsLtrs\1996\OCTTERMS.DOC --> helloworldblue.net /web/MCCofOGS/OldNewsLtrs/1996 OCTTERMS.DOC
2003.03.19 22:13 B C:\AAAAA-MonroeCoSite\OldNewsLtrs\1996\OCTUSR.DOC --> helloworldblue.net /web/MCCofOGS/OldNewsLtrs/1996 OCTUSR.DOC
2003.03.19 22:13 B C:\AAAAA-MonroeCoSite\OldNewsLtrs\1996\RIVER.DOC --> helloworldblue.net /web/MCCofOGS/OldNewsLtrs/1996 RIVER.DOC
2003.03.19 22:13 B C:\AAAAA-MonroeCoSite\OldNewsLtrs\1996\SCHOOL.DOC --> helloworldblue.net /web/MCCofOGS/OldNewsLtrs/1996 SCHOOL.DOC
2003.03.19 22:13 B C:\AAAAA-MonroeCoSite\OldNewsLtrs\1996\USUAL.DOC --> helloworldblue.net /web/MCCofOGS/OldNewsLtrs/1996 USUAL.DOC
2003.03.19 22:13 B C:\AAAAA-MonroeCoSite\OldNewsLtrs\1996\WVMAR.DOC --> helloworldblue.net /web/MCCofOGS/OldNewsLtrs/1996 WVMAR.DOC
2004.09.15 14:49 B C:\AAAAA-MonroeCoSite\OldNewsLtrs\1996\FFMC.FOL --> helloworldblue.net /MonroeCoOhPeopleandHistory/OldNewsLtrs/1996 FFMC.FOL
2004.09.15 14:49 B C:\AAAAA-MonroeCoSite\OldNewsLtrs\1996\FIRSTFAM.DOC --> helloworldblue.net /MonroeCoOhPeopleandHistory/OldNewsLtrs/1996 FIRSTFAM.DOC
2004.09.15 14:49 B C:\AAAAA-MonroeCoSite\OldNewsLtrs\1996\FRONT.BAK --> helloworldblue.net /MonroeCoOhPeopleandHistory/OldNewsLtrs/1996 FRONT.BAK
2004.09.15 14:49 B C:\AAAAA-MonroeCoSite\OldNewsLtrs\1996\FRONT.EVP --> helloworldblue.net /MonroeCoOhPeopleandHistory/OldNewsLtrs/1996 FRONT.EVP
2004.09.15 14:49 B C:\AAAAA-MonroeCoSite\OldNewsLtrs\1996\IDXNOTE.DOC --> helloworldblue.net /MonroeCoOhPeopleandHistory/OldNewsLtrs/1996 IDXNOTE.DOC
2004.09.15 14:49 B C:\AAAAA-MonroeCoSite\OldNewsLtrs\1996\INDXPUB --> helloworldblue.net /MonroeCoOhPeopleandHistory/OldNewsLtrs/1996 INDXPUB
2004.09.15 14:49 B C:\AAAAA-MonroeCoSite\OldNewsLtrs\1996\IOWA.DOC --> helloworldblue.net /MonroeCoOhPeopleandHistory/OldNewsLtrs/1996 IOWA.DOC
2004.09.15 14:49 B C:\AAAAA-MonroeCoSite\OldNewsLtrs\1996\JAN1833.DOC --> helloworldblue.net /MonroeCoOhPeopleandHistory/OldNewsLtrs/1996 JAN1833.DOC
2004.09.15 14:49 B C:\AAAAA-MonroeCoSite\OldNewsLtrs\1996\JANBIRTH.DOC --> helloworldblue.net /MonroeCoOhPeopleandHistory/OldNewsLtrs/1996 JANBIRTH.DOC
2004.09.15 14:49 B C:\AAAAA-MonroeCoSite\OldNewsLtrs\1996\JANDEATH.DOC --> helloworldblue.net /MonroeCoOhPeopleandHistory/OldNewsLtrs/1996 JANDEATH.DOC
2004.09.15 14:49 B C:\AAAAA-MonroeCoSite\OldNewsLtrs\1996\JANNEWS.DOC --> helloworldblue.net /MonroeCoOhPeopleandHistory/OldNewsLtrs/1996 JANNEWS.DOC
2004.09.15 14:49 B C:\AAAAA-MonroeCoSite\OldNewsLtrs\1996\JANQUER.DOC --> helloworldblue.net /MonroeCoOhPeopleandHistory/OldNewsLtrs/1996 JANQUER.DOC
2004.09.15 14:49 B C:\AAAAA-MonroeCoSite\OldNewsLtrs\1996\JANSUR.DOC --> helloworldblue.net /MonroeCoOhPeopleandHistory/OldNewsLtrs/1996 JANSUR.DOC
2004.09.15 14:49 B C:\AAAAA-MonroeCoSite\OldNewsLtrs\1996\JUL1833.DOC --> helloworldblue.net /MonroeCoOhPeopleandHistory/OldNewsLtrs/1996 JUL1833.DOC
2004.09.15 14:49 B C:\AAAAA-MonroeCoSite\OldNewsLtrs\1996\JULABST.DOC --> helloworldblue.net /MonroeCoOhPeopleandHistory/OldNewsLtrs/1996 JULABST.DOC
2004.09.15 14:49 B C:\AAAAA-MonroeCoSite\OldNewsLtrs\1996\JULBACK.DOC --> helloworldblue.net /MonroeCoOhPeopleandHistory/OldNewsLtrs/1996 JULBACK.DOC
2004.09.15 14:49 B C:\AAAAA-MonroeCoSite\OldNewsLtrs\1996\JULBIRTH.DOC --> helloworldblue.net /MonroeCoOhPeopleandHistory/OldNewsLtrs/1996 JULBIRTH.DOC
2004.09.15 14:49 B C:\AAAAA-MonroeCoSite\OldNewsLtrs\1996\JULCEM.DOC --> helloworldblue.net /MonroeCoOhPeopleandHistory/OldNewsLtrs/1996 JULCEM.DOC
2004.09.15 14:49 B C:\AAAAA-MonroeCoSite\OldNewsLtrs\1996\JULFED.DOC --> helloworldblue.net /MonroeCoOhPeopleandHistory/OldNewsLtrs/1996 JULFED.DOC
2004.09.15 14:49 B C:\AAAAA-MonroeCoSite\OldNewsLtrs\1996\JULFRONT.DOC --> helloworldblue.net /MonroeCoOhPeopleandHistory/OldNewsLtrs/1996 JULFRONT.DOC
2004.09.15 14:49 B C:\AAAAA-MonroeCoSite\OldNewsLtrs\1996\JULLIB.DOC --> helloworldblue.net /MonroeCoOhPeopleandHistory/OldNewsLtrs/1996 JULLIB.DOC
2004.09.15 14:49 B C:\AAAAA-MonroeCoSite\OldNewsLtrs\1996\JULNOTES.DOC --> helloworldblue.net /MonroeCoOhPeopleandHistory/OldNewsLtrs/1996 JULNOTES.DOC
2004.09.15 14:49 B C:\AAAAA-MonroeCoSite\OldNewsLtrs\1996\JULQUER.DOC --> helloworldblue.net /MonroeCoOhPeopleandHistory/OldNewsLtrs/1996 JULQUER.DOC
2004.09.15 14:49 B C:\AAAAA-MonroeCoSite\OldNewsLtrs\1996\JULSUR.DOC --> helloworldblue.net /MonroeCoOhPeopleandHistory/OldNewsLtrs/1996 JULSUR.DOC
2004.09.15 14:49 B C:\AAAAA-MonroeCoSite\OldNewsLtrs\1996\LABFFMC.DOC --> helloworldblue.net /MonroeCoOhPeopleandHistory/OldNewsLtrs/1996 LABFFMC.DOC
2004.09.15 14:49 B C:\AAAAA-MonroeCoSite\OldNewsLtrs\1996\MARFED.DOC --> helloworldblue.net /MonroeCoOhPeopleandHistory/OldNewsLtrs/1996 MARFED.DOC
2004.09.15 14:49 B C:\AAAAA-MonroeCoSite\OldNewsLtrs\1996\MARQUER.DOC --> helloworldblue.net /MonroeCoOhPeopleandHistory/OldNewsLtrs/1996 MARQUER.DOC
2004.09.15 14:49 B C:\AAAAA-MonroeCoSite\OldNewsLtrs\1996\MCMAHON.DOC --> helloworldblue.net /MonroeCoOhPeopleandHistory/OldNewsLtrs/1996 MCMAHON.DOC
2004.09.15 14:49 B C:\AAAAA-MonroeCoSite\OldNewsLtrs\1996\OCT1833.DOC --> helloworldblue.net /MonroeCoOhPeopleandHistory/OldNewsLtrs/1996 OCT1833.DOC
2004.09.15 14:49 B C:\AAAAA-MonroeCoSite\OldNewsLtrs\1996\OCTABSTR.DOC --> helloworldblue.net /MonroeCoOhPeopleandHistory/OldNewsLtrs/1996 OCTABSTR.DOC
2004.09.15 14:49 B C:\AAAAA-MonroeCoSite\OldNewsLtrs\1996\OCTFED.DOC --> helloworldblue.net /MonroeCoOhPeopleandHistory/OldNewsLtrs/1996 OCTFED.DOC
2004.09.15 14:49 B C:\AAAAA-MonroeCoSite\OldNewsLtrs\1996\OCTFRONT.DOC --> helloworldblue.net /MonroeCoOhPeopleandHistory/OldNewsLtrs/1996 OCTFRONT.DOC
2004.09.15 14:49 B C:\AAAAA-MonroeCoSite\OldNewsLtrs\1996\OCTMCELF.DOC --> helloworldblue.net /MonroeCoOhPeopleandHistory/OldNewsLtrs/1996 OCTMCELF.DOC
2004.09.15 14:49 B C:\AAAAA-MonroeCoSite\OldNewsLtrs\1996\OCTNOTES.DOC --> helloworldblue.net /MonroeCoOhPeopleandHistory/OldNewsLtrs/1996 OCTNOTES.DOC
2004.09.15 14:49 B C:\AAAAA-MonroeCoSite\OldNewsLtrs\1996\OCTPARK.DOC --> helloworldblue.net /MonroeCoOhPeopleandHistory/OldNewsLtrs/1996 OCTPARK.DOC
2004.09.15 14:49 B C:\AAAAA-MonroeCoSite\OldNewsLtrs\1996\OCTQUER.DOC --> helloworldblue.net /MonroeCoOhPeopleandHistory/OldNewsLtrs/1996 OCTQUER.DOC
2004.09.15 14:49 B C:\AAAAA-MonroeCoSite\OldNewsLtrs\1996\OCTSUPRM.DOC --> helloworldblue.net /MonroeCoOhPeopleandHistory/OldNewsLtrs/1996 OCTSUPRM.DOC
2004.09.15 14:49 B C:\AAAAA-MonroeCoSite\OldNewsLtrs\1996\OCTTERMS.DOC --> helloworldblue.net /MonroeCoOhPeopleandHistory/OldNewsLtrs/1996 OCTTERMS.DOC
2004.09.15 14:49 B C:\AAAAA-MonroeCoSite\OldNewsLtrs\1996\OCTUSR.DOC --> helloworldblue.net /MonroeCoOhPeopleandHistory/OldNewsLtrs/1996 OCTUSR.DOC
2004.09.15 14:49 B C:\AAAAA-MonroeCoSite\OldNewsLtrs\1996\RIVER.DOC --> helloworldblue.net /MonroeCoOhPeopleandHistory/OldNewsLtrs/1996 RIVER.DOC
2004.09.15 14:49 B C:\AAAAA-MonroeCoSite\OldNewsLtrs\1996\SCHOOL.DOC --> helloworldblue.net /MonroeCoOhPeopleandHistory/OldNewsLtrs/1996 SCHOOL.DOC
2004.09.15 14:49 B C:\AAAAA-MonroeCoSite\OldNewsLtrs\1996\USUAL.DOC --> helloworldblue.net /MonroeCoOhPeopleandHistory/OldNewsLtrs/1996 USUAL.DOC
2004.09.15 14:49 B C:\AAAAA-MonroeCoSite\OldNewsLtrs\1996\WS_FTP.LOG --> helloworldblue.net /MonroeCoOhPeopleandHistory/OldNewsLtrs/1996 WS_FTP.LOG
2004.09.15 14:49 B C:\AAAAA-MonroeCoSite\OldNewsLtrs\1996\WVMAR.DOC --> helloworldblue.net /MonroeCoOhPeopleandHistory/OldNewsLtrs/1996 WVMAR.DOC
2004.10.10 00:53 B C:\AAAAA-MonCoHist_Gen\OldNewsLtrs\1996\FFMC.FOL --> users.freepages.rootsweb.com /history_html/OldNewsLtrs/1996 FFMC.FOL
2004.10.10 00:53 B C:\AAAAA-MonCoHist_Gen\OldNewsLtrs\1996\FIRSTFAM.DOC --> users.freepages.rootsweb.com /history_html/OldNewsLtrs/1996 FIRSTFAM.DOC
2004.10.10 00:53 B C:\AAAAA-MonCoHist_Gen\OldNewsLtrs\1996\FRONT.BAK --> users.freepages.rootsweb.com /history_html/OldNewsLtrs/1996 FRONT.BAK
2004.10.10 00:53 B C:\AAAAA-MonCoHist_Gen\OldNewsLtrs\1996\FRONT.EVP --> users.freepages.rootsweb.com /history_html/OldNewsLtrs/1996 FRONT.EVP
2004.10.10 00:53 B C:\AAAAA-MonCoHist_Gen\OldNewsLtrs\1996\IDXNOTE.DOC --> users.freepages.rootsweb.com /history_html/OldNewsLtrs/1996 IDXNOTE.DOC
2004.10.10 00:53 B C:\AAAAA-MonCoHist_Gen\OldNewsLtrs\1996\INDXPUB --> users.freepages.rootsweb.com /history_html/OldNewsLtrs/1996 INDXPUB
2004.10.10 00:53 B C:\AAAAA-MonCoHist_Gen\OldNewsLtrs\1996\IOWA.DOC --> users.freepages.rootsweb.com /history_html/OldNewsLtrs/1996 IOWA.DOC
2004.10.10 00:53 B C:\AAAAA-MonCoHist_Gen\OldNewsLtrs\1996\JAN1833.DOC --> users.freepages.rootsweb.com /history_html/OldNewsLtrs/1996 JAN1833.DOC
2004.10.10 00:53 B C:\AAAAA-MonCoHist_Gen\OldNewsLtrs\1996\JANBIRTH.DOC --> users.freepages.rootsweb.com /history_html/OldNewsLtrs/1996 JANBIRTH.DOC
2004.10.10 00:53 B C:\AAAAA-MonCoHist_Gen\OldNewsLtrs\1996\JANDEATH.DOC --> users.freepages.rootsweb.com /history_html/OldNewsLtrs/1996 JANDEATH.DOC
2004.10.10 00:53 B C:\AAAAA-MonCoHist_Gen\OldNewsLtrs\1996\JANNEWS.DOC --> users.freepages.rootsweb.com /history_html/OldNewsLtrs/1996 JANNEWS.DOC
2004.10.10 00:53 B C:\AAAAA-MonCoHist_Gen\OldNewsLtrs\1996\JANQUER.DOC --> users.freepages.rootsweb.com /history_html/OldNewsLtrs/1996 JANQUER.DOC
2004.10.10 00:53 B C:\AAAAA-MonCoHist_Gen\OldNewsLtrs\1996\JANSUR.DOC --> users.freepages.rootsweb.com /history_html/OldNewsLtrs/1996 JANSUR.DOC
2004.10.10 00:53 B C:\AAAAA-MonCoHist_Gen\OldNewsLtrs\1996\JUL1833.DOC --> users.freepages.rootsweb.com /history_html/OldNewsLtrs/1996 JUL1833.DOC
2004.10.10 00:53 B C:\AAAAA-MonCoHist_Gen\OldNewsLtrs\1996\JULABST.DOC --> users.freepages.rootsweb.com /history_html/OldNewsLtrs/1996 JULABST.DOC
2004.10.10 00:53 B C:\AAAAA-MonCoHist_Gen\OldNewsLtrs\1996\JULBACK.DOC --> users.freepages.rootsweb.com /history_html/OldNewsLtrs/1996 JULBACK.DOC
2004.10.10 00:53 B C:\AAAAA-MonCoHist_Gen\OldNewsLtrs\1996\JULBIRTH.DOC --> users.freepages.rootsweb.com /history_html/OldNewsLtrs/1996 JULBIRTH.DOC
2004.10.10 00:53 B C:\AAAAA-MonCoHist_Gen\OldNewsLtrs\1996\JULCEM.DOC --> users.freepages.rootsweb.com /history_html/OldNewsLtrs/1996 JULCEM.DOC
2004.10.10 00:53 B C:\AAAAA-MonCoHist_Gen\OldNewsLtrs\1996\JULFED.DOC --> users.freepages.rootsweb.com /history_html/OldNewsLtrs/1996 JULFED.DOC
2004.10.10 00:53 B C:\AAAAA-MonCoHist_Gen\OldNewsLtrs\1996\JULFRONT.DOC --> users.freepages.rootsweb.com /history_html/OldNewsLtrs/1996 JULFRONT.DOC
2004.10.10 00:53 B C:\AAAAA-MonCoHist_Gen\OldNewsLtrs\1996\JULLIB.DOC --> users.freepages.rootsweb.com /history_html/OldNewsLtrs/1996 JULLIB.DOC
2004.10.10 00:53 B C:\AAAAA-MonCoHist_Gen\OldNewsLtrs\1996\JULNOTES.DOC --> users.freepages.rootsweb.com /history_html/OldNewsLtrs/1996 JULNOTES.DOC
2004.10.10 00:53 B C:\AAAAA-MonCoHist_Gen\OldNewsLtrs\1996\JULQUER.DOC --> users.freepages.rootsweb.com /history_html/OldNewsLtrs/1996 JULQUER.DOC
2004.10.10 00:53 B C:\AAAAA-MonCoHist_Gen\OldNewsLtrs\1996\JULSUR.DOC --> users.freepages.rootsweb.com /history_html/OldNewsLtrs/1996 JULSUR.DOC
2004.10.10 00:53 B C:\AAAAA-MonCoHist_Gen\OldNewsLtrs\1996\LABFFMC.DOC --> users.freepages.rootsweb.com /history_html/OldNewsLtrs/1996 LABFFMC.DOC
2004.10.10 00:53 B C:\AAAAA-MonCoHist_Gen\OldNewsLtrs\1996\MARFED.DOC --> users.freepages.rootsweb.com /history_html/OldNewsLtrs/1996 MARFED.DOC
2004.10.10 00:53 B C:\AAAAA-MonCoHist_Gen\OldNewsLtrs\1996\MARQUER.DOC --> users.freepages.rootsweb.com /history_html/OldNewsLtrs/1996 MARQUER.DOC
2004.10.10 00:53 B C:\AAAAA-MonCoHist_Gen\OldNewsLtrs\1996\MCMAHON.DOC --> users.freepages.rootsweb.com /history_html/OldNewsLtrs/1996 MCMAHON.DOC
2004.10.10 00:53 B C:\AAAAA-MonCoHist_Gen\OldNewsLtrs\1996\OCT1833.DOC --> users.freepages.rootsweb.com /history_html/OldNewsLtrs/1996 OCT1833.DOC
2004.10.10 00:53 B C:\AAAAA-MonCoHist_Gen\OldNewsLtrs\1996\OCTABSTR.DOC --> users.freepages.rootsweb.com /history_html/OldNewsLtrs/1996 OCTABSTR.DOC
2004.10.10 00:53 B C:\AAAAA-MonCoHist_Gen\OldNewsLtrs\1996\OCTFED.DOC --> users.freepages.rootsweb.com /history_html/OldNewsLtrs/1996 OCTFED.DOC
2004.10.10 00:53 B C:\AAAAA-MonCoHist_Gen\OldNewsLtrs\1996\OCTFRONT.DOC --> users.freepages.rootsweb.com /history_html/OldNewsLtrs/1996 OCTFRONT.DOC
2004.10.10 00:53 B C:\AAAAA-MonCoHist_Gen\OldNewsLtrs\1996\OCTMCELF.DOC --> users.freepages.rootsweb.com /history_html/OldNewsLtrs/1996 OCTMCELF.DOC
2004.10.10 00:53 B C:\AAAAA-MonCoHist_Gen\OldNewsLtrs\1996\OCTNOTES.DOC --> users.freepages.rootsweb.com /history_html/OldNewsLtrs/1996 OCTNOTES.DOC
2004.10.10 00:53 B C:\AAAAA-MonCoHist_Gen\OldNewsLtrs\1996\OCTPARK.DOC --> users.freepages.rootsweb.com /history_html/OldNewsLtrs/1996 OCTPARK.DOC
2004.10.10 00:53 B C:\AAAAA-MonCoHist_Gen\OldNewsLtrs\1996\OCTQUER.DOC --> users.freepages.rootsweb.com /history_html/OldNewsLtrs/1996 OCTQUER.DOC
2004.10.10 00:53 B C:\AAAAA-MonCoHist_Gen\OldNewsLtrs\1996\OCTSUPRM.DOC --> users.freepages.rootsweb.com /history_html/OldNewsLtrs/1996 OCTSUPRM.DOC
2004.10.10 00:53 B C:\AAAAA-MonCoHist_Gen\OldNewsLtrs\1996\OCTTERMS.DOC --> users.freepages.rootsweb.com /history_html/OldNewsLtrs/1996 OCTTERMS.DOC
2004.10.10 00:53 B C:\AAAAA-MonCoHist_Gen\OldNewsLtrs\1996\OCTUSR.DOC --> users.freepages.rootsweb.com /history_html/OldNewsLtrs/1996 OCTUSR.DOC
2004.10.10 00:53 B C:\AAAAA-MonCoHist_Gen\OldNewsLtrs\1996\RIVER.DOC --> users.freepages.rootsweb.com /history_html/OldNewsLtrs/1996 RIVER.DOC
2004.10.10 00:53 B C:\AAAAA-MonCoHist_Gen\OldNewsLtrs\1996\SCHOOL.DOC --> users.freepages.rootsweb.com /history_html/OldNewsLtrs/1996 SCHOOL.DOC
2004.10.10 00:53 B C:\AAAAA-MonCoHist_Gen\OldNewsLtrs\1996\USUAL.DOC --> users.freepages.rootsweb.com /history_html/OldNewsLtrs/1996 USUAL.DOC
