2003.03.09 23:06 B C:\AAAAA-MonroeCoSite\WmGertWeber1904_files\filelist.xml --> users.rootsweb.com /home0023/ohmccogs/public_html/WmGertWeber1904_files filelist.xml
2003.03.09 23:06 B C:\AAAAA-MonroeCoSite\WmGertWeber1904_files\image001.jpg --> users.rootsweb.com /home0023/ohmccogs/public_html/WmGertWeber1904_files image001.jpg
2003.03.09 23:06 B C:\AAAAA-MonroeCoSite\WmGertWeber1904_files\image002.jpg --> users.rootsweb.com /home0023/ohmccogs/public_html/WmGertWeber1904_files image002.jpg
2003.03.11 08:51 B C:\AAAAA-MonroeCoSite\WmGertWeber1904_files\filelist.xml --> users.rootsweb.com /home0023/ohmccogs/public_html/WmGertWeber1904_files filelist.xml
2003.03.11 08:51 B C:\AAAAA-MonroeCoSite\WmGertWeber1904_files\image001.jpg --> users.rootsweb.com /home0023/ohmccogs/public_html/WmGertWeber1904_files image001.jpg
2003.03.11 08:51 B C:\AAAAA-MonroeCoSite\WmGertWeber1904_files\image002.jpg --> users.rootsweb.com /home0023/ohmccogs/public_html/WmGertWeber1904_files image002.jpg
2003.03.11 08:51 B C:\AAAAA-MonroeCoSite\WmGertWeber1904_files\WS_FTP.LOG --> users.rootsweb.com /home0023/ohmccogs/public_html/WmGertWeber1904_files WS_FTP.LOG
2003.03.19 22:40 B C:\AAAAA-MonroeCoSite\WmGertWeber1904_files\filelist.xml --> helloworldblue.net /web/MCCofOGS/WmGertWeber1904_files filelist.xml
2003.03.19 22:40 B C:\AAAAA-MonroeCoSite\WmGertWeber1904_files\image001.jpg --> helloworldblue.net /web/MCCofOGS/WmGertWeber1904_files image001.jpg
2003.03.19 22:40 B C:\AAAAA-MonroeCoSite\WmGertWeber1904_files\image002.jpg --> helloworldblue.net /web/MCCofOGS/WmGertWeber1904_files image002.jpg
2003.03.19 22:40 B C:\AAAAA-MonroeCoSite\WmGertWeber1904_files\WS_FTP.LOG --> helloworldblue.net /web/MCCofOGS/WmGertWeber1904_files WS_FTP.LOG
2004.09.15 18:02 B C:\AAAAA-MonroeCoSite\WmGertWeber1904_files\filelist.xml --> helloworldblue.net /WmGertWeber1904_files filelist.xml
2004.09.15 18:02 B C:\AAAAA-MonroeCoSite\WmGertWeber1904_files\image001.jpg --> helloworldblue.net /WmGertWeber1904_files image001.jpg
2004.09.15 18:02 B C:\AAAAA-MonroeCoSite\WmGertWeber1904_files\image002.jpg --> helloworldblue.net /WmGertWeber1904_files image002.jpg
2004.09.15 18:02 B C:\AAAAA-MonroeCoSite\WmGertWeber1904_files\WS_FTP.LOG --> helloworldblue.net /WmGertWeber1904_files WS_FTP.LOG
2004.09.16 02:14 A C:\AAAAA-MonroeCoSite\WmGertWeber1904_files\filelist.xml --> helloworldblue.net /MonroeCoOhPeopleandHistory/WmGertWeber1904_files filelist.xml
2004.09.16 02:14 A C:\AAAAA-MonroeCoSite\WmGertWeber1904_files\image001.jpg --> helloworldblue.net /MonroeCoOhPeopleandHistory/WmGertWeber1904_files image001.jpg
2004.09.16 02:14 A C:\AAAAA-MonroeCoSite\WmGertWeber1904_files\image002.jpg --> helloworldblue.net /MonroeCoOhPeopleandHistory/WmGertWeber1904_files image002.jpg
2004.09.16 02:14 A C:\AAAAA-MonroeCoSite\WmGertWeber1904_files\WS_FTP.LOG --> helloworldblue.net /MonroeCoOhPeopleandHistory/WmGertWeber1904_files WS_FTP.LOG
2004.10.10 01:31 B C:\AAAAA-MonCoHist_Gen\WmGertWeber1904_files\filelist.xml --> users.freepages.rootsweb.com /history_html/WmGertWeber1904_files filelist.xml
2004.10.10 01:31 B C:\AAAAA-MonCoHist_Gen\WmGertWeber1904_files\image001.jpg --> users.freepages.rootsweb.com /history_html/WmGertWeber1904_files image001.jpg
2004.10.10 01:31 B C:\AAAAA-MonCoHist_Gen\WmGertWeber1904_files\image002.jpg --> users.freepages.rootsweb.com /history_html/WmGertWeber1904_files image002.jpg
