2003.03.19 22:43 B C:\AAAAA-MonroeCoSite\WorkSpace\cemetery.wpd --> helloworldblue.net /web/MCCofOGS/WorkSpace cemetery.wpd
2003.03.19 22:43 B C:\AAAAA-MonroeCoSite\WorkSpace\Cemetery1.doc --> helloworldblue.net /web/MCCofOGS/WorkSpace Cemetery1.doc
2003.03.19 22:43 B C:\AAAAA-MonroeCoSite\WorkSpace\cemetery2.wpd --> helloworldblue.net /web/MCCofOGS/WorkSpace cemetery2.wpd
2003.03.19 22:43 B C:\AAAAA-MonroeCoSite\WorkSpace\cemetery3.wpd --> helloworldblue.net /web/MCCofOGS/WorkSpace cemetery3.wpd
2003.03.19 22:43 B C:\AAAAA-MonroeCoSite\WorkSpace\cemetery4.wpd --> helloworldblue.net /web/MCCofOGS/WorkSpace cemetery4.wpd
2003.03.19 22:43 B C:\AAAAA-MonroeCoSite\WorkSpace\db1.mdb --> helloworldblue.net /web/MCCofOGS/WorkSpace db1.mdb
2003.03.19 22:44 B C:\AAAAA-MonroeCoSite\WorkSpace\Fox Hollow, 1894.jpg --> helloworldblue.net /web/MCCofOGS/WorkSpace Fox Hollow, 1894.jpg
2003.03.19 22:44 B C:\AAAAA-MonroeCoSite\WorkSpace\FOXHOL~2.JPG --> helloworldblue.net /web/MCCofOGS/WorkSpace FOXHOL~2.JPG
2003.03.19 22:44 B C:\AAAAA-MonroeCoSite\WorkSpace\FOXHOL~3.JPG --> helloworldblue.net /web/MCCofOGS/WorkSpace FOXHOL~3.JPG
2003.03.19 22:44 B C:\AAAAA-MonroeCoSite\WorkSpace\index2000.wpd --> helloworldblue.net /web/MCCofOGS/WorkSpace index2000.wpd
2003.03.19 22:44 B C:\AAAAA-MonroeCoSite\WorkSpace\NewsLtr1.wpd --> helloworldblue.net /web/MCCofOGS/WorkSpace NewsLtr1.wpd
2003.03.19 22:44 B C:\AAAAA-MonroeCoSite\WorkSpace\PFTD1E4.TMP --> helloworldblue.net /web/MCCofOGS/WorkSpace PFTD1E4.TMP
2003.03.19 22:44 B C:\AAAAA-MonroeCoSite\WorkSpace\Pub (1).doc --> helloworldblue.net /web/MCCofOGS/WorkSpace Pub (1).doc
2003.03.19 22:44 B C:\AAAAA-MonroeCoSite\WorkSpace\query.doc --> helloworldblue.net /web/MCCofOGS/WorkSpace query.doc
2003.03.19 22:44 B C:\AAAAA-MonroeCoSite\WorkSpace\querybackup.txt --> helloworldblue.net /web/MCCofOGS/WorkSpace querybackup.txt
2003.03.19 22:44 B C:\AAAAA-MonroeCoSite\WorkSpace\Surname File A-K_1.html --> helloworldblue.net /web/MCCofOGS/WorkSpace Surname File A-K_1.html
2003.03.19 22:44 B C:\AAAAA-MonroeCoSite\WorkSpace\templateEmail.txt --> helloworldblue.net /web/MCCofOGS/WorkSpace templateEmail.txt
2003.03.19 22:44 B C:\AAAAA-MonroeCoSite\WorkSpace\TimeLine.wpd --> helloworldblue.net /web/MCCofOGS/WorkSpace TimeLine.wpd
2003.03.19 22:44 B C:\AAAAA-MonroeCoSite\WorkSpace\web_page.doc --> helloworldblue.net /web/MCCofOGS/WorkSpace web_page.doc
2003.03.19 22:44 B C:\AAAAA-MonroeCoSite\WorkSpace\web_page2.doc --> helloworldblue.net /web/MCCofOGS/WorkSpace web_page2.doc
2003.03.19 22:44 B C:\AAAAA-MonroeCoSite\WorkSpace\ZaneTrc.wpd --> helloworldblue.net /web/MCCofOGS/WorkSpace ZaneTrc.wpd
2004.09.15 15:05 B C:\AAAAA-MonroeCoSite\WorkSpace\a_blank.htm --> helloworldblue.net /MonroeCoOhPeopleandHistory/WorkSpace a_blank.htm
2004.09.15 15:05 B C:\AAAAA-MonroeCoSite\WorkSpace\a_blank_reh.htm --> helloworldblue.net /MonroeCoOhPeopleandHistory/WorkSpace a_blank_reh.htm
2004.09.15 15:05 B C:\AAAAA-MonroeCoSite\WorkSpace\a_blank_YWR.htm --> helloworldblue.net /MonroeCoOhPeopleandHistory/WorkSpace a_blank_YWR.htm
2004.09.15 15:05 B C:\AAAAA-MonroeCoSite\WorkSpace\cemetery.wpd --> helloworldblue.net /MonroeCoOhPeopleandHistory/WorkSpace cemetery.wpd
2004.09.15 15:05 B C:\AAAAA-MonroeCoSite\WorkSpace\Cemetery1.doc --> helloworldblue.net /MonroeCoOhPeopleandHistory/WorkSpace Cemetery1.doc
2004.09.15 15:05 B C:\AAAAA-MonroeCoSite\WorkSpace\cemetery2.wpd --> helloworldblue.net /MonroeCoOhPeopleandHistory/WorkSpace cemetery2.wpd
2004.09.15 15:05 B C:\AAAAA-MonroeCoSite\WorkSpace\cemetery3.wpd --> helloworldblue.net /MonroeCoOhPeopleandHistory/WorkSpace cemetery3.wpd
2004.09.15 15:05 B C:\AAAAA-MonroeCoSite\WorkSpace\cemetery4.wpd --> helloworldblue.net /MonroeCoOhPeopleandHistory/WorkSpace cemetery4.wpd
2004.09.15 15:05 B C:\AAAAA-MonroeCoSite\WorkSpace\ChasChristWeber.htm --> helloworldblue.net /MonroeCoOhPeopleandHistory/WorkSpace ChasChristWeber.htm
2004.09.15 15:05 B C:\AAAAA-MonroeCoSite\WorkSpace\ColorCode.doc --> helloworldblue.net /MonroeCoOhPeopleandHistory/WorkSpace ColorCode.doc
2004.09.15 15:05 B C:\AAAAA-MonroeCoSite\WorkSpace\db1.mdb --> helloworldblue.net /MonroeCoOhPeopleandHistory/WorkSpace db1.mdb
2004.09.15 15:05 B C:\AAAAA-MonroeCoSite\WorkSpace\EdselCar.htm --> helloworldblue.net /MonroeCoOhPeopleandHistory/WorkSpace EdselCar.htm
2004.09.15 15:05 B C:\AAAAA-MonroeCoSite\WorkSpace\EdselNavy.htm --> helloworldblue.net /MonroeCoOhPeopleandHistory/WorkSpace EdselNavy.htm
2004.09.15 15:05 B C:\AAAAA-MonroeCoSite\WorkSpace\EdselSiblings.htm --> helloworldblue.net /MonroeCoOhPeopleandHistory/WorkSpace EdselSiblings.htm
2004.09.15 15:05 B C:\AAAAA-MonroeCoSite\WorkSpace\Fox Hollow, 1894.jpg --> helloworldblue.net /MonroeCoOhPeopleandHistory/WorkSpace Fox Hollow, 1894.jpg
2004.09.15 15:05 B C:\AAAAA-MonroeCoSite\WorkSpace\FOXHOL~2.JPG --> helloworldblue.net /MonroeCoOhPeopleandHistory/WorkSpace FOXHOL~2.JPG
2004.09.15 15:05 B C:\AAAAA-MonroeCoSite\WorkSpace\FOXHOL~3.JPG --> helloworldblue.net /MonroeCoOhPeopleandHistory/WorkSpace FOXHOL~3.JPG
2004.09.15 15:05 B C:\AAAAA-MonroeCoSite\WorkSpace\FrankSiblings.htm --> helloworldblue.net /MonroeCoOhPeopleandHistory/WorkSpace FrankSiblings.htm
2004.09.15 15:05 B C:\AAAAA-MonroeCoSite\WorkSpace\FrankSiblings2.htm --> helloworldblue.net /MonroeCoOhPeopleandHistory/WorkSpace FrankSiblings2.htm
2004.09.15 15:05 B C:\AAAAA-MonroeCoSite\WorkSpace\GeoLRoseA.htm --> helloworldblue.net /MonroeCoOhPeopleandHistory/WorkSpace GeoLRoseA.htm
2004.09.15 15:05 B C:\AAAAA-MonroeCoSite\WorkSpace\HomerFam.htm --> helloworldblue.net /MonroeCoOhPeopleandHistory/WorkSpace HomerFam.htm
2004.09.15 15:05 B C:\AAAAA-MonroeCoSite\WorkSpace\index2000.wpd --> helloworldblue.net /MonroeCoOhPeopleandHistory/WorkSpace index2000.wpd
2004.09.15 15:05 B C:\AAAAA-MonroeCoSite\WorkSpace\Jose.htm --> helloworldblue.net /MonroeCoOhPeopleandHistory/WorkSpace Jose.htm
2004.09.15 15:05 B C:\AAAAA-MonroeCoSite\WorkSpace\Minnie.htm --> helloworldblue.net /MonroeCoOhPeopleandHistory/WorkSpace Minnie.htm
2004.09.15 15:05 B C:\AAAAA-MonroeCoSite\WorkSpace\NewsLtr1.wpd --> helloworldblue.net /MonroeCoOhPeopleandHistory/WorkSpace NewsLtr1.wpd
2004.09.15 15:05 B C:\AAAAA-MonroeCoSite\WorkSpace\OttoSiblings.htm --> helloworldblue.net /MonroeCoOhPeopleandHistory/WorkSpace OttoSiblings.htm
2004.09.15 15:05 B C:\AAAAA-MonroeCoSite\WorkSpace\OttoSiblings2.htm --> helloworldblue.net /MonroeCoOhPeopleandHistory/WorkSpace OttoSiblings2.htm
2004.09.15 15:05 B C:\AAAAA-MonroeCoSite\WorkSpace\PFTD1E4.TMP --> helloworldblue.net /MonroeCoOhPeopleandHistory/WorkSpace PFTD1E4.TMP
2004.09.15 15:06 B C:\AAAAA-MonroeCoSite\WorkSpace\Presby1.htm --> helloworldblue.net /MonroeCoOhPeopleandHistory/WorkSpace Presby1.htm
2004.09.15 15:06 B C:\AAAAA-MonroeCoSite\WorkSpace\Presby2.htm --> helloworldblue.net /MonroeCoOhPeopleandHistory/WorkSpace Presby2.htm
2004.09.15 15:06 B C:\AAAAA-MonroeCoSite\WorkSpace\Presby3.htm --> helloworldblue.net /MonroeCoOhPeopleandHistory/WorkSpace Presby3.htm
2004.09.15 15:06 B C:\AAAAA-MonroeCoSite\WorkSpace\Pub (1).doc --> helloworldblue.net /MonroeCoOhPeopleandHistory/WorkSpace Pub (1).doc
2004.09.15 15:06 B C:\AAAAA-MonroeCoSite\WorkSpace\query.doc --> helloworldblue.net /MonroeCoOhPeopleandHistory/WorkSpace query.doc
2004.09.15 15:06 B C:\AAAAA-MonroeCoSite\WorkSpace\querybackup.txt --> helloworldblue.net /MonroeCoOhPeopleandHistory/WorkSpace querybackup.txt
2004.09.15 15:06 B C:\AAAAA-MonroeCoSite\WorkSpace\SalomeMeck.htm --> helloworldblue.net /MonroeCoOhPeopleandHistory/WorkSpace SalomeMeck.htm
2004.09.15 15:06 B C:\AAAAA-MonroeCoSite\WorkSpace\SolFam.htm --> helloworldblue.net /MonroeCoOhPeopleandHistory/WorkSpace SolFam.htm
2004.09.15 15:06 B C:\AAAAA-MonroeCoSite\WorkSpace\SolFam2.htm --> helloworldblue.net /MonroeCoOhPeopleandHistory/WorkSpace SolFam2.htm
2004.09.15 15:06 B C:\AAAAA-MonroeCoSite\WorkSpace\Solomon.htm --> helloworldblue.net /MonroeCoOhPeopleandHistory/WorkSpace Solomon.htm
2004.09.15 15:06 B C:\AAAAA-MonroeCoSite\WorkSpace\SolRoseAnn.htm --> helloworldblue.net /MonroeCoOhPeopleandHistory/WorkSpace SolRoseAnn.htm
2004.09.15 15:06 B C:\AAAAA-MonroeCoSite\WorkSpace\Surname File A-K_1.html --> helloworldblue.net /MonroeCoOhPeopleandHistory/WorkSpace Surname File A-K_1.html
2004.09.15 15:06 B C:\AAAAA-MonroeCoSite\WorkSpace\templateEmail.txt --> helloworldblue.net /MonroeCoOhPeopleandHistory/WorkSpace templateEmail.txt
2004.09.15 15:06 B C:\AAAAA-MonroeCoSite\WorkSpace\TimeLine.wpd --> helloworldblue.net /MonroeCoOhPeopleandHistory/WorkSpace TimeLine.wpd
2004.09.15 15:06 B C:\AAAAA-MonroeCoSite\WorkSpace\Walter.htm --> helloworldblue.net /MonroeCoOhPeopleandHistory/WorkSpace Walter.htm
2004.09.15 15:06 B C:\AAAAA-MonroeCoSite\WorkSpace\web_page.doc --> helloworldblue.net /MonroeCoOhPeopleandHistory/WorkSpace web_page.doc
2004.09.15 15:06 B C:\AAAAA-MonroeCoSite\WorkSpace\web_page2.doc --> helloworldblue.net /MonroeCoOhPeopleandHistory/WorkSpace web_page2.doc
2004.09.15 15:06 B C:\AAAAA-MonroeCoSite\WorkSpace\weber.htm --> helloworldblue.net /MonroeCoOhPeopleandHistory/WorkSpace weber.htm
2004.09.15 15:06 B C:\AAAAA-MonroeCoSite\WorkSpace\Weber13.htm --> helloworldblue.net /MonroeCoOhPeopleandHistory/WorkSpace Weber13.htm
2004.09.15 15:06 B C:\AAAAA-MonroeCoSite\WorkSpace\WeberReunionChild.htm --> helloworldblue.net /MonroeCoOhPeopleandHistory/WorkSpace WeberReunionChild.htm
2004.09.15 15:06 B C:\AAAAA-MonroeCoSite\WorkSpace\WeberReunionWom.htm --> helloworldblue.net /MonroeCoOhPeopleandHistory/WorkSpace WeberReunionWom.htm
2004.09.15 15:06 B C:\AAAAA-MonroeCoSite\WorkSpace\WS_FTP.LOG --> helloworldblue.net /MonroeCoOhPeopleandHistory/WorkSpace WS_FTP.LOG
2004.09.15 15:06 B C:\AAAAA-MonroeCoSite\WorkSpace\YvonneFam.htm --> helloworldblue.net /MonroeCoOhPeopleandHistory/WorkSpace YvonneFam.htm
2004.09.15 15:06 B C:\AAAAA-MonroeCoSite\WorkSpace\ZaneTrc.wpd --> helloworldblue.net /MonroeCoOhPeopleandHistory/WorkSpace ZaneTrc.wpd
2004.10.10 01:36 B C:\AAAAA-MonCoHist_Gen\WorkSpace\a_blank.htm --> users.freepages.rootsweb.com /history_html/WorkSpace a_blank.htm
2004.10.10 01:36 B C:\AAAAA-MonCoHist_Gen\WorkSpace\a_blank_reh.htm --> users.freepages.rootsweb.com /history_html/WorkSpace a_blank_reh.htm
2004.10.10 01:36 B C:\AAAAA-MonCoHist_Gen\WorkSpace\a_blank_YWR.htm --> users.freepages.rootsweb.com /history_html/WorkSpace a_blank_YWR.htm
2004.10.10 01:36 B C:\AAAAA-MonCoHist_Gen\WorkSpace\cemetery.wpd --> users.freepages.rootsweb.com /history_html/WorkSpace cemetery.wpd
2004.10.10 01:36 B C:\AAAAA-MonCoHist_Gen\WorkSpace\Cemetery1.doc --> users.freepages.rootsweb.com /history_html/WorkSpace Cemetery1.doc
2004.10.10 01:36 B C:\AAAAA-MonCoHist_Gen\WorkSpace\cemetery2.wpd --> users.freepages.rootsweb.com /history_html/WorkSpace cemetery2.wpd
2004.10.10 01:36 B C:\AAAAA-MonCoHist_Gen\WorkSpace\cemetery3.wpd --> users.freepages.rootsweb.com /history_html/WorkSpace cemetery3.wpd
2004.10.10 01:36 B C:\AAAAA-MonCoHist_Gen\WorkSpace\cemetery4.wpd --> users.freepages.rootsweb.com /history_html/WorkSpace cemetery4.wpd
2004.10.10 01:36 B C:\AAAAA-MonCoHist_Gen\WorkSpace\ChasChristWeber.htm --> users.freepages.rootsweb.com /history_html/WorkSpace ChasChristWeber.htm
2004.10.10 01:36 B C:\AAAAA-MonCoHist_Gen\WorkSpace\ColorCode.doc --> users.freepages.rootsweb.com /history_html/WorkSpace ColorCode.doc
2004.10.10 01:36 B C:\AAAAA-MonCoHist_Gen\WorkSpace\db1.mdb --> users.freepages.rootsweb.com /history_html/WorkSpace db1.mdb
2004.10.10 01:36 B C:\AAAAA-MonCoHist_Gen\WorkSpace\EdselCar.htm --> users.freepages.rootsweb.com /history_html/WorkSpace EdselCar.htm
2004.10.10 01:36 B C:\AAAAA-MonCoHist_Gen\WorkSpace\EdselNavy.htm --> users.freepages.rootsweb.com /history_html/WorkSpace EdselNavy.htm
2004.10.10 01:36 B C:\AAAAA-MonCoHist_Gen\WorkSpace\EdselSiblings.htm --> users.freepages.rootsweb.com /history_html/WorkSpace EdselSiblings.htm
2004.10.10 01:37 B C:\AAAAA-MonCoHist_Gen\WorkSpace\Fox Hollow, 1894.jpg --> users.freepages.rootsweb.com /history_html/WorkSpace Fox Hollow, 1894.jpg
2004.10.10 01:37 B C:\AAAAA-MonCoHist_Gen\WorkSpace\FOXHOL~2.JPG --> users.freepages.rootsweb.com /history_html/WorkSpace FOXHOL~2.JPG
2004.10.10 01:37 B C:\AAAAA-MonCoHist_Gen\WorkSpace\FOXHOL~3.JPG --> users.freepages.rootsweb.com /history_html/WorkSpace FOXHOL~3.JPG
2004.10.10 01:37 B C:\AAAAA-MonCoHist_Gen\WorkSpace\FrankSiblings.htm --> users.freepages.rootsweb.com /history_html/WorkSpace FrankSiblings.htm
2004.10.10 01:37 B C:\AAAAA-MonCoHist_Gen\WorkSpace\FrankSiblings2.htm --> users.freepages.rootsweb.com /history_html/WorkSpace FrankSiblings2.htm
2004.10.10 01:37 B C:\AAAAA-MonCoHist_Gen\WorkSpace\GeoLRoseA.htm --> users.freepages.rootsweb.com /history_html/WorkSpace GeoLRoseA.htm
2004.10.10 01:37 B C:\AAAAA-MonCoHist_Gen\WorkSpace\HomerFam.htm --> users.freepages.rootsweb.com /history_html/WorkSpace HomerFam.htm
2004.10.10 01:37 B C:\AAAAA-MonCoHist_Gen\WorkSpace\index2000.wpd --> users.freepages.rootsweb.com /history_html/WorkSpace index2000.wpd
2004.10.10 01:37 B C:\AAAAA-MonCoHist_Gen\WorkSpace\Jose.htm --> users.freepages.rootsweb.com /history_html/WorkSpace Jose.htm
2004.10.10 01:37 B C:\AAAAA-MonCoHist_Gen\WorkSpace\Minnie.htm --> users.freepages.rootsweb.com /history_html/WorkSpace Minnie.htm
2004.10.10 01:37 B C:\AAAAA-MonCoHist_Gen\WorkSpace\NewsLtr1.wpd --> users.freepages.rootsweb.com /history_html/WorkSpace NewsLtr1.wpd
2004.10.10 01:37 B C:\AAAAA-MonCoHist_Gen\WorkSpace\OttoSiblings.htm --> users.freepages.rootsweb.com /history_html/WorkSpace OttoSiblings.htm
2004.10.10 01:37 B C:\AAAAA-MonCoHist_Gen\WorkSpace\OttoSiblings2.htm --> users.freepages.rootsweb.com /history_html/WorkSpace OttoSiblings2.htm
2004.10.10 01:37 B C:\AAAAA-MonCoHist_Gen\WorkSpace\PFTD1E4.TMP --> users.freepages.rootsweb.com /history_html/WorkSpace PFTD1E4.TMP
2004.10.10 01:37 B C:\AAAAA-MonCoHist_Gen\WorkSpace\Presby1.htm --> users.freepages.rootsweb.com /history_html/WorkSpace Presby1.htm
2004.10.10 01:37 B C:\AAAAA-MonCoHist_Gen\WorkSpace\Presby2.htm --> users.freepages.rootsweb.com /history_html/WorkSpace Presby2.htm
2004.10.10 01:37 B C:\AAAAA-MonCoHist_Gen\WorkSpace\Presby3.htm --> users.freepages.rootsweb.com /history_html/WorkSpace Presby3.htm
2004.10.10 01:37 B C:\AAAAA-MonCoHist_Gen\WorkSpace\Pub (1).doc --> users.freepages.rootsweb.com /history_html/WorkSpace Pub (1).doc
2004.10.10 01:37 B C:\AAAAA-MonCoHist_Gen\WorkSpace\query.doc --> users.freepages.rootsweb.com /history_html/WorkSpace query.doc
2004.10.10 01:37 B C:\AAAAA-MonCoHist_Gen\WorkSpace\querybackup.txt --> users.freepages.rootsweb.com /history_html/WorkSpace querybackup.txt
2004.10.10 01:37 B C:\AAAAA-MonCoHist_Gen\WorkSpace\SalomeMeck.htm --> users.freepages.rootsweb.com /history_html/WorkSpace SalomeMeck.htm
2004.10.10 01:37 B C:\AAAAA-MonCoHist_Gen\WorkSpace\SolFam.htm --> users.freepages.rootsweb.com /history_html/WorkSpace SolFam.htm
2004.10.10 01:37 B C:\AAAAA-MonCoHist_Gen\WorkSpace\SolFam2.htm --> users.freepages.rootsweb.com /history_html/WorkSpace SolFam2.htm
2004.10.10 01:37 B C:\AAAAA-MonCoHist_Gen\WorkSpace\Solomon.htm --> users.freepages.rootsweb.com /history_html/WorkSpace Solomon.htm
2004.10.10 01:37 B C:\AAAAA-MonCoHist_Gen\WorkSpace\SolRoseAnn.htm --> users.freepages.rootsweb.com /history_html/WorkSpace SolRoseAnn.htm
2004.10.10 01:37 B C:\AAAAA-MonCoHist_Gen\WorkSpace\Surname File A-K_1.html --> users.freepages.rootsweb.com /history_html/WorkSpace Surname File A-K_1.html
2004.10.10 01:37 B C:\AAAAA-MonCoHist_Gen\WorkSpace\templateEmail.txt --> users.freepages.rootsweb.com /history_html/WorkSpace templateEmail.txt
2004.10.10 01:37 B C:\AAAAA-MonCoHist_Gen\WorkSpace\TimeLine.wpd --> users.freepages.rootsweb.com /history_html/WorkSpace TimeLine.wpd
2004.10.10 01:37 B C:\AAAAA-MonCoHist_Gen\WorkSpace\Walter.htm --> users.freepages.rootsweb.com /history_html/WorkSpace Walter.htm
2004.10.10 01:37 B C:\AAAAA-MonCoHist_Gen\WorkSpace\web_page.doc --> users.freepages.rootsweb.com /history_html/WorkSpace web_page.doc
2004.10.10 01:37 B C:\AAAAA-MonCoHist_Gen\WorkSpace\web_page2.doc --> users.freepages.rootsweb.com /history_html/WorkSpace web_page2.doc
2004.10.10 01:37 B C:\AAAAA-MonCoHist_Gen\WorkSpace\weber.htm --> users.freepages.rootsweb.com /history_html/WorkSpace weber.htm
2004.10.10 01:37 B C:\AAAAA-MonCoHist_Gen\WorkSpace\Weber13.htm --> users.freepages.rootsweb.com /history_html/WorkSpace Weber13.htm
2004.10.10 01:37 B C:\AAAAA-MonCoHist_Gen\WorkSpace\WeberReunionChild.htm --> users.freepages.rootsweb.com /history_html/WorkSpace WeberReunionChild.htm
2004.10.10 01:37 B C:\AAAAA-MonCoHist_Gen\WorkSpace\WeberReunionWom.htm --> users.freepages.rootsweb.com /history_html/WorkSpace WeberReunionWom.htm
