2004.05.17 23:21 A C:\AAAAA-MonroeCoSite\index_files\filelist.xml --> users.rootsweb.com /home0023/ohmccogs/public_html/index_files filelist.xml
2004.05.17 23:21 A C:\AAAAA-MonroeCoSite\index_files\image001.gif --> users.rootsweb.com /home0023/ohmccogs/public_html/index_files image001.gif
2004.09.15 14:38 B C:\AAAAA-MonroeCoSite\index_files\filelist.xml --> helloworldblue.net /MonroeCoOhPeopleandHistory/index_files filelist.xml
2004.09.15 14:38 B C:\AAAAA-MonroeCoSite\index_files\image001.gif --> helloworldblue.net /MonroeCoOhPeopleandHistory/index_files image001.gif
2004.09.15 14:38 B C:\AAAAA-MonroeCoSite\index_files\WS_FTP.LOG --> helloworldblue.net /MonroeCoOhPeopleandHistory/index_files WS_FTP.LOG
2004.09.24 14:28 B C:\AAAAA-MonroeCoSite\index_files\filelist.xml --> users.rootsweb.com /home0001/o/h/m/ohmchs/public_html/index_files filelist.xml
2004.09.24 14:28 B C:\AAAAA-MonroeCoSite\index_files\image001.gif --> users.rootsweb.com /home0001/o/h/m/ohmchs/public_html/index_files image001.gif
2004.09.24 14:28 B C:\AAAAA-MonroeCoSite\index_files\WS_FTP.LOG --> users.rootsweb.com /home0001/o/h/m/ohmchs/public_html/index_files WS_FTP.LOG
2004.10.09 23:16 B C:\AAAAA-MonCoHist_Gen\index_files\filelist.xml --> users.freepages.rootsweb.com /history_html/index_files filelist.xml
2004.10.09 23:16 B C:\AAAAA-MonCoHist_Gen\index_files\image001.gif --> users.freepages.rootsweb.com /history_html/index_files image001.gif
2004.10.09 23:16 B C:\AAAAA-MonCoHist_Gen\index_files\image002.gif --> users.freepages.rootsweb.com /history_html/index_files image002.gif
2004.10.09 23:16 B C:\AAAAA-MonCoHist_Gen\index_files\image003.gif --> users.freepages.rootsweb.com /history_html/index_files image003.gif
2004.10.09 23:16 B C:\AAAAA-MonCoHist_Gen\index_files\image004.gif --> users.freepages.rootsweb.com /history_html/index_files image004.gif
2004.10.09 23:16 B C:\AAAAA-MonCoHist_Gen\index_files\image005.gif --> users.freepages.rootsweb.com /history_html/index_files image005.gif
2004.10.09 23:16 B C:\AAAAA-MonCoHist_Gen\index_files\image006.gif --> users.freepages.rootsweb.com /history_html/index_files image006.gif
2004.10.09 23:16 B C:\AAAAA-MonCoHist_Gen\index_files\image007.gif --> users.freepages.rootsweb.com /history_html/index_files image007.gif
2004.10.09 23:16 B C:\AAAAA-MonCoHist_Gen\index_files\image008.gif --> users.freepages.rootsweb.com /history_html/index_files image008.gif
2004.10.09 23:16 B C:\AAAAA-MonCoHist_Gen\index_files\image009.gif --> users.freepages.rootsweb.com /history_html/index_files image009.gif
2004.10.09 23:16 B C:\AAAAA-MonCoHist_Gen\index_files\image010.gif --> users.freepages.rootsweb.com /history_html/index_files image010.gif
2004.10.09 23:16 B C:\AAAAA-MonCoHist_Gen\index_files\image011.gif --> users.freepages.rootsweb.com /history_html/index_files image011.gif
2004.10.09 23:16 B C:\AAAAA-MonCoHist_Gen\index_files\image012.gif --> users.freepages.rootsweb.com /history_html/index_files image012.gif
2004.10.09 23:16 B C:\AAAAA-MonCoHist_Gen\index_files\image013.gif --> users.freepages.rootsweb.com /history_html/index_files image013.gif
2004.10.09 23:16 B C:\AAAAA-MonCoHist_Gen\index_files\image014.gif --> users.freepages.rootsweb.com /history_html/index_files image014.gif
2004.10.09 23:16 B C:\AAAAA-MonCoHist_Gen\index_files\image015.gif --> users.freepages.rootsweb.com /history_html/index_files image015.gif
2004.10.09 23:16 B C:\AAAAA-MonCoHist_Gen\index_files\image016.gif --> users.freepages.rootsweb.com /history_html/index_files image016.gif
2004.10.09 23:16 B C:\AAAAA-MonCoHist_Gen\index_files\image017.gif --> users.freepages.rootsweb.com /history_html/index_files image017.gif
2004.10.09 23:16 B C:\AAAAA-MonCoHist_Gen\index_files\image018.gif --> users.freepages.rootsweb.com /history_html/index_files image018.gif
2004.10.09 23:16 B C:\AAAAA-MonCoHist_Gen\index_files\image019.gif --> users.freepages.rootsweb.com /history_html/index_files image019.gif
2004.10.09 23:16 B C:\AAAAA-MonCoHist_Gen\index_files\image020.gif --> users.freepages.rootsweb.com /history_html/index_files image020.gif
2004.10.09 23:16 B C:\AAAAA-MonCoHist_Gen\index_files\image021.gif --> users.freepages.rootsweb.com /history_html/index_files image021.gif
2004.10.09 23:16 B C:\AAAAA-MonCoHist_Gen\index_files\image022.gif --> users.freepages.rootsweb.com /history_html/index_files image022.gif
2004.10.09 23:16 B C:\AAAAA-MonCoHist_Gen\index_files\image023.gif --> users.freepages.rootsweb.com /history_html/index_files image023.gif
2004.10.09 23:16 B C:\AAAAA-MonCoHist_Gen\index_files\image024.gif --> users.freepages.rootsweb.com /history_html/index_files image024.gif
2004.10.09 23:16 B C:\AAAAA-MonCoHist_Gen\index_files\image025.gif --> users.freepages.rootsweb.com /history_html/index_files image025.gif
2004.10.09 23:16 B C:\AAAAA-MonCoHist_Gen\index_files\image026.gif --> users.freepages.rootsweb.com /history_html/index_files image026.gif
2004.10.09 23:16 B C:\AAAAA-MonCoHist_Gen\index_files\image027.gif --> users.freepages.rootsweb.com /history_html/index_files image027.gif
2004.10.09 23:16 B C:\AAAAA-MonCoHist_Gen\index_files\image028.gif --> users.freepages.rootsweb.com /history_html/index_files image028.gif
2004.10.09 23:16 B C:\AAAAA-MonCoHist_Gen\index_files\image029.gif --> users.freepages.rootsweb.com /history_html/index_files image029.gif
2004.10.09 23:16 B C:\AAAAA-MonCoHist_Gen\index_files\image030.gif --> users.freepages.rootsweb.com /history_html/index_files image030.gif
2004.10.09 23:17 B C:\AAAAA-MonCoHist_Gen\index_files\image031.gif --> users.freepages.rootsweb.com /history_html/index_files image031.gif
2004.10.09 23:17 B C:\AAAAA-MonCoHist_Gen\index_files\image032.gif --> users.freepages.rootsweb.com /history_html/index_files image032.gif
2004.10.09 23:17 B C:\AAAAA-MonCoHist_Gen\index_files\image033.gif --> users.freepages.rootsweb.com /history_html/index_files image033.gif
2004.10.09 23:17 B C:\AAAAA-MonCoHist_Gen\index_files\image034.gif --> users.freepages.rootsweb.com /history_html/index_files image034.gif
2004.10.09 23:17 B C:\AAAAA-MonCoHist_Gen\index_files\image035.gif --> users.freepages.rootsweb.com /history_html/index_files image035.gif
2004.10.09 23:17 B C:\AAAAA-MonCoHist_Gen\index_files\image036.gif --> users.freepages.rootsweb.com /history_html/index_files image036.gif
2004.10.09 23:17 B C:\AAAAA-MonCoHist_Gen\index_files\image037.gif --> users.freepages.rootsweb.com /history_html/index_files image037.gif
2004.10.09 23:17 B C:\AAAAA-MonCoHist_Gen\index_files\image038.gif --> users.freepages.rootsweb.com /history_html/index_files image038.gif
2004.10.09 23:17 B C:\AAAAA-MonCoHist_Gen\index_files\image039.gif --> users.freepages.rootsweb.com /history_html/index_files image039.gif
2004.10.09 23:17 B C:\AAAAA-MonCoHist_Gen\index_files\image040.gif --> users.freepages.rootsweb.com /history_html/index_files image040.gif
2004.10.09 23:17 B C:\AAAAA-MonCoHist_Gen\index_files\image041.gif --> users.freepages.rootsweb.com /history_html/index_files image041.gif
2004.10.09 23:17 B C:\AAAAA-MonCoHist_Gen\index_files\image042.gif --> users.freepages.rootsweb.com /history_html/index_files image042.gif
2004.10.09 23:17 B C:\AAAAA-MonCoHist_Gen\index_files\image043.gif --> users.freepages.rootsweb.com /history_html/index_files image043.gif
2004.10.09 23:17 B C:\AAAAA-MonCoHist_Gen\index_files\image044.gif --> users.freepages.rootsweb.com /history_html/index_files image044.gif
2004.10.09 23:17 B C:\AAAAA-MonCoHist_Gen\index_files\image045.gif --> users.freepages.rootsweb.com /history_html/index_files image045.gif
2004.10.09 23:17 B C:\AAAAA-MonCoHist_Gen\index_files\image046.gif --> users.freepages.rootsweb.com /history_html/index_files image046.gif
2004.10.09 23:17 B C:\AAAAA-MonCoHist_Gen\index_files\image047.gif --> users.freepages.rootsweb.com /history_html/index_files image047.gif
2004.10.09 23:17 B C:\AAAAA-MonCoHist_Gen\index_files\image048.gif --> users.freepages.rootsweb.com /history_html/index_files image048.gif
2004.10.09 23:17 B C:\AAAAA-MonCoHist_Gen\index_files\image049.gif --> users.freepages.rootsweb.com /history_html/index_files image049.gif
2004.10.09 23:17 B C:\AAAAA-MonCoHist_Gen\index_files\WS_FTP.LOG --> users.freepages.rootsweb.com /history_html/index_files WS_FTP.LOG
2004.10.10 00:09 B C:\AAAAA-MonCoHist_Gen\index_files\filelist.xml --> users.freepages.rootsweb.com /history_html/index_files filelist.xml
2004.10.10 00:09 B C:\AAAAA-MonCoHist_Gen\index_files\image001.gif --> users.freepages.rootsweb.com /history_html/index_files image001.gif
2004.10.10 00:09 B C:\AAAAA-MonCoHist_Gen\index_files\image002.gif --> users.freepages.rootsweb.com /history_html/index_files image002.gif
2004.10.10 00:09 B C:\AAAAA-MonCoHist_Gen\index_files\image003.gif --> users.freepages.rootsweb.com /history_html/index_files image003.gif
2004.10.10 00:09 B C:\AAAAA-MonCoHist_Gen\index_files\image004.gif --> users.freepages.rootsweb.com /history_html/index_files image004.gif
2004.10.10 00:09 B C:\AAAAA-MonCoHist_Gen\index_files\image005.gif --> users.freepages.rootsweb.com /history_html/index_files image005.gif
2004.10.10 00:09 B C:\AAAAA-MonCoHist_Gen\index_files\image006.gif --> users.freepages.rootsweb.com /history_html/index_files image006.gif
2004.10.10 00:09 B C:\AAAAA-MonCoHist_Gen\index_files\image007.gif --> users.freepages.rootsweb.com /history_html/index_files image007.gif
2004.10.10 00:09 B C:\AAAAA-MonCoHist_Gen\index_files\image008.gif --> users.freepages.rootsweb.com /history_html/index_files image008.gif
2004.10.10 00:09 B C:\AAAAA-MonCoHist_Gen\index_files\image009.gif --> users.freepages.rootsweb.com /history_html/index_files image009.gif
2004.10.10 00:09 B C:\AAAAA-MonCoHist_Gen\index_files\image010.gif --> users.freepages.rootsweb.com /history_html/index_files image010.gif
2004.10.10 00:09 B C:\AAAAA-MonCoHist_Gen\index_files\image011.gif --> users.freepages.rootsweb.com /history_html/index_files image011.gif
2004.10.10 00:09 B C:\AAAAA-MonCoHist_Gen\index_files\image012.gif --> users.freepages.rootsweb.com /history_html/index_files image012.gif
2004.10.10 00:09 B C:\AAAAA-MonCoHist_Gen\index_files\image013.gif --> users.freepages.rootsweb.com /history_html/index_files image013.gif
2004.10.10 00:09 B C:\AAAAA-MonCoHist_Gen\index_files\image014.gif --> users.freepages.rootsweb.com /history_html/index_files image014.gif
2004.10.10 00:09 B C:\AAAAA-MonCoHist_Gen\index_files\image015.gif --> users.freepages.rootsweb.com /history_html/index_files image015.gif
2004.10.10 00:09 B C:\AAAAA-MonCoHist_Gen\index_files\image016.gif --> users.freepages.rootsweb.com /history_html/index_files image016.gif
2004.10.10 00:09 B C:\AAAAA-MonCoHist_Gen\index_files\image017.gif --> users.freepages.rootsweb.com /history_html/index_files image017.gif
2004.10.10 00:09 B C:\AAAAA-MonCoHist_Gen\index_files\image018.gif --> users.freepages.rootsweb.com /history_html/index_files image018.gif
2004.10.10 00:09 B C:\AAAAA-MonCoHist_Gen\index_files\image019.gif --> users.freepages.rootsweb.com /history_html/index_files image019.gif
2004.10.10 00:09 B C:\AAAAA-MonCoHist_Gen\index_files\image020.gif --> users.freepages.rootsweb.com /history_html/index_files image020.gif
2004.10.10 00:09 B C:\AAAAA-MonCoHist_Gen\index_files\image021.gif --> users.freepages.rootsweb.com /history_html/index_files image021.gif
2004.10.10 00:09 B C:\AAAAA-MonCoHist_Gen\index_files\image022.gif --> users.freepages.rootsweb.com /history_html/index_files image022.gif
2004.10.10 00:09 B C:\AAAAA-MonCoHist_Gen\index_files\image023.gif --> users.freepages.rootsweb.com /history_html/index_files image023.gif
2004.10.10 00:09 B C:\AAAAA-MonCoHist_Gen\index_files\image024.gif --> users.freepages.rootsweb.com /history_html/index_files image024.gif
2004.10.10 00:09 B C:\AAAAA-MonCoHist_Gen\index_files\image025.gif --> users.freepages.rootsweb.com /history_html/index_files image025.gif
2004.10.10 00:09 B C:\AAAAA-MonCoHist_Gen\index_files\image026.gif --> users.freepages.rootsweb.com /history_html/index_files image026.gif
2004.10.10 00:09 B C:\AAAAA-MonCoHist_Gen\index_files\image027.gif --> users.freepages.rootsweb.com /history_html/index_files image027.gif
2004.10.10 00:09 B C:\AAAAA-MonCoHist_Gen\index_files\image028.gif --> users.freepages.rootsweb.com /history_html/index_files image028.gif
2004.10.10 00:09 B C:\AAAAA-MonCoHist_Gen\index_files\image029.gif --> users.freepages.rootsweb.com /history_html/index_files image029.gif
2004.10.10 00:09 B C:\AAAAA-MonCoHist_Gen\index_files\image030.gif --> users.freepages.rootsweb.com /history_html/index_files image030.gif
2004.10.10 00:09 B C:\AAAAA-MonCoHist_Gen\index_files\image031.gif --> users.freepages.rootsweb.com /history_html/index_files image031.gif
2004.10.10 00:09 B C:\AAAAA-MonCoHist_Gen\index_files\image032.gif --> users.freepages.rootsweb.com /history_html/index_files image032.gif
2004.10.10 00:09 B C:\AAAAA-MonCoHist_Gen\index_files\image033.gif --> users.freepages.rootsweb.com /history_html/index_files image033.gif
2004.10.10 00:09 B C:\AAAAA-MonCoHist_Gen\index_files\image034.gif --> users.freepages.rootsweb.com /history_html/index_files image034.gif
2004.10.10 00:09 B C:\AAAAA-MonCoHist_Gen\index_files\image035.gif --> users.freepages.rootsweb.com /history_html/index_files image035.gif
2004.10.10 00:09 B C:\AAAAA-MonCoHist_Gen\index_files\image036.gif --> users.freepages.rootsweb.com /history_html/index_files image036.gif
2004.10.10 00:09 B C:\AAAAA-MonCoHist_Gen\index_files\image037.gif --> users.freepages.rootsweb.com /history_html/index_files image037.gif
2004.10.10 00:09 B C:\AAAAA-MonCoHist_Gen\index_files\image038.gif --> users.freepages.rootsweb.com /history_html/index_files image038.gif
2004.10.10 00:09 B C:\AAAAA-MonCoHist_Gen\index_files\image039.gif --> users.freepages.rootsweb.com /history_html/index_files image039.gif
2004.10.10 00:09 B C:\AAAAA-MonCoHist_Gen\index_files\image040.gif --> users.freepages.rootsweb.com /history_html/index_files image040.gif
2004.10.10 00:09 B C:\AAAAA-MonCoHist_Gen\index_files\image041.gif --> users.freepages.rootsweb.com /history_html/index_files image041.gif
2004.10.10 00:09 B C:\AAAAA-MonCoHist_Gen\index_files\image042.gif --> users.freepages.rootsweb.com /history_html/index_files image042.gif
2004.10.10 00:09 B C:\AAAAA-MonCoHist_Gen\index_files\image043.gif --> users.freepages.rootsweb.com /history_html/index_files image043.gif
2004.10.10 00:09 B C:\AAAAA-MonCoHist_Gen\index_files\image044.gif --> users.freepages.rootsweb.com /history_html/index_files image044.gif
2004.10.10 00:09 B C:\AAAAA-MonCoHist_Gen\index_files\image045.gif --> users.freepages.rootsweb.com /history_html/index_files image045.gif
2004.10.10 00:09 B C:\AAAAA-MonCoHist_Gen\index_files\image046.gif --> users.freepages.rootsweb.com /history_html/index_files image046.gif
2004.10.10 00:09 B C:\AAAAA-MonCoHist_Gen\index_files\image047.gif --> users.freepages.rootsweb.com /history_html/index_files image047.gif
2004.10.10 00:09 B C:\AAAAA-MonCoHist_Gen\index_files\image048.gif --> users.freepages.rootsweb.com /history_html/index_files image048.gif
2004.10.10 00:09 B C:\AAAAA-MonCoHist_Gen\index_files\image049.gif --> users.freepages.rootsweb.com /history_html/index_files image049.gif
2004.10.10 00:09 B C:\AAAAA-MonCoHist_Gen\index_files\image050.gif --> users.freepages.rootsweb.com /history_html/index_files image050.gif
2004.10.10 00:09 B C:\AAAAA-MonCoHist_Gen\index_files\WS_FTP.LOG --> users.freepages.rootsweb.com /history_html/index_files WS_FTP.LOG
2004.10.21 23:42 B C:\AAAAA-MonCoHist_Gen\index_files\filelist.xml --> users.freepages.rootsweb.com /history_html/index_files filelist.xml
2004.10.21 23:42 B C:\AAAAA-MonCoHist_Gen\index_files\image001.gif --> users.freepages.rootsweb.com /history_html/index_files image001.gif
2004.10.21 23:42 B C:\AAAAA-MonCoHist_Gen\index_files\image002.gif --> users.freepages.rootsweb.com /history_html/index_files image002.gif
2004.10.21 23:42 B C:\AAAAA-MonCoHist_Gen\index_files\image003.gif --> users.freepages.rootsweb.com /history_html/index_files image003.gif
2004.10.21 23:42 B C:\AAAAA-MonCoHist_Gen\index_files\image004.gif --> users.freepages.rootsweb.com /history_html/index_files image004.gif
2004.10.21 23:42 B C:\AAAAA-MonCoHist_Gen\index_files\image005.gif --> users.freepages.rootsweb.com /history_html/index_files image005.gif
2004.10.21 23:42 B C:\AAAAA-MonCoHist_Gen\index_files\image006.gif --> users.freepages.rootsweb.com /history_html/index_files image006.gif
2004.10.21 23:42 B C:\AAAAA-MonCoHist_Gen\index_files\image007.gif --> users.freepages.rootsweb.com /history_html/index_files image007.gif
2004.10.21 23:42 B C:\AAAAA-MonCoHist_Gen\index_files\image008.gif --> users.freepages.rootsweb.com /history_html/index_files image008.gif
2004.10.21 23:42 B C:\AAAAA-MonCoHist_Gen\index_files\image009.gif --> users.freepages.rootsweb.com /history_html/index_files image009.gif
2004.10.21 23:42 B C:\AAAAA-MonCoHist_Gen\index_files\image010.gif --> users.freepages.rootsweb.com /history_html/index_files image010.gif
2004.10.21 23:42 B C:\AAAAA-MonCoHist_Gen\index_files\image011.gif --> users.freepages.rootsweb.com /history_html/index_files image011.gif
2004.10.21 23:42 B C:\AAAAA-MonCoHist_Gen\index_files\image012.gif --> users.freepages.rootsweb.com /history_html/index_files image012.gif
2004.10.21 23:42 B C:\AAAAA-MonCoHist_Gen\index_files\image013.gif --> users.freepages.rootsweb.com /history_html/index_files image013.gif
2004.10.21 23:42 B C:\AAAAA-MonCoHist_Gen\index_files\image014.gif --> users.freepages.rootsweb.com /history_html/index_files image014.gif
2004.10.21 23:42 B C:\AAAAA-MonCoHist_Gen\index_files\image015.gif --> users.freepages.rootsweb.com /history_html/index_files image015.gif
2004.10.21 23:42 B C:\AAAAA-MonCoHist_Gen\index_files\image016.gif --> users.freepages.rootsweb.com /history_html/index_files image016.gif
2004.10.21 23:42 B C:\AAAAA-MonCoHist_Gen\index_files\image017.gif --> users.freepages.rootsweb.com /history_html/index_files image017.gif
2004.10.21 23:42 B C:\AAAAA-MonCoHist_Gen\index_files\image018.gif --> users.freepages.rootsweb.com /history_html/index_files image018.gif
2004.10.21 23:42 B C:\AAAAA-MonCoHist_Gen\index_files\image019.gif --> users.freepages.rootsweb.com /history_html/index_files image019.gif
2004.10.21 23:42 B C:\AAAAA-MonCoHist_Gen\index_files\image020.gif --> users.freepages.rootsweb.com /history_html/index_files image020.gif
2004.10.21 23:42 B C:\AAAAA-MonCoHist_Gen\index_files\image021.gif --> users.freepages.rootsweb.com /history_html/index_files image021.gif
2004.10.21 23:42 B C:\AAAAA-MonCoHist_Gen\index_files\image022.gif --> users.freepages.rootsweb.com /history_html/index_files image022.gif
2004.10.21 23:42 B C:\AAAAA-MonCoHist_Gen\index_files\image023.gif --> users.freepages.rootsweb.com /history_html/index_files image023.gif
2004.10.21 23:42 B C:\AAAAA-MonCoHist_Gen\index_files\image024.gif --> users.freepages.rootsweb.com /history_html/index_files image024.gif
2004.10.21 23:42 B C:\AAAAA-MonCoHist_Gen\index_files\image025.gif --> users.freepages.rootsweb.com /history_html/index_files image025.gif
2004.10.21 23:42 B C:\AAAAA-MonCoHist_Gen\index_files\image026.gif --> users.freepages.rootsweb.com /history_html/index_files image026.gif
2004.10.21 23:42 B C:\AAAAA-MonCoHist_Gen\index_files\image027.gif --> users.freepages.rootsweb.com /history_html/index_files image027.gif
2004.10.21 23:42 B C:\AAAAA-MonCoHist_Gen\index_files\image028.gif --> users.freepages.rootsweb.com /history_html/index_files image028.gif
2004.10.21 23:42 B C:\AAAAA-MonCoHist_Gen\index_files\image029.gif --> users.freepages.rootsweb.com /history_html/index_files image029.gif
2004.10.21 23:42 B C:\AAAAA-MonCoHist_Gen\index_files\image030.gif --> users.freepages.rootsweb.com /history_html/index_files image030.gif
2004.10.21 23:42 B C:\AAAAA-MonCoHist_Gen\index_files\image031.gif --> users.freepages.rootsweb.com /history_html/index_files image031.gif
2004.10.21 23:42 B C:\AAAAA-MonCoHist_Gen\index_files\image032.gif --> users.freepages.rootsweb.com /history_html/index_files image032.gif
2004.10.21 23:42 B C:\AAAAA-MonCoHist_Gen\index_files\image033.gif --> users.freepages.rootsweb.com /history_html/index_files image033.gif
2004.10.21 23:42 B C:\AAAAA-MonCoHist_Gen\index_files\image034.gif --> users.freepages.rootsweb.com /history_html/index_files image034.gif
2004.10.21 23:42 B C:\AAAAA-MonCoHist_Gen\index_files\image035.gif --> users.freepages.rootsweb.com /history_html/index_files image035.gif
2004.10.21 23:42 B C:\AAAAA-MonCoHist_Gen\index_files\image036.gif --> users.freepages.rootsweb.com /history_html/index_files image036.gif
2004.10.21 23:42 B C:\AAAAA-MonCoHist_Gen\index_files\image037.gif --> users.freepages.rootsweb.com /history_html/index_files image037.gif
2004.10.21 23:42 B C:\AAAAA-MonCoHist_Gen\index_files\WS_FTP.LOG --> users.freepages.rootsweb.com /history_html/index_files WS_FTP.LOG
2004.12.15 23:45 B C:\AAAAA-MonCoHist_Gen\index_files\filelist.xml --> users.freepages.rootsweb.com /history_html/index_files filelist.xml
2004.12.15 23:45 B C:\AAAAA-MonCoHist_Gen\index_files\image001.gif --> users.freepages.rootsweb.com /history_html/index_files image001.gif
2004.12.15 23:45 B C:\AAAAA-MonCoHist_Gen\index_files\image002.gif --> users.freepages.rootsweb.com /history_html/index_files image002.gif
2004.12.15 23:45 B C:\AAAAA-MonCoHist_Gen\index_files\image003.gif --> users.freepages.rootsweb.com /history_html/index_files image003.gif
2004.12.15 23:45 B C:\AAAAA-MonCoHist_Gen\index_files\image004.gif --> users.freepages.rootsweb.com /history_html/index_files image004.gif
2004.12.15 23:45 B C:\AAAAA-MonCoHist_Gen\index_files\WS_FTP.LOG --> users.freepages.rootsweb.com /history_html/index_files WS_FTP.LOG
2005.02.28 18:56 B C:\AAAAA-MonCoHist_Gen\index_files\filelist.xml --> users.freepages.rootsweb.com /history_html/index_files filelist.xml
2005.02.28 18:56 B C:\AAAAA-MonCoHist_Gen\index_files\image001.gif --> users.freepages.rootsweb.com /history_html/index_files image001.gif
2005.02.28 18:56 B C:\AAAAA-MonCoHist_Gen\index_files\image002.gif --> users.freepages.rootsweb.com /history_html/index_files image002.gif
2005.02.28 18:56 B C:\AAAAA-MonCoHist_Gen\index_files\image003.gif --> users.freepages.rootsweb.com /history_html/index_files image003.gif
2005.02.28 18:56 B C:\AAAAA-MonCoHist_Gen\index_files\image004.gif --> users.freepages.rootsweb.com /history_html/index_files image004.gif
2005.02.28 18:56 B C:\AAAAA-MonCoHist_Gen\index_files\image005.gif --> users.freepages.rootsweb.com /history_html/index_files image005.gif
2005.02.28 18:56 B C:\AAAAA-MonCoHist_Gen\index_files\image006.gif --> users.freepages.rootsweb.com /history_html/index_files image006.gif
2005.05.29 13:38 B C:\AAAAA-MonCoHist_Gen\index_files\filelist.xml --> users.freepages.rootsweb.com /history_html/index_files filelist.xml
2005.05.29 13:38 B C:\AAAAA-MonCoHist_Gen\index_files\image001.gif --> users.freepages.rootsweb.com /history_html/index_files image001.gif
2005.05.29 13:38 B C:\AAAAA-MonCoHist_Gen\index_files\image002.gif --> users.freepages.rootsweb.com /history_html/index_files image002.gif
2005.05.29 13:38 B C:\AAAAA-MonCoHist_Gen\index_files\image003.gif --> users.freepages.rootsweb.com /history_html/index_files image003.gif
2005.05.29 13:38 B C:\AAAAA-MonCoHist_Gen\index_files\image004.gif --> users.freepages.rootsweb.com /history_html/index_files image004.gif
2005.05.29 13:38 B C:\AAAAA-MonCoHist_Gen\index_files\image005.gif --> users.freepages.rootsweb.com /history_html/index_files image005.gif
2005.05.29 13:38 B C:\AAAAA-MonCoHist_Gen\index_files\image006.gif --> users.freepages.rootsweb.com /history_html/index_files image006.gif
2005.05.29 13:38 B C:\AAAAA-MonCoHist_Gen\index_files\image007.gif --> users.freepages.rootsweb.com /history_html/index_files image007.gif
2005.05.29 13:38 B C:\AAAAA-MonCoHist_Gen\index_files\image008.gif --> users.freepages.rootsweb.com /history_html/index_files image008.gif
2005.05.29 13:38 B C:\AAAAA-MonCoHist_Gen\index_files\image009.gif --> users.freepages.rootsweb.com /history_html/index_files image009.gif
2005.05.29 13:38 B C:\AAAAA-MonCoHist_Gen\index_files\WS_FTP.LOG --> users.freepages.rootsweb.com /history_html/index_files WS_FTP.LOG
2005.05.29 13:56 B C:\AAAAA-MonCoHist_Gen\index_files\filelist.xml --> users.freepages.rootsweb.com /history_html/index_files filelist.xml
2005.05.29 13:56 B C:\AAAAA-MonCoHist_Gen\index_files\image001.gif --> users.freepages.rootsweb.com /history_html/index_files image001.gif
2005.05.29 13:56 B C:\AAAAA-MonCoHist_Gen\index_files\image002.gif --> users.freepages.rootsweb.com /history_html/index_files image002.gif
2005.05.29 13:56 B C:\AAAAA-MonCoHist_Gen\index_files\image003.gif --> users.freepages.rootsweb.com /history_html/index_files image003.gif
2005.05.29 13:56 B C:\AAAAA-MonCoHist_Gen\index_files\image004.gif --> users.freepages.rootsweb.com /history_html/index_files image004.gif
2005.05.29 13:56 B C:\AAAAA-MonCoHist_Gen\index_files\image005.gif --> users.freepages.rootsweb.com /history_html/index_files image005.gif
2005.05.29 13:56 B C:\AAAAA-MonCoHist_Gen\index_files\image006.gif --> users.freepages.rootsweb.com /history_html/index_files image006.gif
2005.05.29 13:56 B C:\AAAAA-MonCoHist_Gen\index_files\image007.gif --> users.freepages.rootsweb.com /history_html/index_files image007.gif
2005.05.29 13:56 B C:\AAAAA-MonCoHist_Gen\index_files\image008.gif --> users.freepages.rootsweb.com /history_html/index_files image008.gif
2005.05.29 13:56 B C:\AAAAA-MonCoHist_Gen\index_files\image009.gif --> users.freepages.rootsweb.com /history_html/index_files image009.gif
2005.05.29 13:56 B C:\AAAAA-MonCoHist_Gen\index_files\image010.gif --> users.freepages.rootsweb.com /history_html/index_files image010.gif
2005.05.29 13:56 B C:\AAAAA-MonCoHist_Gen\index_files\image011.gif --> users.freepages.rootsweb.com /history_html/index_files image011.gif
2005.05.29 13:56 B C:\AAAAA-MonCoHist_Gen\index_files\image012.gif --> users.freepages.rootsweb.com /history_html/index_files image012.gif
2005.05.29 14:03 B C:\AAAAA-MonCoHist_Gen\index_files\image013.gif --> users.freepages.rootsweb.com /history_html/index_files image013.gif
2005.05.29 14:03 B C:\AAAAA-MonCoHist_Gen\index_files\image014.gif --> users.freepages.rootsweb.com /history_html/index_files image014.gif
2005.05.29 14:03 B C:\AAAAA-MonCoHist_Gen\index_files\image015.gif --> users.freepages.rootsweb.com /history_html/index_files image015.gif
2005.05.29 15:24 B C:\AAAAA-MonCoHist_Gen\index_files\image016.gif --> users.freepages.rootsweb.com /history_html/index_files image016.gif
2005.05.29 15:24 B C:\AAAAA-MonCoHist_Gen\index_files\image017.gif --> users.freepages.rootsweb.com /history_html/index_files image017.gif
2005.05.29 15:24 B C:\AAAAA-MonCoHist_Gen\index_files\image018.gif --> users.freepages.rootsweb.com /history_html/index_files image018.gif
2005.05.29 15:30 B C:\AAAAA-MonCoHist_Gen\index_files\image019.gif --> users.freepages.rootsweb.com /history_html/index_files image019.gif
2005.05.29 16:58 B C:\AAAAA-MonCoHist_Gen\index_files\filelist.xml --> users.freepages.rootsweb.com /history_html/index_files filelist.xml
2005.05.29 16:58 B C:\AAAAA-MonCoHist_Gen\index_files\image001.gif --> users.freepages.rootsweb.com /history_html/index_files image001.gif
2005.05.29 16:58 B C:\AAAAA-MonCoHist_Gen\index_files\image002.gif --> users.freepages.rootsweb.com /history_html/index_files image002.gif
2005.05.29 16:58 B C:\AAAAA-MonCoHist_Gen\index_files\image003.gif --> users.freepages.rootsweb.com /history_html/index_files image003.gif
2005.05.29 16:58 B C:\AAAAA-MonCoHist_Gen\index_files\image004.gif --> users.freepages.rootsweb.com /history_html/index_files image004.gif
2005.05.29 16:58 B C:\AAAAA-MonCoHist_Gen\index_files\image005.gif --> users.freepages.rootsweb.com /history_html/index_files image005.gif
2005.05.29 16:58 B C:\AAAAA-MonCoHist_Gen\index_files\image006.gif --> users.freepages.rootsweb.com /history_html/index_files image006.gif
2005.05.29 16:58 B C:\AAAAA-MonCoHist_Gen\index_files\image007.gif --> users.freepages.rootsweb.com /history_html/index_files image007.gif
2005.05.29 16:58 B C:\AAAAA-MonCoHist_Gen\index_files\image008.gif --> users.freepages.rootsweb.com /history_html/index_files image008.gif
2005.05.29 16:58 B C:\AAAAA-MonCoHist_Gen\index_files\image009.gif --> users.freepages.rootsweb.com /history_html/index_files image009.gif
2005.05.29 16:58 B C:\AAAAA-MonCoHist_Gen\index_files\image010.gif --> users.freepages.rootsweb.com /history_html/index_files image010.gif
2005.05.29 16:58 B C:\AAAAA-MonCoHist_Gen\index_files\image011.gif --> users.freepages.rootsweb.com /history_html/index_files image011.gif
2005.05.29 16:58 B C:\AAAAA-MonCoHist_Gen\index_files\image012.gif --> users.freepages.rootsweb.com /history_html/index_files image012.gif
2005.05.29 16:58 B C:\AAAAA-MonCoHist_Gen\index_files\image013.gif --> users.freepages.rootsweb.com /history_html/index_files image013.gif
2005.05.29 16:58 B C:\AAAAA-MonCoHist_Gen\index_files\image014.gif --> users.freepages.rootsweb.com /history_html/index_files image014.gif
2005.05.29 16:58 B C:\AAAAA-MonCoHist_Gen\index_files\image015.gif --> users.freepages.rootsweb.com /history_html/index_files image015.gif
2005.05.29 16:58 B C:\AAAAA-MonCoHist_Gen\index_files\image016.gif --> users.freepages.rootsweb.com /history_html/index_files image016.gif
2005.05.29 16:58 B C:\AAAAA-MonCoHist_Gen\index_files\image017.gif --> users.freepages.rootsweb.com /history_html/index_files image017.gif
2005.05.29 16:58 B C:\AAAAA-MonCoHist_Gen\index_files\image018.gif --> users.freepages.rootsweb.com /history_html/index_files image018.gif
2005.05.29 16:58 B C:\AAAAA-MonCoHist_Gen\index_files\image019.gif --> users.freepages.rootsweb.com /history_html/index_files image019.gif
2005.05.29 16:58 B C:\AAAAA-MonCoHist_Gen\index_files\image020.gif --> users.freepages.rootsweb.com /history_html/index_files image020.gif
2005.05.29 16:58 B C:\AAAAA-MonCoHist_Gen\index_files\image021.gif --> users.freepages.rootsweb.com /history_html/index_files image021.gif
2005.05.29 16:58 B C:\AAAAA-MonCoHist_Gen\index_files\image022.gif --> users.freepages.rootsweb.com /history_html/index_files image022.gif
2005.05.29 16:58 B C:\AAAAA-MonCoHist_Gen\index_files\image023.gif --> users.freepages.rootsweb.com /history_html/index_files image023.gif
2005.05.29 16:58 B C:\AAAAA-MonCoHist_Gen\index_files\image024.gif --> users.freepages.rootsweb.com /history_html/index_files image024.gif
2005.05.29 16:58 B C:\AAAAA-MonCoHist_Gen\index_files\image025.gif --> users.freepages.rootsweb.com /history_html/index_files image025.gif
2005.05.29 16:58 B C:\AAAAA-MonCoHist_Gen\index_files\image026.gif --> users.freepages.rootsweb.com /history_html/index_files image026.gif
2005.05.29 16:58 B C:\AAAAA-MonCoHist_Gen\index_files\image027.gif --> users.freepages.rootsweb.com /history_html/index_files image027.gif
2005.05.29 16:58 B C:\AAAAA-MonCoHist_Gen\index_files\image028.gif --> users.freepages.rootsweb.com /history_html/index_files image028.gif
2005.05.29 16:58 B C:\AAAAA-MonCoHist_Gen\index_files\image029.gif --> users.freepages.rootsweb.com /history_html/index_files image029.gif
2005.05.29 16:58 B C:\AAAAA-MonCoHist_Gen\index_files\image030.gif --> users.freepages.rootsweb.com /history_html/index_files image030.gif
2005.05.29 16:58 B C:\AAAAA-MonCoHist_Gen\index_files\image031.gif --> users.freepages.rootsweb.com /history_html/index_files image031.gif
2005.05.29 16:58 B C:\AAAAA-MonCoHist_Gen\index_files\image032.gif --> users.freepages.rootsweb.com /history_html/index_files image032.gif
2005.05.29 16:59 B C:\AAAAA-MonCoHist_Gen\index_files\image033.gif --> users.freepages.rootsweb.com /history_html/index_files image033.gif
2005.05.29 16:59 B C:\AAAAA-MonCoHist_Gen\index_files\image034.gif --> users.freepages.rootsweb.com /history_html/index_files image034.gif
2005.05.29 16:59 B C:\AAAAA-MonCoHist_Gen\index_files\image035.gif --> users.freepages.rootsweb.com /history_html/index_files image035.gif
2005.05.29 16:59 B C:\AAAAA-MonCoHist_Gen\index_files\image036.gif --> users.freepages.rootsweb.com /history_html/index_files image036.gif
2005.05.29 16:59 B C:\AAAAA-MonCoHist_Gen\index_files\image037.gif --> users.freepages.rootsweb.com /history_html/index_files image037.gif
2005.05.29 16:59 B C:\AAAAA-MonCoHist_Gen\index_files\image038.gif --> users.freepages.rootsweb.com /history_html/index_files image038.gif
2005.05.29 16:59 B C:\AAAAA-MonCoHist_Gen\index_files\image039.gif --> users.freepages.rootsweb.com /history_html/index_files image039.gif
2005.05.29 16:59 B C:\AAAAA-MonCoHist_Gen\index_files\image040.gif --> users.freepages.rootsweb.com /history_html/index_files image040.gif
2005.05.29 16:59 B C:\AAAAA-MonCoHist_Gen\index_files\WS_FTP.LOG --> users.freepages.rootsweb.com /history_html/index_files WS_FTP.LOG
2006.06.30 14:28 B C:\AAAAA-MonCoHist_Gen\index_files\filelist.xml --> users.freepages.rootsweb.com /history_html/index_files filelist.xml
2006.06.30 14:28 B C:\AAAAA-MonCoHist_Gen\index_files\image001.gif --> users.freepages.rootsweb.com /history_html/index_files image001.gif
2006.06.30 14:28 B C:\AAAAA-MonCoHist_Gen\index_files\image002.gif --> users.freepages.rootsweb.com /history_html/index_files image002.gif
2006.06.30 14:28 B C:\AAAAA-MonCoHist_Gen\index_files\image003.gif --> users.freepages.rootsweb.com /history_html/index_files image003.gif
2006.06.30 14:28 B C:\AAAAA-MonCoHist_Gen\index_files\image004.gif --> users.freepages.rootsweb.com /history_html/index_files image004.gif
2006.06.30 14:28 B C:\AAAAA-MonCoHist_Gen\index_files\image005.gif --> users.freepages.rootsweb.com /history_html/index_files image005.gif
2006.06.30 14:28 B C:\AAAAA-MonCoHist_Gen\index_files\image006.gif --> users.freepages.rootsweb.com /history_html/index_files image006.gif
2006.06.30 14:28 B C:\AAAAA-MonCoHist_Gen\index_files\image007.gif --> users.freepages.rootsweb.com /history_html/index_files image007.gif
2006.06.30 14:28 B C:\AAAAA-MonCoHist_Gen\index_files\image008.gif --> users.freepages.rootsweb.com /history_html/index_files image008.gif
2006.06.30 14:28 B C:\AAAAA-MonCoHist_Gen\index_files\image009.gif --> users.freepages.rootsweb.com /history_html/index_files image009.gif
2006.06.30 14:28 B C:\AAAAA-MonCoHist_Gen\index_files\image010.gif --> users.freepages.rootsweb.com /history_html/index_files image010.gif
2006.06.30 14:28 B C:\AAAAA-MonCoHist_Gen\index_files\image011.gif --> users.freepages.rootsweb.com /history_html/index_files image011.gif
2006.06.30 14:28 B C:\AAAAA-MonCoHist_Gen\index_files\image012.gif --> users.freepages.rootsweb.com /history_html/index_files image012.gif
2006.06.30 14:28 B C:\AAAAA-MonCoHist_Gen\index_files\image013.gif --> users.freepages.rootsweb.com /history_html/index_files image013.gif
2006.06.30 14:28 B C:\AAAAA-MonCoHist_Gen\index_files\image014.gif --> users.freepages.rootsweb.com /history_html/index_files image014.gif
2006.06.30 14:28 B C:\AAAAA-MonCoHist_Gen\index_files\image015.gif --> users.freepages.rootsweb.com /history_html/index_files image015.gif
2006.06.30 14:28 B C:\AAAAA-MonCoHist_Gen\index_files\image016.gif --> users.freepages.rootsweb.com /history_html/index_files image016.gif
2006.06.30 14:28 B C:\AAAAA-MonCoHist_Gen\index_files\image017.gif --> users.freepages.rootsweb.com /history_html/index_files image017.gif
2006.06.30 14:28 B C:\AAAAA-MonCoHist_Gen\index_files\image018.gif --> users.freepages.rootsweb.com /history_html/index_files image018.gif
2006.06.30 14:28 B C:\AAAAA-MonCoHist_Gen\index_files\image019.gif --> users.freepages.rootsweb.com /history_html/index_files image019.gif
2006.06.30 14:28 B C:\AAAAA-MonCoHist_Gen\index_files\image020.gif --> users.freepages.rootsweb.com /history_html/index_files image020.gif
2006.06.30 14:28 B C:\AAAAA-MonCoHist_Gen\index_files\image021.gif --> users.freepages.rootsweb.com /history_html/index_files image021.gif
2006.06.30 14:28 B C:\AAAAA-MonCoHist_Gen\index_files\image022.gif --> users.freepages.rootsweb.com /history_html/index_files image022.gif
2006.06.30 14:28 B C:\AAAAA-MonCoHist_Gen\index_files\image023.gif --> users.freepages.rootsweb.com /history_html/index_files image023.gif
2006.06.30 14:28 B C:\AAAAA-MonCoHist_Gen\index_files\image024.gif --> users.freepages.rootsweb.com /history_html/index_files image024.gif
2006.06.30 14:28 B C:\AAAAA-MonCoHist_Gen\index_files\image025.gif --> users.freepages.rootsweb.com /history_html/index_files image025.gif
2006.06.30 14:28 B C:\AAAAA-MonCoHist_Gen\index_files\image026.gif --> users.freepages.rootsweb.com /history_html/index_files image026.gif
2006.06.30 14:28 B C:\AAAAA-MonCoHist_Gen\index_files\image027.gif --> users.freepages.rootsweb.com /history_html/index_files image027.gif
2006.06.30 14:28 B C:\AAAAA-MonCoHist_Gen\index_files\image028.gif --> users.freepages.rootsweb.com /history_html/index_files image028.gif
2006.06.30 14:28 B C:\AAAAA-MonCoHist_Gen\index_files\image029.gif --> users.freepages.rootsweb.com /history_html/index_files image029.gif
2006.06.30 14:28 B C:\AAAAA-MonCoHist_Gen\index_files\image030.gif --> users.freepages.rootsweb.com /history_html/index_files image030.gif
2006.06.30 14:28 B C:\AAAAA-MonCoHist_Gen\index_files\image031.gif --> users.freepages.rootsweb.com /history_html/index_files image031.gif
2006.06.30 14:28 B C:\AAAAA-MonCoHist_Gen\index_files\image032.gif --> users.freepages.rootsweb.com /history_html/index_files image032.gif
2006.06.30 14:28 B C:\AAAAA-MonCoHist_Gen\index_files\image033.gif --> users.freepages.rootsweb.com /history_html/index_files image033.gif
2006.06.30 14:28 B C:\AAAAA-MonCoHist_Gen\index_files\image034.gif --> users.freepages.rootsweb.com /history_html/index_files image034.gif
2006.06.30 14:28 B C:\AAAAA-MonCoHist_Gen\index_files\image035.gif --> users.freepages.rootsweb.com /history_html/index_files image035.gif
2006.06.30 14:28 B C:\AAAAA-MonCoHist_Gen\index_files\image036.gif --> users.freepages.rootsweb.com /history_html/index_files image036.gif
2006.06.30 14:28 B C:\AAAAA-MonCoHist_Gen\index_files\image037.gif --> users.freepages.rootsweb.com /history_html/index_files image037.gif
2006.06.30 14:28 B C:\AAAAA-MonCoHist_Gen\index_files\image038.gif --> users.freepages.rootsweb.com /history_html/index_files image038.gif
2006.06.30 14:28 B C:\AAAAA-MonCoHist_Gen\index_files\image039.gif --> users.freepages.rootsweb.com /history_html/index_files image039.gif
2006.06.30 14:28 B C:\AAAAA-MonCoHist_Gen\index_files\image040.gif --> users.freepages.rootsweb.com /history_html/index_files image040.gif
